Compiler: name="VC++", Ver=[1800(0x00000708).0(0x00000000)]
    This compiler is "Visual C++"

Compiler-language: C++ (C++ Ver.=2003)
    C++ is available.
        C++ is implemented C++98.
        C++ is implemented C++03.

Plataform: "Win"(x64 64bits, little-endian), Ver=[0(0x00000000).0(0x00000000)]
    Target plarform is "Windows"

__FILE__="..\..\src\example_specify_environment\example_specify_environment.cpp"
__LINE__=125
__FUNCTION__="specify_environment::test::func"
__PRETTY_FUNCTION__="void __cdecl specify_environment::test::func(void)"
__FUNCSIG__="void __cdecl specify_environment::test::func(void)"
__func__="specify_environment::test::func"
__FUNCDNAME__="?func@test@?1??specify_environment@@YAXXZ@SAXXZ"
__DATE__="Jun 20 2014"
__TIME__="09:01:47"
__TIMESTAMP__="Fri Jun 20 08:57:32 2014"

GET_FUNC_NAME()="void __cdecl specify_environment::test::func(void)"
GET_FILE_LINE()="..\..\src\example_specify_environment\example_specify_environment.cpp(136)"
GET_FILE_LINE_TIME()="..\..\src\example_specify_environment\example_specify_environment.cpp(137)[Fri Jun 20 08:57:32 2014]"
This is normal func.
This is inline func.
This is noinline func.
This is always inline func.

nullptr_var=0000000000000000
    'nullptr' is featured.

This is override func.
    'override' is featured.

constexpr_var=6
constexpr_calc(1, 2)=3

TLS Variable=123

sizeof(data_t)=32
alignof(data_t)=16
_aligned_malloc(sizeof(data_t), alignof(data_t))=000000670295CD10
_aligned_free(p)
