--------------------------------------------------------------------------------
[Test for priority_queue::containerAdapter(Priority Queue)]

--- Enqueue ---
*elapsed_time=0.048046300 sec

--- Dequeue ---
*elapsed_time=0.000000000 sec

--- Change Priority ---
[1:999979(seq=999979)] -> [5:999979(seq=1000000)]
*elapsed_time=0.000000000 sec

--- Change Priority ---
[1:999974(seq=999974)] -> [2:999974(seq=1000001)]
*elapsed_time=0.000000000 sec

--- Change Priority ---
[1:999970(seq=999970)] -> [4:999970(seq=1000002)]
*elapsed_time=0.000000000 sec

--- Dequeue ---
*elapsed_time=0.076072000 sec

--- Dequeue ---
*elapsed_time=0.080076500 sec

--------------------------------------------------------------------------------
[Test for priority_queue::containerAdapter(Priority Queue)] *Clear

--- Enqueue ---
*elapsed_time=0.043039900 sec

--- Clear ---
OK
*elapsed_time=0.000000000 sec

--------------------------------------------------------------------------------
[Test for priority_queue::containerAdapter(Priority Queue)] *Pointer


--------------------------------------------------------------------------------
[Test for priority_queue::containerAdapter(Priority Queue)] *Second time

--- Enqueue ---
*elapsed_time=0.043041900 sec

--- Dequeue ---
*elapsed_time=0.078074100 sec

--- Dequeue ---
*elapsed_time=0.095088800 sec

--- end ---
*elapsed_time=0.464440400 sec

--------------------------------------------------------------------------------
[Test for binary_heap::container(Binary Heap)]

--- Push nodes(Binary Heap) ---
*elapsed_time=0.035033400 sec

--- Pop nodes(Binary Heap) ---
*elapsed_time=0.044041900 sec

--- Pop nodes(Binary Heap) ---
*elapsed_time=0.032030500 sec

--------------------------------------------------------------------------------
[Test for std::priority_queue(STL)]

--- Push nodes(STL) ---
*elapsed_time=0.053050600 sec

--- Pop nodes(STL) ---
*elapsed_time=0.029027600 sec

--- Pop nodes(STL) ---
*elapsed_time=0.021019900 sec

--- end ---
*elapsed_time=0.216205700 sec

--- example_simple_priority_queue ---
data = 0 0 0
data = {1, {0,2}} {3, {0,0}} {5, {0,0}}

--- example_simple_binary_heap ---
data = 5 3 1
data = {5,6} {3,4} {1,2}
