--- Make table ---
1000000 registered.
*elapsed_time=0.412393500 sec
--- Show tree (count=1000000) ---
depth_max=31 (limit for showing=4)
*elapsed_time=0.071068000 sec
--- Show nodes count (count=1000000) ---
depth_max=31, width_max=2147483648
*elapsed_time=0.068065100 sec
--- Show nodes ascending (count=1000000) ---
*elapsed_time=0.077073500 sec
--- Show nodes descending (count=1000000) ---
*elapsed_time=0.087082600 sec
--- Search each key nodes ---
*elapsed_time=0.072068600 sec
--- Search each nearest key nodes for smaller ---
*elapsed_time=0.001001200 sec
--- Search each nearest key nodes for larger ---
*elapsed_time=0.000000000 sec
--- Remove nodes ---
250000 removed.
*elapsed_time=0.125118100 sec
--- Show tree (count=750000) ---
depth_max=25 (limit for showing=4)
*elapsed_time=0.048046000 sec
--- Show nodes count (count=750000) ---
depth_max=25, width_max=33554432
*elapsed_time=0.074069400 sec
--- Show nodes ascending (count=750000) ---
*elapsed_time=0.071067400 sec
--- Remove each key nodes ---
1000 removed.
*elapsed_time=0.002002100 sec
--- Show tree (count=749000) ---
depth_max=25 (limit for showing=4)
*elapsed_time=0.048045700 sec
--- Show nodes count (count=749000) ---
depth_max=25, width_max=33554432
*elapsed_time=0.048045700 sec
--- Show nodes ascending (count=749000) ---
*elapsed_time=0.056053300 sec
--- Remove all nodes ---
749000 removed.
*elapsed_time=0.144138000 sec
--- Show tree (count=0) ---
depth_max=-1 (limit for showing=4)
*elapsed_time=0.000000000 sec
--- Show nodes count (count=0) ---
depth_max=-1, width_max=0
*elapsed_time=0.000000000 sec
--- Show nodes ascending (count=0) ---
(nothing)
*elapsed_time=0.000000000 sec
--- end ---
*elapsed_time=1.405338200 sec

--- example_simple_linked_list ---
data = {0xc02b79a5,15} {0xe68a9e4d,13} {0x07b1eeba,11}
.findValue("KEY5"): ite={0xc02b79a5, 15}
data = {0xc02b79a5,{5,6}} {0xe68a9e4d,{3,4}} {0x07b1eeba,{1,2}}
.findValue("KEY5"): ite={0xc02b79a5,{5:6}}
