
================================================================================

Compiler: name="VC++", Ver=[1800(0x00000708).0(0x00000000)]
    This compiler is "Visual C++"

Compiler-language: C++ (C++ Ver.=2003)
    C++ is available.
        C++ is implemented C++98.
        C++ is implemented C++03.

Plataform: "Win"(x64 64bits, little-endian), Ver=[0(0x00000000).0(0x00000000)]
    Target plarform is "Windows"

__FILE__="..\..\src\example_build_settings\example_build_settings.cpp"
__LINE__=138
__FUNCTION__="example_build_settings::test::func"
__PRETTY_FUNCTION__="void __cdecl example_build_settings::test::func(void)"
__FUNCSIG__="void __cdecl example_build_settings::test::func(void)"
__func__="example_build_settings::test::func"
__FUNCDNAME__="?func@test@?1??example_build_settings@@YAXXZ@SAXXZ"
__DATE__="Jul  8 2014"
__TIME__="21:10:15"
__TIMESTAMP__="Tue Jul  8 21:05:47 2014"

GASHA_FUNC_NAME()="void __cdecl example_build_settings::test::func(void)"
GASHA_FILE_LINE()="..\..\src\example_build_settings\example_build_settings.cpp(149)"
GASHA_FILE_LINE_TIME()="..\..\src\example_build_settings\example_build_settings.cpp(150)[Tue Jul  8 21:05:47 2014]"
This is normal func.
This is inline func.
This is noinline func.
This is always inline func.

nullptr_var=0000000000000000
    'nullptr' is featured.

This is override func.
    'override' is featured.

constexpr_var=6
constexpr_calc(1, 2)=3

TLS Variable=123

==============================================================================
Diagnostic Mode: Library
==============================================================================

------------------------------------------------------------------------------
[ Build-settings diagnostic test ]

cpu_string="Genunteline"
[OK] 'SSE' is SUPPORTED.
[OK] 'SSE2' is SUPPORTED.
[OK] 'SSE3' is SUPPORTED.
[--] 'SSE4a' is not used.
[OK] 'SSE4.1' is SUPPORTED.
[OK] 'SSE4.2' is SUPPORTED.
[OK] 'POPCNT' is SUPPORTED.
[--] 'AES' is not used.
[OK] 'AVX' is SUPPORTED.
[--] 'AVX2' is not used.

------------------------------------------------------------------------------
[ Compiler specification ]

Platform: Win (Target Versionn=0.0)
CPU Architecture: x64 (64 bit, little endian) [x86] [x64]

Compiler: VC++ (Version=1800.0) ... Visual C++ 12.0 (Visual Studio 2013)
Language: C++ (__cplusplus=199711) [C++98] [C++03]

[Yes]       `nullptr` is AVAILABLE.
[Yes]       `override` is AVAILABLE.
[Yes]       `final` is AVAILABLE.
[Yes]       `auto` is AVAILABLE.
[Yes]       `decltype()` is AVAILABLE.
[Yes]       `default` & `delete` is AVAILABLE.
[Dummy]     `constexpr` is available.
[No]        'User-defined-literal' is NOT available.
[Yes]       'Lambda-expression' is AVAILABLE.
[Yes]       'Range-based `for`' is AVAILABLE.
[Yes]       '`enum` class' is AVAILABLE.
[Yes]       'Variadic-template' is AVAILABLE.
[Yes]       'Template-aliases' is AVAILABLE.
[Yes]       'Delegating-constructors' is AVAILABLE.
[No]        'Inheriting-constructors' is NOT available.
[Yes]       'Uniform-initializer' is AVAILABLE.
[Yes]       'Initializer-list' is AVAILABLE.
[Yes]       'Rvalue-reference' & 'std::move' is AVAILABLE.
[Yes]       `static_assert()` is AVAILABLE.
[Camouflage]`thread_local` is available.
[No]        `noexcept` is NOT available. -> [Camouflage]`GASHA_NOEXCEPT` is AVAILABLE.
[Camouflage]`alignas()` is available.
[Camouflage]`alignof()` is available.
[No]        `alignas(alignof())` is NOT available. -> [No] `GASHA_ALIGNAS_OF()` is NOT available.

[Yes]       `_aligned_malloc()`(VC++ style) is AVAILABLE.
[Yes]       `_aligned_free()`(VC++ style) is AVAILABLE.
[Camouflage]`GASHA_NOINLINE` is available.
[Camouflage]`GASHA_ALWAYS_INLINE` is available.

------------------------------------------------------------------------------
[ Build-configuratoin ]

Configuration name: RELEASE

[No]  'Debug-feature' is NOT available.
[No]  'Assertion' is DISABLED.
[Yes] 'Optimize' is MAX.
[---] 'File-sytem' is for ROM.
[[No] 'Unit-test' is NOT available.
[No]  'Symbols' are STRIPPED.

------------------------------------------------------------------------------
message size = 2673 bytes.

==============================================================================
Diagnostic Mode: Current
==============================================================================

------------------------------------------------------------------------------
[ Build-settings diagnostic test ]

cpu_string="Genunteline"
[OK] 'SSE' is SUPPORTED.
[OK] 'SSE2' is SUPPORTED.
[OK] 'SSE3' is SUPPORTED.
[--] 'SSE4a' is not used.
[OK] 'SSE4.1' is SUPPORTED.
[OK] 'SSE4.2' is SUPPORTED.
[OK] 'POPCNT' is SUPPORTED.
[--] 'AES' is not used.
[OK] 'AVX' is SUPPORTED.
[--] 'AVX2' is not used.

------------------------------------------------------------------------------
[ Compiler specification ]

Platform: Win (Target Versionn=0.0)
CPU Architecture: x64 (64 bit, little endian) [x86] [x64]

Compiler: VC++ (Version=1800.0) ... Visual C++ 12.0 (Visual Studio 2013)
Language: C++ (__cplusplus=199711) [C++98] [C++03]

[Yes]       `nullptr` is AVAILABLE.
[Yes]       `override` is AVAILABLE.
[Yes]       `final` is AVAILABLE.
[Yes]       `auto` is AVAILABLE.
[Yes]       `decltype()` is AVAILABLE.
[Yes]       `default` & `delete` is AVAILABLE.
[Dummy]     `constexpr` is available.
[No]        'User-defined-literal' is NOT available.
[Yes]       'Lambda-expression' is AVAILABLE.
[Yes]       'Range-based `for`' is AVAILABLE.
[Yes]       '`enum` class' is AVAILABLE.
[Yes]       'Variadic-template' is AVAILABLE.
[Yes]       'Template-aliases' is AVAILABLE.
[Yes]       'Delegating-constructors' is AVAILABLE.
[No]        'Inheriting-constructors' is NOT available.
[Yes]       'Uniform-initializer' is AVAILABLE.
[Yes]       'Initializer-list' is AVAILABLE.
[Yes]       'Rvalue-reference' & 'std::move' is AVAILABLE.
[Yes]       `static_assert()` is AVAILABLE.
[Camouflage]`thread_local` is available.
[No]        `noexcept` is NOT available. -> [Camouflage]`GASHA_NOEXCEPT` is AVAILABLE.
[Camouflage]`alignas()` is available.
[Camouflage]`alignof()` is available.
[No]        `alignas(alignof())` is NOT available. -> [No] `GASHA_ALIGNAS_OF()` is NOT available.

[Yes]       `_aligned_malloc()`(VC++ style) is AVAILABLE.
[Yes]       `_aligned_free()`(VC++ style) is AVAILABLE.
[Camouflage]`GASHA_NOINLINE` is available.
[Camouflage]`GASHA_ALWAYS_INLINE` is available.

------------------------------------------------------------------------------
[ Build-configuratoin ]

Configuration name: RELEASE

[No]  'Debug-feature' is NOT available.
[No]  'Assertion' is DISABLED.
[Yes] 'Optimize' is MAX.
[---] 'File-sytem' is for ROM.
[[No] 'Unit-test' is NOT available.
[No]  'Symbols' are STRIPPED.

------------------------------------------------------------------------------
message size = 2673 bytes.

- End -
