
================================================================================

--------------------------------------------------------------------------------
[ Basic test for debug-log ]
--------------------------------------------------------------------------------
START: logQueueMonitor thread
y•W€zƒƒbƒZ[ƒW‡@
y•W€zƒƒbƒZ[ƒW‡A
yÚ×zƒƒbƒZ[ƒW‡A
[6|00:00:00.001000|asNormal|forAny]y•W€zƒƒbƒZ[ƒW‡B
[8|00:00:00.001000|asDetail|forAny]yÚ×zƒƒbƒZ[ƒW‡B
[9|00:00:00.001000|asNormal|forMiniGame]y’Êízyƒ~ƒjƒQ[ƒ€—pzƒƒbƒZ[ƒW‡C
[10|00:00:00.001000|asNormal|forTARO]y’ÊízyŠJ”­ŽÒŒÂli‘¾˜Yj—pzƒƒbƒZ[ƒW‡C
[11|00:00:00.001000|asNormal|forJIRO]y’ÊízyŠJ”­ŽÒŒÂliŽŸ˜Yj—pzƒƒbƒZ[ƒW‡C
[12|00:00:00.001000|asDetail|forTARO]yÚ×zyŠJ”­ŽÒŒÂli‘¾˜Yj—pzƒƒbƒZ[ƒW‡D
[13|00:00:00.001000|asDetail|forJIRO]yÚ×zyŠJ”­ŽÒŒÂliŽŸ˜Yj—pzƒƒbƒZ[ƒW‡D
[15|00:00:00.001000|asCritical|forTARO]yd‘åzyŠJ”­ŽÒŒÂli‘¾˜Yj—pzƒƒbƒZ[ƒW‡E
[16|00:00:00.001000|asCritical|forJIRO]yd‘åzyŠJ”­ŽÒŒÂliŽŸ˜Yj—pzƒƒbƒZ[ƒW‡E
y’Êízyƒ~ƒjƒQ[ƒ€—pzyƒ[ƒJƒ‹ˆ—ƒuƒƒbƒN‘OzƒƒbƒZ[ƒW
[00:00:00.001000|asNormal|forMiniGame]y’Êízyƒ~ƒjƒQ[ƒ€—pzyƒ[ƒJƒ‹ˆ—ƒuƒƒbƒN’†‡@zƒƒbƒZ[ƒW
y’Êízyƒ~ƒjƒQ[ƒ€—pzyƒ[ƒJƒ‹ˆ—ƒuƒƒbƒNŒãzƒƒbƒZ[ƒW
[asNormal|forMiniGame]y’ÊízyƒR[ƒ‹ƒ|ƒCƒ“ƒg—pzƒƒbƒZ[ƒW
[asNormal|forMiniGame]y’ÊízyƒNƒŠƒeƒBƒJƒ‹ƒR[ƒ‹ƒ|ƒCƒ“ƒg—pzƒƒbƒZ[ƒW
[asNormal|forFileSystem]y’ÊízyƒR[ƒ‹ƒ|ƒCƒ“ƒg—pzƒƒbƒZ[ƒW
[asNormal|forMiniGame]y’ÊízyƒNƒŠƒeƒBƒJƒ‹ƒR[ƒ‹ƒ|ƒCƒ“ƒg—pzƒƒbƒZ[ƒW
[24]y’Êízyƒ~ƒjƒQ[ƒ€—pz—\–ñƒƒbƒZ[ƒW‡@
[25]y’Êízyƒ~ƒjƒQ[ƒ€—pz—\–ñƒƒbƒZ[ƒW‡A
ƒƒbƒZ[ƒW•ÏŠ·‹@”\•t‚«o—ÍiŽw’è‚È‚µjFAlphabet Message
ƒƒBƒZ[ƒW•ÏŠ·‹@”\•T‚«O—ÍI‘å•¶Žš‰»JFALPHABET MESSAGE
ƒƒbƒz[ƒw•ÏŠ·‹@”\•t‚«o—Íi¬•¶Žš‰»jfalphabet message
----------------------------------------

thread: "MainThread"

  profile: "CP level2(with perform)", max=0.000000, min=0.000000, avg=0.000000

END: logQueueMonitor thread

================================================================================

================================================================================

--------------------------------------------------------------------------------
[ Feature test for debug-log ]
--------------------------------------------------------------------------------
message for Standard
[93;41;4mmessage for TTY (stdout)[0m
message for Mono-TTY (stdout)
message for Win (stdout)
message for Mono-Win (stdout)
message for VS

--------------------------------------------------------------------------------
[ Enumeration of all log-levels ]

[ 0]( 0)"asMoreDetail"
	console: "Win(stdout)"(WHITE+iBLACK)
	notice: "vs-console *CUSTOM*"(STANDARD+STANDARD)
	next: [ 1]( 4)"asVerbose
[ 1]( 4)"asVerbose"
	console: "Win(stdout)"(iBLACK+STANDARD)
	notice: "vs-console *CHANGED*"(iBLACK+iWHITE)
	prev: [ 0]( 0)"asMoreDetail"
	next: [ 3](12)"asNormal
[ 1]( 5)"asDetail"
	console: "Win(stdout)"(iBLACK+STANDARD)
	notice: "vs-console *CHANGED*"(iBLACK+iWHITE)
	prev: [ 0]( 0)"asMoreDetail"
	next: [ 3](12)"asNormal
[ 3](12)"asNormal"
	console: "win-console *CHANGED*"(STANDARD+STANDARD)
	notice: "vs-console *CHANGED*"(BLACK+iWHITE)
	prev: [ 1]( 5)"asDetail"
	next: [ 4](17)"asAboveNormal
[ 4](17)"asAboveNormal"
	console: "Win(stdout)"(CYAN+STANDARD)
	prev: [ 3](12)"asNormal"
	next: [ 5](20)"asImportant
[ 5](20)"asImportant"
	console: "Win(stdout)"(iBLUE+BLACK)
	notice: "vs-console *CHANGED*"(iBLUE+iWHITE)
	prev: [ 3](12)"asNormal"
	next: [ 7](28)"asWarning
	notice: "vs-console *CHANGED*"(BLACK+iMAGENTA)
	notice: "vs-console *CHANGED*"(iYELLOW+iRED)
[11](44)"asAbsolute"
	console: "Win(stdout)"(STANDARD+STANDARD)
	notice: "vs-console *CHANGED*"(STANDARD+STANDARD)
	prev: [ 9](36)"asCritical"
[11](SP47)"asSilent"
[12](SP48)"asSilentAbsolutely"

--------------------------------------------------------------------------------
[ Enumeration of all log-categories ]

( 0)"forAny"
( 3)"forFileSystem"
( 4)"forResource"
( 5)"for3D"
( 6)"for2D"
( 7)"forSound"
(10)"forMiniGame"
(20)"forTARO"
	console: "vs-console *custom*"
(21)"forJIRO"
	console: "vs-console *custom*"
(SP64)"forEvery"
(SP65)"forCallPoint"
(SP66)"forCriticalCallPoint"

--------------------------------------------------------------------------------
[ Test for change log-level-mask & log-attribute ]

1:mask: refType=0, level=12
1:attr: refType=0, attr=0x00000000
2:mask: refType=2, level=12
2:attr: refType=2, attr=0x00000000
2a:mask: refType=0, level=12
2a:attr: refType=0, attr=0x00000000
2b:mask: refType=0, level=12
2b:attr: refType=0, attr=0x00000000
2c:mask: refType=2, level=12
2c:attr: refType=2, attr=0x00000000
3:mask: refType=2, level=12
3:attr: refType=2, attr=0x00801000
4:mask: refType=1, level=12
4:attr: refType=1, attr=0x00801000
5:mask: refType=1, level=12
5:attr: refType=1, attr=0x00801000
6:mask: refType=2, level=12
6:attr: refType=2, attr=0x00801000
7:mask: refType=2, level=5
7:attr: refType=2, attr=0x01000800
7a:mask: refType=2, level=12
7a:attr: refType=2, attr=0x00801000
7b:mask: refType=0, level=12
7b:attr: refType=0, attr=0x00000000
7bx:mask: refType=1, level=12
7bx:attr: refType=1, attr=0x00000000
7bx2:mask: refType=2, level=12
7bx2:attr: refType=2, attr=0x00000000
7bx3:mask: refType=2, level=48
7bx3:attr: refType=2, attr=0x00001800
7bx4:mask: refType=0, level=12
7bx4:attr: refType=0, attr=0x00000000
7bx4:mask2: refType=2, level=48
7bx4:attr2: refType=2, attr=0x00001800
7bx5:mask: refType=0, level=12
7bx5:attr: refType=0, attr=0x00000000
7bx5:mask2: refType=0, level=12
7bx5:attr2: refType=0, attr=0x00000000
7bx5:mask3: refType=2, level=48
7bx5:attr3: refType=2, attr=0x00001800
7bxx:mask: refType=1, level=48
7bxx:attr: refType=1, attr=0x00001800
7c:mask: refType=2, level=12
7c:attr: refType=2, attr=0x00801000
7d:mask: refType=1, level=12
7d:attr: refType=1, attr=0x00801000
7e:mask: refType=0, level=12
7e:attr: refType=0, attr=0x00000000
7f:mask: refType=2, level=12
7f:attr: refType=2, attr=0x00801000
7g:mask: refType=0, level=12
7g:attr: refType=0, attr=0x00000000
8:mask: refType=1, level=12
8:attr: refType=1, attr=0x00801000
9:mask: refType=2, level=12
9:attr: refType=2, attr=0x00801000
9a:mask: refType=2, level=48
9a:attr: refType=2, attr=0x00001800
10:mask: refType=0, level=12
10:attr: refType=0, attr=0x00000000

--------------------------------------------------------------------------------
[ Enumeration of all log-level-masks : Test for put message asDetail ]

( 0)"forAny"
	mask(of log): (12)"asNormal"
		OK ... log-message: ( 5)"asDetail", "Win(stdout)"
	mask(of notice): (36)"asCritical"
		OK ... notice-message: ( 5)"asDetail", "vs-console *CHANGED*"
( 1)"forDummy"
	mask(of log): (12)"asNormal"
		OK ... log-message: ( 5)"asDetail", "Dummy"
	mask(of notice): (36)"asCritical"
		OK ... notice-message: ( 5)"asDetail", "Dummy"
( 2)"forNotice"
	mask(of log): (12)"asNormal"
		OK ... log-message: ( 5)"asDetail", "Dummy"
	mask(of notice): (36)"asCritical"
		OK ... notice-message: ( 5)"asDetail", "Win(stderr)"
( 3)"forFileSystem"
	mask(of log): (12)"asNormal"
		OK ... log-message: ( 5)"asDetail", "Win(stdout)"
	mask(of notice): (36)"asCritical"
		OK ... notice-message: ( 5)"asDetail", "vs-console *CHANGED*"
( 4)"forResource"
	mask(of log): (12)"asNormal"
		OK ... log-message: ( 5)"asDetail", "Win(stdout)"
	mask(of notice): (36)"asCritical"
		OK ... notice-message: ( 5)"asDetail", "vs-console *CHANGED*"
( 5)"for3D"
	mask(of log): (12)"asNormal"
		OK ... log-message: ( 5)"asDetail", "Win(stdout)"
	mask(of notice): (36)"asCritical"
		OK ... notice-message: ( 5)"asDetail", "vs-console *CHANGED*"
( 6)"for2D"
	mask(of log): (12)"asNormal"
		OK ... log-message: ( 5)"asDetail", "Win(stdout)"
	mask(of notice): (36)"asCritical"
		OK ... notice-message: ( 5)"asDetail", "vs-console *CHANGED*"
( 7)"forSound"
	mask(of log): (12)"asNormal"
		OK ... log-message: ( 5)"asDetail", "Win(stdout)"
	mask(of notice): (36)"asCritical"
		OK ... notice-message: ( 5)"asDetail", "vs-console *CHANGED*"
(10)"forMiniGame"
	mask(of log): (12)"asNormal"
		OK ... log-message: ( 5)"asDetail", "Win(stdout)"
	mask(of notice): (36)"asCritical"
		OK ... notice-message: ( 5)"asDetail", "vs-console *CHANGED*"
(20)"forTARO"
	mask(of log): ( 5)"asDetail"
		OK ... log-message: ( 5)"asDetail", "vs-console *custom*"
	mask(of notice): (12)"asNormal"
		OK ... notice-message: ( 5)"asDetail", "vs-console *CHANGED*"
(21)"forJIRO"
	mask(of log): (47)"asSilent"
		OK ... log-message: ( 5)"asDetail", "vs-console *custom*"
	mask(of notice): (48)"asSilentAbsolutely"
		OK ... notice-message: ( 5)"asDetail", "vs-console *CHANGED*"

--------------------------------------------------------------------------------
[ Enumeration of all log-level-masks : Test for put message asNormal ]

( 0)"forAny"
	mask(of log): (12)"asNormal"
		OK ... log-message: (12)"asNormal", "win-console *CHANGED*"
	mask(of notice): (36)"asCritical"
		OK ... notice-message: (12)"asNormal", "vs-console *CHANGED*"
( 1)"forDummy"
	mask(of log): (12)"asNormal"
		OK ... log-message: (12)"asNormal", "Dummy"
	mask(of notice): (36)"asCritical"
		OK ... notice-message: (12)"asNormal", "Dummy"
( 2)"forNotice"
	mask(of log): (12)"asNormal"
		OK ... log-message: (12)"asNormal", "Dummy"
	mask(of notice): (36)"asCritical"
		OK ... notice-message: (12)"asNormal", "Win(stderr)"
( 3)"forFileSystem"
	mask(of log): (12)"asNormal"
		OK ... log-message: (12)"asNormal", "win-console *CHANGED*"
	mask(of notice): (36)"asCritical"
		OK ... notice-message: (12)"asNormal", "vs-console *CHANGED*"
( 4)"forResource"
	mask(of log): (12)"asNormal"
		OK ... log-message: (12)"asNormal", "win-console *CHANGED*"
	mask(of notice): (36)"asCritical"
		OK ... notice-message: (12)"asNormal", "vs-console *CHANGED*"
( 5)"for3D"
	mask(of log): (12)"asNormal"
		OK ... log-message: (12)"asNormal", "win-console *CHANGED*"
	mask(of notice): (36)"asCritical"
		OK ... notice-message: (12)"asNormal", "vs-console *CHANGED*"
( 6)"for2D"
	mask(of log): (12)"asNormal"
		OK ... log-message: (12)"asNormal", "win-console *CHANGED*"
	mask(of notice): (36)"asCritical"
		OK ... notice-message: (12)"asNormal", "vs-console *CHANGED*"
( 7)"forSound"
	mask(of log): (12)"asNormal"
		OK ... log-message: (12)"asNormal", "win-console *CHANGED*"
	mask(of notice): (36)"asCritical"
		OK ... notice-message: (12)"asNormal", "vs-console *CHANGED*"
(10)"forMiniGame"
	mask(of log): (12)"asNormal"
		OK ... log-message: (12)"asNormal", "win-console *CHANGED*"
	mask(of notice): (36)"asCritical"
		OK ... notice-message: (12)"asNormal", "vs-console *CHANGED*"
(20)"forTARO"
	mask(of log): ( 5)"asDetail"
		OK ... log-message: (12)"asNormal", "vs-console *custom*"
	mask(of notice): (12)"asNormal"
		OK ... notice-message: (12)"asNormal", "vs-console *CHANGED*"
(21)"forJIRO"
	mask(of log): (47)"asSilent"
		OK ... log-message: (12)"asNormal", "vs-console *custom*"
	mask(of notice): (48)"asSilentAbsolutely"
		OK ... notice-message: (12)"asNormal", "vs-console *CHANGED*"

--------------------------------------------------------------------------------
[ Enumeration of all log-level-masks : Test for put message asCritical ]

notice-message: (36)"asCritical", "vs-console *CHANGED*"
notice-message: (36)"asCritical", "Dummy"
notice-message: (36)"asCritical", "Win(stderr)"
notice-message: (36)"asCritical", "vs-console *CHANGED*"
notice-message: (36)"asCritical", "vs-console *CHANGED*"
notice-message: (36)"asCritical", "vs-console *CHANGED*"
notice-message: (36)"asCritical", "vs-console *CHANGED*"
notice-message: (36)"asCritical", "vs-console *CHANGED*"
notice-message: (36)"asCritical", "vs-console *CHANGED*"
notice-message: (36)"asCritical", "vs-console *CHANGED*"
notice-message: (36)"asCritical", "vs-console *CHANGED*"

--------------------------------------------------------------------------------
[ Enumeration of all log-level-masks : Test for put message asAbsolute ]

( 0)"forAny"
	mask(of log): (12)"asNormal"
		OK ... log-message: (44)"asAbsolute", "Win(stdout)"
	mask(of notice): (36)"asCritical"
		OK ... notice-message: (44)"asAbsolute", "vs-console *CHANGED*"
( 1)"forDummy"
	mask(of log): (12)"asNormal"
		OK ... log-message: (44)"asAbsolute", "Dummy"
	mask(of notice): (36)"asCritical"
		OK ... notice-message: (44)"asAbsolute", "Dummy"
( 2)"forNotice"
	mask(of log): (12)"asNormal"
		OK ... log-message: (44)"asAbsolute", "Dummy"
	mask(of notice): (36)"asCritical"
		OK ... notice-message: (44)"asAbsolute", "Win(stderr)"
( 3)"forFileSystem"
	mask(of log): (12)"asNormal"
		OK ... log-message: (44)"asAbsolute", "Win(stdout)"
	mask(of notice): (36)"asCritical"
		OK ... notice-message: (44)"asAbsolute", "vs-console *CHANGED*"
( 4)"forResource"
	mask(of log): (12)"asNormal"
		OK ... log-message: (44)"asAbsolute", "Win(stdout)"
	mask(of notice): (36)"asCritical"
		OK ... notice-message: (44)"asAbsolute", "vs-console *CHANGED*"
( 5)"for3D"
	mask(of log): (12)"asNormal"
		OK ... log-message: (44)"asAbsolute", "Win(stdout)"
	mask(of notice): (36)"asCritical"
		OK ... notice-message: (44)"asAbsolute", "vs-console *CHANGED*"
( 6)"for2D"
	mask(of log): (12)"asNormal"
		OK ... log-message: (44)"asAbsolute", "Win(stdout)"
	mask(of notice): (36)"asCritical"
		OK ... notice-message: (44)"asAbsolute", "vs-console *CHANGED*"
( 7)"forSound"
	mask(of log): (12)"asNormal"
		OK ... log-message: (44)"asAbsolute", "Win(stdout)"
	mask(of notice): (36)"asCritical"
		OK ... notice-message: (44)"asAbsolute", "vs-console *CHANGED*"
(10)"forMiniGame"
	mask(of log): (12)"asNormal"
		OK ... log-message: (44)"asAbsolute", "Win(stdout)"
	mask(of notice): (36)"asCritical"
		OK ... notice-message: (44)"asAbsolute", "vs-console *CHANGED*"
(20)"forTARO"
	mask(of log): ( 5)"asDetail"
		OK ... log-message: (44)"asAbsolute", "vs-console *custom*"
	mask(of notice): (12)"asNormal"
		OK ... notice-message: (44)"asAbsolute", "vs-console *CHANGED*"
(21)"forJIRO"
	mask(of log): (47)"asSilent"
		OK ... log-message: (44)"asAbsolute", "vs-console *custom*"
	mask(of notice): (48)"asSilentAbsolutely"
		OK ... notice-message: (44)"asAbsolute", "vs-console *CHANGED*"

--------------------------------------------------------------------------------
[ Test for log-queue-monitor ]

START: logQueueMonitor thread
reserved message
reserved messagemessage:1
message:1message:3
message:3message:9
message:9message:27
message:27message:81
message:81message:243
message:243message:729
message:729message:2187
message:2187message:6561
message:6561message:19683
message:19683message:59049
message:59049message:177147
message:177147message:531441
message:531441message:1594323
message:1594323message:4782969
message:4782969message:14348907
message:14348907message:43046721
message:43046721message:129140163
message:129140163message:387420489
message:387420489enqueu failed.
enqueu failed.
enqueu failed.
enqueu failed.
enqueu failed.
enqueu failed.
enqueu failed.
enqueu failed.
enqueu failed.
enqueu failed.
enqueu failed.
enqueu failed.
enqueu failed.
enqueu failed.
enqueu failed.
enqueu failed.
enqueu failed.
enqueu failed.
enqueu failed.
enqueu of reservation failed.
message making failed.
message making failed.
message making failed.
message making failed.
message making failed.
message making failed.
message making failed.
message making failed.
message making failed.
message making failed.
message making failed.
message making failed.
message making failed.
message making failed.
message making failed.
message making failed.
message making failed.
message making failed.
message making failed.
message making of reservation failed.
reserved message
reserved messagemessage:1
message:1message:3
message:3message:9
message:9message:27
message:27message:81
message:81message:243
message:243message:729
message:729message:2187
message:2187message:6561
message:6561message:19683
message:19683message:59049
message:59049message:177147
message:177147message:531441
message:531441message:1594323
message:1594323message:4782969
message:4782969message:14348907
message:14348907message:43046721
message:43046721message:129140163
message:129140163message:387420489
message:387420489END: logQueueMonitor thread

--------------------------------------------------------------------------------
[ Test for memory console ]


12345678901234567890
123456789012345

(len=0)

(len=0)
#
#(len=1)
1
1(len=1)
1#
1#(len=2)
12
12(len=2)
12#
12#(len=3)
123
123(len=3)
123#
123#(len=4)
1234
1234(len=4)
1234#
1234#(len=5)
12345
12345(len=5)
12345#
12345#(len=6)
123456
123456(len=6)
123456#
123456#(len=7)
1234567
1234567(len=7)
1234567#
1234567#(len=8)
12345678
12345678(len=8)
12345678#
12345678#(len=9)
123456789
123456789(len=9)
123456789#
123456789#(len=10)
1234567890
1234567890(len=10)
1234567890#
1234567890#(len=11)
12345678901
12345678901(len=11)
12345678901#
12345678901#(len=12)
123456789012
123456789012(len=12)
123456789012#
123456789012#(len=13)
1234567890123
1234567890123(len=13)
1234567890123#
1234567890123#(len=14)
12345678901234
12345678901234(len=14)
12345678901234#
12345678901234#(len=15)
123456789012345
123456789012345(len=15)
123456789012345#
123456789012345#(len=16)
1234567890123456
1234567890123456(len=16)
1234567890123456#
1234567890123456#(len=17)
12345678901234567
12345678901234567(len=17)
12345678901234567#
12345678901234567#(len=18)
123456789012345678
123456789012345678(len=18)
123456789012345678#
123456789012345678#(len=19)
1234567890123456789
1234567890123456789(len=19)
1234567890123456789#
1234567890123456789#(len=20)
12345678901234567890
12345678901234567890(len=20)
12345678901234567890#
12345678901234567890#(len=21)
123456789012345678901
123456789012345678901(len=21)
123456789012345678901#
123456789012345678901#(len=22)
1234567890123456789012
1234567890123456789012(len=22)
1234567890123456789012#
1234567890123456789012#(len=23)
12345678901234567890123
12345678901234567890123(len=23)
12345678901234567890123#
12345678901234567890123#(len=24)
123456789012345678901234
123456789012345678901234(len=24)
123456789012345678901234#
123456789012345678901234#(len=25)
1234567890123456789012345
1234567890123456789012345(len=25)
1234567890123456789012345#
1234567890123456789012345#(len=26)
12345678901234567890123456
12345678901234567890123456(len=26)
12345678901234567890123456#
12345678901234567890123456#(len=27)
123456789012345678901234567
123456789012345678901234567(len=27)
123456789012345678901234567#
123456789012345678901234567#(len=28)
1234567890123456789012345678
1234567890123456789012345678(len=28)
1234567890123456789012345678#
1234567890123456789012345678#(len=29)
12345678901234567890123456789
12345678901234567890123456789(len=29)
12345678901234567890123456789#
12345678901234567890123456789#(len=30)
123456789012345678901234567890
123456789012345678901234567890(len=30)
123456789012345678901234567890#
123456789012345678901234567890#(len=31)
1234567890123456789012345678901
1234567890123456789012345678901(len=31)
1234567890123456789012345678901#
1234567890123456789012345678901#(len=32)
12345678901234567890123456789012
12345678901234567890123456789012(len=32)
12345678901234567890123456789012#
12345678901234567890123456789012(len=32)
(null)1234567890ABCDEFGHIJKLMNOPQRSTUVWXYZabcdefghijklmnopqrstuvwxyz
(null)1234567890ABCDEFGHIJKLMNOPQRSTUVWXYZabcdefghijklmnopqrstuvwxyz(len=68)
7890ABCDEFGHIJKLMNOPQRSTUVWXYZabcdefghijklmnopqrstuvwxyz(null)1234567890ABCDEFGHIJKLMNOPQRSTUVWXYZabcdefghijklmnopqrstuvwxyz
7890ABCDEFGHIJKLMNOPQRSTUVWXYZabcdefghijklmnopqrstuvwxyz(null)1234567890ABCDEFGHIJKLMNOPQRSTUVWXYZabcdefghijklmnopqrstuvwxyz(len=124)
7890ABCDEFGHIJKLMNOPQRSTUVWXYZabcdefghijklmnopqrstuvwxyz(null)1234567890ABCDEFGHIJKLMNOPQRSTUVWXYZabcdefghijklmnopqrstuvwxyz
7890ABCDEFGHIJKLMNOPQRSTUVWXYZabcdefghijklmnopqrstuvwxyz(null)1234567890ABCDEFGHIJKLMNOPQRSTUVWXYZabcdefghijklmnopqrstuvwxyz(len=124)
7890ABCDEFGHIJKLMNOPQRSTUVWXYZabcdefghijklmnopqrstuvwxyz(null)1234567890ABCDEFGHIJKLMNOPQRSTUVWXYZabcdefghijklmnopqrstuvwxyz
7890ABCDEFGHIJKLMNOPQRSTUVWXYZabcdefghijklmnopqrstuvwxyz(null)1234567890ABCDEFGHIJKLMNOPQRSTUVWXYZabcdefghijklmnopqrstuvwxyz(len=124)
7890ABCDEFGHIJKLMNOPQRSTUVWXYZabcdefghijklmnopqrstuvwxyz(null)1234567890ABCDEFGHIJKLMNOPQRSTUVWXYZabcdefghijklmnopqrstuvwxyz
7890ABCDEFGHIJKLMNOPQRSTUVWXYZabcdefghijklmnopqrstuvwxyz(null)1234567890ABCDEFGHIJKLMNOPQRSTUVWXYZabcdefghijklmnopqrstuvwxyz(len=124)
7890ABCDEFGHIJKLMNOPQRSTUVWXYZabcdefghijklmnopqrstuvwxyz(null)1234567890ABCDEFGHIJKLMNOPQRSTUVWXYZabcdefghijklmnopqrstuvwxyz
7890ABCDEFGHIJKLMNOPQRSTUVWXYZabcdefghijklmnopqrstuvwxyz(null)1234567890ABCDEFGHIJKLMNOPQRSTUVWXYZabcdefghijklmnopqrstuvwxyz(len=124)
7890ABCDEFGHIJKLMNOPQRSTUVWXYZabcdefghijklmnopqrstuvwxyz(null)1234567890ABCDEFGHIJKLMNOPQRSTUVWXYZabcdefghijklmnopqrstuvwxyz
7890ABCDEFGHIJKLMNOPQRSTUVWXYZabcdefghijklmnopqrstuvwxyz(null)1234567890ABCDEFGHIJKLMNOPQRSTUVWXYZabcdefghijklmnopqrstuvwxyz(len=124)
7890ABCDEFGHIJKLMNOPQRSTUVWXYZabcdefghijklmnopqrstuvwxyz(null)1234567890ABCDEFGHIJKLMNOPQRSTUVWXYZabcdefghijklmnopqrstuvwxyz
7890ABCDEFGHIJKLMNOPQRSTUVWXYZabcdefghijklmnopqrstuvwxyz(null)1234567890ABCDEFGHIJKLMNOPQRSTUVWXYZabcdefghijklmnopqrstuvwxyz(len=124)
7890ABCDEFGHIJKLMNOPQRSTUVWXYZabcdefghijklmnopqrstuvwxyz(null)1234567890ABCDEFGHIJKLMNOPQRSTUVWXYZabcdefghijklmnopqrstuvwxyz
7890ABCDEFGHIJKLMNOPQRSTUVWXYZabcdefghijklmnopqrstuvwxyz(null)1234567890ABCDEFGHIJKLMNOPQRSTUVWXYZabcdefghijklmnopqrstuvwxyz(len=124)
7890ABCDEFGHIJKLMNOPQRSTUVWXYZabcdefghijklmnopqrstuvwxyz(null)1234567890ABCDEFGHIJKLMNOPQRSTUVWXYZabcdefghijklmnopqrstuvwxyz
7890ABCDEFGHIJKLMNOPQRSTUVWXYZabcdefghijklmnopqrstuvwxyz(null)1234567890ABCDEFGHIJKLMNOPQRSTUVWXYZabcdefghijklmnopqrstuvwxyz(len=124)

--------------------------------------------------------------------------------
[ Test for print log ]

START: logQueueMonitor thread
[1|00:00:00.051004|asImportant|forAny](01)Test Message:10
[2|00:00:00.051004](10)Test Message:10
[3|00:00:00.051004](11)Test Message
[4|00:00:00.051004](12)TEST MESSAGE
[5|00:00:00.051004](13)test message
[6|00:00:00.051004](14)Test Message
[7|00:00:00.051004](15)Test Message
[8|00:00:00.051004](16)TEST MESSAGE
[9|00:00:00.051004](17)test message
[10|00:00:00.051004](02)Test Message:10
[11|00:00:00.051004](03)Test Message:10
[12|00:00:00.051004](04)TEST MESSAGE:10
[13|00:00:00.051004](05)test message:10
[14|00:00:00.051004](06)Test Message
[15|00:00:00.051004](07)Test Message
[16|00:00:00.051004](08)TEST MESSAGE
[17|00:00:00.051004](09)test message
[00:00:00.052004](18)Test Message:10
[00:00:00.052004](19)Test Message:10
[00:00:00.052004](20)Test Message:10
[00:00:00.052004](21)TEST MESSAGE:10
[00:00:00.052004](22)test message:10
[00:00:00.052004](23)Test Message:10
[00:00:00.052004](24)TEST MESSAGE:10
[00:00:00.052004](25)test message:10
[00:00:00.052004](26)Test Message
[00:00:00.052004](27)Test Message
[00:00:00.052004](28)Test Message
[00:00:00.052004](29)TEST MESSAGE
[00:00:00.052004](30)test message
[00:00:00.052004](31)Test Message
[00:00:00.052004](32)TEST MESSAGE
[00:00:00.052004](33)test message
END: logQueueMonitor thread

--------------------------------------------------------------------------------
[ Test for call-point ]

> recent critical-cp info
  - name = "test"
  - category = "forTARO"
  - type = "isNormal"
  - autoProfiling = "useAutoProfiling"
  - source file = "example_debug_log_feature_test.cpp(989)[Mon Jul 28 23:18:46 2014]"
  - function = "example_debugLog_featureTest"
  - begin time = 0.056004
> recent critical-cp info
  - name = "test3"
  - category = "forTARO"
  - type = "isNormal"
  - autoProfiling = "noProfiling"
  - source file = "example_debug_log_feature_test.cpp(997)[Mon Jul 28 23:18:46 2014]"
  - function = "example_debugLog_featureTest"
  - begin time = 0.056004
> recent critical-cp info
  - name = "test2"
  - category = "forTARO"
  - type = "isCritical"
  - autoProfiling = "useAutoProfiling"
  - source file = "example_debug_log_feature_test.cpp(995)[Mon Jul 28 23:18:46 2014]"
  - function = "example_debugLog_featureTest"
  - begin time = 0.056004
> recent critical-cp info
  - name = "test3"
  - category = "forTARO"
  - type = "isNormal"
  - autoProfiling = "noProfiling"
  - source file = "example_debug_log_feature_test.cpp(997)[Mon Jul 28 23:18:46 2014]"
  - function = "example_debugLog_featureTest"
  - begin time = 0.056004
> recent critical-cp info
  - name = "test4"
  - category = "forTARO"
  - type = "isNormal"
  - autoProfiling = "noProfiling"
  - source file = "example_debug_log_feature_test.cpp(1007)[Mon Jul 28 23:18:46 2014]"
  - function = "example_debugLog_featureTest"
  - begin time = 0.056004
> recent critical-cp info
  - name = "test4"
  - category = "forTARO"
  - type = "isNormal"
  - autoProfiling = "noProfiling"
  - source file = "example_debug_log_feature_test.cpp(1007)[Mon Jul 28 23:18:46 2014]"
  - function = "example_debugLog_featureTest"
  - begin time = 0.056004
debugInfo(len=860):
----- callPoint stack info -----
Thread: "MainThread"(ID=718401fa)
Num of point: 4
------------------------------------
[forTARO]"test4"(addr=00000057175FDE60)
        src: example_debug_log_feature_test.cpp(1007)[Mon Jul 28 23:18:46 2014]
        func:example_debugLog_featureTest
 [forTARO]"test3"(addr=00000057175FE138)
         src: example_debug_log_feature_test.cpp(997)[Mon Jul 28 23:18:46 2014]
         func:example_debugLog_featureTest
  [forTARO]"test2"(addr=00000057175FE090)<CRITICAL><Auto-Profiling>
          src: example_debug_log_feature_test.cpp(995)[Mon Jul 28 23:18:46 2014]
          func:example_debugLog_featureTest
   [forTARO]"test"(addr=00000057175FE020)<Auto-Profiling>
           src: example_debug_log_feature_test.cpp(989)[Mon Jul 28 23:18:46 2014]
           func:example_debugLog_featureTest
------------------------------------
> recent critical-cp info
  - name = "test3"
  - category = "forTARO"
  - type = "isNormal"
  - autoProfiling = "noProfiling"
  - source file = "example_debug_log_feature_test.cpp(997)[Mon Jul 28 23:18:46 2014]"
  - function = "example_debugLog_featureTest"
  - begin time = 0.056004
> recent critical-cp info
  - name = "test2"
  - category = "forTARO"
  - type = "isCritical"
  - autoProfiling = "useAutoProfiling"
  - source file = "example_debug_log_feature_test.cpp(995)[Mon Jul 28 23:18:46 2014]"
  - function = "example_debugLog_featureTest"
  - begin time = 0.056004
> recent critical-cp info
  - name = "test2"
  - category = "forTARO"
  - type = "isCritical"
  - autoProfiling = "useAutoProfiling"
  - source file = "example_debug_log_feature_test.cpp(995)[Mon Jul 28 23:18:46 2014]"
  - function = "example_debugLog_featureTest"
  - begin time = 0.056004
> recent critical-cp info
  - name = "test2"
  - category = "forTARO"
  - type = "isCritical"
  - autoProfiling = "useAutoProfiling"
  - source file = "example_debug_log_feature_test.cpp(995)[Mon Jul 28 23:18:46 2014]"
  - function = "example_debugLog_featureTest"
  - begin time = 0.056004
> recent critical-cp info
  - name = "test"
  - category = "forTARO"
  - type = "isNormal"
  - autoProfiling = "useAutoProfiling"
  - source file = "example_debug_log_feature_test.cpp(989)[Mon Jul 28 23:18:46 2014]"
  - function = "example_debugLog_featureTest"
  - begin time = 0.056004
> recent critical-cp info
  (nothing)
> recent critical-cp info
  - name = "test"
  - category = "forTARO"
  - type = "isNormal"
  - autoProfiling = "useAutoProfiling"
  - source file = "example_debug_log_feature_test.cpp(989)[Mon Jul 28 23:18:46 2014]"
  - function = "example_debugLog_featureTest"
  - begin time = 0.056004
> recent critical-cp info
  (nothing)
> recent critical-cp info
  (nothing)
> recent critical-cp info
  (nothing)
debugInfo(len=119):
----- callPoint stack info -----
Thread: "MainThread"(ID=718401fa)
Num of point: 0
------------------------------------

--------------------------------------------------------------------------------
[ Test for assert/break-point/watch-point ]

START: logQueueMonitor thread
END: logQueueMonitor thread

--- Profile ---
----------
thread: "MainThread"
  -----  Process:"test"
    TOTAL: count=4, time=0.004019300, max=0.002000600, min=0.001000300, avg=0.001004825, sum-cnt=2, max-cnt=3, min-cnt=1, avg-cnt=2.00
    PERIOD:count=4, time=0.004019300, max=0.002000600, min=0.001000300, avg=0.001004825, sum-cnt=2, max-cnt=3, min-cnt=1, avg-cnt=2.00
  -----  Process:"test2"
    TOTAL: count=1, time=0.000000000, max=0.000000000, min=0.000000000, avg=0.000000000, sum-cnt=2, max-cnt=1, min-cnt=0, avg-cnt=0.50
    PERIOD:count=1, time=0.000000000, max=0.000000000, min=0.000000000, avg=0.000000000, sum-cnt=2, max-cnt=1, min-cnt=0, avg-cnt=0.50
  -----  Process:"CP level2(with perform)"
    TOTAL: count=1, time=0.000000000, max=0.000000000, min=0.000000000, avg=0.000000000, sum-cnt=3, max-cnt=1, min-cnt=0, avg-cnt=0.33
    PERIOD:count=0, time=0.000000000, max=0.000000000, min=0.000000000, avg=0.000000000, sum-cnt=2, max-cnt=0, min-cnt=0, avg-cnt=0.00
--------------


================================================================================

================================================================================

--------------------------------------------------------------------------------
[ Prformance test for debug-log ]
--------------------------------------------------------------------------------
START: logQueueMonitor thread

--------------------------------------------------------------------------------
Many thread printing

[1]Reserved-message(00) on THREAD[09]
[2]Reserved-message(00) on THREAD[07]
[3]Reserved-message(00) on THREAD[05]
[4]Reserved-message(00) on THREAD[03]
[5]Reserved-message(00) on THREAD[01]
[6]Reserved-message(00) on THREAD[00]
[7]Reserved-message(00) on THREAD[02]
[8]Reserved-message(00) on THREAD[04]
[9]Reserved-message(00) on THREAD[08]
[10]Reserved-message(00) on THREAD[06]
[11]Normal-message(00) on THREAD[07]
[12]Normal-message(00) on THREAD[09]
[13]Normal-message(00) on THREAD[02]
[14]Normal-message(00) on THREAD[05]
[15]Normal-message(00) on THREAD[03]
[16]Normal-message(00) on THREAD[08]
[17]Normal-message(00) on THREAD[06]
[18]Normal-message(00) on THREAD[01]
[19]Normal-message(00) on THREAD[00]
[20]Normal-message(00) on THREAD[04]
[21]Reserved-message(01) on THREAD[02]
[22]Reserved-message(01) on THREAD[07]
[23]Reserved-message(01) on THREAD[09]
[24]Reserved-message(01) on THREAD[06]
[25]Reserved-message(01) on THREAD[05]
[26]Reserved-message(01) on THREAD[03]
[27]Reserved-message(01) on THREAD[08]
[28]Reserved-message(01) on THREAD[01]
[29]Reserved-message(01) on THREAD[00]
[30]Reserved-message(01) on THREAD[04]
[31]Normal-message(01) on THREAD[08]
[32]Normal-message(01) on THREAD[03]
[33]Normal-message(01) on THREAD[07]
[34]Normal-message(01) on THREAD[02]
[35]Normal-message(01) on THREAD[09]
[36]Normal-message(01) on THREAD[01]
[37]Normal-message(01) on THREAD[05]
[38]Normal-message(01) on THREAD[06]
[39]Normal-message(01) on THREAD[00]
[40]Normal-message(01) on THREAD[04]
[41]Reserved-message(02) on THREAD[08]
[42]Reserved-message(02) on THREAD[07]
[43]Reserved-message(02) on THREAD[02]
[44]Reserved-message(02) on THREAD[03]
[45]Reserved-message(02) on THREAD[09]
[46]Reserved-message(02) on THREAD[05]
[47]Normal-message(02) on THREAD[08]
[48]Reserved-message(02) on THREAD[06]
[49]Reserved-message(02) on THREAD[01]
[50]Normal-message(02) on THREAD[07]
[51]Normal-message(02) on THREAD[02]
[52]Reserved-message(02) on THREAD[04]
[53]Reserved-message(02) on THREAD[00]
[54]Normal-message(02) on THREAD[03]
[55]Normal-message(02) on THREAD[09]
[56]Normal-message(02) on THREAD[05]
[57]Normal-message(02) on THREAD[06]
[58]Normal-message(02) on THREAD[00]
[59]Normal-message(02) on THREAD[01]
[60]Reserved-message(03) on THREAD[08]
[61]Normal-message(02) on THREAD[04]
[62]Reserved-message(03) on THREAD[09]
[63]Reserved-message(03) on THREAD[03]
[64]Reserved-message(03) on THREAD[07]
[65]Reserved-message(03) on THREAD[02]
[66]Reserved-message(03) on THREAD[05]
[67]Normal-message(03) on THREAD[08]
[68]Reserved-message(03) on THREAD[06]
[69]Normal-message(03) on THREAD[03]
[70]Reserved-message(03) on THREAD[01]
[71]Reserved-message(03) on THREAD[00]
[72]Normal-message(03) on THREAD[09]
[73]Normal-message(03) on THREAD[02]
[74]Normal-message(03) on THREAD[07]
[75]Reserved-message(03) on THREAD[04]
[76]Normal-message(03) on THREAD[05]
[77]Normal-message(03) on THREAD[01]
[78]Normal-message(03) on THREAD[00]
[79]Normal-message(03) on THREAD[06]
[80]Normal-message(03) on THREAD[04]
[81]Reserved-message(04) on THREAD[09]
[82]Reserved-message(04) on THREAD[02]
[83]Reserved-message(04) on THREAD[08]
[84]Reserved-message(04) on THREAD[07]
[85]Reserved-message(04) on THREAD[03]
[86]Normal-message(04) on THREAD[09]
[87]Normal-message(04) on THREAD[02]
[88]Reserved-message(04) on THREAD[05]
[89]Normal-message(04) on THREAD[03]
[90]Reserved-message(04) on THREAD[06]
[91]Normal-message(04) on THREAD[08]
[92]Normal-message(04) on THREAD[07]
[93]Reserved-message(04) on THREAD[01]
[94]Reserved-message(04) on THREAD[00]
[95]Reserved-message(04) on THREAD[04]
[96]Normal-message(04) on THREAD[06]
[97]Normal-message(04) on THREAD[05]
[98]Normal-message(04) on THREAD[00]
[99]Normal-message(04) on THREAD[01]
[100]Reserved-message(05) on THREAD[09]
[101]Reserved-message(05) on THREAD[02]
[102]Reserved-message(05) on THREAD[03]
[103]Normal-message(04) on THREAD[04]
[104]Reserved-message(05) on THREAD[08]
[105]Normal-message(05) on THREAD[02]
[106]Reserved-message(05) on THREAD[05]
[107]Normal-message(05) on THREAD[03]
[108]Reserved-message(05) on THREAD[06]
[109]Reserved-message(05) on THREAD[01]
[110]Reserved-message(05) on THREAD[00]
[111]Reserved-message(05) on THREAD[07]
[112]Normal-message(05) on THREAD[09]
[113]Normal-message(05) on THREAD[08]
[114]Normal-message(05) on THREAD[05]
[115]Normal-message(05) on THREAD[01]
[116]Reserved-message(05) on THREAD[04]
[117]Normal-message(05) on THREAD[00]
[118]Normal-message(05) on THREAD[07]
[119]Normal-message(05) on THREAD[06]
[120]Reserved-message(06) on THREAD[02]
[121]Reserved-message(06) on THREAD[09]
[122]Reserved-message(06) on THREAD[03]
[123]Reserved-message(06) on THREAD[08]
[124]Normal-message(05) on THREAD[04]
[125]Normal-message(06) on THREAD[02]
[126]Reserved-message(06) on THREAD[05]
[127]Normal-message(06) on THREAD[09]
[128]Reserved-message(06) on THREAD[01]
[129]Reserved-message(06) on THREAD[00]
[130]Reserved-message(06) on THREAD[07]
[131]Reserved-message(06) on THREAD[06]
[132]Normal-message(06) on THREAD[08]
[133]Normal-message(06) on THREAD[03]
[134]Normal-message(06) on THREAD[06]
[135]Normal-message(06) on THREAD[00]
[136]Reserved-message(06) on THREAD[04]
[137]Normal-message(06) on THREAD[07]
[138]Normal-message(06) on THREAD[01]
[139]Normal-message(06) on THREAD[05]
[140]Reserved-message(07) on THREAD[09]
[141]Reserved-message(07) on THREAD[02]
[142]Normal-message(06) on THREAD[04]
[143]Reserved-message(07) on THREAD[03]
[144]Reserved-message(07) on THREAD[08]
[145]Normal-message(07) on THREAD[02]
[146]Reserved-message(07) on THREAD[06]
[147]Reserved-message(07) on THREAD[00]
[148]Reserved-message(07) on THREAD[01]
[149]Normal-message(07) on THREAD[08]
[150]Normal-message(07) on THREAD[09]
[151]Reserved-message(07) on THREAD[05]
[152]Reserved-message(07) on THREAD[07]
[153]Normal-message(07) on THREAD[03]
[154]Normal-message(07) on THREAD[06]
[155]Normal-message(07) on THREAD[00]
[156]Normal-message(07) on THREAD[01]
[157]Reserved-message(07) on THREAD[04]
[158]Normal-message(07) on THREAD[05]
[159]Normal-message(07) on THREAD[07]
[160]Reserved-message(08) on THREAD[09]
[161]Reserved-message(08) on THREAD[02]
[162]Reserved-message(08) on THREAD[08]
[163]Reserved-message(08) on THREAD[03]
[164]Normal-message(07) on THREAD[04]
[165]Reserved-message(08) on THREAD[06]
[166]Normal-message(08) on THREAD[09]
[167]Normal-message(08) on THREAD[03]
[168]Reserved-message(08) on THREAD[01]
[169]Reserved-message(08) on THREAD[00]
[170]Normal-message(08) on THREAD[02]
[171]Normal-message(08) on THREAD[08]
[172]Reserved-message(08) on THREAD[05]
[173]Reserved-message(08) on THREAD[07]
[174]Normal-message(08) on THREAD[06]
[175]Reserved-message(08) on THREAD[04]
[176]Normal-message(08) on THREAD[00]
[177]Normal-message(08) on THREAD[01]
[178]Normal-message(08) on THREAD[05]
[179]Normal-message(08) on THREAD[07]
[180]Reserved-message(09) on THREAD[03]
[181]Normal-message(08) on THREAD[04]
[182]Reserved-message(09) on THREAD[08]
[183]Reserved-message(09) on THREAD[02]
[184]Reserved-message(09) on THREAD[06]
[185]Normal-message(09) on THREAD[03]
[186]Reserved-message(09) on THREAD[09]
[187]Normal-message(09) on THREAD[08]
[188]Reserved-message(09) on THREAD[01]
[189]Reserved-message(09) on THREAD[05]
[190]Reserved-message(09) on THREAD[00]
[191]Reserved-message(09) on THREAD[07]
[192]Normal-message(09) on THREAD[02]
[193]Normal-message(09) on THREAD[06]
[194]Reserved-message(09) on THREAD[04]
[195]Normal-message(09) on THREAD[09]
[196]Normal-message(09) on THREAD[05]
[197]Normal-message(09) on THREAD[01]
[198]Normal-message(09) on THREAD[00]
[199]Normal-message(09) on THREAD[07]
[200]Normal-message(09) on THREAD[04]
*elapsed time: output=0.041993200 sec, flush=0.042993800 sec
--------------------------------------------------------------------------------

--------------------------------------------------------------------------------
Many thread profiling(1) : 1+4 threads, 120 frames, 2 processes, 2 repeats, sum on 30 frames

*elapsed time: finish=0.944037200 sec
--------------------------------------------------------------------------------
----------------------------------------
THREAD:"MainThread"
  PROFILE:"MAIN-PROC[01]"
    PERIOD:sums=30,count=60(max=2,min=2,avg=2.00),time=0.111321(max=0.003000,min=0.001000,avg=0.001855)
    TOTAL: sums=120,count=240(max=2,min=2,avg=2.00),time=0.457275(max=0.003001,min=0.001000,avg=0.001905)
  PROFILE:"MAIN-PROC[00]"
    PERIOD:sums=30,count=60(max=2,min=2,avg=2.00),time=0.116693(max=0.003000,min=0.001000,avg=0.001945)
    TOTAL: sums=120,count=240(max=2,min=2,avg=2.00),time=0.456760(max=0.003008,min=0.001000,avg=0.001903)
----------------------------------------
THREAD:"THREAD[03]"
  PROFILE:"PROC[00]"
    PERIOD:sums=30,count=60(max=2,min=2,avg=2.00),time=0.113568(max=0.003554,min=0.001000,avg=0.001893)
    TOTAL: sums=120,count=240(max=2,min=2,avg=2.00),time=0.468597(max=0.003554,min=0.001000,avg=0.001952)
  PROFILE:"PROC[01]"
    PERIOD:sums=30,count=60(max=2,min=2,avg=2.00),time=0.128424(max=0.003013,min=0.001000,avg=0.002140)
    TOTAL: sums=120,count=240(max=2,min=2,avg=2.00),time=0.475440(max=0.003019,min=0.001000,avg=0.001981)
----------------------------------------
THREAD:"THREAD[01]"
  PROFILE:"PROC[01]"
    PERIOD:sums=30,count=60(max=2,min=2,avg=2.00),time=0.113386(max=0.004000,min=0.001000,avg=0.001890)
    TOTAL: sums=120,count=240(max=2,min=2,avg=2.00),time=0.459381(max=0.004000,min=0.001000,avg=0.001914)
  PROFILE:"PROC[00]"
    PERIOD:sums=30,count=60(max=2,min=2,avg=2.00),time=0.125629(max=0.004000,min=0.001000,avg=0.002094)
    TOTAL: sums=120,count=240(max=2,min=2,avg=2.00),time=0.466656(max=0.004000,min=0.001000,avg=0.001944)
----------------------------------------
THREAD:"THREAD[00]"
  PROFILE:"PROC[01]"
    PERIOD:sums=30,count=60(max=2,min=2,avg=2.00),time=0.127251(max=0.006975,min=0.001000,avg=0.002121)
    TOTAL: sums=120,count=240(max=2,min=2,avg=2.00),time=0.472257(max=0.006975,min=0.001000,avg=0.001968)
  PROFILE:"PROC[00]"
    PERIOD:sums=30,count=60(max=2,min=2,avg=2.00),time=0.122764(max=0.005000,min=0.001000,avg=0.002046)
    TOTAL: sums=120,count=240(max=2,min=2,avg=2.00),time=0.457779(max=0.005000,min=0.001000,avg=0.001907)
----------------------------------------
THREAD:"THREAD[02]"
  PROFILE:"PROC[00]"
    PERIOD:sums=30,count=60(max=2,min=2,avg=2.00),time=0.123378(max=0.003013,min=0.001000,avg=0.002056)
    TOTAL: sums=120,count=240(max=2,min=2,avg=2.00),time=0.469437(max=0.003013,min=0.001000,avg=0.001956)
  PROFILE:"PROC[01]"
    PERIOD:sums=30,count=60(max=2,min=2,avg=2.00),time=0.104617(max=0.003005,min=0.001000,avg=0.001744)
    TOTAL: sums=120,count=240(max=2,min=2,avg=2.00),time=0.458599(max=0.003005,min=0.001000,avg=0.001911)

--------------------------------------------------------------------------------
Many thread profiling(2) : 1+20 threads, 300 frames, 20 processes, 20 repeats, sum on 30 frames

*elapsed time: finish=14.493862000 sec
--------------------------------------------------------------------------------
thread-infos=20,processe-infos=400,total:(sums=120000,counts=2400000,time=284.133829300),period:(sums=12000,counts=240000,time=28.728003900)
END: logQueueMonitor thread

================================================================================
