
================================================================================

--------------------------------------------------------------------------------
[ Basic test for debug-log ]
--------------------------------------------------------------------------------
【標準】メッセージ①
【標準】メッセージ②
START: logQueueMonitor thread
[90;49m【詳細】メッセージ②[0m
[0|00:00:00.000420|asNormal|forAny]【標準】メッセージ③
[90;49m[0|00:00:00.000456|asDetail|forAny]【詳細】メッセージ③[0m
[0|00:00:00.000465|asNormal|forMiniGame]【通常】【ミニゲーム用】メッセージ④
[0|00:00:00.000472|asNormal|forTARO]【通常】【開発者個人（太郎）用】メッセージ④
[0|00:00:00.000478|asNormal|forJIRO]【通常】【開発者個人（次郎）用】メッセージ④
[90;49m[0|00:00:00.000485|asDetail|forTARO]【詳細】【開発者個人（太郎）用】メッセージ⑤[0m
[90;49m[0|00:00:00.000491|asDetail|forJIRO]【詳細】【開発者個人（次郎）用】メッセージ⑤[0m
[91;49m[0|00:00:00.000601|asCritical|forTARO]【重大】【開発者個人（太郎）用】メッセージ⑥[0m
[91;49m[0|00:00:00.000714|asCritical|forJIRO]【重大】【開発者個人（次郎）用】メッセージ⑥[0m
【通常】【ミニゲーム用】【ローカル処理ブロック前】メッセージ
[00:00:00.000832|asNormal|forMiniGame]【通常】【ミニゲーム用】【ローカル処理ブロック中①】メッセージ
【通常】【ミニゲーム用】【ローカル処理ブロック後】メッセージ
[asNormal|forMiniGame]【通常】【コールポイント用】メッセージ
[asNormal|forMiniGame]【通常】【クリティカルコールポイント用】メッセージ
[94;40m[asImportant|forMiniGame]【重要】【クリティカルコールポイント用】アサーション
ASSERTION FAILURE!: 1 + 1 == 3
func: commonFunc
file: example_debug_log_basic_test.cpp(379)[Mon Jul 28 12:04:20 2014]
----- callPoint stack info -----
Thread: "MainThread"(ID=089a14e5)
Num of point: 2
------------------------------------
[forMiniGame]"CP level2(with perform)"(addr=0x7fff1c8357c0)<CRITICAL><Auto-Profiling>
        src: example_debug_log_basic_test.cpp(237)[Mon Jul 28 12:04:20 2014]
        func:example_debugLog_basicTest
 [forAny]"CallPoint"(addr=0x7fff1c835780)
         src: example_debug_log_basic_test.cpp(231)[Mon Jul 28 12:04:20 2014]
         func:example_debugLog_basicTest
------------------------------------[0m
[asNormal|forFileSystem]【通常】【コールポイント用】メッセージ
[asNormal|forMiniGame]【通常】【クリティカルコールポイント用】メッセージ
[94;40m[asImportant|forMiniGame]【重要】【クリティカルコールポイント用】アサーション
ASSERTION FAILURE!: 1 + 1 == 3
func: commonFunc
file: example_debug_log_basic_test.cpp(379)[Mon Jul 28 12:04:20 2014]
----- callPoint stack info -----
Thread: "MainThread"(ID=089a14e5)
Num of point: 3
------------------------------------
[forFileSystem]"CP level3"(addr=0x7fff1c8358a0)
        src: example_debug_log_basic_test.cpp(243)[Mon Jul 28 12:04:20 2014]
        func:example_debugLog_basicTest
 [forMiniGame]"CP level2(with perform)"(addr=0x7fff1c8357c0)<CRITICAL><Auto-Profiling>
         src: example_debug_log_basic_test.cpp(237)[Mon Jul 28 12:04:20 2014]
         func:example_debugLog_basicTest
  [forAny]"CallPoint"(addr=0x7fff1c835780)
          src: example_debug_log_basic_test.cpp(231)[Mon Jul 28 12:04:20 2014]
          func:example_debugLog_basicTest
------------------------------------[0m
[1]メッセージ変換機能付き出力（指定なし）：Alphabet Message
【通常】【ミニゲーム用】予約メッセージ①
[2]【通常】【ミニゲーム用】予約メッセージ②
メッセージ変換機能付き出力（大文字化）：ALPHABET MESSAGE
メッセージ変換機能付き出力（小文字化）：alphabet message
----------------------------------------

thread: "MainThread"

  profile: "CP level2(with perform)", max=0.000116, min=0.000116, avg=0.000116

END: logQueueMonitor thread

================================================================================

================================================================================

--------------------------------------------------------------------------------
[ Feature test for debug-log ]
--------------------------------------------------------------------------------
[93;41;4mmessage for Standard[0m
[93;41;4mmessage for TTY (stdout)[0m
message for Mono-TTY (stdout)
[93;41;4mmessage for Win (stdout)[0m
message for Mono-Win (stdout)
[93;41;4mmessage for VS[0m

--------------------------------------------------------------------------------
[ Enumeration of all log-levels ]

[37;100m[ 0]( 0)"asMoreDetail"[0m
[37;100m	console: "TTY(stdout)"(WHITE+iBLACK)[0m
	notice: "vs-console *CUSTOM*"(STANDARD+STANDARD)
[90;49m	next: [ 1]( 4)"asVerbose[0m
[90;49m[ 1]( 4)"asVerbose"[0m
[90;49m	console: "TTY(stdout)"(iBLACK+STANDARD)[0m
[90;107m	notice: "vs-console *CHANGED*"(iBLACK+iWHITE)[0m
[37;100m	prev: [ 0]( 0)"asMoreDetail"[0m
	next: [ 3](12)"asNormal
[90;49m[ 1]( 5)"asDetail"[0m
[90;49m	console: "TTY(stdout)"(iBLACK+STANDARD)[0m
[90;107m	notice: "vs-console *CHANGED*"(iBLACK+iWHITE)[0m
[37;100m	prev: [ 0]( 0)"asMoreDetail"[0m
	next: [ 3](12)"asNormal
[ 3](12)"asNormal"
	console: "win-console *CHANGED*"(STANDARD+STANDARD)
[30;107m	notice: "vs-console *CHANGED*"(BLACK+iWHITE)[0m
[90;49m	prev: [ 1]( 5)"asDetail"[0m
[36;49m	next: [ 4](17)"asAboveNormal[0m
[36;49m[ 4](17)"asAboveNormal"[0m
[36;49m	console: "TTY(stdout)"(CYAN+STANDARD)[0m
	prev: [ 3](12)"asNormal"
[94;40m	next: [ 5](20)"asImportant[0m
[94;40m[ 5](20)"asImportant"[0m
[94;40m	console: "TTY(stdout)"(iBLUE+BLACK)[0m
[94;107m	notice: "vs-console *CHANGED*"(iBLUE+iWHITE)[0m
	prev: [ 3](12)"asNormal"
[95;49m	next: [ 7](28)"asWarning[0m
[30;105m	notice: "vs-console *CHANGED*"(BLACK+iMAGENTA)[0m
[93;101m	notice: "vs-console *CHANGED*"(iYELLOW+iRED)[0m
[11](44)"asAbsolute"
	console: "TTY(stdout)"(STANDARD+STANDARD)
	notice: "vs-console *CHANGED*"(STANDARD+STANDARD)
[91;49m	prev: [ 9](36)"asCritical"[0m
[11](SP47)"asSilent"
[12](SP48)"asSilentAbsolutely"

--------------------------------------------------------------------------------
[ Enumeration of all log-categories ]

( 0)"forAny"
( 3)"forFileSystem"
( 4)"forResource"
( 5)"for3D"
( 6)"for2D"
( 7)"forSound"
(10)"forMiniGame"
(20)"forTARO"
	console: "vs-console *custom*"
(21)"forJIRO"
	console: "vs-console *custom*"
(SP64)"forEvery"
(SP65)"forCallPoint"
(SP66)"forCriticalCallPoint"

--------------------------------------------------------------------------------
[ Test for change log-level-mask & log-attribute ]

1:mask: refType=0, level=12
1:attr: refType=0, attr=0x00000000
2:mask: refType=2, level=12
2:attr: refType=2, attr=0x00000000
2a:mask: refType=0, level=12
2a:attr: refType=0, attr=0x00000000
2b:mask: refType=0, level=12
2b:attr: refType=0, attr=0x00000000
2c:mask: refType=2, level=12
2c:attr: refType=2, attr=0x00000000
3:mask: refType=2, level=12
3:attr: refType=2, attr=0x00801000
4:mask: refType=1, level=12
4:attr: refType=1, attr=0x00801000
5:mask: refType=1, level=12
5:attr: refType=1, attr=0x00801000
6:mask: refType=2, level=12
6:attr: refType=2, attr=0x00801000
7:mask: refType=2, level=5
7:attr: refType=2, attr=0x01000800
7a:mask: refType=2, level=12
7a:attr: refType=2, attr=0x00801000
7b:mask: refType=0, level=12
7b:attr: refType=0, attr=0x00000000
7bx:mask: refType=1, level=12
7bx:attr: refType=1, attr=0x00000000
7bx2:mask: refType=2, level=12
7bx2:attr: refType=2, attr=0x00000000
7bx3:mask: refType=2, level=48
7bx3:attr: refType=2, attr=0x00001800
7bx4:mask: refType=0, level=12
7bx4:attr: refType=0, attr=0x00000000
7bx4:mask2: refType=2, level=48
7bx4:attr2: refType=2, attr=0x00001800
7bx5:mask: refType=0, level=12
7bx5:attr: refType=0, attr=0x00000000
7bx5:mask2: refType=0, level=12
7bx5:attr2: refType=0, attr=0x00000000
7bx5:mask3: refType=2, level=48
7bx5:attr3: refType=2, attr=0x00001800
7bxx:mask: refType=1, level=48
7bxx:attr: refType=1, attr=0x00001800
7c:mask: refType=2, level=12
7c:attr: refType=2, attr=0x00801000
7d:mask: refType=1, level=12
7d:attr: refType=1, attr=0x00801000
7e:mask: refType=0, level=12
7e:attr: refType=0, attr=0x00000000
7f:mask: refType=2, level=12
7f:attr: refType=2, attr=0x00801000
7g:mask: refType=0, level=12
7g:attr: refType=0, attr=0x00000000
8:mask: refType=1, level=12
8:attr: refType=1, attr=0x00801000
9:mask: refType=2, level=12
9:attr: refType=2, attr=0x00801000
9a:mask: refType=2, level=48
9a:attr: refType=2, attr=0x00001800
10:mask: refType=0, level=12
10:attr: refType=0, attr=0x00000000

--------------------------------------------------------------------------------
[ Enumeration of all log-level-masks : Test for put message asDetail ]

( 0)"forAny"
	mask(of log): (12)"asNormal"
		OK ... [90;49mlog-message: ( 5)"asDetail", "TTY(stdout)"[0m
[93;101m	mask(of notice): (36)"asCritical"[0m
[93;101m		OK ... [90;107mnotice-message: ( 5)"asDetail", "vs-console *CHANGED*"[0m
( 1)"forDummy"[0m
	mask(of log): (12)"asNormal"
		OK ... [90;49mlog-message: ( 5)"asDetail", "Dummy"[0m
[93;101m	mask(of notice): (36)"asCritical"[0m
[93;101m		OK ... [90;107mnotice-message: ( 5)"asDetail", "Dummy"[0m
( 2)"forNotice"[0m
	mask(of log): (12)"asNormal"
		OK ... [90;49mlog-message: ( 5)"asDetail", "Dummy"[0m
[93;101m	mask(of notice): (36)"asCritical"[0m
[93;101m		OK ... [90;107mnotice-message: ( 5)"asDetail", "TTY(stderr)"[0m
( 3)"forFileSystem"[0m
	mask(of log): (12)"asNormal"
		OK ... [90;49mlog-message: ( 5)"asDetail", "TTY(stdout)"[0m
[93;101m	mask(of notice): (36)"asCritical"[0m
[93;101m		OK ... [90;107mnotice-message: ( 5)"asDetail", "vs-console *CHANGED*"[0m
( 4)"forResource"[0m
	mask(of log): (12)"asNormal"
		OK ... [90;49mlog-message: ( 5)"asDetail", "TTY(stdout)"[0m
[93;101m	mask(of notice): (36)"asCritical"[0m
[93;101m		OK ... [90;107mnotice-message: ( 5)"asDetail", "vs-console *CHANGED*"[0m
( 5)"for3D"[0m
	mask(of log): (12)"asNormal"
		OK ... [90;49mlog-message: ( 5)"asDetail", "TTY(stdout)"[0m
[93;101m	mask(of notice): (36)"asCritical"[0m
[93;101m		OK ... [90;107mnotice-message: ( 5)"asDetail", "vs-console *CHANGED*"[0m
( 6)"for2D"[0m
	mask(of log): (12)"asNormal"
		OK ... [90;49mlog-message: ( 5)"asDetail", "TTY(stdout)"[0m
[93;101m	mask(of notice): (36)"asCritical"[0m
[93;101m		OK ... [90;107mnotice-message: ( 5)"asDetail", "vs-console *CHANGED*"[0m
( 7)"forSound"[0m
	mask(of log): (12)"asNormal"
		OK ... [90;49mlog-message: ( 5)"asDetail", "TTY(stdout)"[0m
[93;101m	mask(of notice): (36)"asCritical"[0m
[93;101m		OK ... [90;107mnotice-message: ( 5)"asDetail", "vs-console *CHANGED*"[0m
(10)"forMiniGame"[0m
	mask(of log): (12)"asNormal"
		OK ... [90;49mlog-message: ( 5)"asDetail", "TTY(stdout)"[0m
[93;101m	mask(of notice): (36)"asCritical"[0m
[93;101m		OK ... [90;107mnotice-message: ( 5)"asDetail", "vs-console *CHANGED*"[0m
(20)"forTARO"[0m
[90;49m	mask(of log): ( 5)"asDetail"[0m
[90;49m		OK ... log-message: ( 5)"asDetail", "vs-console *custom*"[0m
[30;107m	mask(of notice): (12)"asNormal"[0m
[30;107m		OK ... [90;107mnotice-message: ( 5)"asDetail", "vs-console *CHANGED*"[0m
(21)"forJIRO"[0m
	mask(of log): (47)"asSilent"
		OK ... [90;49mlog-message: ( 5)"asDetail", "vs-console *custom*"[0m
	mask(of notice): (48)"asSilentAbsolutely"
		OK ... [90;107mnotice-message: ( 5)"asDetail", "vs-console *CHANGED*"[0m

--------------------------------------------------------------------------------
[ Enumeration of all log-level-masks : Test for put message asNormal ]

( 0)"forAny"
	mask(of log): (12)"asNormal"
		OK ... log-message: (12)"asNormal", "win-console *CHANGED*"
[93;101m	mask(of notice): (36)"asCritical"[0m
[93;101m		OK ... [30;107mnotice-message: (12)"asNormal", "vs-console *CHANGED*"[0m
( 1)"forDummy"[0m
	mask(of log): (12)"asNormal"
		OK ... log-message: (12)"asNormal", "Dummy"
[93;101m	mask(of notice): (36)"asCritical"[0m
[93;101m		OK ... [30;107mnotice-message: (12)"asNormal", "Dummy"[0m
( 2)"forNotice"[0m
	mask(of log): (12)"asNormal"
		OK ... log-message: (12)"asNormal", "Dummy"
[93;101m	mask(of notice): (36)"asCritical"[0m
[93;101m		OK ... [30;107mnotice-message: (12)"asNormal", "TTY(stderr)"[0m
( 3)"forFileSystem"[0m
	mask(of log): (12)"asNormal"
		OK ... log-message: (12)"asNormal", "win-console *CHANGED*"
[93;101m	mask(of notice): (36)"asCritical"[0m
[93;101m		OK ... [30;107mnotice-message: (12)"asNormal", "vs-console *CHANGED*"[0m
( 4)"forResource"[0m
	mask(of log): (12)"asNormal"
		OK ... log-message: (12)"asNormal", "win-console *CHANGED*"
[93;101m	mask(of notice): (36)"asCritical"[0m
[93;101m		OK ... [30;107mnotice-message: (12)"asNormal", "vs-console *CHANGED*"[0m
( 5)"for3D"[0m
	mask(of log): (12)"asNormal"
		OK ... log-message: (12)"asNormal", "win-console *CHANGED*"
[93;101m	mask(of notice): (36)"asCritical"[0m
[93;101m		OK ... [30;107mnotice-message: (12)"asNormal", "vs-console *CHANGED*"[0m
( 6)"for2D"[0m
	mask(of log): (12)"asNormal"
		OK ... log-message: (12)"asNormal", "win-console *CHANGED*"
[93;101m	mask(of notice): (36)"asCritical"[0m
[93;101m		OK ... [30;107mnotice-message: (12)"asNormal", "vs-console *CHANGED*"[0m
( 7)"forSound"[0m
	mask(of log): (12)"asNormal"
		OK ... log-message: (12)"asNormal", "win-console *CHANGED*"
[93;101m	mask(of notice): (36)"asCritical"[0m
[93;101m		OK ... [30;107mnotice-message: (12)"asNormal", "vs-console *CHANGED*"[0m
(10)"forMiniGame"[0m
	mask(of log): (12)"asNormal"
		OK ... log-message: (12)"asNormal", "win-console *CHANGED*"
[93;101m	mask(of notice): (36)"asCritical"[0m
[93;101m		OK ... [30;107mnotice-message: (12)"asNormal", "vs-console *CHANGED*"[0m
(20)"forTARO"[0m
[90;49m	mask(of log): ( 5)"asDetail"[0m
[90;49m		OK ... log-message: (12)"asNormal", "vs-console *custom*"
[30;107m	mask(of notice): (12)"asNormal"[0m
[30;107m		OK ... [30;107mnotice-message: (12)"asNormal", "vs-console *CHANGED*"[0m
(21)"forJIRO"[0m
	mask(of log): (47)"asSilent"
		OK ... log-message: (12)"asNormal", "vs-console *custom*"
	mask(of notice): (48)"asSilentAbsolutely"
		OK ... [30;107mnotice-message: (12)"asNormal", "vs-console *CHANGED*"[0m

--------------------------------------------------------------------------------
[ Enumeration of all log-level-masks : Test for put message asCritical ]

[93;101mnotice-message: (36)"asCritical", "vs-console *CHANGED*"[0m
[93;101mnotice-message: (36)"asCritical", "Dummy"[0m
[93;101mnotice-message: (36)"asCritical", "TTY(stderr)"[0m
[93;101mnotice-message: (36)"asCritical", "vs-console *CHANGED*"[0m
[93;101mnotice-message: (36)"asCritical", "vs-console *CHANGED*"[0m
[93;101mnotice-message: (36)"asCritical", "vs-console *CHANGED*"[0m
[93;101mnotice-message: (36)"asCritical", "vs-console *CHANGED*"[0m
[93;101mnotice-message: (36)"asCritical", "vs-console *CHANGED*"[0m
[93;101mnotice-message: (36)"asCritical", "vs-console *CHANGED*"[0m
[93;101mnotice-message: (36)"asCritical", "vs-console *CHANGED*"[0m
[93;101mnotice-message: (36)"asCritical", "vs-console *CHANGED*"[0m

--------------------------------------------------------------------------------
[ Enumeration of all log-level-masks : Test for put message asAbsolute ]

( 0)"forAny"
	mask(of log): (12)"asNormal"
		OK ... log-message: (44)"asAbsolute", "TTY(stdout)"
[93;101m	mask(of notice): (36)"asCritical"[0m
[93;101m		OK ... notice-message: (44)"asAbsolute", "vs-console *CHANGED*"
( 1)"forDummy"[0m
	mask(of log): (12)"asNormal"
		OK ... log-message: (44)"asAbsolute", "Dummy"
[93;101m	mask(of notice): (36)"asCritical"[0m
[93;101m		OK ... notice-message: (44)"asAbsolute", "Dummy"
( 2)"forNotice"[0m
	mask(of log): (12)"asNormal"
		OK ... log-message: (44)"asAbsolute", "Dummy"
[93;101m	mask(of notice): (36)"asCritical"[0m
[93;101m		OK ... notice-message: (44)"asAbsolute", "TTY(stderr)"
( 3)"forFileSystem"[0m
	mask(of log): (12)"asNormal"
		OK ... log-message: (44)"asAbsolute", "TTY(stdout)"
[93;101m	mask(of notice): (36)"asCritical"[0m
[93;101m		OK ... notice-message: (44)"asAbsolute", "vs-console *CHANGED*"
( 4)"forResource"[0m
	mask(of log): (12)"asNormal"
		OK ... log-message: (44)"asAbsolute", "TTY(stdout)"
[93;101m	mask(of notice): (36)"asCritical"[0m
[93;101m		OK ... notice-message: (44)"asAbsolute", "vs-console *CHANGED*"
( 5)"for3D"[0m
	mask(of log): (12)"asNormal"
		OK ... log-message: (44)"asAbsolute", "TTY(stdout)"
[93;101m	mask(of notice): (36)"asCritical"[0m
[93;101m		OK ... notice-message: (44)"asAbsolute", "vs-console *CHANGED*"
( 6)"for2D"[0m
	mask(of log): (12)"asNormal"
		OK ... log-message: (44)"asAbsolute", "TTY(stdout)"
[93;101m	mask(of notice): (36)"asCritical"[0m
[93;101m		OK ... notice-message: (44)"asAbsolute", "vs-console *CHANGED*"
( 7)"forSound"[0m
	mask(of log): (12)"asNormal"
		OK ... log-message: (44)"asAbsolute", "TTY(stdout)"
[93;101m	mask(of notice): (36)"asCritical"[0m
[93;101m		OK ... notice-message: (44)"asAbsolute", "vs-console *CHANGED*"
(10)"forMiniGame"[0m
	mask(of log): (12)"asNormal"
		OK ... log-message: (44)"asAbsolute", "TTY(stdout)"
[93;101m	mask(of notice): (36)"asCritical"[0m
[93;101m		OK ... notice-message: (44)"asAbsolute", "vs-console *CHANGED*"
(20)"forTARO"[0m
[90;49m	mask(of log): ( 5)"asDetail"[0m
[90;49m		OK ... log-message: (44)"asAbsolute", "vs-console *custom*"
[30;107m	mask(of notice): (12)"asNormal"[0m
[30;107m		OK ... notice-message: (44)"asAbsolute", "vs-console *CHANGED*"
(21)"forJIRO"[0m
	mask(of log): (47)"asSilent"
		OK ... log-message: (44)"asAbsolute", "vs-console *custom*"
	mask(of notice): (48)"asSilentAbsolutely"
		OK ... notice-message: (44)"asAbsolute", "vs-console *CHANGED*"

--------------------------------------------------------------------------------
[ Test for console that put other tty ]


--------------------------------------------------------------------------------
[ Enumeration of all log-levels ]

[11](SP47)"asSilent"
[12](SP48)"asSilentAbsolutely"

--------------------------------------------------------------------------------
[ Test for log-queue-monitor ]

START: logQueueMonitor thread
reserved message
message:1
message:3
message:9
message:27
message:81
message:243
message:729
message:2187
message:6561
message:19683
message:59049
message:177147
message:531441
message:1594323
message:4782969
message:14348907
message:43046721
message:129140163
message:387420489
enqueu failed.
enqueu failed.
enqueu failed.
enqueu failed.
enqueu failed.
enqueu failed.
enqueu failed.
enqueu failed.
enqueu failed.
enqueu failed.
enqueu failed.
enqueu failed.
enqueu failed.
enqueu failed.
enqueu failed.
enqueu failed.
enqueu failed.
enqueu failed.
enqueu failed.
enqueu of reservation failed.
message making failed.
message making failed.
message making failed.
message making failed.
message making failed.
message making failed.
message making failed.
message making failed.
message making failed.
message making failed.
message making failed.
message making failed.
message making failed.
message making failed.
message making failed.
message making failed.
message making failed.
message making failed.
message making failed.
message making of reservation failed.
reserved message
message:1
message:3
message:9
message:27
message:81
message:243
message:729
message:2187
message:6561
message:19683
message:59049
message:177147
message:531441
message:1594323
message:4782969
message:14348907
message:43046721
message:129140163
message:387420489
END: logQueueMonitor thread

--------------------------------------------------------------------------------
[ Test for memory console ]


12345678901234567890
123456789012345

(len=0)

(len=0)
#
#(len=1)
1
1(len=1)
1#
1#(len=2)
12
12(len=2)
12#
12#(len=3)
123
123(len=3)
123#
123#(len=4)
1234
1234(len=4)
1234#
1234#(len=5)
12345
12345(len=5)
12345#
12345#(len=6)
123456
123456(len=6)
123456#
123456#(len=7)
1234567
1234567(len=7)
1234567#
1234567#(len=8)
12345678
12345678(len=8)
12345678#
12345678#(len=9)
123456789
123456789(len=9)
123456789#
123456789#(len=10)
1234567890
1234567890(len=10)
1234567890#
1234567890#(len=11)
12345678901
12345678901(len=11)
12345678901#
12345678901#(len=12)
123456789012
123456789012(len=12)
123456789012#
123456789012#(len=13)
1234567890123
1234567890123(len=13)
1234567890123#
1234567890123#(len=14)
12345678901234
12345678901234(len=14)
12345678901234#
12345678901234#(len=15)
123456789012345
123456789012345(len=15)
123456789012345#
123456789012345#(len=16)
1234567890123456
1234567890123456(len=16)
1234567890123456#
1234567890123456#(len=17)
12345678901234567
12345678901234567(len=17)
12345678901234567#
12345678901234567#(len=18)
123456789012345678
123456789012345678(len=18)
123456789012345678#
123456789012345678#(len=19)
1234567890123456789
1234567890123456789(len=19)
1234567890123456789#
1234567890123456789#(len=20)
12345678901234567890
12345678901234567890(len=20)
12345678901234567890#
12345678901234567890#(len=21)
123456789012345678901
123456789012345678901(len=21)
123456789012345678901#
123456789012345678901#(len=22)
1234567890123456789012
1234567890123456789012(len=22)
1234567890123456789012#
1234567890123456789012#(len=23)
12345678901234567890123
12345678901234567890123(len=23)
12345678901234567890123#
12345678901234567890123#(len=24)
123456789012345678901234
123456789012345678901234(len=24)
123456789012345678901234#
123456789012345678901234#(len=25)
1234567890123456789012345
1234567890123456789012345(len=25)
1234567890123456789012345#
1234567890123456789012345#(len=26)
12345678901234567890123456
12345678901234567890123456(len=26)
12345678901234567890123456#
12345678901234567890123456#(len=27)
123456789012345678901234567
123456789012345678901234567(len=27)
123456789012345678901234567#
123456789012345678901234567#(len=28)
1234567890123456789012345678
1234567890123456789012345678(len=28)
1234567890123456789012345678#
1234567890123456789012345678#(len=29)
12345678901234567890123456789
12345678901234567890123456789(len=29)
12345678901234567890123456789#
12345678901234567890123456789#(len=30)
123456789012345678901234567890
123456789012345678901234567890(len=30)
123456789012345678901234567890#
123456789012345678901234567890#(len=31)
1234567890123456789012345678901
1234567890123456789012345678901(len=31)
1234567890123456789012345678901#
1234567890123456789012345678901#(len=32)
12345678901234567890123456789012
12345678901234567890123456789012(len=32)
12345678901234567890123456789012#
12345678901234567890123456789012(len=32)
(null)1234567890ABCDEFGHIJKLMNOPQRSTUVWXYZabcdefghijklmnopqrstuvwxyz
(null)1234567890ABCDEFGHIJKLMNOPQRSTUVWXYZabcdefghijklmnopqrstuvwxyz(len=68)
7890ABCDEFGHIJKLMNOPQRSTUVWXYZabcdefghijklmnopqrstuvwxyz(null)1234567890ABCDEFGHIJKLMNOPQRSTUVWXYZabcdefghijklmnopqrstuvwxyz
7890ABCDEFGHIJKLMNOPQRSTUVWXYZabcdefghijklmnopqrstuvwxyz(null)1234567890ABCDEFGHIJKLMNOPQRSTUVWXYZabcdefghijklmnopqrstuvwxyz(len=124)
7890ABCDEFGHIJKLMNOPQRSTUVWXYZabcdefghijklmnopqrstuvwxyz(null)1234567890ABCDEFGHIJKLMNOPQRSTUVWXYZabcdefghijklmnopqrstuvwxyz
7890ABCDEFGHIJKLMNOPQRSTUVWXYZabcdefghijklmnopqrstuvwxyz(null)1234567890ABCDEFGHIJKLMNOPQRSTUVWXYZabcdefghijklmnopqrstuvwxyz(len=124)
7890ABCDEFGHIJKLMNOPQRSTUVWXYZabcdefghijklmnopqrstuvwxyz(null)1234567890ABCDEFGHIJKLMNOPQRSTUVWXYZabcdefghijklmnopqrstuvwxyz
7890ABCDEFGHIJKLMNOPQRSTUVWXYZabcdefghijklmnopqrstuvwxyz(null)1234567890ABCDEFGHIJKLMNOPQRSTUVWXYZabcdefghijklmnopqrstuvwxyz(len=124)
7890ABCDEFGHIJKLMNOPQRSTUVWXYZabcdefghijklmnopqrstuvwxyz(null)1234567890ABCDEFGHIJKLMNOPQRSTUVWXYZabcdefghijklmnopqrstuvwxyz
7890ABCDEFGHIJKLMNOPQRSTUVWXYZabcdefghijklmnopqrstuvwxyz(null)1234567890ABCDEFGHIJKLMNOPQRSTUVWXYZabcdefghijklmnopqrstuvwxyz(len=124)
7890ABCDEFGHIJKLMNOPQRSTUVWXYZabcdefghijklmnopqrstuvwxyz(null)1234567890ABCDEFGHIJKLMNOPQRSTUVWXYZabcdefghijklmnopqrstuvwxyz
7890ABCDEFGHIJKLMNOPQRSTUVWXYZabcdefghijklmnopqrstuvwxyz(null)1234567890ABCDEFGHIJKLMNOPQRSTUVWXYZabcdefghijklmnopqrstuvwxyz(len=124)
7890ABCDEFGHIJKLMNOPQRSTUVWXYZabcdefghijklmnopqrstuvwxyz(null)1234567890ABCDEFGHIJKLMNOPQRSTUVWXYZabcdefghijklmnopqrstuvwxyz
7890ABCDEFGHIJKLMNOPQRSTUVWXYZabcdefghijklmnopqrstuvwxyz(null)1234567890ABCDEFGHIJKLMNOPQRSTUVWXYZabcdefghijklmnopqrstuvwxyz(len=124)
7890ABCDEFGHIJKLMNOPQRSTUVWXYZabcdefghijklmnopqrstuvwxyz(null)1234567890ABCDEFGHIJKLMNOPQRSTUVWXYZabcdefghijklmnopqrstuvwxyz
7890ABCDEFGHIJKLMNOPQRSTUVWXYZabcdefghijklmnopqrstuvwxyz(null)1234567890ABCDEFGHIJKLMNOPQRSTUVWXYZabcdefghijklmnopqrstuvwxyz(len=124)
7890ABCDEFGHIJKLMNOPQRSTUVWXYZabcdefghijklmnopqrstuvwxyz(null)1234567890ABCDEFGHIJKLMNOPQRSTUVWXYZabcdefghijklmnopqrstuvwxyz
7890ABCDEFGHIJKLMNOPQRSTUVWXYZabcdefghijklmnopqrstuvwxyz(null)1234567890ABCDEFGHIJKLMNOPQRSTUVWXYZabcdefghijklmnopqrstuvwxyz(len=124)
7890ABCDEFGHIJKLMNOPQRSTUVWXYZabcdefghijklmnopqrstuvwxyz(null)1234567890ABCDEFGHIJKLMNOPQRSTUVWXYZabcdefghijklmnopqrstuvwxyz
7890ABCDEFGHIJKLMNOPQRSTUVWXYZabcdefghijklmnopqrstuvwxyz(null)1234567890ABCDEFGHIJKLMNOPQRSTUVWXYZabcdefghijklmnopqrstuvwxyz(len=124)

--------------------------------------------------------------------------------
[ Test for print log ]

[94;40m[0|00:00:00.021140|asImportant|forAny](01)Test Message:10[0m
START: logQueueMonitor thread
[94;40m[1|00:00:00.021228](10)Test Message:10[0m
[94;40m[2|00:00:00.021232](11)Test Message[0m
[94;40m[3|00:00:00.021235](12)TEST MESSAGE[0m
[94;40m[4|00:00:00.021239](13)test message[0m
[94;40m[5|00:00:00.021242](14)Test Message[0m
[94;40m[6|00:00:00.021246](15)Test Message[0m
[94;40m[7|00:00:00.021249](16)TEST MESSAGE[0m
[94;40m[8|00:00:00.021252](17)test message[0m
[94;40m[9|00:00:00.021186](02)Test Message:10[0m
[94;40m[10|00:00:00.021192](03)Test Message:10[0m
[94;40m[11|00:00:00.021197](04)TEST MESSAGE:10[0m
[94;40m[12|00:00:00.021200](05)test message:10[0m
[94;40m[13|00:00:00.021204](06)Test Message[0m
[94;40m[14|00:00:00.021208](07)Test Message[0m
[94;40m[15|00:00:00.021211](08)TEST MESSAGE[0m
[94;40m[16|00:00:00.021224](09)test message[0m
[94;40m[00:00:00.023961][0m(18)Test Message:10
[94;40m[00:00:00.023977][0m(19)Test Message:10
[94;40m[00:00:00.023984][0m(20)Test Message:10
[94;40m[00:00:00.023990][0m(21)TEST MESSAGE:10
[94;40m[00:00:00.023996][0m(22)test message:10
[94;40m[00:00:00.024002][0m(23)Test Message:10
[94;40m[00:00:00.024008][0m(24)TEST MESSAGE:10
[94;40m[00:00:00.024014][0m(25)test message:10
[00:00:00.024020](26)Test Message
[00:00:00.024026](27)Test Message
[00:00:00.024032](28)Test Message
[00:00:00.024038](29)TEST MESSAGE
[00:00:00.024043](30)test message
[00:00:00.024049](31)Test Message
[00:00:00.024054](32)TEST MESSAGE
[00:00:00.024060](33)test message
END: logQueueMonitor thread

--------------------------------------------------------------------------------
[ Test for call-point ]

> recent critical-cp info
  - name = "test"
  - category = "forTARO"
  - type = "isNormal"
  - autoProfiling = "useAutoProfiling"
  - source file = "example_debug_log_feature_test.cpp(989)[Mon Jul 28 20:45:41 2014]"
  - function = "example_debugLog_featureTest"
  - begin time = 0.029976
> recent critical-cp info
  - name = "test3"
  - category = "forTARO"
  - type = "isNormal"
  - autoProfiling = "noProfiling"
  - source file = "example_debug_log_feature_test.cpp(997)[Mon Jul 28 20:45:41 2014]"
  - function = "example_debugLog_featureTest"
  - begin time = 0.029989
> recent critical-cp info
  - name = "test2"
  - category = "forTARO"
  - type = "isCritical"
  - autoProfiling = "useAutoProfiling"
  - source file = "example_debug_log_feature_test.cpp(995)[Mon Jul 28 20:45:41 2014]"
  - function = "example_debugLog_featureTest"
  - begin time = 0.029987
> recent critical-cp info
  - name = "test3"
  - category = "forTARO"
  - type = "isNormal"
  - autoProfiling = "noProfiling"
  - source file = "example_debug_log_feature_test.cpp(997)[Mon Jul 28 20:45:41 2014]"
  - function = "example_debugLog_featureTest"
  - begin time = 0.029989
> recent critical-cp info
  - name = "test4"
  - category = "forTARO"
  - type = "isNormal"
  - autoProfiling = "noProfiling"
  - source file = "example_debug_log_feature_test.cpp(1007)[Mon Jul 28 20:45:41 2014]"
  - function = "example_debugLog_featureTest"
  - begin time = 0.029994
> recent critical-cp info
  - name = "test4"
  - category = "forTARO"
  - type = "isNormal"
  - autoProfiling = "noProfiling"
  - source file = "example_debug_log_feature_test.cpp(1007)[Mon Jul 28 20:45:41 2014]"
  - function = "example_debugLog_featureTest"
  - begin time = 0.029994
debugInfo(len=852):
----- callPoint stack info -----
Thread: "MainThread"(ID=089a14e5)
Num of point: 4
------------------------------------
[forTARO]"test4"(addr=0x7fff1c8351f0)
        src: example_debug_log_feature_test.cpp(1007)[Mon Jul 28 20:45:41 2014]
        func:example_debugLog_featureTest
 [forTARO]"test3"(addr=0x7fff1c835150)
         src: example_debug_log_feature_test.cpp(997)[Mon Jul 28 20:45:41 2014]
         func:example_debugLog_featureTest
  [forTARO]"test2"(addr=0x7fff1c835010)<CRITICAL><Auto-Profiling>
          src: example_debug_log_feature_test.cpp(995)[Mon Jul 28 20:45:41 2014]
          func:example_debugLog_featureTest
   [forTARO]"test"(addr=0x7fff1c834ef0)<Auto-Profiling>
           src: example_debug_log_feature_test.cpp(989)[Mon Jul 28 20:45:41 2014]
           func:example_debugLog_featureTest
------------------------------------
> recent critical-cp info
  - name = "test3"
  - category = "forTARO"
  - type = "isNormal"
  - autoProfiling = "noProfiling"
  - source file = "example_debug_log_feature_test.cpp(997)[Mon Jul 28 20:45:41 2014]"
  - function = "example_debugLog_featureTest"
  - begin time = 0.029989
> recent critical-cp info
  - name = "test2"
  - category = "forTARO"
  - type = "isCritical"
  - autoProfiling = "useAutoProfiling"
  - source file = "example_debug_log_feature_test.cpp(995)[Mon Jul 28 20:45:41 2014]"
  - function = "example_debugLog_featureTest"
  - begin time = 0.029987
> recent critical-cp info
  - name = "test2"
  - category = "forTARO"
  - type = "isCritical"
  - autoProfiling = "useAutoProfiling"
  - source file = "example_debug_log_feature_test.cpp(995)[Mon Jul 28 20:45:41 2014]"
  - function = "example_debugLog_featureTest"
  - begin time = 0.029987
> recent critical-cp info
  - name = "test2"
  - category = "forTARO"
  - type = "isCritical"
  - autoProfiling = "useAutoProfiling"
  - source file = "example_debug_log_feature_test.cpp(995)[Mon Jul 28 20:45:41 2014]"
  - function = "example_debugLog_featureTest"
  - begin time = 0.029987
> recent critical-cp info
  - name = "test"
  - category = "forTARO"
  - type = "isNormal"
  - autoProfiling = "useAutoProfiling"
  - source file = "example_debug_log_feature_test.cpp(989)[Mon Jul 28 20:45:41 2014]"
  - function = "example_debugLog_featureTest"
  - begin time = 0.029976
> recent critical-cp info
  (nothing)
> recent critical-cp info
  - name = "test"
  - category = "forTARO"
  - type = "isNormal"
  - autoProfiling = "useAutoProfiling"
  - source file = "example_debug_log_feature_test.cpp(989)[Mon Jul 28 20:45:41 2014]"
  - function = "example_debugLog_featureTest"
  - begin time = 0.029976
> recent critical-cp info
  (nothing)
> recent critical-cp info
  (nothing)
> recent critical-cp info
  (nothing)
debugInfo(len=119):
----- callPoint stack info -----
Thread: "MainThread"(ID=089a14e5)
Num of point: 0
------------------------------------

--------------------------------------------------------------------------------
[ Test for assert/break-point/watch-point ]

START: logQueueMonitor thread
[asNormal|forAny]ASSERT:123
ASSERTION FAILURE!: 1 != 1
func: example_debugLog_featureTest
file: example_debug_log_feature_test.cpp(1098)[Mon Jul 28 20:45:41 2014]
----- callPoint stack info -----
Thread: "MainThread"(ID=089a14e5)
Num of point: 2
------------------------------------
[forJIRO]"CP2"(addr=0x7fff1c8351f0)<CRITICAL>
        src: example_debug_log_feature_test.cpp(1095)[Mon Jul 28 20:45:41 2014]
        func:example_debugLog_featureTest
 [forTARO]"CP1"(addr=0x7fff1c835150)<CRITICAL>
         src: example_debug_log_feature_test.cpp(1093)[Mon Jul 28 20:45:41 2014]
         func:example_debugLog_featureTest
------------------------------------
[asNormal|forAny]BREAKPOINT:123
func: example_debugLog_featureTest
file: example_debug_log_feature_test.cpp(1099)[Mon Jul 28 20:45:41 2014]
----- callPoint stack info -----
Thread: "MainThread"(ID=089a14e5)
Num of point: 2
------------------------------------
[forJIRO]"CP2"(addr=0x7fff1c8351f0)<CRITICAL>
        src: example_debug_log_feature_test.cpp(1095)[Mon Jul 28 20:45:41 2014]
        func:example_debugLog_featureTest
 [forTARO]"CP1"(addr=0x7fff1c835150)<CRITICAL>
         src: example_debug_log_feature_test.cpp(1093)[Mon Jul 28 20:45:41 2014]
         func:example_debugLog_featureTest
------------------------------------
[asNormal|forAny]WATCHPOINT:123
HIT!: 1 == 1
func: example_debugLog_featureTest
file: example_debug_log_feature_test.cpp(1101)[Mon Jul 28 20:45:41 2014]
----- callPoint stack info -----
Thread: "MainThread"(ID=089a14e5)
Num of point: 2
------------------------------------
[forJIRO]"CP2"(addr=0x7fff1c8351f0)<CRITICAL>
        src: example_debug_log_feature_test.cpp(1095)[Mon Jul 28 20:45:41 2014]
        func:example_debugLog_featureTest
 [forTARO]"CP1"(addr=0x7fff1c835150)<CRITICAL>
         src: example_debug_log_feature_test.cpp(1093)[Mon Jul 28 20:45:41 2014]
         func:example_debugLog_featureTest
------------------------------------
[asNormal|forAny]ASSERT:123
ASSERTION FAILURE!: 1 != 1
func: example_debugLog_featureTest
file: example_debug_log_feature_test.cpp(1122)[Mon Jul 28 20:45:41 2014]
----- callPoint stack info -----
Thread: "MainThread"(ID=089a14e5)
Num of point: 1
------------------------------------
[forTARO]"CP1"(addr=0x7fff1c835150)<CRITICAL>
        src: example_debug_log_feature_test.cpp(1093)[Mon Jul 28 20:45:41 2014]
        func:example_debugLog_featureTest
------------------------------------
[asNormal|forAny]BREAKPOINT:123
func: example_debugLog_featureTest
file: example_debug_log_feature_test.cpp(1123)[Mon Jul 28 20:45:41 2014]
----- callPoint stack info -----
Thread: "MainThread"(ID=089a14e5)
Num of point: 1
------------------------------------
[forTARO]"CP1"(addr=0x7fff1c835150)<CRITICAL>
        src: example_debug_log_feature_test.cpp(1093)[Mon Jul 28 20:45:41 2014]
        func:example_debugLog_featureTest
------------------------------------
[asNormal|forAny]WATCHPOINT:123
HIT!: 1 == 1
func: example_debugLog_featureTest
file: example_debug_log_feature_test.cpp(1124)[Mon Jul 28 20:45:41 2014]
----- callPoint stack info -----
Thread: "MainThread"(ID=089a14e5)
Num of point: 1
------------------------------------
[forTARO]"CP1"(addr=0x7fff1c835150)<CRITICAL>
        src: example_debug_log_feature_test.cpp(1093)[Mon Jul 28 20:45:41 2014]
        func:example_debugLog_featureTest
------------------------------------
[asNormal|forAny]ASSERT:123
ASSERTION FAILURE!: 1 != 1
func: example_debugLog_featureTest
file: example_debug_log_feature_test.cpp(1132)[Mon Jul 28 20:45:41 2014]
----- callPoint stack info -----
Thread: "MainThread"(ID=089a14e5)
Num of point: 1
------------------------------------
[forTARO]"CP1"(addr=0x7fff1c835150)<CRITICAL>
        src: example_debug_log_feature_test.cpp(1093)[Mon Jul 28 20:45:41 2014]
        func:example_debugLog_featureTest
------------------------------------
[asNormal|forAny]BREAKPOINT:123
func: example_debugLog_featureTest
file: example_debug_log_feature_test.cpp(1133)[Mon Jul 28 20:45:41 2014]
----- callPoint stack info -----
Thread: "MainThread"(ID=089a14e5)
Num of point: 1
------------------------------------
[forTARO]"CP1"(addr=0x7fff1c835150)<CRITICAL>
        src: example_debug_log_feature_test.cpp(1093)[Mon Jul 28 20:45:41 2014]
        func:example_debugLog_featureTest
------------------------------------
[asNormal|forAny]WATCHPOINT:123
HIT!: 1 == 1
func: example_debugLog_featureTest
file: example_debug_log_feature_test.cpp(1134)[Mon Jul 28 20:45:41 2014]
----- callPoint stack info -----
Thread: "MainThread"(ID=089a14e5)
Num of point: 1
------------------------------------
[forTARO]"CP1"(addr=0x7fff1c835150)<CRITICAL>
        src: example_debug_log_feature_test.cpp(1093)[Mon Jul 28 20:45:41 2014]
        func:example_debugLog_featureTest
------------------------------------
[asNormal|forAny]ASSERT:123
ASSERTION FAILURE!: 1 != 1
func: example_debugLog_featureTest
file: example_debug_log_feature_test.cpp(1141)[Mon Jul 28 20:45:41 2014]
----- callPoint stack info -----
Thread: "MainThread"(ID=089a14e5)
Num of point: 1
------------------------------------
[forTARO]"CP1"(addr=0x7fff1c835150)<CRITICAL>
        src: example_debug_log_feature_test.cpp(1093)[Mon Jul 28 20:45:41 2014]
        func:example_debugLog_featureTest
------------------------------------
[asNormal|forAny]BREAKPOINT:123
func: example_debugLog_featureTest
file: example_debug_log_feature_test.cpp(1142)[Mon Jul 28 20:45:41 2014]
----- callPoint stack info -----
Thread: "MainThread"(ID=089a14e5)
Num of point: 1
------------------------------------
[forTARO]"CP1"(addr=0x7fff1c835150)<CRITICAL>
        src: example_debug_log_feature_test.cpp(1093)[Mon Jul 28 20:45:41 2014]
        func:example_debugLog_featureTest
------------------------------------
[asNormal|forAny]WATCHPOINT:123
HIT!: 1 == 1
func: example_debugLog_featureTest
file: example_debug_log_feature_test.cpp(1143)[Mon Jul 28 20:45:41 2014]
----- callPoint stack info -----
Thread: "MainThread"(ID=089a14e5)
Num of point: 1
------------------------------------
[forTARO]"CP1"(addr=0x7fff1c835150)<CRITICAL>
        src: example_debug_log_feature_test.cpp(1093)[Mon Jul 28 20:45:41 2014]
        func:example_debugLog_featureTest
------------------------------------
END: logQueueMonitor thread

--- Profile ---
----------
thread: "MainThread"
  -----  Process:"test"
    TOTAL: count=4, time=0.009619000, max=0.003386000, min=0.000072000, avg=0.002404750, sum-cnt=2, max-cnt=3, min-cnt=1, avg-cnt=2.00
    PERIOD:count=4, time=0.009619000, max=0.003386000, min=0.000072000, avg=0.002404750, sum-cnt=2, max-cnt=3, min-cnt=1, avg-cnt=2.00
  -----  Process:"test2"
    TOTAL: count=1, time=0.000025000, max=0.000025000, min=0.000000000, avg=0.000025000, sum-cnt=2, max-cnt=1, min-cnt=0, avg-cnt=0.50
    PERIOD:count=1, time=0.000025000, max=0.000025000, min=0.000000000, avg=0.000025000, sum-cnt=2, max-cnt=1, min-cnt=0, avg-cnt=0.50
  -----  Process:"CP level2(with perform)"
    TOTAL: count=1, time=0.000116000, max=0.000116000, min=0.000000000, avg=0.000116000, sum-cnt=3, max-cnt=1, min-cnt=0, avg-cnt=0.33
    PERIOD:count=0, time=0.000000000, max=0.000000000, min=0.000000000, avg=0.000000000, sum-cnt=2, max-cnt=0, min-cnt=0, avg-cnt=0.00
--------------


================================================================================

================================================================================

--------------------------------------------------------------------------------
[ Prformance test for debug-log ]
--------------------------------------------------------------------------------

--------------------------------------------------------------------------------
Many thread printing

START: logQueueMonitor thread
[94;40m[0][0mNormal-message(00) on THREAD[08]
[94;40m[0][0mNormal-message(00) on THREAD[07]
[94;40m[0][0mNormal-message(00) on THREAD[00]
[94;40m[0][0mNormal-message(00) on THREAD[06]
[94;40m[0][0mNormal-message(00) on THREAD[02]
[94;40m[0][0mNormal-message(00) on THREAD[04]
[94;40m[0][0mNormal-message(00) on THREAD[09]
[94;40m[0][0mNormal-message(00) on THREAD[03]
[94;40m[0][0mNormal-message(00) on THREAD[05]
[94;40m[1][0mReserved-message(00) on THREAD[00]
[94;40m[2][0mReserved-message(00) on THREAD[02]
[94;40m[0][0mNormal-message(00) on THREAD[01]
[94;40m[3][0mReserved-message(00) on THREAD[09]
[94;40m[4][0mReserved-message(00) on THREAD[03]
[94;40m[5][0mReserved-message(00) on THREAD[04]
[94;40m[6][0mReserved-message(00) on THREAD[05]
[94;40m[7][0mReserved-message(00) on THREAD[06]
[94;40m[8][0mReserved-message(00) on THREAD[07]
[94;40m[9][0mReserved-message(00) on THREAD[08]
[94;40m[10][0mReserved-message(00) on THREAD[01]
[94;40m[0][0mNormal-message(01) on THREAD[07]
[94;40m[0][0mNormal-message(01) on THREAD[02]
[94;40m[0][0mNormal-message(01) on THREAD[04]
[94;40m[0][0mNormal-message(01) on THREAD[06]
[94;40m[0][0mNormal-message(01) on THREAD[00]
[94;40m[0][0mNormal-message(01) on THREAD[08]
[94;40m[0][0mNormal-message(01) on THREAD[09]
[94;40m[0][0mNormal-message(01) on THREAD[03]
[94;40m[0][0mNormal-message(01) on THREAD[05]
[94;40m[11][0mReserved-message(01) on THREAD[07]
[94;40m[12][0mReserved-message(01) on THREAD[02]
[94;40m[13][0mReserved-message(01) on THREAD[06]
[94;40m[14][0mReserved-message(01) on THREAD[04]
[94;40m[15][0mReserved-message(01) on THREAD[00]
[94;40m[16][0mReserved-message(01) on THREAD[08]
[94;40m[17][0mReserved-message(01) on THREAD[09]
[94;40m[0][0mNormal-message(01) on THREAD[01]
[94;40m[18][0mReserved-message(01) on THREAD[03]
[94;40m[19][0mReserved-message(01) on THREAD[05]
[94;40m[0][0mNormal-message(02) on THREAD[02]
[94;40m[0][0mNormal-message(02) on THREAD[06]
[94;40m[0][0mNormal-message(02) on THREAD[04]
[94;40m[0][0mNormal-message(02) on THREAD[00]
[94;40m[0][0mNormal-message(02) on THREAD[07]
[94;40m[0][0mNormal-message(02) on THREAD[08]
[94;40m[0][0mNormal-message(02) on THREAD[09]
[94;40m[20][0mReserved-message(01) on THREAD[01]
[94;40m[0][0mNormal-message(02) on THREAD[03]
[94;40m[0][0mNormal-message(02) on THREAD[05]
[94;40m[21][0mReserved-message(02) on THREAD[02]
[94;40m[22][0mReserved-message(02) on THREAD[06]
[94;40m[23][0mReserved-message(02) on THREAD[04]
[94;40m[24][0mReserved-message(02) on THREAD[00]
[94;40m[25][0mReserved-message(02) on THREAD[07]
[94;40m[26][0mReserved-message(02) on THREAD[08]
[94;40m[27][0mReserved-message(02) on THREAD[09]
[94;40m[0][0mNormal-message(02) on THREAD[01]
[94;40m[28][0mReserved-message(02) on THREAD[03]
[94;40m[29][0mReserved-message(02) on THREAD[05]
[94;40m[0][0mNormal-message(03) on THREAD[00]
[94;40m[0][0mNormal-message(03) on THREAD[07]
[94;40m[0][0mNormal-message(03) on THREAD[04]
[94;40m[0][0mNormal-message(03) on THREAD[06]
[94;40m[0][0mNormal-message(03) on THREAD[08]
[94;40m[0][0mNormal-message(03) on THREAD[02]
[94;40m[0][0mNormal-message(03) on THREAD[09]
[94;40m[30][0mReserved-message(02) on THREAD[01]
[94;40m[31][0mReserved-message(03) on THREAD[08]
[94;40m[32][0mReserved-message(03) on THREAD[00]
[94;40m[33][0mReserved-message(03) on THREAD[07]
[94;40m[34][0mReserved-message(03) on THREAD[04]
[94;40m[35][0mReserved-message(03) on THREAD[06]
[94;40m[36][0mReserved-message(03) on THREAD[02]
[94;40m[37][0mReserved-message(03) on THREAD[09]
[94;40m[0][0mNormal-message(03) on THREAD[03]
[94;40m[0][0mNormal-message(03) on THREAD[05]
[94;40m[0][0mNormal-message(03) on THREAD[01]
[94;40m[38][0mReserved-message(03) on THREAD[03]
[94;40m[39][0mReserved-message(03) on THREAD[05]
[94;40m[0][0mNormal-message(04) on THREAD[07]
[94;40m[0][0mNormal-message(04) on THREAD[08]
[94;40m[0][0mNormal-message(04) on THREAD[06]
[94;40m[0][0mNormal-message(04) on THREAD[04]
[94;40m[0][0mNormal-message(04) on THREAD[00]
[94;40m[0][0mNormal-message(04) on THREAD[02]
[94;40m[0][0mNormal-message(04) on THREAD[09]
[94;40m[40][0mReserved-message(03) on THREAD[01]
[94;40m[41][0mReserved-message(04) on THREAD[06]
[94;40m[42][0mReserved-message(04) on THREAD[07]
[94;40m[43][0mReserved-message(04) on THREAD[08]
[94;40m[44][0mReserved-message(04) on THREAD[04]
[94;40m[45][0mReserved-message(04) on THREAD[00]
[94;40m[46][0mReserved-message(04) on THREAD[02]
[94;40m[47][0mReserved-message(04) on THREAD[09]
[94;40m[0][0mNormal-message(04) on THREAD[03]
[94;40m[0][0mNormal-message(04) on THREAD[05]
[94;40m[0][0mNormal-message(04) on THREAD[01]
[94;40m[48][0mReserved-message(04) on THREAD[03]
[94;40m[49][0mReserved-message(04) on THREAD[05]
[94;40m[0][0mNormal-message(05) on THREAD[04]
[94;40m[0][0mNormal-message(05) on THREAD[06]
[94;40m[0][0mNormal-message(05) on THREAD[07]
[94;40m[0][0mNormal-message(05) on THREAD[08]
[94;40m[0][0mNormal-message(05) on THREAD[00]
[94;40m[0][0mNormal-message(05) on THREAD[02]
[94;40m[0][0mNormal-message(05) on THREAD[09]
[94;40m[50][0mReserved-message(04) on THREAD[01]
[94;40m[51][0mReserved-message(05) on THREAD[06]
[94;40m[52][0mReserved-message(05) on THREAD[04]
[94;40m[53][0mReserved-message(05) on THREAD[08]
[94;40m[54][0mReserved-message(05) on THREAD[07]
[94;40m[55][0mReserved-message(05) on THREAD[00]
[94;40m[56][0mReserved-message(05) on THREAD[02]
[94;40m[57][0mReserved-message(05) on THREAD[09]
[94;40m[0][0mNormal-message(05) on THREAD[03]
[94;40m[0][0mNormal-message(05) on THREAD[05]
[94;40m[0][0mNormal-message(05) on THREAD[01]
[94;40m[58][0mReserved-message(05) on THREAD[03]
[94;40m[59][0mReserved-message(05) on THREAD[05]
[94;40m[0][0mNormal-message(06) on THREAD[07]
[94;40m[0][0mNormal-message(06) on THREAD[00]
[94;40m[0][0mNormal-message(06) on THREAD[08]
[94;40m[0][0mNormal-message(06) on THREAD[04]
[94;40m[0][0mNormal-message(06) on THREAD[06]
[94;40m[0][0mNormal-message(06) on THREAD[02]
[94;40m[0][0mNormal-message(06) on THREAD[09]
[94;40m[60][0mReserved-message(05) on THREAD[01]
[94;40m[61][0mReserved-message(06) on THREAD[08]
[94;40m[62][0mReserved-message(06) on THREAD[07]
[94;40m[63][0mReserved-message(06) on THREAD[00]
[94;40m[64][0mReserved-message(06) on THREAD[04]
[94;40m[65][0mReserved-message(06) on THREAD[06]
[94;40m[66][0mReserved-message(06) on THREAD[02]
[94;40m[67][0mReserved-message(06) on THREAD[09]
[94;40m[0][0mNormal-message(06) on THREAD[03]
[94;40m[0][0mNormal-message(06) on THREAD[05]
[94;40m[68][0mReserved-message(06) on THREAD[03]
[94;40m[69][0mReserved-message(06) on THREAD[05]
[94;40m[0][0mNormal-message(07) on THREAD[00]
[94;40m[0][0mNormal-message(07) on THREAD[04]
[94;40m[0][0mNormal-message(07) on THREAD[06]
[94;40m[0][0mNormal-message(07) on THREAD[07]
[94;40m[0][0mNormal-message(07) on THREAD[08]
[94;40m[0][0mNormal-message(07) on THREAD[02]
[94;40m[0][0mNormal-message(07) on THREAD[09]
[94;40m[0][0mNormal-message(06) on THREAD[01]
[94;40m[70][0mReserved-message(07) on THREAD[00]
[94;40m[71][0mReserved-message(07) on THREAD[04]
[94;40m[72][0mReserved-message(07) on THREAD[06]
[94;40m[73][0mReserved-message(07) on THREAD[07]
[94;40m[74][0mReserved-message(07) on THREAD[08]
[94;40m[75][0mReserved-message(07) on THREAD[02]
[94;40m[76][0mReserved-message(07) on THREAD[09]
[94;40m[77][0mReserved-message(06) on THREAD[01]
[94;40m[0][0mNormal-message(07) on THREAD[03]
[94;40m[0][0mNormal-message(07) on THREAD[05]
[94;40m[0][0mNormal-message(08) on THREAD[07]
[94;40m[0][0mNormal-message(08) on THREAD[08]
[94;40m[0][0mNormal-message(08) on THREAD[06]
[94;40m[0][0mNormal-message(08) on THREAD[00]
[94;40m[0][0mNormal-message(08) on THREAD[04]
[94;40m[0][0mNormal-message(08) on THREAD[02]
[94;40m[78][0mReserved-message(07) on THREAD[03]
[94;40m[79][0mReserved-message(07) on THREAD[05]
[94;40m[0][0mNormal-message(08) on THREAD[09]
[94;40m[0][0mNormal-message(07) on THREAD[01]
[94;40m[80][0mReserved-message(08) on THREAD[07]
[94;40m[81][0mReserved-message(08) on THREAD[08]
[94;40m[82][0mReserved-message(08) on THREAD[06]
[94;40m[83][0mReserved-message(08) on THREAD[00]
[94;40m[84][0mReserved-message(08) on THREAD[04]
[94;40m[85][0mReserved-message(08) on THREAD[02]
[94;40m[86][0mReserved-message(08) on THREAD[09]
[94;40m[0][0mNormal-message(08) on THREAD[05]
[94;40m[87][0mReserved-message(07) on THREAD[01]
[94;40m[0][0mNormal-message(08) on THREAD[03]
[94;40m[88][0mReserved-message(08) on THREAD[05]
[94;40m[89][0mReserved-message(08) on THREAD[03]
[94;40m[0][0mNormal-message(09) on THREAD[07]
[94;40m[0][0mNormal-message(09) on THREAD[08]
[94;40m[0][0mNormal-message(09) on THREAD[06]
[94;40m[0][0mNormal-message(09) on THREAD[00]
[94;40m[0][0mNormal-message(09) on THREAD[04]
[94;40m[0][0mNormal-message(09) on THREAD[02]
[94;40m[0][0mNormal-message(09) on THREAD[09]
[94;40m[0][0mNormal-message(08) on THREAD[01]
[94;40m[90][0mReserved-message(09) on THREAD[07]
[94;40m[91][0mReserved-message(09) on THREAD[08]
[94;40m[92][0mReserved-message(09) on THREAD[06]
[94;40m[93][0mReserved-message(09) on THREAD[00]
[94;40m[94][0mReserved-message(09) on THREAD[04]
[94;40m[95][0mReserved-message(09) on THREAD[02]
[94;40m[0][0mNormal-message(09) on THREAD[05]
[94;40m[96][0mReserved-message(09) on THREAD[09]
[94;40m[97][0mReserved-message(08) on THREAD[01]
[94;40m[0][0mNormal-message(09) on THREAD[03]
[94;40m[98][0mReserved-message(09) on THREAD[05]
[94;40m[99][0mReserved-message(09) on THREAD[03]
[94;40m[0][0mNormal-message(09) on THREAD[01]
[94;40m[100][0mReserved-message(09) on THREAD[01]
*elapsed time: output=0.042329000 sec, flush=0.043764000 sec
--------------------------------------------------------------------------------

--------------------------------------------------------------------------------
Many thread profiling(1) : 1+3 threads, 120 frames, 2 processes, 2 repeats, sum on 30 frames

*elapsed time: finish=1.363542000 sec
--------------------------------------------------------------------------------
----------------------------------------
THREAD:"MainThread"
  PROFILE:"MAIN-PROC[01]"
    PERIOD:sums=30,count=60(max=2,min=2,avg=2.00),time=0.149915(max=0.008355,min=0.000985,avg=0.002499)
    TOTAL: sums=120,count=240(max=2,min=2,avg=2.00),time=0.593527(max=0.008355,min=0.000967,avg=0.002473)
  PROFILE:"MAIN-PROC[00]"
    PERIOD:sums=30,count=60(max=2,min=2,avg=2.00),time=0.155619(max=0.004018,min=0.000989,avg=0.002594)
    TOTAL: sums=120,count=240(max=2,min=2,avg=2.00),time=0.583338(max=0.006028,min=0.000969,avg=0.002431)
----------------------------------------
THREAD:"THREAD[02]"
  PROFILE:"PROC[01]"
    PERIOD:sums=30,count=60(max=2,min=2,avg=2.00),time=0.175545(max=0.009632,min=0.000991,avg=0.002926)
    TOTAL: sums=120,count=240(max=2,min=2,avg=2.00),time=0.685604(max=0.009632,min=0.000991,avg=0.002857)
  PROFILE:"PROC[00]"
    PERIOD:sums=30,count=60(max=2,min=2,avg=2.00),time=0.168729(max=0.004035,min=0.001988,avg=0.002812)
    TOTAL: sums=120,count=240(max=2,min=2,avg=2.00),time=0.671836(max=0.004999,min=0.001974,avg=0.002799)
----------------------------------------
THREAD:"THREAD[01]"
  PROFILE:"PROC[00]"
    PERIOD:sums=30,count=60(max=2,min=2,avg=2.00),time=0.136315(max=0.003020,min=0.000974,avg=0.002272)
    TOTAL: sums=120,count=240(max=2,min=2,avg=2.00),time=0.598378(max=0.005418,min=0.000964,avg=0.002493)
  PROFILE:"PROC[01]"
    PERIOD:sums=30,count=60(max=2,min=2,avg=2.00),time=0.131128(max=0.003006,min=0.000987,avg=0.002185)
    TOTAL: sums=120,count=240(max=2,min=2,avg=2.00),time=0.594184(max=0.005999,min=0.000968,avg=0.002476)
----------------------------------------
THREAD:"THREAD[00]"
  PROFILE:"PROC[00]"
    PERIOD:sums=30,count=60(max=2,min=2,avg=2.00),time=0.117383(max=0.003742,min=0.000966,avg=0.001956)
    TOTAL: sums=120,count=240(max=2,min=2,avg=2.00),time=0.494697(max=0.006942,min=0.000966,avg=0.002061)
  PROFILE:"PROC[01]"
    PERIOD:sums=30,count=60(max=2,min=2,avg=2.00),time=0.126218(max=0.003102,min=0.000973,avg=0.002104)
    TOTAL: sums=120,count=240(max=2,min=2,avg=2.00),time=0.498810(max=0.003102,min=0.000923,avg=0.002078)

--------------------------------------------------------------------------------
Many thread profiling(2) : 1+20 threads, 120 frames, 10 processes, 10 repeats, sum on 30 frames

*elapsed time: finish=0.309772000 sec
--------------------------------------------------------------------------------
thread-infos=20,processe-infos=200,total:(sums=24000,counts=240000,time=0.469711000),period:(sums=6000,counts=60000,time=0.050175000)
END: logQueueMonitor thread

================================================================================
