----- Test for singleton -----
[ Create Singleton Instance : common_data1_t ]
[ Create Singleton Instance : common_data2_t ]
[ Access Singleton : common_data1_t(1) ]
common_data1: val1=1, val2=2
[ Access Singleton : common_data2_t(1) ]
common_data2: val1=3, val2=4
[ Destroy Singleton Instance : common_data1_t ]
[ Destroy Singleton Instance : common_data2_t ]
[ Access Singleton : common_data1_t(2) ]
common_data1_t is not created.
[ Access Singleton : common_data2_t(2) ]
common_data2: val1=0, val2=0
[ Create Singleton Instance(2) : common_data1_t ]
----- Debug-info for singletonDebug -----
Accessing Count: 1
Created:         0.000036183 sec, "test1:create(2)"
Destroyed:       0.000000000 sec, "(null)"
Access Info: (Count=1)
  - [2] 0.000037049 sec, "test1-D'": thread="(no name)"(0xa74ef94b)
-----------------------------------------
----- Debug-info for singletonDebug -----
Accessing Count: 2
Created:         0.000036183 sec, "test1:create(2)"
Destroyed:       0.000000000 sec, "(null)"
Access Info: (Count=2)
  - [199] 0.426342302 sec, "Write-Proc[0][0]": thread="Thread1A(9)"(0x4c451b69)
  - [455] 1.051758489 sec, "test1-E": thread="MainThread"(0xa74ef94b)
-----------------------------------------
[ Access Singleton : common_data1_t(3) ]
common_data1: val1=1000, val2=-1000
[ Access Singleton : common_data2_t(3) ]
common_data2: val1=1000, val2=-1000
----- Debug-info for singletonDebug -----
Accessing Count: 0
Created:         0.000036183 sec, "test1:create(2)"
Destroyed:       2.957070931 sec, "test1:destroy"
Access Info: (Count=0)
-----------------------------------------
- end -
