----- Basic information -----
alignof(data_t)=4
sizeof(lf_stack_t)=408
alignof(lf_stack_t)=8
sizeof(lf_stack_t::stack_t)=16
alignof(lf_stack_t::stack_t)=8
lf_stack_t::TAGGED_PTR_TAG_BITS=32
lf_stack_t::TAGGED_PTR_TAG_SHIFT=32
lf_stack_t::stack_ptr_type::TAG_BITS=32
lf_stack_t::stack_ptr_type::TAG_SHIFT=32
sizeof(lf_queue_t)=424
alignof(lf_queue_t)=8
sizeof(lf_queue_t::queue_t)=16
alignof(lf_queue_t::queue_t)=8
lf_queue_t::TAGGED_PTR_TAG_BITS=32
lf_queue_t::TAGGED_PTR_TAG_SHIFT=32
lf_queue_t::queue_ptr_type::TAG_BITS=32
lf_queue_t::queue_ptr_type::TAG_SHIFT=32
-----------------------------

================================================================================
[Test for taggedPtr]
p=0x0x28ac0c, tag=65535
taggedPtr<int, 32, 32>: .value()=0x0000ffff0028ac0c, .ptr()=0x0x28ac0c, .tag()=65535
taggedPtr<int,  2,  0>: .value()=0x000000000028ac0f, .ptr()=0x0x28ac0c, .tag()=3
taggedPtr<int,  8, -8>: .value()=0xff0000000028ac0c, .ptr()=0x0x28ac0c, .tag()=255
================================================================================
[Test for Lock-free pool-allocator/sharedStack/sharedQueue]
--------------------------------------------------------------------------------
[Shared Pool-allocator:START]
*Test count                     = 1000000
*Allocate and free test threads = 1
*Memory pool size               = 20
[Shared Pool-allocator:END] elapsed_time=0.059040000 sec
--------------------------------------------------------------------------------
----- Debug-info for poolAllocator -----
buff=0x41870c, offset=0, maxSize=164, blockSize=8, blockAlign=4, poolSize=20, usingPoolSize=0, poolRemain=20, size=0, remain=164, vacantHead=20
Using:
(num=0)
Recycable pool:
 [0] [1] [2] [3] [4] [5] [6] [7] [8] [9] [10] [11] [12] [13] [14] [15] [16] [17] [18] [19]
(num=20)
----------------------------------------
--------------------------------------------------------------------------------
[Lock-Free Pool-allocator:START]
*Test count                     = 1000000
*Allocate and free test threads = 1
*Memory pool size               = 20
[Lock-Free Pool-allocator:END] elapsed_time=0.076490000 sec
--------------------------------------------------------------------------------
----- Debug-info for lfPoolAllocator -----
buff=0x41863c, offset=0, maxSize=164, blockSize=8, blockAlign=4, poolSize=20, usingPoolSize=0, poolRemain=20, size=0, remain=164, vacantHead=20
Using:
(num=0)
Recycable pool:
 [0(tag=64)] [1(tag=62)] [2(tag=61)] [3(tag=60)] [4(tag=59)] [5(tag=58)] [6(tag=57)] [7(tag=56)] [8(tag=55)] [9(tag=54)] [10(tag=53)] [11(tag=52)] [12(tag=51)] [13(tag=50)] [14(tag=49)] [15(tag=48)] [16(tag=47)] [17(tag=46)] [18(tag=45)] [19(tag=44)]
(num=20)
------------------------------------------
--------------------------------------------------------------------------------
[Shared Stack:START]
*Test count                = 1000000
*Push/Enqueue test threads = 1
*Pop/Dequeue  test threads = 1
*Memory pool size          = 20
[Shared Stack:END] elapsed_time=0.058790000 sec
--------------------------------------------------------------------------------
----- Debug-info for stack -----
Stack:
--------------------------------
----- Debug-info for poolAllocator -----
buff=0x4184ec, offset=0, maxSize=244, blockSize=12, blockAlign=4, poolSize=20, usingPoolSize=0, poolRemain=20, size=0, remain=244, vacantHead=20
Using:
(num=0)
Recycable pool:
 [0] [1] [2] [3] [4] [5] [6] [7] [8] [9] [10] [11] [12] [13] [14] [15] [16] [17] [18] [19]
(num=20)
----------------------------------------
--------------------------------------------------------------------------------
[Lock-Free Stack:START]
*Test count                = 1000000
*Push/Enqueue test threads = 1
*Pop/Dequeue  test threads = 1
*Memory pool size          = 20
[Lock-Free Stack:END] elapsed_time=0.113272000 sec
--------------------------------------------------------------------------------
----- Debug-info for lfStack -----
Stack:
----------------------------------
----- Debug-info for lfPoolAllocator -----
buff=0x418360, offset=0, maxSize=328, blockSize=16, blockAlign=8, poolSize=20, usingPoolSize=0, poolRemain=20, size=0, remain=328, vacantHead=20
Using:
(num=0)
Recycable pool:
 [0(tag=64)] [1(tag=62)] [2(tag=61)] [3(tag=60)] [4(tag=59)] [5(tag=58)] [6(tag=57)] [7(tag=56)] [8(tag=55)] [9(tag=54)] [10(tag=53)] [11(tag=52)] [12(tag=51)] [13(tag=50)] [14(tag=49)] [15(tag=48)] [16(tag=47)] [17(tag=46)] [18(tag=45)] [19(tag=44)]
(num=20)
------------------------------------------
--------------------------------------------------------------------------------
[Shared Queue:START]
*Test count                = 1000000
*Push/Enqueue test threads = 1
*Pop/Dequeue  test threads = 1
*Memory pool size          = 20
[Shared Queue:END] elapsed_time=0.059691000 sec
--------------------------------------------------------------------------------
----- Debug-info for queue -----
Queue:
[0](0x418260) temp=1000000, value=0
[tail](0x418260)temp=1000000, value=0
--------------------------------
----- Debug-info for poolAllocator -----
buff=0x41820c, offset=0, maxSize=244, blockSize=12, blockAlign=4, poolSize=20, usingPoolSize=1, poolRemain=19, size=12, remain=232, vacantHead=20
Using:
[7] temp=1000000, value=0
(num=1)
Recycable pool:
 [8] [9] [10] [11] [12] [13] [14] [15] [16] [17] [18] [19] [6] [5] [4] [3] [2] [1] [0]
(num=19)
----------------------------------------
--------------------------------------------------------------------------------
[Lock-Free Queue:START]
*Test count                = 1000000
*Push/Enqueue test threads = 1
*Pop/Dequeue  test threads = 1
*Memory pool size          = 20
[Lock-Free Queue:END] elapsed_time=0.163131000 sec
--------------------------------------------------------------------------------
----- Debug-info for lfQueue -----
Queue:
[0(tag=1000000)](0x4180d0) temp=1000000, value=0
[tail(tag=1000000)](0x4180d0)temp=1000000, value=0
----------------------------------
----- Debug-info for lfPoolAllocator -----
buff=0x418060, offset=0, maxSize=328, blockSize=16, blockAlign=8, poolSize=20, usingPoolSize=1, poolRemain=19, size=16, remain=312, vacantHead=20
Using:
[7] temp=1000000, value=0
(num=1)
Recycable pool:
 [8(tag=64)] [9(tag=63)] [10(tag=62)] [11(tag=61)] [12(tag=60)] [13(tag=59)] [14(tag=58)] [15(tag=57)] [16(tag=56)] [17(tag=55)] [18(tag=54)] [19(tag=53)] [6(tag=40)] [5(tag=39)] [4(tag=38)] [3(tag=37)] [2(tag=36)] [1(tag=35)] [0(tag=34)]
(num=19)
------------------------------------------
================================================================================
[Test for Lock-free pool-allocator/sharedStack/sharedQueue with threads]
--------------------------------------------------------------------------------
[Shared Pool-allocator:START]
*Test count                     = 1000000
*Allocate and free test threads = 5
*Memory pool size               = 20
[Alloc: 0]:Waiting...
[Alloc: 1]:Waiting...
[Alloc: 2]:Waiting...
[Alloc: 3]:Waiting...
[Alloc: 4]:Waiting...
[Alloc: 0]:Start
[Alloc: 1]:Start
[Alloc: 0] alloc=0
[Alloc: 2]:Start
[Alloc: 3]:Start
[Alloc: 4]:Start
[Alloc: 3] alloc=200000
[Alloc: 3] alloc=400000
[Alloc: 4] alloc=600000
[Alloc: 2] alloc=800000
[Alloc: 3] alloc=1000000
[Alloc: 0]:End
[Alloc: 2]:End
[Alloc: 4]:End
[Alloc: 3]:End
[Alloc: 1]:End
[Shared Pool-allocator:END] elapsed_time=0.849104000 sec
--------------------------------------------------------------------------------
----- Debug-info for poolAllocator -----
buff=0x41870c, offset=0, maxSize=164, blockSize=8, blockAlign=4, poolSize=20, usingPoolSize=0, poolRemain=20, size=0, remain=164, vacantHead=20
Using:
(num=0)
Recycable pool:
 [1] [2] [0] [4] [3] [5] [6] [7] [8] [9] [10] [11] [12] [13] [14] [15] [16] [17] [18] [19]
(num=20)
----------------------------------------
--------------------------------------------------------------------------------
[Lock-Free Pool-allocator:START]
*Test count                     = 1000000
*Allocate and free test threads = 5
*Memory pool size               = 20
[Alloc: 0]:Waiting...
[Alloc: 1]:Waiting...
[Alloc: 2]:Waiting...
[Alloc: 3]:Waiting...
[Alloc: 4]:Waiting...
[Alloc: 0]:Start
[Alloc: 1]:Start
[Alloc: 0] alloc=0
[Alloc: 2]:Start
[Alloc: 3]:Start
[Alloc: 4]:Start
[Alloc: 2] alloc=200000
[Alloc: 3] alloc=400000
[Alloc: 3] alloc=600000
[Alloc: 3] alloc=800000
[Alloc: 1]:End
[Alloc: 0] alloc=1000000
[Alloc: 2]:End
[Alloc: 3]:End
[Alloc: 4]:End
[Alloc: 0]:End
[Lock-Free Pool-allocator:END] elapsed_time=0.789749000 sec
--------------------------------------------------------------------------------
----- Debug-info for lfPoolAllocator -----
buff=0x41863c, offset=0, maxSize=164, blockSize=8, blockAlign=4, poolSize=20, usingPoolSize=0, poolRemain=20, size=0, remain=164, vacantHead=20
Using:
(num=0)
Recycable pool:
 [2(tag=130)] [1(tag=129)] [3(tag=128)] [4(tag=127)] [0(tag=109)] [5(tag=58)] [6(tag=57)] [7(tag=56)] [8(tag=55)] [9(tag=54)] [10(tag=53)] [11(tag=52)] [12(tag=51)] [13(tag=50)] [14(tag=49)] [15(tag=48)] [16(tag=47)] [17(tag=46)] [18(tag=45)] [19(tag=44)]
(num=20)
------------------------------------------
--------------------------------------------------------------------------------
[Shared Stack:START]
*Test count                = 1000000
*Push/Enqueue test threads = 3
*Pop/Dequeue  test threads = 2
*Memory pool size          = 20
[PUSH: 0]:Waiting...
[PUSH: 1]:Waiting...
[PUSH: 2]:Waiting...
[POP : 0]:Waiting...
[POP : 1]:Waiting...
[PUSH: 0]:Start
[PUSH: 0] count=0
[PUSH: 1]:Start
[PUSH: 2]:Start
[POP : 0]:Start
[POP : 0] count=0
[POP : 1]:Start
[PUSH: 0] count=200000
[POP : 0] count=200000
[PUSH: 0] count=400000
[POP : 1] count=400000
[PUSH: 1] count=600000
[POP : 1] count=600000
[PUSH: 1] count=800000
[POP : 1] count=800000
[PUSH: 1]:End
[PUSH: 2]:End
[PUSH: 0] count=1000000
[POP : 0] count=1000000
[POP : 1]:End
[PUSH: 0]:End
[POP : 0]:End
[Shared Stack:END] elapsed_time=0.987393000 sec
--------------------------------------------------------------------------------
----- Debug-info for stack -----
Stack:
--------------------------------
----- Debug-info for poolAllocator -----
buff=0x4184ec, offset=0, maxSize=244, blockSize=12, blockAlign=4, poolSize=20, usingPoolSize=0, poolRemain=20, size=0, remain=244, vacantHead=20
Using:
(num=0)
Recycable pool:
 [0] [1] [2] [3] [4] [5] [6] [7] [8] [9] [10] [11] [12] [13] [14] [15] [16] [17] [18] [19]
(num=20)
----------------------------------------
--------------------------------------------------------------------------------
[Lock-Free Stack:START]
*Test count                = 1000000
*Push/Enqueue test threads = 3
*Pop/Dequeue  test threads = 2
*Memory pool size          = 20
[PUSH: 0]:Waiting...
[PUSH: 1]:Waiting...
[PUSH: 2]:Waiting...
[POP : 0]:Waiting...
[POP : 1]:Waiting...
[PUSH: 0]:Start
[PUSH: 0] count=0
[PUSH: 1]:Start
[PUSH: 2]:Start
[POP : 0]:Start
[POP : 0] count=0
[POP : 1]:Start
[PUSH: 2] count=200000
[POP : 1] count=200000
[PUSH: 2] count=400000
[POP : 1] count=400000
[PUSH: 2] count=600000
[POP : 0] count=600000
[PUSH: 2] count=800000
[POP : 1] count=800000
[PUSH: 1]:End
[PUSH: 2] count=1000000
[PUSH: 2]:End
[POP : 1] count=1000000
[POP : 0]:End
[POP : 1]:End
[PUSH: 0]:End
[Lock-Free Stack:END] elapsed_time=1.021146000 sec
--------------------------------------------------------------------------------
----- Debug-info for lfStack -----
Stack:
----------------------------------
----- Debug-info for lfPoolAllocator -----
buff=0x418360, offset=0, maxSize=328, blockSize=16, blockAlign=8, poolSize=20, usingPoolSize=0, poolRemain=20, size=0, remain=328, vacantHead=20
Using:
(num=0)
Recycable pool:
 [10(tag=129)] [11(tag=128)] [0(tag=127)] [12(tag=126)] [17(tag=125)] [18(tag=124)] [19(tag=123)] [2(tag=122)] [9(tag=121)] [5(tag=120)] [3(tag=119)] [4(tag=118)] [8(tag=117)] [7(tag=116)] [1(tag=115)] [6(tag=114)] [13(tag=113)] [14(tag=112)] [16(tag=111)] [15(tag=110)]
(num=20)
------------------------------------------
--------------------------------------------------------------------------------
[Shared Queue:START]
*Test count                = 1000000
*Push/Enqueue test threads = 3
*Pop/Dequeue  test threads = 2
*Memory pool size          = 20
[ENQUEUE: 0]:Waiting...
[ENQUEUE: 1]:Waiting...
[ENQUEUE: 2]:Waiting...
[DEQUEUE: 0]:Waiting...
[DEQUEUE: 1]:Waiting...
[ENQUEUE: 0]:Start
[ENQUEUE: 0] count=0
[ENQUEUE: 1]:Start
[ENQUEUE: 2]:Start
[DEQUEUE: 0]:Start
[DEQUEUE: 0] count=0
[DEQUEUE: 1]:Start
[ENQUEUE: 2] count=200000
[DEQUEUE: 1] count=200000
[ENQUEUE: 2] count=400000
[DEQUEUE: 0] count=400000
[ENQUEUE: 1] count=600000
[DEQUEUE: 0] count=600000
[ENQUEUE: 2] count=800000
[DEQUEUE: 1] count=800000
[ENQUEUE: 0]:End
[ENQUEUE: 2]:End
[ENQUEUE: 1] count=1000000
[DEQUEUE: 1] count=1000000
[DEQUEUE: 0]:End
[ENQUEUE: 1]:End
[DEQUEUE: 1]:End
[Shared Queue:END] elapsed_time=1.005877000 sec
--------------------------------------------------------------------------------
----- Debug-info for queue -----
Queue:
[0](0x418230) temp=0, value=1000000
[tail](0x418230)temp=0, value=1000000
--------------------------------
----- Debug-info for poolAllocator -----
buff=0x41820c, offset=0, maxSize=244, blockSize=12, blockAlign=4, poolSize=20, usingPoolSize=1, poolRemain=19, size=12, remain=232, vacantHead=20
Using:
[3] temp=0, value=1000000
(num=1)
Recycable pool:
 [5] [18] [12] [2] [6] [4] [1] [7] [17] [19] [10] [0] [13] [11] [8] [15] [14] [16] [9]
(num=19)
----------------------------------------
--------------------------------------------------------------------------------
[Lock-Free Queue:START]
*Test count                = 1000000
*Push/Enqueue test threads = 3
*Pop/Dequeue  test threads = 2
*Memory pool size          = 20
[ENQUEUE: 0]:Waiting...
[ENQUEUE: 1]:Waiting...
[ENQUEUE: 2]:Waiting...
[DEQUEUE: 0]:Waiting...
[DEQUEUE: 1]:Waiting...
[ENQUEUE: 0]:Start
[ENQUEUE: 0] count=0
[ENQUEUE: 1]:Start
[ENQUEUE: 2]:Start
[DEQUEUE: 0]:Start
[DEQUEUE: 0] count=0
[DEQUEUE: 1]:Start
[ENQUEUE: 2] count=200000
[DEQUEUE: 1] count=200000
[ENQUEUE: 0] count=400000
[DEQUEUE: 0] count=400000
[ENQUEUE: 0] count=600000
[DEQUEUE: 1] count=600000
[ENQUEUE: 1] count=800000
[DEQUEUE: 0] count=800000
[ENQUEUE: 0]:End
[ENQUEUE: 1] count=1000000
[ENQUEUE: 2]:End
[DEQUEUE: 0]:End
[ENQUEUE: 1]:End
[DEQUEUE: 1] count=1000000
[DEQUEUE: 1]:End
[Lock-Free Queue:END] elapsed_time=0.989111000 sec
--------------------------------------------------------------------------------
----- Debug-info for lfQueue -----
Queue:
[0(tag=2000001)](0x4180e0) temp=0, value=1000000
[tail(tag=2000001)](0x4180e0)temp=0, value=1000000
----------------------------------
----- Debug-info for lfPoolAllocator -----
buff=0x418060, offset=0, maxSize=328, blockSize=16, blockAlign=8, poolSize=20, usingPoolSize=1, poolRemain=19, size=16, remain=312, vacantHead=20
Using:
[8] temp=0, value=1000000
(num=1)
Recycable pool:
 [18(tag=129)] [1(tag=128)] [9(tag=127)] [5(tag=126)] [2(tag=125)] [14(tag=124)] [17(tag=123)] [19(tag=122)] [0(tag=121)] [6(tag=120)] [12(tag=119)] [7(tag=118)] [16(tag=117)] [10(tag=116)] [3(tag=115)] [15(tag=114)] [13(tag=113)] [11(tag=112)] [4(tag=111)]
(num=19)
------------------------------------------
