
----- Test for rankof, elementof, sizeofelemof -----
var0(Rank=0, Total=0, ElemtSize=4)
var1[1](Rank=1, Total=1, ElemtSize=4)
var2[2][3](Rank=2, Total=6, ElemtSize=4)
var3[4][5][6](Rank=3, Total=120, ElemtSize=4)
var4[7][8][9][10](Rank=4, Total=5040, ElemtSize=4)

var0[0][0][0][0](Rank=0, Total=0, ElemtSize=4)
var1[1][0][0][0](Rank=1, Total=1, ElemtSize=4)
var2[2][3][0][0](Rank=2, Total=6, ElemtSize=4)
var3[4][5][6][0](Rank=3, Total=120, ElemtSize=4)
var4[7][8][9][10](Rank=4, Total=5040, ElemtSize=4)

----- Test for sizeofvalueof -----
sizeof(var1)=128, sizeof(var2)=4
sizeofvalueof(var1)=128, sizeofvalueof(var2)=128

----- Test for std::rank, std::extent -----
arr0_t(Rank=0)
arr1_t[1](Rank=1)
arr2_t[2][3](Rank=2)
arr3_t[4][5][6](Rank=3)
arr4_t[7][8][9][10](Rank=4)

arr0_t[0][0][0][0](Rank=0)
arr1_t[1][0][0][0](Rank=1)
arr2_t[2][3][0][0](Rank=2)
arr3_t[4][5][6][0](Rank=3)
arr4_t[7][8][9][10](Rank=4)
