
--------------------------------------------------------------------------------
Hash Table Test
--------------------------------------------------------------------------------

--- Table Parameter ---
.max_size()=50021
.getOriginalTableSize()=50000
.getTableSize()=50021
.getTableSizeExtended()=21
.getAutoRehashRatio()=0
.getAutoRehashSize()=0
.getFindingCycleLimit()=0
.getKeyMin()=0
.getKeyMax()=4294967294
.getKeyRange()=4294967295

--- Table Status ---
.bucket_count()=50021
.max_bucket_count()=50021
.size()=0
.empty()=1
.getUsingCount()=0
.getDeletedCount()=0
.getMaxFindingCycle()=0
.getNotOptimizedCount()=0

--- Insert Data ---
success=25000, failure=0
*elapsed time=0.013276000 sec.

--- Table Status ---
.bucket_count()=50021
.max_bucket_count()=50021
.size()=25000
.empty()=0
.getUsingCount()=25000
.getDeletedCount()=0
.getMaxFindingCycle()=15
.getNotOptimizedCount()=6249

--- Find Data ---
success=25000, failure=25000
*elapsed time=0.025443000 sec.

--- Erase Data ---
success=12500, failure=12500
*elapsed time=0.007147000 sec.

--- Table Status ---
.bucket_count()=50021
.max_bucket_count()=50021
.size()=12500
.empty()=0
.getUsingCount()=25000
.getDeletedCount()=12500
.getMaxFindingCycle()=15
.getNotOptimizedCount()=3091

--- Find Data ---
success=12500, failure=37500
*elapsed time=0.020286000 sec.

--- Insert Data ---
success=12500, failure=12500
*elapsed time=0.012770000 sec.

--- Table Status ---
.bucket_count()=50021
.max_bucket_count()=50021
.size()=25000
.empty()=0
.getUsingCount()=33222
.getDeletedCount()=8222
.getMaxFindingCycle()=22
.getNotOptimizedCount()=7689

--- Find Data ---
success=25000, failure=25000
*elapsed time=0.024016000 sec.

--- Rehash Table ---
OK.
*elapsed time=0.001152000 sec.

--- Table Status ---
.bucket_count()=50021
.max_bucket_count()=50021
.size()=25000
.empty()=0
.getUsingCount()=25000
.getDeletedCount()=0
.getMaxFindingCycle()=22
.getNotOptimizedCount()=6332

--- Find Data ---
success=25000, failure=25000
*elapsed time=0.015735000 sec.

--- Clear Table ---
OK.
*elapsed time=0.000202000 sec.

--- Table Status ---
.bucket_count()=50021
.max_bucket_count()=50021
.size()=0
.empty()=1
.getUsingCount()=0
.getDeletedCount()=0
.getMaxFindingCycle()=0
.getNotOptimizedCount()=0

--- Find Data ---
success=0, failure=50000
*elapsed time=0.012892000 sec.

--- Insert Data ---
success=50000, failure=0
*elapsed time=0.031795000 sec.

--- Table Status ---
.bucket_count()=50021
.max_bucket_count()=50021
.size()=50000
.empty()=0
.getUsingCount()=50000
.getDeletedCount()=0
.getMaxFindingCycle()=39346
.getNotOptimizedCount()=24946

--- Find Data ---
success=50000, failure=0
*elapsed time=0.047538000 sec.

--- Erase Data ---
success=50000, failure=0
*elapsed time=0.033143000 sec.

--- Table Status ---
.bucket_count()=50021
.max_bucket_count()=50021
.size()=0
.empty()=1
.getUsingCount()=0
.getDeletedCount()=0
.getMaxFindingCycle()=0
.getNotOptimizedCount()=0

--- Find Data ---
success=0, failure=50000
*elapsed time=0.021711000 sec.

End
============================================================
*elapsed time=0.282696000 sec.

--------------------------------------------------------------------------------
[STL] Hash Table Test
--------------------------------------------------------------------------------

--- [STL] Table Parameter ---
.max_size()=119304647

--- [STL] Table Status ---
.size()=0
.empty()=1
.bucket_count()=53201
.max_bucket_count()=119304647
.load_factor()=0.000
.max_load_factor()=1.000

--- [STL] Insert Data ---
success=25000, failure=0
*elapsed time=0.022049000 sec.

--- [STL] Table Status ---
.size()=25000
.empty()=0
.bucket_count()=53201
.max_bucket_count()=119304647
.load_factor()=0.470
.max_load_factor()=1.000

--- [STL] Find Data ---
success=25000, failure=25000
*elapsed time=0.023172000 sec.

--- [STL] Erase Data ---
success=12500, failure=12500
*elapsed time=0.015456000 sec.

--- [STL] Table Status ---
.size()=12500
.empty()=0
.bucket_count()=53201
.max_bucket_count()=119304647
.load_factor()=0.235
.max_load_factor()=1.000

--- [STL] Find Data ---
success=12500, failure=37500
*elapsed time=0.022970000 sec.

--- [STL] Insert Data ---
success=12500, failure=12500
*elapsed time=0.017119000 sec.

--- [STL] Table Status ---
.size()=25000
.empty()=0
.bucket_count()=53201
.max_bucket_count()=119304647
.load_factor()=0.470
.max_load_factor()=1.000

--- [STL] Find Data ---
success=25000, failure=25000
*elapsed time=0.015299000 sec.

--- [STL] Rehash Table ---
OK.
*elapsed time=0.000002000 sec.

--- [STL] Table Status ---
.size()=25000
.empty()=0
.bucket_count()=53201
.max_bucket_count()=119304647
.load_factor()=0.470
.max_load_factor()=1.000

--- [STL] Find Data ---
success=25000, failure=25000
*elapsed time=0.020155000 sec.

--- [STL] Clear Table ---
OK.
*elapsed time=0.004569000 sec.

--- [STL] Table Status ---
.size()=0
.empty()=1
.bucket_count()=53201
.max_bucket_count()=119304647
.load_factor()=0.000
.max_load_factor()=1.000

--- [STL] Find Data ---
success=0, failure=50000
*elapsed time=0.012999000 sec.

--- [STL] Insert Data ---
success=50000, failure=0
*elapsed time=0.034988000 sec.

--- [STL] Table Status ---
.size()=50000
.empty()=0
.bucket_count()=53201
.max_bucket_count()=119304647
.load_factor()=0.940
.max_load_factor()=1.000

--- [STL] Find Data ---
success=50000, failure=0
*elapsed time=0.017366000 sec.

--- [STL] Erase Data ---
success=50000, failure=0
*elapsed time=0.027724000 sec.

--- [STL] Table Status ---
.size()=0
.empty()=1
.bucket_count()=53201
.max_bucket_count()=119304647
.load_factor()=0.000
.max_load_factor()=1.000

--- [STL] Find Data ---
success=0, failure=50000
*elapsed time=0.012977000 sec.

End
============================================================
*elapsed time=0.248396000 sec.

--------------------------------------------------------------------------------
Hash Table Test for Pointer
--------------------------------------------------------------------------------
[10] ... OK  name="0010", val=123
[20] ... OK  name="0020", val=456
[30] ... OK  name="0030", val=789
[40] ... NG
[20] ... OK  name="0020", val=456

--------------------------------------------------------------------------------
Hash Table Test for small-range key
--------------------------------------------------------------------------------

--------------------------------------------------------------------------------
Hash Table Test for Function
--------------------------------------------------------------------------------
50 + 4 = 54
50 - 4 = 46
50 * 4 = 200
50 / 4 = 12
obj.calc(1, 2) = 9

--- example_simple_hash_table ---
data = 5 1 3
.find("KEY5"): ite=5
data = {5,6} {1,2} {3,4}
.find("KEY5"): ite={5,6}
