
================================================================================

Compiler: name="GCC", Ver=[4(0x00000004).8(0x00000008)]
    This compiler is "GCC"

Compiler-language: C++ (C++ Ver.=2011)
    C++ is available.
        C++ is implemented C++98.
        C++ is implemented C++03.
        C++ is implemented C++11.

Plataform: "Cygin"(x86 32bits, little-endian), Ver=[0(0x00000000).0(0x00000000)]
    Target plarform is "Cygwin"

__FILE__="../../src/example_build_settings/example_build_settings.cpp"
__LINE__=138
__FUNCTION__="func"
__PRETTY_FUNCTION__="static void example_build_settings()::test::func()"
__FUNCSIG__="static void example_build_settings()::test::func()"
__func__="func"
__FUNCDNAME__=""
__DATE__="Jul  8 2014"
__TIME__="17:12:28"
__TIMESTAMP__="Tue Jul  8 15:50:35 2014"

GASHA_FUNC_NAME()="static void example_build_settings()::test::func()"
GASHA_FILE_LINE()="../../src/example_build_settings/example_build_settings.cpp(149)"
GASHA_FILE_LINE_TIME()="../../src/example_build_settings/example_build_settings.cpp(150)[Tue Jul  8 15:50:35 2014]"
This is normal func.
This is inline func.
This is noinline func.
This is always inline func.

nullptr_var=0x0
    'nullptr' is featured.

This is override func.
    'override' is featured.

constexpr_var=6
constexpr_calc(1, 2)=3
    'constexpr' is featured.

user_defined_literal_var=10
    'operator ""'(user defined literal) is featured.

TLS Variable=123
    'thread_local' is featured.

==============================================================================
Diagnostic Mode: Library
==============================================================================

------------------------------------------------------------------------------
[ Build-settings diagnostic test ]

cpu_string="Genunteline"
[OK] SSE is supported.
[OK] SSE2 is supported.
[OK] SSE3 is supported.
[--] SSE 4a is not used.
[OK] SSE4.1 is NOT supported.
[OK] SSE4.2 is supported.
[OK] POPCNT is supported.
[--] AES is not used.
[OK] AVX is supported.
[--] AVX2 is not used.

------------------------------------------------------------------------------
[ Compiler specification ]

Platform: Cygin (Target Versionn=0.0)
CPU Architecture: x86 (32 bit, little endian) [x86]

Compiler: GCC (Version=4.8)
Language: C++ (__cplusplus=201103) [C++98] [C++03] [C++11]

- nullptr ... is available.
- override ... is available.
- final ... is available.
- auto ... is available.
- decltype ... is available.
- default/delete ... is available.
- constexpr ... is available.
- user-defined-literal ... is available.
- lambda expression ... is available.
- range-based for ... is available.
- enum class ... is available.
- variadic template ... is available.
- template aliases ... is available.
- delegating constructors ... is available.
- inheriting constructors ... is available.
- uniform initializer ... is available.
- initializer list ... is available.
- rvalue reference & std::move ... is available.
- static_assert ... is available.
- thread_local ... is available.
- noexcept ... is available.
- alignas ... is available.
- alignof ... is available.
- alignas(alignof(T)) ... is available.

- _aligned_malloc ... is available with commonized.
- _aligned_free ... is available with commonized.
- no_inline ... is available with commonized.
- always_inline ... is available with commonized.

------------------------------------------------------------------------------
[ Build-configuratoin ]

Configuration name: RELEASE

- debug feature ... is NOT available.
- assertion ... is DISABLED.
- optimized ... MAX.
- file-system ... for ROM.
- unit-test ... is NOT available.
- symbols ... STRIPPED.

------------------------------------------------------------------------------
message size = 2272 butes.

==============================================================================
Diagnostic Mode: Current
==============================================================================

------------------------------------------------------------------------------
[ Build-settings diagnostic test ]

cpu_string="Genunteline"
[OK] SSE is supported.
[OK] SSE2 is supported.
[OK] SSE3 is supported.
[--] SSE 4a is not used.
[OK] SSE4.1 is NOT supported.
[OK] SSE4.2 is supported.
[OK] POPCNT is supported.
[--] AES is not used.
[OK] AVX is supported.
[--] AVX2 is not used.

------------------------------------------------------------------------------
[ Compiler specification ]

Platform: Cygin (Target Versionn=0.0)
CPU Architecture: x86 (32 bit, little endian) [x86]

Compiler: GCC (Version=4.8)
Language: C++ (__cplusplus=201103) [C++98] [C++03] [C++11]

- nullptr ... is available.
- override ... is available.
- final ... is available.
- auto ... is available.
- decltype ... is available.
- default/delete ... is available.
- constexpr ... is available.
- user-defined-literal ... is available.
- lambda expression ... is available.
- range-based for ... is available.
- enum class ... is available.
- variadic template ... is available.
- template aliases ... is available.
- delegating constructors ... is available.
- inheriting constructors ... is available.
- uniform initializer ... is available.
- initializer list ... is available.
- rvalue reference & std::move ... is available.
- static_assert ... is available.
- thread_local ... is available.
- noexcept ... is available.
- alignas ... is available.
- alignof ... is available.
- alignas(alignof(T)) ... is available.

- _aligned_malloc ... is available with commonized.
- _aligned_free ... is available with commonized.
- no_inline ... is available with commonized.
- always_inline ... is available with commonized.

------------------------------------------------------------------------------
[ Build-configuratoin ]

Configuration name: RELEASE

- debug feature ... is NOT available.
- assertion ... is DISABLED.
- optimized ... MAX.
- file-system ... for ROM.
- unit-test ... is NOT available.
- symbols ... STRIPPED.

------------------------------------------------------------------------------
message size = 2272 butes.

- End -
