--- Make table ---
1000000 registered.
*elapsed_time=0.449946000 sec
--- Show tree (count=1000000) ---
depth_max=29 (limit for showing=4)
*elapsed_time=0.073945000 sec
--- Show nodes count (count=1000000) ---
depth_max=29, width_max=536870912
*elapsed_time=0.074424000 sec
--- Show nodes ascending (count=1000000) ---
*elapsed_time=0.084240000 sec
--- Show nodes descending (count=1000000) ---
*elapsed_time=0.085516000 sec
--- Search each key nodes ---
*elapsed_time=0.063448000 sec
--- Search each nearest key nodes for smaller ---
*elapsed_time=0.000824000 sec
--- Search each nearest key nodes for larger ---
*elapsed_time=0.000288000 sec
--- Remove nodes ---
250000 removed.
*elapsed_time=0.156535000 sec
--- Show tree (count=750000) ---
depth_max=24 (limit for showing=4)
*elapsed_time=0.053301000 sec
--- Show nodes count (count=750000) ---
depth_max=24, width_max=16777216
*elapsed_time=0.060778000 sec
--- Show nodes ascending (count=750000) ---
*elapsed_time=0.068122000 sec
--- Remove each key nodes ---
1000 removed.
*elapsed_time=0.001361000 sec
--- Show tree (count=749000) ---
depth_max=24 (limit for showing=4)
*elapsed_time=0.071743000 sec
--- Show nodes count (count=749000) ---
depth_max=24, width_max=16777216
*elapsed_time=0.052140000 sec
--- Show nodes ascending (count=749000) ---
*elapsed_time=0.060447000 sec
--- Remove all nodes ---
749000 removed.
*elapsed_time=0.268911000 sec
--- Show tree (count=0) ---
depth_max=-1 (limit for showing=4)
*elapsed_time=0.000015000 sec
--- Show nodes count (count=0) ---
depth_max=-1, width_max=0
*elapsed_time=0.000006000 sec
--- Show nodes ascending (count=0) ---
(nothing)
*elapsed_time=0.000006000 sec
--- end ---
*elapsed_time=1.626000000 sec

--- example_simple_linked_list ---
data = {0xc02b79a5,15} {0xe68a9e4d,13} {0x07b1eeba,11}
.findValue("KEY5"): ite={0xc02b79a5, 15}
data = {0xc02b79a5,{5,6}} {0xe68a9e4d,{3,4}} {0x07b1eeba,{1,2}}
.findValue("KEY5"): ite={0xc02b79a5,{5:6}}
