----- Test for allocator -----
a[10]=40
b[10]=40
size=40, align=1, real_size=40
size=44, align=2, real_size=44
st::st()
st::st()
st::st()
st::st()
st::st()
st::st()
st::st()
st::st()
st::st()
st::st()
st::st()
st::~st()
st2a::st2a()
st2a::~st2a()
st3::st3()
st3::st3()
st3::st3()
st3::~st3()
st3::~st3()
st3::~st3()
st::st()
st::~st()
st2a::st2a()
st2a::~st2a()
st3::st3()
st3::st3()
st3::st3()
st3::~st3()
st3::~st3()
st3::~st3()
st::~st()
st::~st()
st::~st()
st::~st()
st::~st()
st::~st()
st::~st()
st::~st()
st::~st()
st::~st()
- end -
