--------------------------------------------------------------------------------
[Test for priority_queue::containerAdapter(Priority Queue)]

--- Enqueue ---
*elapsed_time=0.146697000 sec

--- Dequeue ---
*elapsed_time=0.000012000 sec

--- Change Priority ---
[5:15(seq=15)] -> [5:15(seq=5000000)]
*elapsed_time=0.000004000 sec

--- Change Priority ---
[5:17(seq=17)] -> [2:17(seq=5000001)]
*elapsed_time=0.000008000 sec

--- Change Priority ---
[5:22(seq=22)] -> [4:22(seq=5000002)]
*elapsed_time=0.000007000 sec

--- Dequeue ---
*elapsed_time=0.683243000 sec

--- Dequeue ---
*elapsed_time=0.893700000 sec

--------------------------------------------------------------------------------
[Test for priority_queue::containerAdapter(Priority Queue)] *Clear

--- Enqueue ---
*elapsed_time=0.130663000 sec

--- Clear ---
OK
*elapsed_time=0.007940000 sec

--------------------------------------------------------------------------------
[Test for priority_queue::containerAdapter(Priority Queue)] *Pointer


--------------------------------------------------------------------------------
[Test for priority_queue::containerAdapter(Priority Queue)] *Second time

--- Enqueue ---
*elapsed_time=0.130848000 sec

--- Dequeue ---
*elapsed_time=0.688663000 sec

--- Dequeue ---
*elapsed_time=0.846379000 sec

--- end ---
*elapsed_time=3.575621000 sec

--------------------------------------------------------------------------------
[Test for binary_heap::container(Binary Heap)]

--- Push nodes(Binary Heap) ---
*elapsed_time=0.130314000 sec

--- Pop nodes(Binary Heap) ---
*elapsed_time=0.406291000 sec

--- Pop nodes(Binary Heap) ---
*elapsed_time=0.419215000 sec

--------------------------------------------------------------------------------
[Test for std::priority_queue(STL)]

--- Push nodes(STL) ---
*elapsed_time=0.246594000 sec

--- Pop nodes(STL) ---
*elapsed_time=0.303861000 sec

--- Pop nodes(STL) ---
*elapsed_time=0.273063000 sec

--- end ---
*elapsed_time=1.823016000 sec

--- example_simple_priority_queue ---
data = 0 0 0
data = {5, {0,0}} {3, {0,0}} {1, {0,2}}

--- example_simple_binary_heap ---
data = 5 3 1
data = {5,6} {3,4} {1,2}
