----- Test for min() / max() -----
min(1, 2) = 1
max(1, 2) = 2
min(2, 1) = 1
max(2, 1) = 2
min(1, 2, 3) = 1
max(1, 2, 3) = 3
min(3, 2, 1) = 1
max(3, 2, 1) = 3
min(2, 3, 1) = 1
max(2, 3, 1) = 3
min(3, 1, 2) = 1
max(3, 1, 2) = 3
min(1.1f, 2.2f) = 1.1
max(1.1f, 2.2f) = 2.2
min(2.2f, 1.1f) = 1.1
max(2.2f, 1.1f) = 2.2
min(1.1f, 2.2f, 3.3f) = 1.1
max(1.1f, 2.2f, 3.3f) = 3.3
min(3.3f, 2.2f, 1.1f) = 1.1
max(3.3f, 2.2f, 1.1f) = 3.3
min(2.2f, 3.3f, 1.1f) = 1.1
max(2.2f, 3.3f, 1.1f) = 3.3
min(3.3f, 1.1f, 2.2f) = 1.1
max(3.3f, 1.1f, 2.2f) = 3.3
min(1, 2, 3, 4, 5, 6, 7, 8, 9, 10, 11, 12, 13, 14, 15, 16, 17, 18, 19, 20) = 1
max(1, 2, 3, 4, 5, 6, 7, 8, 9, 10, 11, 12, 13, 14, 15, 16, 17, 18, 19, 20) = 20
min(20, 19, 18, 17, 16, 15, 14, 13, 12, 11, 10, 9, 8, 7, 6, 5, 4, 3, 2, 1) = 1
max(20, 19, 18, 17, 16, 15, 14, 13, 12, 11, 10, 9, 8, 7, 6, 5, 4, 3, 2, 1) = 20
min(2, 4, 6, 8, 10, 12, 14, 16, 18, 20, 19, 17, 15, 13, 11, 9, 7, 5, 3, 1) = 1
max(2, 4, 6, 8, 10, 12, 14, 16, 18, 20, 19, 17, 15, 13, 11, 9, 7, 5, 3, 1) = 20
