--- Make table ---
1000000 registered.
*elapsed_time=0.392373100 sec
--- Show tree (count=1000000) ---
depth_max=31 (limit for showing=4)
*elapsed_time=0.065061800 sec
--- Show nodes count (count=1000000) ---
depth_max=31, width_max=2147483648
*elapsed_time=0.064061800 sec
--- Show nodes ascending (count=1000000) ---
*elapsed_time=0.084080800 sec
--- Show nodes descending (count=1000000) ---
*elapsed_time=0.085080800 sec
--- Search each key nodes ---
*elapsed_time=0.065061300 sec
--- Search each nearest key nodes for smaller ---
*elapsed_time=0.001001100 sec
--- Search each nearest key nodes for larger ---
*elapsed_time=0.001001800 sec
--- Remove nodes ---
250000 removed.
*elapsed_time=0.118110400 sec
--- Show tree (count=750000) ---
depth_max=25 (limit for showing=4)
*elapsed_time=0.046043600 sec
--- Show nodes count (count=750000) ---
depth_max=25, width_max=33554432
*elapsed_time=0.045042800 sec
--- Show nodes ascending (count=750000) ---
*elapsed_time=0.078076100 sec
--- Remove each key nodes ---
1000 removed.
*elapsed_time=0.002000300 sec
--- Show tree (count=749000) ---
depth_max=25 (limit for showing=4)
*elapsed_time=0.046045400 sec
--- Show nodes count (count=749000) ---
depth_max=25, width_max=33554432
*elapsed_time=0.046042700 sec
--- Show nodes ascending (count=749000) ---
*elapsed_time=0.061058600 sec
--- Remove all nodes ---
749000 removed.
*elapsed_time=0.152145000 sec
--- Show tree (count=0) ---
depth_max=-1 (limit for showing=4)
*elapsed_time=0.000000000 sec
--- Show nodes count (count=0) ---
depth_max=-1, width_max=0
*elapsed_time=0.000000000 sec
--- Show nodes ascending (count=0) ---
(nothing)
*elapsed_time=0.000000000 sec
--- end ---
*elapsed_time=1.352287400 sec

--- example_simple_linked_list ---
data = {0xc02b79a5,15} {0xe68a9e4d,13} {0x07b1eeba,11}
.findValue("KEY5"): ite={0xc02b79a5, 15}
data = {0xc02b79a5,{5,6}} {0xe68a9e4d,{3,4}} {0x07b1eeba,{1,2}}
.findValue("KEY5"): ite={0xc02b79a5,{5:6}}
