
================================================================================
[ Test for serialization features ]

----------------------------------------
[ Create instance ]
----------------------------------------
[ Make data ]
----------------------------------------
[ Print data(1) : before save ]
data1=1
data2=2.34
data3={[0]=5,[1]=6,[2]=7,}
data4a:{a=8,b=9,c=10.0}
data4b:{a=11,b=12,c=13.0}
data5a:{[0]=1,[1]=1,[2]=0,[3]=0,...,[253]=0,[254]=1,[255]=1,}
data5b:{[0]=0,[1]=0,[2]=1,[3]=1,...,[13]=1,[14]=0,[15]=1,}
data6={[0]={a=14,b=15,c=16.0},[1]={a=17,b=18,c=19.0},}
data7a(003D9370):{a=20,b=21,c=22.0}
data7b(003D04E0):{a=23,b=24,c=25.0}
data7c(00000000)
data7d(00000000)
data7e(003D04F8):{a=32,b=33,c=34.0}
data7f:{a=35,b=36,c=37.0}
data7g(003D9388):{a=38,b=39,c=40.0}
data7h={[0]={a=41,b=42,c=43.0},[1]={a=44,b=45,c=46.0},}
data7i={[0]={a=47,b=48,c=49.0},[1]={a=50,b=51,c=52.0},}
data7j={[0]={a=53,b=54,c=55.0},[1]={a=56,b=57,c=58.0},}
data8a(003D04A0)=59
data8b(003D0510)=60
data8c(00000000)
data8d(00000000)
data8e(003D0520)=63
data8f=64
data8g(003D04B0)=65
data8h={[0]=66,[1]=67,}
data8i={[0]=68,[1]=69,}
data8j={[0]=70,[1]=71,}
data9=72
data10=73
data11=74
data11_deleted=75
data12=76
data13:{a=77,b=78,c=79.0}
data13_deleted:{a=80,b=81,c=82.0}
data14:{a=83,b=84,c=85.0}
data15a=86
data15b=87
data15c=88
data15d=89.00
data16a={[0]=90,[1]=91,[2]=92,}
data16b={[0]=93,[1]=94,}
data16c={[0]=95,[1]=96,[2]=97,[3]=98,}
data16d=99
data16e={[0]=100,[1]=101,}
data17a={[0]={a=102,b=103,c=104.0},[1]={a=105,b=106,c=107.0},[2]={a=108,b=109,c=110.0},}
data17b={[0]={a=111,b=112,c=113.0},[1]={a=114,b=115,c=116.0},}
data17c={[0]={a=117,b=118,c=119.0},[1]={a=120,b=121,c=122.0},[2]={a=123,b=124,c=125.0},[3]={a=126,b=127,c=128.0},}
data17d:{a=129,b=130,c=131.0}
data17e={[0]={a=132,b=133,c=134.0},[1]={a=135,b=136,c=137.0},}
data18a=138
data18b:{a=139,b=140,c=141.0}
data19a=142
data19b:{a=143,b=144,c=145.0}
data20a:{a=146,b=147,c=148.0}
data20b:{a=149,b=150,c=151.0}
data21a:{a=152,b=153,c=154.0}
data21b:{a=155,b=156}
data21c:{a=157,b=158,c=159.0,d=160}
data22a:{a=161,b=162,c=163.0}
data22b:{a=164,b=165,c=166.0,d=167}
data23:{{a=168,b=169,c=170.0},z=171}
data24:{{a=172,b=173,c=174.0},{a=175,b=176,c=177.0,d=178},z=179}
----------------------------------------
[ Save binary ]
-------------------- [ makeBinarySaveDataImage ]
----------
collector<saveData>(ver=5.6)
arc.isInputClass=0, arc.isOutputClass=1
----------
serialize<testData>(ver=1.2,now_ver=1.2) sizeof(testData)=704
arc.isInputClass=0, arc.isOutputClass=1
----------
serialize<testData::subData>(ver=3.4,now_ver=3.4) sizeof(testData::subData)=12
arc.isInputClass=0, arc.isOutputClass=1
----------
serialize<std::bitset<16>>(ver=0.0,now_ver=0.0) sizeof(std::bitset<16>)=4
arc.isInputClass=0, arc.isOutputClass=1
----------
serialize<testData::subData>(ver=3.4,now_ver=3.4) sizeof(testData::subData)=12
arc.isInputClass=0, arc.isOutputClass=1
----------
serialize<testData::subData>(ver=3.4,now_ver=3.4) sizeof(testData::subData)=12
arc.isInputClass=0, arc.isOutputClass=1
----------
serialize<testData::subData>(ver=3.4,now_ver=3.4) sizeof(testData::subData)=12
arc.isInputClass=0, arc.isOutputClass=1
----------
serialize<testData::subData>(ver=3.4,now_ver=3.4) sizeof(testData::subData)=12
arc.isInputClass=0, arc.isOutputClass=1
----------
serialize<testData::subData>(ver=3.4,now_ver=3.4) sizeof(testData::subData)=12
arc.isInputClass=0, arc.isOutputClass=1
----------
serialize<testData::subData>(ver=3.4,now_ver=3.4) sizeof(testData::subData)=12
arc.isInputClass=0, arc.isOutputClass=1
----------
serialize<testData::subData>(ver=3.4,now_ver=3.4) sizeof(testData::subData)=12
arc.isInputClass=0, arc.isOutputClass=1
----------
serialize<testData::subDataExt>(ver=0.0,now_ver=0.0) sizeof(testData::subDataExt)=24
arc.isInputClass=0, arc.isOutputClass=1
----------
serialize<testData::subData>(ver=3.4,now_ver=3.4) sizeof(testData::subData)=12
arc.isInputClass=0, arc.isOutputClass=1
----------
serialize<testData::subDataExt2>(ver=0.0,now_ver=0.0) sizeof(testData::subDataExt2)=48
arc.isInputClass=0, arc.isOutputClass=1
----------
serialize<testData::subData>(ver=3.4,now_ver=3.4) sizeof(testData::subData)=12
arc.isInputClass=0, arc.isOutputClass=1
----------
serialize<testData::subData2>(ver=0.0,now_ver=0.0) sizeof(testData::subData2)=24
arc.isInputClass=0, arc.isOutputClass=1
----------
save<testData>(ver=1.2)
arc.isInputClass=0, arc.isOutputClass=1
----------
serialize<testData::subData>(ver=3.4,now_ver=3.4) sizeof(testData::subData)=12
arc.isInputClass=0, arc.isOutputClass=1
----------
serialize<testData::subData>(ver=3.4,now_ver=3.4) sizeof(testData::subData)=12
arc.isInputClass=0, arc.isOutputClass=1
----------
serialize<testData::subData>(ver=3.4,now_ver=3.4) sizeof(testData::subData)=12
arc.isInputClass=0, arc.isOutputClass=1
----------
serialize<testData::subData>(ver=3.4,now_ver=3.4) sizeof(testData::subData)=12
arc.isInputClass=0, arc.isOutputClass=1
----------
serialize<testData::subData>(ver=3.4,now_ver=3.4) sizeof(testData::subData)=12
arc.isInputClass=0, arc.isOutputClass=1
----------
serialize<testData::subData>(ver=3.4,now_ver=3.4) sizeof(testData::subData)=12
arc.isInputClass=0, arc.isOutputClass=1
----------
serialize<testData::subData>(ver=3.4,now_ver=3.4) sizeof(testData::subData)=12
arc.isInputClass=0, arc.isOutputClass=1
----------
serialize<testData::subData>(ver=3.4,now_ver=3.4) sizeof(testData::subData)=12
arc.isInputClass=0, arc.isOutputClass=1
----------
serialize<testData::subData>(ver=3.4,now_ver=3.4) sizeof(testData::subData)=12
arc.isInputClass=0, arc.isOutputClass=1
----------
serialize<testData::subData>(ver=3.4,now_ver=3.4) sizeof(testData::subData)=12
arc.isInputClass=0, arc.isOutputClass=1
----------
serialize<testData::subData>(ver=3.4,now_ver=3.4) sizeof(testData::subData)=12
arc.isInputClass=0, arc.isOutputClass=1
----------
serialize<testData::subData>(ver=3.4,now_ver=3.4) sizeof(testData::subData)=12
arc.isInputClass=0, arc.isOutputClass=1
----------
serialize<testData::subData>(ver=3.4,now_ver=3.4) sizeof(testData::subData)=12
arc.isInputClass=0, arc.isOutputClass=1
----------
serialize<testData::subData>(ver=3.4,now_ver=3.4) sizeof(testData::subData)=12
arc.isInputClass=0, arc.isOutputClass=1
----------
serialize<testData::subData>(ver=3.4,now_ver=3.4) sizeof(testData::subData)=12
arc.isInputClass=0, arc.isOutputClass=1
----------
serialize<testData::subData>(ver=3.4,now_ver=3.4) sizeof(testData::subData)=12
arc.isInputClass=0, arc.isOutputClass=1
----------
serialize<testData::subData>(ver=3.4,now_ver=3.4) sizeof(testData::subData)=12
arc.isInputClass=0, arc.isOutputClass=1
----------
serialize<testData::subData>(ver=3.4,now_ver=3.4) sizeof(testData::subData)=12
arc.isInputClass=0, arc.isOutputClass=1
----------
serialize<testData::subData>(ver=3.4,now_ver=3.4) sizeof(testData::subData)=12
arc.isInputClass=0, arc.isOutputClass=1
----------
serialize<testData::subData>(ver=3.4,now_ver=3.4) sizeof(testData::subData)=12
arc.isInputClass=0, arc.isOutputClass=1
----------
serialize<testData::subData>(ver=3.4,now_ver=3.4) sizeof(testData::subData)=12
arc.isInputClass=0, arc.isOutputClass=1
----------
serialize<testData::subData>(ver=3.4,now_ver=3.4) sizeof(testData::subData)=12
arc.isInputClass=0, arc.isOutputClass=1
----------
serialize<testData::subData2>(ver=0.0,now_ver=0.0) sizeof(testData::subData2)=24
arc.isInputClass=0, arc.isOutputClass=1
----------
serialize<testData::subData>(ver=3.4,now_ver=3.4) sizeof(testData::subData)=12
arc.isInputClass=0, arc.isOutputClass=1
----------
collector<testData>(ver=1.2)
arc.isInputClass=0, arc.isOutputClass=1
Result:
  Fatal-error:    nothing
  Save data size: 3764
  Used work-buffer size(peak): 7424
  numInvalidItem()=0
----------------------------------------
[ Save text ]
-------------------- [ makeTextSaveDataImage ]
----------
collector<saveData>(ver=5.6)
arc.isInputClass=0, arc.isOutputClass=1
----------
serialize<testData>(ver=1.2,now_ver=1.2) sizeof(testData)=704
arc.isInputClass=0, arc.isOutputClass=1
----------
serialize<testData::subData>(ver=3.4,now_ver=3.4) sizeof(testData::subData)=12
arc.isInputClass=0, arc.isOutputClass=1
----------
serialize<std::bitset<16>>(ver=0.0,now_ver=0.0) sizeof(std::bitset<16>)=4
arc.isInputClass=0, arc.isOutputClass=1
----------
serialize<testData::subData>(ver=3.4,now_ver=3.4) sizeof(testData::subData)=12
arc.isInputClass=0, arc.isOutputClass=1
----------
serialize<testData::subData>(ver=3.4,now_ver=3.4) sizeof(testData::subData)=12
arc.isInputClass=0, arc.isOutputClass=1
----------
serialize<testData::subData>(ver=3.4,now_ver=3.4) sizeof(testData::subData)=12
arc.isInputClass=0, arc.isOutputClass=1
----------
serialize<testData::subData>(ver=3.4,now_ver=3.4) sizeof(testData::subData)=12
arc.isInputClass=0, arc.isOutputClass=1
----------
serialize<testData::subData>(ver=3.4,now_ver=3.4) sizeof(testData::subData)=12
arc.isInputClass=0, arc.isOutputClass=1
----------
serialize<testData::subData>(ver=3.4,now_ver=3.4) sizeof(testData::subData)=12
arc.isInputClass=0, arc.isOutputClass=1
----------
serialize<testData::subData>(ver=3.4,now_ver=3.4) sizeof(testData::subData)=12
arc.isInputClass=0, arc.isOutputClass=1
----------
serialize<testData::subDataExt>(ver=0.0,now_ver=0.0) sizeof(testData::subDataExt)=24
arc.isInputClass=0, arc.isOutputClass=1
----------
serialize<testData::subData>(ver=3.4,now_ver=3.4) sizeof(testData::subData)=12
arc.isInputClass=0, arc.isOutputClass=1
----------
serialize<testData::subDataExt2>(ver=0.0,now_ver=0.0) sizeof(testData::subDataExt2)=48
arc.isInputClass=0, arc.isOutputClass=1
----------
serialize<testData::subData>(ver=3.4,now_ver=3.4) sizeof(testData::subData)=12
arc.isInputClass=0, arc.isOutputClass=1
----------
serialize<testData::subData2>(ver=0.0,now_ver=0.0) sizeof(testData::subData2)=24
arc.isInputClass=0, arc.isOutputClass=1
----------
save<testData>(ver=1.2)
arc.isInputClass=0, arc.isOutputClass=1
----------
serialize<testData::subData>(ver=3.4,now_ver=3.4) sizeof(testData::subData)=12
arc.isInputClass=0, arc.isOutputClass=1
----------
serialize<testData::subData>(ver=3.4,now_ver=3.4) sizeof(testData::subData)=12
arc.isInputClass=0, arc.isOutputClass=1
----------
serialize<testData::subData>(ver=3.4,now_ver=3.4) sizeof(testData::subData)=12
arc.isInputClass=0, arc.isOutputClass=1
----------
serialize<testData::subData>(ver=3.4,now_ver=3.4) sizeof(testData::subData)=12
arc.isInputClass=0, arc.isOutputClass=1
----------
serialize<testData::subData>(ver=3.4,now_ver=3.4) sizeof(testData::subData)=12
arc.isInputClass=0, arc.isOutputClass=1
----------
serialize<testData::subData>(ver=3.4,now_ver=3.4) sizeof(testData::subData)=12
arc.isInputClass=0, arc.isOutputClass=1
----------
serialize<testData::subData>(ver=3.4,now_ver=3.4) sizeof(testData::subData)=12
arc.isInputClass=0, arc.isOutputClass=1
----------
serialize<testData::subData>(ver=3.4,now_ver=3.4) sizeof(testData::subData)=12
arc.isInputClass=0, arc.isOutputClass=1
----------
serialize<testData::subData>(ver=3.4,now_ver=3.4) sizeof(testData::subData)=12
arc.isInputClass=0, arc.isOutputClass=1
----------
serialize<testData::subData>(ver=3.4,now_ver=3.4) sizeof(testData::subData)=12
arc.isInputClass=0, arc.isOutputClass=1
----------
serialize<testData::subData>(ver=3.4,now_ver=3.4) sizeof(testData::subData)=12
arc.isInputClass=0, arc.isOutputClass=1
----------
serialize<testData::subData>(ver=3.4,now_ver=3.4) sizeof(testData::subData)=12
arc.isInputClass=0, arc.isOutputClass=1
----------
serialize<testData::subData>(ver=3.4,now_ver=3.4) sizeof(testData::subData)=12
arc.isInputClass=0, arc.isOutputClass=1
----------
serialize<testData::subData>(ver=3.4,now_ver=3.4) sizeof(testData::subData)=12
arc.isInputClass=0, arc.isOutputClass=1
----------
serialize<testData::subData>(ver=3.4,now_ver=3.4) sizeof(testData::subData)=12
arc.isInputClass=0, arc.isOutputClass=1
----------
serialize<testData::subData>(ver=3.4,now_ver=3.4) sizeof(testData::subData)=12
arc.isInputClass=0, arc.isOutputClass=1
----------
serialize<testData::subData>(ver=3.4,now_ver=3.4) sizeof(testData::subData)=12
arc.isInputClass=0, arc.isOutputClass=1
----------
serialize<testData::subData>(ver=3.4,now_ver=3.4) sizeof(testData::subData)=12
arc.isInputClass=0, arc.isOutputClass=1
----------
serialize<testData::subData>(ver=3.4,now_ver=3.4) sizeof(testData::subData)=12
arc.isInputClass=0, arc.isOutputClass=1
----------
serialize<testData::subData>(ver=3.4,now_ver=3.4) sizeof(testData::subData)=12
arc.isInputClass=0, arc.isOutputClass=1
----------
serialize<testData::subData>(ver=3.4,now_ver=3.4) sizeof(testData::subData)=12
arc.isInputClass=0, arc.isOutputClass=1
----------
serialize<testData::subData>(ver=3.4,now_ver=3.4) sizeof(testData::subData)=12
arc.isInputClass=0, arc.isOutputClass=1
----------
serialize<testData::subData2>(ver=0.0,now_ver=0.0) sizeof(testData::subData2)=24
arc.isInputClass=0, arc.isOutputClass=1
----------
serialize<testData::subData>(ver=3.4,now_ver=3.4) sizeof(testData::subData)=12
arc.isInputClass=0, arc.isOutputClass=1
----------
collector<testData>(ver=1.2)
arc.isInputClass=0, arc.isOutputClass=1
Result:
  Fatal-error:    nothing
  Save data size: 34054
  Used work-buffer size(peak): 7424
  numInvalidItem()=0
----------------------------------------
[ Load binary ]
-------------------- [ loadBinarySaveDataImage ]
----------
distributor<saveData>(ver=5.6,now_ver=5.6), target_item="(null)"
arc.isInputClass=1, arc.isOutputClass=0
----------
beforeLoad<testData>(ver=1.2,now_ver=1.2)
arc.isInputClass=1, arc.isOutputClass=0
----------
serialize<testData>(ver=1.2,now_ver=1.2) sizeof(testData)=704
arc.isInputClass=1, arc.isOutputClass=0
----------
load<testData>(ver=1.2,now_ver=1.2)
arc.isInputClass=1, arc.isOutputClass=0
***** serialize<testData>:Deserialize object="data4b"
----------
serialize<testData::subData>(ver=3.4,now_ver=3.4) sizeof(testData::subData)=12
arc.isInputClass=1, arc.isOutputClass=0
***** serialize<testData>:Deserialize object="data5b"
----------
serialize<std::bitset<16>>(ver=0.0,now_ver=0.0) sizeof(std::bitset<16>)=4
arc.isInputClass=1, arc.isOutputClass=0
***** serialize<std::bitset<N>>:Special deserialize item="no0"
***** serialize<std::bitset<N>>:Special deserialize item="no1"
***** serialize<std::bitset<N>>:Special deserialize item="no2"
***** serialize<std::bitset<N>>:Special deserialize item="no3"
***** serialize<std::bitset<N>>:Special deserialize item="no4"
***** serialize<std::bitset<N>>:Special deserialize item="no5"
***** serialize<std::bitset<N>>:Special deserialize item="no6"
***** serialize<std::bitset<N>>:Special deserialize item="no7"
***** serialize<std::bitset<N>>:Special deserialize item="no8"
***** serialize<std::bitset<N>>:Special deserialize item="no9"
***** serialize<std::bitset<N>>:Special deserialize item="no10"
***** serialize<std::bitset<N>>:Special deserialize item="no11"
***** serialize<std::bitset<N>>:Special deserialize item="no12"
***** serialize<std::bitset<N>>:Special deserialize item="no13"
***** serialize<std::bitset<N>>:Special deserialize item="no14"
***** serialize<std::bitset<N>>:Special deserialize item="no15"
***** serialize<testData>:Deserialize object="data6"
----------
serialize<testData::subData>(ver=3.4,now_ver=3.4) sizeof(testData::subData)=12
arc.isInputClass=1, arc.isOutputClass=0
----------
serialize<testData::subData>(ver=3.4,now_ver=3.4) sizeof(testData::subData)=12
arc.isInputClass=1, arc.isOutputClass=0
***** serialize<testData>:Deserialize object="data7a"
----------
serialize<testData::subData>(ver=3.4,now_ver=3.4) sizeof(testData::subData)=12
arc.isInputClass=1, arc.isOutputClass=0
***** serialize<testData>:Deserialize object="data7b"
----------
serialize<testData::subData>(ver=3.4,now_ver=3.4) sizeof(testData::subData)=12
arc.isInputClass=1, arc.isOutputClass=0
***** serialize<testData>:Deserialize object="data7c"
***** serialize<testData>:Deserialize object="data7d"
***** serialize<testData>:Deserialize object="data7e"
***** serialize<testData>:Deserialize object="data7h"
----------
serialize<testData::subData>(ver=3.4,now_ver=3.4) sizeof(testData::subData)=12
arc.isInputClass=1, arc.isOutputClass=0
----------
serialize<testData::subData>(ver=3.4,now_ver=3.4) sizeof(testData::subData)=12
arc.isInputClass=1, arc.isOutputClass=0
***** serialize<testData>:Deserialize object="data23"
----------
serialize<testData::subDataExt>(ver=0.0,now_ver=0.0) sizeof(testData::subDataExt)=24
arc.isInputClass=1, arc.isOutputClass=0
***** serialize<testData::subDataExt>:Deserialize object="subData"
----------
serialize<testData::subData>(ver=3.4,now_ver=3.4) sizeof(testData::subData)=12
arc.isInputClass=1, arc.isOutputClass=0
***** serialize<testData>:Deserialize object="data24"
----------
serialize<testData::subDataExt2>(ver=0.0,now_ver=0.0) sizeof(testData::subDataExt2)=48
arc.isInputClass=1, arc.isOutputClass=0
***** serialize<testData::subDataExt2>:Deserialize object="subData"
----------
serialize<testData::subData>(ver=3.4,now_ver=3.4) sizeof(testData::subData)=12
arc.isInputClass=1, arc.isOutputClass=0
***** serialize<testData::subDataExt2>:Deserialize object="subData2"
----------
serialize<testData::subData2>(ver=0.0,now_ver=0.0) sizeof(testData::subData2)=24
arc.isInputClass=1, arc.isOutputClass=0
***** serialize<testData>:Deserialize object="data7f"
***** load<testData>:Deserialize object="data7f"
----------
serialize<testData::subData>(ver=3.4,now_ver=3.4) sizeof(testData::subData)=12
arc.isInputClass=1, arc.isOutputClass=0
***** serialize<testData>:Deserialize object="data7g"
***** load<testData>:Deserialize object="data7g"
----------
serialize<testData::subData>(ver=3.4,now_ver=3.4) sizeof(testData::subData)=12
arc.isInputClass=1, arc.isOutputClass=0
***** serialize<testData>:Deserialize object="data7i"
***** load<testData>:Deserialize object="data7i"
----------
serialize<testData::subData>(ver=3.4,now_ver=3.4) sizeof(testData::subData)=12
arc.isInputClass=1, arc.isOutputClass=0
----------
serialize<testData::subData>(ver=3.4,now_ver=3.4) sizeof(testData::subData)=12
arc.isInputClass=1, arc.isOutputClass=0
***** serialize<testData>:Deserialize object="data7j"
***** load<testData>:Deserialize object="data7j"
----------
serialize<testData::subData>(ver=3.4,now_ver=3.4) sizeof(testData::subData)=12
arc.isInputClass=1, arc.isOutputClass=0
----------
serialize<testData::subData>(ver=3.4,now_ver=3.4) sizeof(testData::subData)=12
arc.isInputClass=1, arc.isOutputClass=0
***** load<testData>:Special deserialize item="data10"
----------
noticeUnrecognizedItem<testData>(ver=1.2,now_ver=1.2), unrecognized_item="(no-name)"(0x8606d499, type=void)
arc.isInputClass=1, arc.isOutputClass=0
----------
noticeUnrecognizedItem<testData>(ver=1.2,now_ver=1.2), unrecognized_item="(no-name)"(0x673da46e, type=void)
arc.isInputClass=1, arc.isOutputClass=0
----------
noticeUnrecognizedItem<testData>(ver=1.2,now_ver=1.2), unrecognized_item="(no-name)"(0x673da46e, type=struct testData::subData)
arc.isInputClass=1, arc.isOutputClass=0
----------
serialize<testData::subData>(ver=3.4,now_ver=3.4) sizeof(testData::subData)=12
arc.isInputClass=1, arc.isOutputClass=0
***** serialize<testData>:Deserialize object="data17a"
***** load<testData>:Deserialize object="data17a"
----------
serialize<testData::subData>(ver=3.4,now_ver=3.4) sizeof(testData::subData)=12
arc.isInputClass=1, arc.isOutputClass=0
----------
serialize<testData::subData>(ver=3.4,now_ver=3.4) sizeof(testData::subData)=12
arc.isInputClass=1, arc.isOutputClass=0
----------
serialize<testData::subData>(ver=3.4,now_ver=3.4) sizeof(testData::subData)=12
arc.isInputClass=1, arc.isOutputClass=0
***** serialize<testData>:Deserialize object="data17b"
***** load<testData>:Deserialize object="data17b"
----------
serialize<testData::subData>(ver=3.4,now_ver=3.4) sizeof(testData::subData)=12
arc.isInputClass=1, arc.isOutputClass=0
----------
serialize<testData::subData>(ver=3.4,now_ver=3.4) sizeof(testData::subData)=12
arc.isInputClass=1, arc.isOutputClass=0
***** serialize<testData>:Deserialize object="data17c"
***** load<testData>:Deserialize object="data17c"
----------
serialize<testData::subData>(ver=3.4,now_ver=3.4) sizeof(testData::subData)=12
arc.isInputClass=1, arc.isOutputClass=0
----------
serialize<testData::subData>(ver=3.4,now_ver=3.4) sizeof(testData::subData)=12
arc.isInputClass=1, arc.isOutputClass=0
----------
serialize<testData::subData>(ver=3.4,now_ver=3.4) sizeof(testData::subData)=12
arc.isInputClass=1, arc.isOutputClass=0
***** serialize<testData>:Deserialize object="data17d"
***** load<testData>:Deserialize object="data17d"
----------
serialize<testData::subData>(ver=3.4,now_ver=3.4) sizeof(testData::subData)=12
arc.isInputClass=1, arc.isOutputClass=0
***** serialize<testData>:Deserialize object="data17e"
***** load<testData>:Deserialize object="data17e"
----------
serialize<testData::subData>(ver=3.4,now_ver=3.4) sizeof(testData::subData)=12
arc.isInputClass=1, arc.isOutputClass=0
***** serialize<testData>:Deserialize object="data18a"
***** load<testData>:Deserialize object="data18a"
***** serialize<testData>:Deserialize object="data20b"
***** load<testData>:Deserialize object="data20b"
***** serialize<testData>:Deserialize object="data22a"
***** load<testData>:Deserialize object="data22a"
----------
serialize<testData::subData>(ver=0.0,now_ver=3.4) sizeof(testData::subData)=12
arc.isInputClass=1, arc.isOutputClass=0
***** serialize<testData>:Deserialize object="data22b"
***** load<testData>:Deserialize object="data22b"
----------
serialize<testData::subData2>(ver=3.4,now_ver=0.0) sizeof(testData::subData2)=24
arc.isInputClass=1, arc.isOutputClass=0
----------
noticeUnloadedItem<testData>(ver=1.2,now_ver=1.2), unloaded_item="data12"(0x9556276d,type=int)
arc.isInputClass=1, arc.isOutputClass=0
----------
noticeUnloadedItem<testData>(ver=1.2,now_ver=1.2), unloaded_item="data14"(0xb3f7c085,type=struct testData::subData)
arc.isInputClass=1, arc.isOutputClass=0
----------
afterLoad<testData>(ver=1.2,now_ver=1.2)
arc.isInputClass=1, arc.isOutputClass=0
Result:
  Fatal-error:    nothing
  Save data size: 3764
  Used work-buffer size(peak): 7424
  numInvalidItem()=0
  numSmallerSizeItem()=5
  numLargerSizeItem()=7
  numSmallerArrItem()=4
  numLargerArrItem()=4
  numOnlyOnSaveData()=21
  numOnlyOnMem()=3
  numObjOnSaveDataOnly()=2
  numObjOnMemOnly()=2
  numArrOnSaveDataOnly()=2
  numArrOnMemOnly()=2
  numPtrOnSaveDataOnly()=3
  numPtrOnMemOnly()=3
  numNulOnSaveDataOnly()=2
  numNulOnMemOnly()=2
----------------------------------------
[ Print data(2) : after load ]
data1=1
data2=2.34
data3={[0]=5,[1]=6,[2]=7,}
data4a:{a=8,b=9,c=10.0}
data4b:{a=11,b=12,c=13.0}
data5a:{[0]=1,[1]=1,[2]=0,[3]=0,...,[253]=0,[254]=1,[255]=1,}
data5b:{[0]=0,[1]=0,[2]=1,[3]=1,...,[13]=1,[14]=0,[15]=1,}
data6={[0]={a=14,b=15,c=16.0},[1]={a=17,b=18,c=19.0},}
data7a(003D0550):{a=20,b=21,c=22.0}
data7b(003D9668):{a=23,b=24,c=25.0}
data7c(00000000)
data7d(003D9370):{a=0,b=0,c=0.0}
data7e(00000000)
data7f:{a=38,b=39,c=40.0}
data7g(003D9650):{a=35,b=36,c=37.0}
data7h={[0]={a=41,b=42,c=43.0},[1]={a=44,b=45,c=46.0},}
data7i={[0]={a=53,b=54,c=55.0},[1]={a=56,b=57,c=58.0},}
data7j={[0]={a=47,b=48,c=49.0},[1]={a=50,b=51,c=52.0},}
data8a(003D9580)=59
data8b(003D9500)=60
data8c(00000000)
data8d(003D9470)=0
data8e(00000000)
data8f=64
data8g(003D9560)=65
data8h={[0]=66,[1]=67,}
data8i={[0]=70,[1]=71,}
data8j={[0]=68,[1]=69,}
data9=18
data10=73
data11=0
data11_deleted=74
data12=999
data13:{a=0,b=0,c=0.0}
data13_deleted:{a=77,b=78,c=79.0}
data14:{a=1,b=2,c=3.0}
data15a=86
data15b=86
data15c=86
data15d=0.00
data16a={[0]=90,[1]=91,[2]=92,}
data16b={[0]=90,[1]=91,}
data16c={[0]=90,[1]=91,[2]=92,[3]=0,}
data16d=90
data16e={[0]=99,[1]=0,}
data17a={[0]={a=102,b=103,c=104.0},[1]={a=105,b=106,c=107.0},[2]={a=108,b=109,c=110.0},}
data17b={[0]={a=102,b=103,c=104.0},[1]={a=105,b=106,c=107.0},}
data17c={[0]={a=102,b=103,c=104.0},[1]={a=105,b=106,c=107.0},[2]={a=108,b=109,c=110.0},[3]={a=0,b=0,c=0.0},}
data17d:{a=102,b=103,c=104.0}
data17e={[0]={a=129,b=130,c=131.0},[1]={a=0,b=0,c=0.0},}
data18a=0
data18b:{a=138,b=0,c=0.0}
data19a=143
data19b:{a=142,b=0,c=0.0}
data20a:{a=149,b=150,c=151.0}
data20b:{a=0,b=0,c=0.0}
data21a:{a=152,b=153,c=154.0}
data21b:{a=152,b=153}
data21c:{a=152,b=153,c=154.0,d=0}
data22a:{a=164,b=165,c=166.0}
data22b:{a=161,b=162,c=163.0,d=0}
data23:{{a=168,b=169,c=170.0},z=171}
data24:{{a=172,b=173,c=174.0},{a=175,b=176,c=177.0,d=178},z=179}
----------------------------------------
[ Destroy instance ]

================================================================================
finish.
