
--------------------------------------------------------------------------------
Hash Table Test
--------------------------------------------------------------------------------

--- Table Parameter ---
.max_size()=50021
.getOriginalTableSize()=50000
.getTableSize()=50021
.getTableSizeExtended()=21
.getAutoRehashRatio()=0
.getAutoRehashSize()=0
.getFindingCycleLimit()=0
.getKeyMin()=0
.getKeyMax()=4294967294
.getKeyRange()=4294967295

--- Table Status ---
.bucket_count()=50021
.max_bucket_count()=50021
.size()=0
.empty()=1
.getUsingCount()=0
.getDeletedCount()=0
.getMaxFindingCycle()=0
.getNotOptimizedCount()=0

--- Insert Data ---
success=25000, failure=0
*elapsed time=0.008009100 sec.

--- Table Status ---
.bucket_count()=50021
.max_bucket_count()=50021
.size()=25000
.empty()=0
.getUsingCount()=25000
.getDeletedCount()=0
.getMaxFindingCycle()=15
.getNotOptimizedCount()=6249

--- Find Data ---
success=25000, failure=25000
*elapsed time=0.016014600 sec.

--- Erase Data ---
success=12500, failure=12500
*elapsed time=0.007015000 sec.

--- Table Status ---
.bucket_count()=50021
.max_bucket_count()=50021
.size()=12500
.empty()=0
.getUsingCount()=25000
.getDeletedCount()=12500
.getMaxFindingCycle()=15
.getNotOptimizedCount()=3091

--- Find Data ---
success=12500, failure=37500
*elapsed time=0.015517600 sec.

--- Insert Data ---
success=12500, failure=12500
*elapsed time=0.007510200 sec.

--- Table Status ---
.bucket_count()=50021
.max_bucket_count()=50021
.size()=25000
.empty()=0
.getUsingCount()=33222
.getDeletedCount()=8222
.getMaxFindingCycle()=22
.getNotOptimizedCount()=7689

--- Find Data ---
success=25000, failure=25000
*elapsed time=0.015518200 sec.

--- Rehash Table ---
OK.
*elapsed time=0.001501400 sec.

--- Table Status ---
.bucket_count()=50021
.max_bucket_count()=50021
.size()=25000
.empty()=0
.getUsingCount()=25000
.getDeletedCount()=0
.getMaxFindingCycle()=22
.getNotOptimizedCount()=6332

--- Find Data ---
success=25000, failure=25000
*elapsed time=0.014517000 sec.

--- Clear Table ---
OK.
*elapsed time=0.000500300 sec.

--- Table Status ---
.bucket_count()=50021
.max_bucket_count()=50021
.size()=0
.empty()=1
.getUsingCount()=0
.getDeletedCount()=0
.getMaxFindingCycle()=0
.getNotOptimizedCount()=0

--- Find Data ---
success=0, failure=50000
*elapsed time=0.013012900 sec.

--- Insert Data ---
success=50000, failure=0
*elapsed time=0.055654600 sec.

--- Table Status ---
.bucket_count()=50021
.max_bucket_count()=50021
.size()=50000
.empty()=0
.getUsingCount()=50000
.getDeletedCount()=0
.getMaxFindingCycle()=39346
.getNotOptimizedCount()=24946

--- Find Data ---
success=50000, failure=0
*elapsed time=0.083276900 sec.

--- Erase Data ---
success=50000, failure=0
*elapsed time=0.053050200 sec.

--- Table Status ---
.bucket_count()=50021
.max_bucket_count()=50021
.size()=0
.empty()=1
.getUsingCount()=0
.getDeletedCount()=0
.getMaxFindingCycle()=0
.getNotOptimizedCount()=0

--- Find Data ---
success=0, failure=50000
*elapsed time=0.019522300 sec.

End
============================================================
*elapsed time=0.341654000 sec.

--------------------------------------------------------------------------------
[STL] Hash Table Test
--------------------------------------------------------------------------------

--- [STL] Table Parameter ---
.max_size()=107374182

--- [STL] Table Status ---
.size()=0
.empty()=1
.bucket_count()=65536
.max_bucket_count()=65536
.load_factor()=0.000
.max_load_factor()=1.000

--- [STL] Insert Data ---
success=25000, failure=0
*elapsed time=0.010010600 sec.

--- [STL] Table Status ---
.size()=25000
.empty()=0
.bucket_count()=65536
.max_bucket_count()=65536
.load_factor()=0.381
.max_load_factor()=1.000

--- [STL] Find Data ---
success=25000, failure=25000
*elapsed time=0.014515600 sec.

--- [STL] Erase Data ---
success=12500, failure=12500
*elapsed time=0.007006700 sec.

--- [STL] Table Status ---
.size()=12500
.empty()=0
.bucket_count()=65536
.max_bucket_count()=65536
.load_factor()=0.191
.max_load_factor()=1.000

--- [STL] Find Data ---
success=12500, failure=37500
*elapsed time=0.014015300 sec.

--- [STL] Insert Data ---
success=12500, failure=12500
*elapsed time=0.009008500 sec.

--- [STL] Table Status ---
.size()=25000
.empty()=0
.bucket_count()=65536
.max_bucket_count()=65536
.load_factor()=0.381
.max_load_factor()=1.000

--- [STL] Find Data ---
success=25000, failure=25000
*elapsed time=0.014515500 sec.

--- [STL] Rehash Table ---
OK.
*elapsed time=0.001000900 sec.

--- [STL] Table Status ---
.size()=25000
.empty()=0
.bucket_count()=65536
.max_bucket_count()=65536
.load_factor()=0.381
.max_load_factor()=1.000

--- [STL] Find Data ---
success=25000, failure=25000
*elapsed time=0.014515200 sec.

--- [STL] Clear Table ---
OK.
*elapsed time=0.000500300 sec.

--- [STL] Table Status ---
.size()=0
.empty()=1
.bucket_count()=8
.max_bucket_count()=8
.load_factor()=0.000
.max_load_factor()=1.000

--- [STL] Find Data ---
success=0, failure=50000
*elapsed time=0.013012600 sec.

--- [STL] Insert Data ---
success=50000, failure=0
*elapsed time=0.020524900 sec.

--- [STL] Table Status ---
.size()=50000
.empty()=0
.bucket_count()=65536
.max_bucket_count()=65536
.load_factor()=0.763
.max_load_factor()=1.000

--- [STL] Find Data ---
success=50000, failure=0
*elapsed time=0.015515500 sec.

--- [STL] Erase Data ---
success=50000, failure=0
*elapsed time=0.016517600 sec.

--- [STL] Table Status ---
.size()=0
.empty()=1
.bucket_count()=8
.max_bucket_count()=8
.load_factor()=0.000
.max_load_factor()=1.000

--- [STL] Find Data ---
success=0, failure=50000
*elapsed time=0.012513500 sec.

End
============================================================
*elapsed time=0.165675900 sec.

--------------------------------------------------------------------------------
Hash Table Test for Pointer
--------------------------------------------------------------------------------
[10] ... OK  name="0010", val=123
[20] ... OK  name="0020", val=456
[30] ... OK  name="0030", val=789
[40] ... NG
[20] ... OK  name="0020", val=456

--------------------------------------------------------------------------------
Hash Table Test for small-range key
--------------------------------------------------------------------------------

--------------------------------------------------------------------------------
Hash Table Test for Function
--------------------------------------------------------------------------------
50 + 4 = 54
50 - 4 = 46
50 * 4 = 200
50 / 4 = 12
obj.calc(1, 2) = 9

--- example_simple_hash_table ---
data = 5 1 3
.find("KEY5"): ite=5
data = {5,6} {1,2} {3,4}
.find("KEY5"): ite={5,6}
