--------------------------------------------------------------------------------
[Test for priority_queue::containerAdapter(Priority Queue)]

--- Enqueue ---
*elapsed_time=0.225010400 sec

--- Dequeue ---
*elapsed_time=0.000000000 sec

--- Change Priority ---
[5:14(seq=14)] -> [5:14(seq=5000000)]
*elapsed_time=0.000000000 sec

--- Change Priority ---
[5:19(seq=19)] -> [2:19(seq=5000001)]
*elapsed_time=0.000000000 sec

--- Change Priority ---
[5:22(seq=22)] -> [4:22(seq=5000002)]
*elapsed_time=0.000000000 sec

--- Dequeue ---
*elapsed_time=0.548034600 sec

--- Dequeue ---
*elapsed_time=0.685039500 sec

--------------------------------------------------------------------------------
[Test for priority_queue::containerAdapter(Priority Queue)] *Clear

--- Enqueue ---
*elapsed_time=0.234013300 sec

--- Clear ---
OK
*elapsed_time=0.000000000 sec

--------------------------------------------------------------------------------
[Test for priority_queue::containerAdapter(Priority Queue)] *Pointer


--------------------------------------------------------------------------------
[Test for priority_queue::containerAdapter(Priority Queue)] *Second time

--- Enqueue ---
*elapsed_time=0.223014200 sec

--- Dequeue ---
*elapsed_time=0.539031300 sec

--- Dequeue ---
*elapsed_time=0.749045100 sec

--- end ---
*elapsed_time=3.232200900 sec

--------------------------------------------------------------------------------
[Test for binary_heap::container(Binary Heap)]

--- Push nodes(Binary Heap) ---
*elapsed_time=0.237014200 sec

--- Pop nodes(Binary Heap) ---
*elapsed_time=0.282001500 sec

--- Pop nodes(Binary Heap) ---
*elapsed_time=0.541026600 sec

--------------------------------------------------------------------------------
[Test for std::priority_queue(STL)]

--- Push nodes(STL) ---
*elapsed_time=0.328019900 sec

--- Pop nodes(STL) ---
*elapsed_time=0.205014100 sec

--- Pop nodes(STL) ---
*elapsed_time=0.361019700 sec

--- end ---
*elapsed_time=1.983106100 sec

--- example_simple_priority_queue ---
data = 0 0 0
data = {5, {0,0}} {3, {0,0}} {1, {0,2}}

--- example_simple_binary_heap ---
data = 5 3 1
data = {5,6} {3,4} {1,2}
