operator new
operator delete
operator new
operator new
operator delete
operator new
operator delete
operator new
operator delete
operator new
operator delete
operator delete
----- Test for allocator -----
sizeof(st_a0)=4, alignof(st_a0)=4
sizeof(st_a4)=4, alignof(st_a4)=4
sizeof(st_a8)=8, alignof(st_a8)=8
sizeof(st_a16)=16, alignof(st_a16)=16
sizeof(st_a32)=32, alignof(st_a32)=32
new: size=4, id=1, real_size=4
new: size=4, id=2, real_size=4
new: size=8, id=3, real_size=8
new: size=16, id=4, real_size=16
new: size=32, id=5, real_size=32
new[]: size=12, id=6, real_size=12
new[]: size=12, id=7, real_size=12
new[]: size=24, id=8, real_size=24
new[]: size=48, id=9, real_size=48
new[]: size=80, id=10, real_size=80
----- Debug Info for lfStackAllocator -----
buff=00BFD87C, maxSize=40, size=0, remain=40, count=0
----------
----- Debug Info for lfStackAllocator -----
buff=00BFD87C, maxSize=40, size=1, remain=39, count=1
----------
----- Debug Info for lfStackAllocator -----
buff=00BFD87C, maxSize=40, size=2, remain=38, count=2
----------
----- Debug Info for lfStackAllocator -----
buff=00BFD87C, maxSize=40, size=8, remain=32, count=3
----------
----- Debug Info for lfStackAllocator -----
buff=00BFD87C, maxSize=40, size=36, remain=4, count=4
----------
----- Debug Info for lfStackAllocator -----
buff=00BFD87C, maxSize=40, size=40, remain=0, count=5
----------
----- Debug Info for lfStackAllocator -----
buff=00BFD87C, maxSize=40, size=40, remain=0, count=5
----------
----- Debug Info for lfStackAllocator -----
buff=00BFD87C, maxSize=40, size=40, remain=0, count=5
----------
----- Debug Info for lfStackAllocator -----
buff=00BFD87C, maxSize=40, size=40, remain=0, count=5
----------
----- Debug Info for lfStackAllocator -----
buff=00BFD87C, maxSize=40, size=40, remain=0, count=5
----------
----- Debug Info for lfStackAllocator -----
buff=00BFD87C, maxSize=40, size=40, remain=0, count=5
----------
----- Debug Info for lfStackAllocator -----
buff=00BFD87C, maxSize=40, size=40, remain=0, count=5
----------
----- Debug Info for lfStackAllocator -----
buff=00BFD87C, maxSize=40, size=40, remain=0, count=5
----------
----- Debug Info for lfStackAllocator -----
buff=00BFD87C, maxSize=40, size=40, remain=0, count=5
----------
----- Debug Info for lfStackAllocator -----
buff=00BFD87C, maxSize=40, size=40, remain=0, count=5
----------
----- Debug Info for lfStackAllocator -----
buff=00BFD87C, maxSize=40, size=40, remain=0, count=4
----------
----- Debug Info for lfStackAllocator -----
buff=00BFD87C, maxSize=40, size=40, remain=0, count=3
----------
----- Debug Info for lfStackAllocator -----
buff=00BFD87C, maxSize=40, size=40, remain=0, count=3
----------
----- Debug Info for lfStackAllocator -----
buff=00BFD87C, maxSize=40, size=40, remain=0, count=3
----------
----- Debug Info for lfStackAllocator -----
buff=00BFD87C, maxSize=40, size=40, remain=0, count=3
----------
----- Debug Info for lfStackAllocator -----
buff=00BFD87C, maxSize=40, size=40, remain=0, count=3
----------
----- Debug Info for lfStackAllocator -----
buff=00BFD87C, maxSize=40, size=40, remain=0, count=3
----------
----- Debug Info for lfStackAllocator -----
buff=00BFD87C, maxSize=40, size=40, remain=0, count=3
----------
----- Debug Info for lfStackAllocator -----
buff=00BFD87C, maxSize=40, size=40, remain=0, count=3
----------
----- Debug Info for lfStackAllocator -----
buff=00BFD87C, maxSize=40, size=40, remain=0, count=3
----------
----- Debug Info for lfStackAllocator -----
buff=00BFD87C, maxSize=40, size=40, remain=0, count=2
----------
----- Debug Info for lfStackAllocator -----
buff=00BFD87C, maxSize=40, size=40, remain=0, count=1
----------
----- Debug Info for lfStackAllocator -----
buff=00BFD87C, maxSize=40, size=40, remain=0, count=1
----------
----- Debug Info for lfStackAllocator -----
buff=00BFD87C, maxSize=40, size=0, remain=40, count=0
----------
----- Debug Info for lfStackAllocator -----
buff=00BFD87C, maxSize=40, size=1, remain=39, count=1
----------
----- Debug Info for lfStackAllocator -----
buff=00BFD87C, maxSize=40, size=1, remain=39, count=1
----------
----- Debug Info for lfStackAllocator -----
buff=00BFD87C, maxSize=40, size=0, remain=40, count=0
----------
----- Debug Info for lfStackAllocator -----
buff=00BFD87C, maxSize=40, size=0, remain=40, count=0
----------
st_a16::st_a16()
----- Debug Info for lfStackAllocator -----
buff=00BFD87C, maxSize=40, size=20, remain=20, count=1
----------
----- Debug Info for lfStackAllocator -----
buff=00BFD87C, maxSize=40, size=8, remain=32, count=1
----------
----- Debug Info for lfStackAllocator -----
buff=00BFD87C, maxSize=40, size=8, remain=32, count=1
----------
----- Debug Info for lfStackAllocator -----
buff=00BFD87C, maxSize=40, size=0, remain=40, count=0
----------
----- Debug Info for lfStackAllocator -----
buff=00BFD87C, maxSize=40, size=8, remain=32, count=1
----------
----- Debug Info for scopedStackAllocator -----
maxSize=32, size=0, remain=32, count=0 (buff=00BFD87C, initSize=8, initCount=1)
----------
----- Debug Info for scopedStackAllocator -----
maxSize=32, size=1, remain=31, count=1 (buff=00BFD87C, initSize=8, initCount=1)
----------
----- Debug Info for scopedStackAllocator -----
maxSize=32, size=31, remain=1, count=2 (buff=00BFD87C, initSize=8, initCount=1)
----------
----- Debug Info for scopedStackAllocator -----
maxSize=32, size=31, remain=1, count=1 (buff=00BFD87C, initSize=8, initCount=1)
----------
----- Debug Info for scopedStackAllocator -----
maxSize=32, size=31, remain=1, count=0 (buff=00BFD87C, initSize=8, initCount=1)
----------
----- Debug Info for lfStackAllocator -----
buff=00BFD87C, maxSize=40, size=8, remain=32, count=1
----------
----- Debug Info for lfStackAllocator -----
buff=00BFD87C, maxSize=40, size=0, remain=40, count=0
----------
----- Debug Info for lfDualStackAllocator -----
buff=00BFD840, maxSize=40, size=0, sizeAsc=0, sizeDesc=0, remain=40, countAsc=0, countDesc=0, count=0, allocate-order=ASC
----------
----- Debug Info for lfDualStackAllocator -----
buff=00BFD840, maxSize=40, size=1, sizeAsc=1, sizeDesc=0, remain=39, countAsc=1, countDesc=0, count=1, allocate-order=ASC
----------
----- Debug Info for lfDualStackAllocator -----
buff=00BFD840, maxSize=40, size=2, sizeAsc=2, sizeDesc=0, remain=38, countAsc=2, countDesc=0, count=2, allocate-order=ASC
----------
----- Debug Info for lfDualStackAllocator -----
buff=00BFD840, maxSize=40, size=8, sizeAsc=8, sizeDesc=0, remain=32, countAsc=3, countDesc=0, count=3, allocate-order=ASC
----------
----- Debug Info for lfDualStackAllocator -----
buff=00BFD840, maxSize=40, size=32, sizeAsc=32, sizeDesc=0, remain=8, countAsc=4, countDesc=0, count=4, allocate-order=ASC
----------
----- Debug Info for lfDualStackAllocator -----
buff=00BFD840, maxSize=40, size=36, sizeAsc=36, sizeDesc=0, remain=4, countAsc=5, countDesc=0, count=5, allocate-order=ASC
----------
----- Debug Info for lfDualStackAllocator -----
buff=00BFD840, maxSize=40, size=36, sizeAsc=36, sizeDesc=0, remain=4, countAsc=5, countDesc=0, count=5, allocate-order=ASC
----------
----- Debug Info for lfDualStackAllocator -----
buff=00BFD840, maxSize=40, size=37, sizeAsc=37, sizeDesc=0, remain=3, countAsc=6, countDesc=0, count=6, allocate-order=ASC
----------
----- Debug Info for lfDualStackAllocator -----
buff=00BFD840, maxSize=40, size=37, sizeAsc=37, sizeDesc=0, remain=3, countAsc=6, countDesc=0, count=6, allocate-order=ASC
----------
----- Debug Info for lfDualStackAllocator -----
buff=00BFD840, maxSize=40, size=37, sizeAsc=37, sizeDesc=0, remain=3, countAsc=6, countDesc=0, count=6, allocate-order=ASC
----------
----- Debug Info for lfDualStackAllocator -----
buff=00BFD840, maxSize=40, size=37, sizeAsc=37, sizeDesc=0, remain=3, countAsc=6, countDesc=0, count=6, allocate-order=ASC
----------
----- Debug Info for lfDualStackAllocator -----
buff=00BFD840, maxSize=40, size=37, sizeAsc=37, sizeDesc=0, remain=3, countAsc=6, countDesc=0, count=6, allocate-order=ASC
----------
----- Debug Info for lfDualStackAllocator -----
buff=00BFD840, maxSize=40, size=37, sizeAsc=37, sizeDesc=0, remain=3, countAsc=6, countDesc=0, count=6, allocate-order=ASC
----------
----- Debug Info for lfDualStackAllocator -----
buff=00BFD840, maxSize=40, size=38, sizeAsc=38, sizeDesc=0, remain=2, countAsc=7, countDesc=0, count=7, allocate-order=ASC
----------
----- Debug Info for lfDualStackAllocator -----
buff=00BFD840, maxSize=40, size=39, sizeAsc=39, sizeDesc=0, remain=1, countAsc=8, countDesc=0, count=8, allocate-order=ASC
----------
----- Debug Info for lfDualStackAllocator -----
buff=00BFD840, maxSize=40, size=39, sizeAsc=39, sizeDesc=0, remain=1, countAsc=7, countDesc=0, count=7, allocate-order=ASC
----------
----- Debug Info for lfDualStackAllocator -----
buff=00BFD840, maxSize=40, size=39, sizeAsc=39, sizeDesc=0, remain=1, countAsc=6, countDesc=0, count=6, allocate-order=ASC
----------
----- Debug Info for lfDualStackAllocator -----
buff=00BFD840, maxSize=40, size=39, sizeAsc=39, sizeDesc=0, remain=1, countAsc=5, countDesc=0, count=5, allocate-order=ASC
----------
----- Debug Info for lfDualStackAllocator -----
buff=00BFD840, maxSize=40, size=39, sizeAsc=39, sizeDesc=0, remain=1, countAsc=4, countDesc=0, count=4, allocate-order=ASC
----------
----- Debug Info for lfDualStackAllocator -----
buff=00BFD840, maxSize=40, size=39, sizeAsc=39, sizeDesc=0, remain=1, countAsc=3, countDesc=0, count=3, allocate-order=ASC
----------
----- Debug Info for lfDualStackAllocator -----
buff=00BFD840, maxSize=40, size=39, sizeAsc=39, sizeDesc=0, remain=1, countAsc=3, countDesc=0, count=3, allocate-order=ASC
----------
----- Debug Info for lfDualStackAllocator -----
buff=00BFD840, maxSize=40, size=39, sizeAsc=39, sizeDesc=0, remain=1, countAsc=3, countDesc=0, count=3, allocate-order=ASC
----------
----- Debug Info for lfDualStackAllocator -----
buff=00BFD840, maxSize=40, size=39, sizeAsc=39, sizeDesc=0, remain=1, countAsc=3, countDesc=0, count=3, allocate-order=ASC
----------
----- Debug Info for lfDualStackAllocator -----
buff=00BFD840, maxSize=40, size=39, sizeAsc=39, sizeDesc=0, remain=1, countAsc=3, countDesc=0, count=3, allocate-order=ASC
----------
----- Debug Info for lfDualStackAllocator -----
buff=00BFD840, maxSize=40, size=39, sizeAsc=39, sizeDesc=0, remain=1, countAsc=3, countDesc=0, count=3, allocate-order=ASC
----------
----- Debug Info for lfDualStackAllocator -----
buff=00BFD840, maxSize=40, size=39, sizeAsc=39, sizeDesc=0, remain=1, countAsc=2, countDesc=0, count=2, allocate-order=ASC
----------
----- Debug Info for lfDualStackAllocator -----
buff=00BFD840, maxSize=40, size=39, sizeAsc=39, sizeDesc=0, remain=1, countAsc=1, countDesc=0, count=1, allocate-order=ASC
----------
----- Debug Info for lfDualStackAllocator -----
buff=00BFD840, maxSize=40, size=39, sizeAsc=39, sizeDesc=0, remain=1, countAsc=1, countDesc=0, count=1, allocate-order=ASC
----------
----- Debug Info for lfDualStackAllocator -----
buff=00BFD840, maxSize=40, size=0, sizeAsc=0, sizeDesc=0, remain=40, countAsc=0, countDesc=0, count=0, allocate-order=ASC
----------
----- Debug Info for lfDualStackAllocator -----
buff=00BFD840, maxSize=40, size=1, sizeAsc=0, sizeDesc=1, remain=39, countAsc=0, countDesc=1, count=1, allocate-order=DESC
----------
!!!!! p=00BFD866(38, 2), size=(0,1), buff=00BFD840, max_size=40
----- Debug Info for lfDualStackAllocator -----
buff=00BFD840, maxSize=40, size=1, sizeAsc=0, sizeDesc=1, remain=39, countAsc=0, countDesc=1, count=1, allocate-order=DESC
----------
----- Debug Info for lfDualStackAllocator -----
buff=00BFD840, maxSize=40, size=0, sizeAsc=0, sizeDesc=0, remain=40, countAsc=0, countDesc=0, count=0, allocate-order=DESC
----------
----- Debug Info for lfDualStackAllocator -----
buff=00BFD840, maxSize=40, size=0, sizeAsc=0, sizeDesc=0, remain=40, countAsc=0, countDesc=0, count=0, allocate-order=DESC
----------
st_a16::st_a16()
----- Debug Info for lfDualStackAllocator -----
buff=00BFD840, maxSize=40, size=24, sizeAsc=0, sizeDesc=24, remain=16, countAsc=0, countDesc=1, count=1, allocate-order=DESC
----------
----- Debug Info for lfDualStackAllocator -----
buff=00BFD840, maxSize=40, size=8, sizeAsc=0, sizeDesc=8, remain=32, countAsc=0, countDesc=1, count=1, allocate-order=DESC
----------
----- Debug Info for lfDualStackAllocator -----
buff=00BFD840, maxSize=40, size=8, sizeAsc=0, sizeDesc=8, remain=32, countAsc=0, countDesc=1, count=1, allocate-order=DESC
----------
----- Debug Info for lfDualStackAllocator -----
buff=00BFD840, maxSize=40, size=0, sizeAsc=0, sizeDesc=0, remain=40, countAsc=0, countDesc=0, count=0, allocate-order=DESC
----------
----- Debug Info for lfDualStackAllocator -----
buff=00BFD840, maxSize=40, size=1, sizeAsc=1, sizeDesc=0, remain=39, countAsc=1, countDesc=0, count=1, allocate-order=DESC
----------
----- Debug Info for lfDualStackAllocator -----
buff=00BFD840, maxSize=40, size=2, sizeAsc=1, sizeDesc=1, remain=38, countAsc=1, countDesc=1, count=2, allocate-order=DESC
----------
----- Debug Info for lfDualStackAllocator -----
buff=00BFD840, maxSize=40, size=9, sizeAsc=8, sizeDesc=1, remain=31, countAsc=2, countDesc=1, count=3, allocate-order=DESC
----------
----- Debug Info for lfDualStackAllocator -----
buff=00BFD840, maxSize=40, size=16, sizeAsc=8, sizeDesc=8, remain=24, countAsc=2, countDesc=2, count=4, allocate-order=DESC
----------
----- Debug Info for lfDualStackAllocator -----
buff=00BFD840, maxSize=40, size=20, sizeAsc=12, sizeDesc=8, remain=20, countAsc=3, countDesc=2, count=5, allocate-order=DESC
----------
----- Debug Info for lfDualStackAllocator -----
buff=00BFD840, maxSize=40, size=24, sizeAsc=12, sizeDesc=12, remain=16, countAsc=3, countDesc=3, count=6, allocate-order=DESC
----------
----- Debug Info for lfDualStackAllocator -----
buff=00BFD840, maxSize=40, size=28, sizeAsc=16, sizeDesc=12, remain=12, countAsc=4, countDesc=3, count=7, allocate-order=DESC
----------
----- Debug Info for lfDualStackAllocator -----
buff=00BFD840, maxSize=40, size=32, sizeAsc=16, sizeDesc=16, remain=8, countAsc=4, countDesc=4, count=8, allocate-order=DESC
----------
----- Debug Info for lfDualStackAllocator -----
buff=00BFD840, maxSize=40, size=32, sizeAsc=16, sizeDesc=16, remain=8, countAsc=3, countDesc=4, count=7, allocate-order=DESC
----------
----- Debug Info for lfDualStackAllocator -----
buff=00BFD840, maxSize=40, size=32, sizeAsc=16, sizeDesc=16, remain=8, countAsc=3, countDesc=3, count=6, allocate-order=DESC
----------
----- Debug Info for lfDualStackAllocator -----
buff=00BFD840, maxSize=40, size=32, sizeAsc=16, sizeDesc=16, remain=8, countAsc=2, countDesc=3, count=5, allocate-order=DESC
----------
----- Debug Info for lfDualStackAllocator -----
buff=00BFD840, maxSize=40, size=32, sizeAsc=16, sizeDesc=16, remain=8, countAsc=2, countDesc=2, count=4, allocate-order=DESC
----------
----- Debug Info for lfDualStackAllocator -----
buff=00BFD840, maxSize=40, size=32, sizeAsc=16, sizeDesc=16, remain=8, countAsc=1, countDesc=2, count=3, allocate-order=DESC
----------
----- Debug Info for lfDualStackAllocator -----
buff=00BFD840, maxSize=40, size=32, sizeAsc=16, sizeDesc=16, remain=8, countAsc=1, countDesc=1, count=2, allocate-order=DESC
----------
----- Debug Info for lfDualStackAllocator -----
buff=00BFD840, maxSize=40, size=16, sizeAsc=0, sizeDesc=16, remain=24, countAsc=0, countDesc=1, count=1, allocate-order=DESC
----------
----- Debug Info for lfDualStackAllocator -----
buff=00BFD840, maxSize=40, size=0, sizeAsc=0, sizeDesc=0, remain=40, countAsc=0, countDesc=0, count=0, allocate-order=DESC
----------
----- Debug Info for lfDualStackAllocator -----
buff=00BFD840, maxSize=40, size=8, sizeAsc=0, sizeDesc=8, remain=32, countAsc=0, countDesc=1, count=1, allocate-order=DESC
----------
----- Debug Info for scopedStackAllocator -----
maxSize=32, size=0, remain=32, count=0 (buff=00BFD840, initSize=8, initCount=1)
----------
----- Debug Info for scopedStackAllocator -----
maxSize=32, size=4, remain=28, count=1 (buff=00BFD840, initSize=8, initCount=1)
----------
----- Debug Info for scopedStackAllocator -----
maxSize=32, size=4, remain=28, count=1 (buff=00BFD840, initSize=8, initCount=1)
----------
----- Debug Info for scopedStackAllocator -----
maxSize=32, size=4, remain=28, count=0 (buff=00BFD840, initSize=8, initCount=1)
----------
----- Debug Info for scopedStackAllocator -----
maxSize=32, size=4, remain=28, count=0 (buff=00BFD840, initSize=8, initCount=1)
----------
----- Debug Info for scopedStackAllocator -----
maxSize=32, size=0, remain=32, count=0 (buff=00BFD840, initSize=8, initCount=1)
----------
----- Debug Info for scopedStackAllocator -----
maxSize=32, size=4, remain=28, count=1 (buff=00BFD840, initSize=8, initCount=1)
----------
----- Debug Info for scopedStackAllocator -----
maxSize=32, size=4, remain=28, count=0 (buff=00BFD840, initSize=8, initCount=1)
----------
----- Debug Info for lfDualStackAllocator -----
buff=00BFD840, maxSize=40, size=8, sizeAsc=0, sizeDesc=8, remain=32, countAsc=0, countDesc=1, count=1, allocate-order=DESC
----------
----- Debug Info for lfDualStackAllocator -----
buff=00BFD840, maxSize=40, size=0, sizeAsc=0, sizeDesc=0, remain=40, countAsc=0, countDesc=0, count=0, allocate-order=DESC
----------
----- Debug Info for lfDualStackAllocator -----
buff=00BFD840, maxSize=40, size=8, sizeAsc=0, sizeDesc=8, remain=32, countAsc=0, countDesc=1, count=1, allocate-order=DESC
----------
----- Debug Info for lfDualStackAllocator -----
buff=00BFD840, maxSize=40, size=12, sizeAsc=4, sizeDesc=8, remain=28, countAsc=1, countDesc=1, count=2, allocate-order=ASC
----------
----- Debug Info for scopedDualStackAllocator -----
maxSize=28, size=0, sizeAsc=0, sizeDesc=0, remain=28, count=0, countAsc=0, countDesc=0, allocate-order=ASC (buff=00BFD840, initAllocateOrder=ASC, initSizeAsc=4, initSizeDesc=8, initCountAsc=1, initCountDesc=1)
----------
----- Debug Info for scopedDualStackAllocator -----
maxSize=28, size=1, sizeAsc=1, sizeDesc=0, remain=27, count=1, countAsc=1, countDesc=0, allocate-order=ASC (buff=00BFD840, initAllocateOrder=ASC, initSizeAsc=4, initSizeDesc=8, initCountAsc=1, initCountDesc=1)
----------
----- Debug Info for scopedDualStackAllocator -----
maxSize=28, size=8, sizeAsc=8, sizeDesc=0, remain=20, count=2, countAsc=2, countDesc=0, allocate-order=ASC (buff=00BFD840, initAllocateOrder=ASC, initSizeAsc=4, initSizeDesc=8, initCountAsc=1, initCountDesc=1)
----------
----- Debug Info for scopedDualStackAllocator -----
maxSize=28, size=12, sizeAsc=8, sizeDesc=4, remain=16, count=3, countAsc=2, countDesc=1, allocate-order=DESC (buff=00BFD840, initAllocateOrder=ASC, initSizeAsc=4, initSizeDesc=8, initCountAsc=1, initCountDesc=1)
----------
----- Debug Info for scopedDualStackAllocator -----
maxSize=28, size=16, sizeAsc=8, sizeDesc=8, remain=12, count=4, countAsc=2, countDesc=2, allocate-order=DESC (buff=00BFD840, initAllocateOrder=ASC, initSizeAsc=4, initSizeDesc=8, initCountAsc=1, initCountDesc=1)
----------
----- Debug Info for scopedDualStackAllocator -----
maxSize=28, size=16, sizeAsc=8, sizeDesc=8, remain=12, count=3, countAsc=1, countDesc=2, allocate-order=DESC (buff=00BFD840, initAllocateOrder=ASC, initSizeAsc=4, initSizeDesc=8, initCountAsc=1, initCountDesc=1)
----------
----- Debug Info for scopedDualStackAllocator -----
maxSize=28, size=16, sizeAsc=8, sizeDesc=8, remain=12, count=2, countAsc=0, countDesc=2, allocate-order=DESC (buff=00BFD840, initAllocateOrder=ASC, initSizeAsc=4, initSizeDesc=8, initCountAsc=1, initCountDesc=1)
----------
----- Debug Info for scopedDualStackAllocator -----
maxSize=28, size=16, sizeAsc=8, sizeDesc=8, remain=12, count=1, countAsc=0, countDesc=1, allocate-order=DESC (buff=00BFD840, initAllocateOrder=ASC, initSizeAsc=4, initSizeDesc=8, initCountAsc=1, initCountDesc=1)
----------
----- Debug Info for scopedDualStackAllocator -----
maxSize=28, size=16, sizeAsc=8, sizeDesc=8, remain=12, count=0, countAsc=0, countDesc=0, allocate-order=DESC (buff=00BFD840, initAllocateOrder=ASC, initSizeAsc=4, initSizeDesc=8, initCountAsc=1, initCountDesc=1)
----------
----- Debug Info for scopedDualStackAllocator -----
maxSize=28, size=8, sizeAsc=8, sizeDesc=0, remain=20, count=0, countAsc=0, countDesc=0, allocate-order=DESC (buff=00BFD840, initAllocateOrder=ASC, initSizeAsc=4, initSizeDesc=8, initCountAsc=1, initCountDesc=1)
----------
----- Debug Info for scopedDualStackAllocator -----
maxSize=28, size=8, sizeAsc=8, sizeDesc=0, remain=20, count=0, countAsc=0, countDesc=0, allocate-order=DESC (buff=00BFD840, initAllocateOrder=ASC, initSizeAsc=4, initSizeDesc=8, initCountAsc=1, initCountDesc=1)
----------
----- Debug Info for scopedDualStackAllocator -----
maxSize=28, size=0, sizeAsc=0, sizeDesc=0, remain=28, count=0, countAsc=0, countDesc=0, allocate-order=DESC (buff=00BFD840, initAllocateOrder=ASC, initSizeAsc=4, initSizeDesc=8, initCountAsc=1, initCountDesc=1)
----------
----- Debug Info for scopedDualStackAllocator -----
maxSize=28, size=4, sizeAsc=0, sizeDesc=4, remain=24, count=1, countAsc=0, countDesc=1, allocate-order=DESC (buff=00BFD840, initAllocateOrder=ASC, initSizeAsc=4, initSizeDesc=8, initCountAsc=1, initCountDesc=1)
----------
----- Debug Info for scopedDualStackAllocator -----
maxSize=28, size=5, sizeAsc=1, sizeDesc=4, remain=23, count=2, countAsc=1, countDesc=1, allocate-order=ASC (buff=00BFD840, initAllocateOrder=ASC, initSizeAsc=4, initSizeDesc=8, initCountAsc=1, initCountDesc=1)
----------
----- Debug Info for scopedDualStackAllocator -----
maxSize=28, size=5, sizeAsc=1, sizeDesc=4, remain=23, count=1, countAsc=1, countDesc=0, allocate-order=ASC (buff=00BFD840, initAllocateOrder=ASC, initSizeAsc=4, initSizeDesc=8, initCountAsc=1, initCountDesc=1)
----------
----- Debug Info for scopedDualStackAllocator -----
maxSize=28, size=5, sizeAsc=1, sizeDesc=4, remain=23, count=0, countAsc=0, countDesc=0, allocate-order=ASC (buff=00BFD840, initAllocateOrder=ASC, initSizeAsc=4, initSizeDesc=8, initCountAsc=1, initCountDesc=1)
----------
----- Debug Info for lfDualStackAllocator -----
buff=00BFD840, maxSize=40, size=12, sizeAsc=4, sizeDesc=8, remain=28, countAsc=1, countDesc=1, count=2, allocate-order=ASC
----------
----- Debug Info for lfDualStackAllocator -----
buff=00BFD840, maxSize=40, size=4, sizeAsc=4, sizeDesc=0, remain=36, countAsc=1, countDesc=0, count=1, allocate-order=ASC
----------
----- Debug Info for lfDualStackAllocator -----
buff=00BFD840, maxSize=40, size=0, sizeAsc=0, sizeDesc=0, remain=40, countAsc=0, countDesc=0, count=0, allocate-order=ASC
----------
----- Debug Info for lfMonoAllocator -----
buff=00BFD8B0, maxSize=40, size=0, remain=40, isAllocated=false
----------
----- Debug Info for lfMonoAllocator -----
buff=00BFD8B0, maxSize=40, size=1, remain=39, isAllocated=true
----------
----- Debug Info for lfMonoAllocator -----
buff=00BFD8B0, maxSize=40, size=1, remain=39, isAllocated=true
----------
----- Debug Info for lfMonoAllocator -----
buff=00BFD8B0, maxSize=40, size=1, remain=39, isAllocated=true
----------
----- Debug Info for lfMonoAllocator -----
buff=00BFD8B0, maxSize=40, size=1, remain=39, isAllocated=true
----------
----- Debug Info for lfMonoAllocator -----
buff=00BFD8B0, maxSize=40, size=1, remain=39, isAllocated=true
----------
----- Debug Info for lfMonoAllocator -----
buff=00BFD8B0, maxSize=40, size=1, remain=39, isAllocated=true
----------
----- Debug Info for lfMonoAllocator -----
buff=00BFD8B0, maxSize=40, size=1, remain=39, isAllocated=true
----------
----- Debug Info for lfMonoAllocator -----
buff=00BFD8B0, maxSize=40, size=1, remain=39, isAllocated=true
----------
----- Debug Info for lfMonoAllocator -----
buff=00BFD8B0, maxSize=40, size=1, remain=39, isAllocated=true
----------
----- Debug Info for lfMonoAllocator -----
buff=00BFD8B0, maxSize=40, size=0, remain=40, isAllocated=false
----------
----- Debug Info for lfMonoAllocator -----
buff=00BFD8B0, maxSize=40, size=4, remain=36, isAllocated=true
----------
----- Debug Info for lfMonoAllocator -----
buff=00BFD8B0, maxSize=40, size=0, remain=40, isAllocated=false
----------
----- Debug Info for lfMonoAllocator -----
buff=00BFD8B0, maxSize=40, size=24, remain=16, isAllocated=true
----------
----- Debug Info for lfMonoAllocator -----
buff=00BFD8B0, maxSize=40, size=0, remain=40, isAllocated=false
----------
----- Debug Info for lfMonoAllocator -----
buff=00BFD8B0, maxSize=40, size=4, remain=36, isAllocated=true
----------
----- Debug Info for lfMonoAllocator -----
buff=00BFD8B0, maxSize=40, size=0, remain=40, isAllocated=false
----------
st_a0::st_a0()
----- Debug Info for lfMonoAllocator -----
buff=00BFD8B0, maxSize=40, size=4, remain=36, isAllocated=true
----------
st_a0::~st_a0()
----- Debug Info for lfMonoAllocator -----
buff=00BFD8B0, maxSize=40, size=0, remain=40, isAllocated=false
----------
st_a4::st_a4()
----- Debug Info for lfMonoAllocator -----
buff=00BFD8B0, maxSize=40, size=4, remain=36, isAllocated=true
----------
st_a4::~st_a4()
----- Debug Info for lfMonoAllocator -----
buff=00BFD8B0, maxSize=40, size=0, remain=40, isAllocated=false
----------
st_a8::st_a8()
----- Debug Info for lfMonoAllocator -----
buff=00BFD8B0, maxSize=40, size=8, remain=32, isAllocated=true
----------
st_a8::~st_a8()
----- Debug Info for lfMonoAllocator -----
buff=00BFD8B0, maxSize=40, size=0, remain=40, isAllocated=false
----------
st_a16::st_a16()
----- Debug Info for lfMonoAllocator -----
buff=00BFD8B0, maxSize=40, size=16, remain=24, isAllocated=true
----------
st_a16::~st_a16()
----- Debug Info for lfMonoAllocator -----
buff=00BFD8B0, maxSize=40, size=0, remain=40, isAllocated=false
----------
----- Debug Info for lfMonoAllocator -----
buff=00BFD8B0, maxSize=40, size=0, remain=40, isAllocated=false
----------
----- Debug Info for lfMonoAllocator -----
buff=00BFD8B0, maxSize=40, size=0, remain=40, isAllocated=false
----------
st::st()
st::st()
st::st()
st::st()
st::st()
st::st()
st::st()
st::st()
st::st()
st::st()
st::st()
(copy consstructor)
(move consstructor)
st::~st()
st::~st()
st::~st()
st2a::st2a()
st2a::~st2a()
st3::st3()
st3::st3()
st3::st3()
----- Debug Info for poolAllocator -----
buff=00BFDAA4, offset=0, maxSize=351, blockSize=35, blockAlign=1, poolSize=10, usingPoolSize=1, poolRemain=9, size=35, remain=316, vacantHead=5
----------
st3::~st3()
st3::~st3()
st3::~st3()
st::st()
st::~st()
st2a::st2a()
st2a::~st2a()
st3::st3()
st3::st3()
st3::st3()
----- Debug Info for poolAllocator -----
buff=00BFDCDC, offset=0, maxSize=351, blockSize=35, blockAlign=1, poolSize=10, usingPoolSize=1, poolRemain=9, size=35, remain=316, vacantHead=3
----------
st3::~st3()
st3::~st3()
st3::~st3()
st_p1::st_p1():a=1
st_p2::st_p2():b=2
st_c::st_c():c=3
st_p1::st_p1():a=1
st_p2::st_p2():b=2
st_c::st_c():c=3
st_p1::st_p1():a=1
st_p2::st_p2():b=2
st_c::st_c():c=3
----- Debug Info for poolAllocator -----
buff=00BFD99C, offset=0, maxSize=124, blockSize=12, blockAlign=4, poolSize=10, usingPoolSize=3, poolRemain=7, size=36, remain=88, vacantHead=3
----------
st_c::~st_c():c=3
st_p2::~st_p2():b=2
st_p1::~st_p1():a=1
st_c::~st_c():c=3
st_p2::~st_p2():b=2
st_p1::~st_p1():a=1
st_c::~st_c():c=3
st_p2::~st_p2():b=2
st_p1::~st_p1():a=1
----- Debug Info for poolAllocator -----
buff=00BFD99C, offset=0, maxSize=124, blockSize=12, blockAlign=4, poolSize=10, usingPoolSize=0, poolRemain=10, size=0, remain=124, vacantHead=3
----------
st::~st()
st::~st()
st::~st()
st::~st()
st::~st()
st::~st()
st::~st()
st::~st()
st::~st()
st::~st()
----- Debug Info for stdAllocator -----
maxSize=0, size=0, remain=0
----------
----- Debug Info for stdAllocator -----
maxSize=0, size=0, remain=0
----------
----- Debug Info for stdAllocator -----
maxSize=0, size=0, remain=0
----------
----- Debug Info for stdAllocator -----
maxSize=0, size=0, remain=0
----------
----- Debug Info for stdAllocator -----
maxSize=0, size=0, remain=0
----------
st_a0::st_a0()
----- Debug Info for stdAllocator -----
maxSize=0, size=0, remain=0
----------
st_a4::st_a4()
----- Debug Info for stdAllocator -----
maxSize=0, size=0, remain=0
----------
st_a8::st_a8()
----- Debug Info for stdAllocator -----
maxSize=0, size=0, remain=0
----------
st_a16::st_a16()
----- Debug Info for stdAllocator -----
maxSize=0, size=0, remain=0
----------
st_a32::st_a32()
----- Debug Info for stdAllocator -----
maxSize=0, size=0, remain=0
----------
----- Debug Info for stdAllocator -----
maxSize=0, size=0, remain=0
----------
----- Debug Info for stdAllocator -----
maxSize=0, size=0, remain=0
----------
----- Debug Info for stdAllocator -----
maxSize=0, size=0, remain=0
----------
----- Debug Info for stdAllocator -----
maxSize=0, size=0, remain=0
----------
----- Debug Info for stdAllocator -----
maxSize=0, size=0, remain=0
----------
----- Debug Info for stdAllocator -----
maxSize=0, size=0, remain=0
----------
----- Debug Info for stdAllocator -----
maxSize=0, size=0, remain=0
----------
st_a0::st_a0()
----- Debug Info for stdAllocator -----
maxSize=0, size=0, remain=0
----------
st_a0::~st_a0()
----- Debug Info for stdAllocator -----
maxSize=0, size=0, remain=0
----------
st_a4::st_a4()
----- Debug Info for stdAllocator -----
maxSize=0, size=0, remain=0
----------
st_a4::~st_a4()
----- Debug Info for stdAllocator -----
maxSize=0, size=0, remain=0
----------
st_a8::st_a8()
----- Debug Info for stdAllocator -----
maxSize=0, size=0, remain=0
----------
st_a8::~st_a8()
----- Debug Info for stdAllocator -----
maxSize=0, size=0, remain=0
----------
st_a16::st_a16()
----- Debug Info for stdAllocator -----
maxSize=0, size=0, remain=0
----------
st_a16::~st_a16()
----- Debug Info for stdAllocator -----
maxSize=0, size=0, remain=0
----------
st_a32::st_a32()
----- Debug Info for stdAllocator -----
maxSize=0, size=0, remain=0
----------
st_a32::~st_a32()
----- Debug Info for stdAllocator -----
maxSize=0, size=0, remain=0
----------
operator new
operator new
operator new
operator new
operator new
operator new[]
operator new
operator new[]
operator new[]
operator new
operator new[]
operator new[]
operator new[]
operator new
operator new[]
operator new[]
operator new
operator new[]
operator new
operator new
operator new
operator new
operator new
operator new
operator new
operator new
operator new[]
operator new[]
operator new[]
operator new[]
operator new
operator new[]
operator delete[]
operator new[]
operator delete[]
operator new[]
operator new
operator new
operator new
operator new
operator new
operator new
operator new
operator new
operator new
operator new
operator new
operator new
operator new
operator new
operator new
operator new
operator new
operator new[]
operator new
operator new[]
operator new[]
operator new
operator new[]
operator new
operator new[]
operator new
operator new[]
operator delete[]
operator new[]
operator new
operator new[]
operator new[]
operator new
operator new[]
operator new[]
operator delete[]
operator delete[]
operator delete[]
operator new[]
operator delete[]
operator new[]
operator new
operator delete[]
operator new[]
operator new[]
operator new[]
operator new
operator new[]
operator new
operator new
operator new
operator new
operator new
operator new
operator new
operator new
operator delete[]
operator new[]
operator delete[]
operator new[]
operator delete[]
operator new[]
operator delete[]
operator new[]
operator delete[]
operator new[]
operator delete[]
operator new[]
operator delete[]
operator new[]
operator delete[]
operator new[]
operator new
operator new
operator new
operator new[]
operator delete
operator new[]
operator new[]
operator new[]
operator new
operator new
operator new
operator new
operator new
operator new
operator new
operator new
operator new
operator new[]
operator new[]
operator new[]
operator delete[]
operator new
operator new[]
operator new[]
operator new[]
operator delete[]
operator new
operator new[]
operator new[]
operator new[]
operator delete[]
operator new
operator new[]
operator new[]
operator new[]
operator delete[]
operator new
operator new[]
operator new[]
operator new[]
operator delete[]
operator new
operator new[]
operator new[]
operator new[]
operator delete[]
operator new
operator new[]
operator new[]
operator new[]
operator delete[]
operator new
operator new[]
operator new[]
operator new[]
operator delete[]
operator delete[]
operator delete
operator new
operator new[]
operator new[]
operator new
operator new
operator new[]
operator new[]
operator new
operator new
operator new
operator new[]
operator new[]
operator new
operator new
operator new
operator new[]
operator new[]
operator new
operator new
operator new
operator new[]
operator new[]
operator new
operator new
operator new
operator new[]
operator new[]
operator new
operator new
operator new
operator new[]
operator new[]
operator new
operator new
operator new
operator new[]
operator new[]
operator new
operator new
operator new
operator new[]
operator new[]
operator new
operator new
operator new
operator new[]
operator new[]
operator new
operator new
operator new
operator new[]
operator new[]
operator new
operator delete
operator delete
operator delete
operator delete
operator delete[]
operator delete
operator delete
operator delete
operator delete[]
operator delete
operator delete
operator delete
operator delete
operator delete
operator delete
operator delete
----- Debug Info for stackAllocator -----
buff=00BFEBB0, maxSize=4000, size=0, remain=4000, count=0
----------
operator new
operator new
operator new
operator new
operator new
operator new
operator new
operator new
operator new
operator new
operator new[]
operator new[]
operator new
operator new
operator new
operator new[]
operator new[]
operator new
operator delete
operator delete
operator delete
operator delete
operator delete
operator delete
operator delete[]
operator delete
operator delete
operator delete
operator delete[]
operator delete
operator delete
operator delete
operator delete
operator delete
----- Debug Info for lfStackAllocator -----
buff=00BFEBB0, maxSize=4000, size=0, remain=4000, count=0
----------
operator new
operator new
operator new
operator new
operator new
operator new
operator new
operator new
operator new
operator new
operator new[]
operator new[]
operator new
operator new
operator new
operator new[]
operator new[]
operator new
operator delete
operator delete[]
operator delete
operator delete
operator delete[]
operator delete
operator delete
operator delete
operator delete
operator delete
operator delete
operator delete
operator delete
operator delete
operator delete
operator delete
----- Debug Info for dualStackAllocator -----
buff=00BFEBB0, maxSize=4000, size=0, sizeAsc=0, sizeDesc=0, remain=4000, countAsc=0, countDesc=0, count=0, allocate-order=DESC
----------
operator new
operator new
operator new
operator new
operator new
operator new
operator new
operator new
operator new
operator new
operator new[]
operator new[]
operator new
operator new
operator new
operator new[]
operator new[]
operator new
operator delete
operator delete
operator delete
operator delete
operator delete
operator delete[]
operator delete
operator delete
operator delete
operator delete[]
operator delete
operator delete
operator delete
operator delete
operator delete
operator delete
----- Debug Info for lfDualStackAllocator -----
buff=00BFEBB0, maxSize=4000, size=0, sizeAsc=0, sizeDesc=0, remain=4000, countAsc=0, countDesc=0, count=0, allocate-order=ASC
----------
operator new
operator new
operator new
operator new
operator new
operator new
operator new
operator new
operator new
operator new
operator new[]
operator new[]
operator new
operator new
operator new
operator new[]
operator new[]
operator new
operator delete
operator delete
operator delete
operator delete
operator delete
operator delete[]
operator delete
operator delete
operator delete[]
operator delete
operator delete
operator delete
operator delete
operator delete
operator delete
operator delete
----- Debug Info for monoAllocator -----
buff=00BFEBB0, maxSize=4000, size=0, remain=4000, isAllocated=false
----------
operator new
operator new
operator new
operator new
operator new
operator new
operator new
operator new
operator new
operator new
operator new[]
operator new[]
operator new
operator new
operator new
operator new[]
operator new[]
operator new
operator delete
operator delete
operator delete
operator delete
operator delete
operator delete
operator delete[]
operator delete
operator delete
operator delete
operator delete[]
operator delete
operator delete
operator delete
operator delete
operator delete
----- Debug Info for lfMonoAllocator -----
buff=00BFEBB0, maxSize=4000, size=0, remain=4000, isAllocated=false
----------
operator new
operator new
operator new
operator new
operator new
operator new
operator new
operator new
operator new
operator new
operator new[]
operator new[]
operator new
operator new
operator new
operator new[]
operator new[]
operator new
operator delete
operator delete
operator delete
operator delete
operator delete
operator delete
operator delete
operator delete[]
operator delete
operator delete
operator delete
operator delete[]
operator delete
operator delete
operator delete
operator delete
----- Debug Info for poolAllocator -----
buff=00BFEBB0, offset=0, maxSize=4000, blockSize=4, blockAlign=4, poolSize=1000, usingPoolSize=0, poolRemain=1000, size=0, remain=4000, vacantHead=1000
----------
operator new
operator new
operator new
operator new
operator new
operator new
operator new
operator new
operator new
operator new
operator new[]
operator new[]
operator new
operator new
operator new
operator new[]
operator new[]
operator new
operator delete
operator delete
operator delete
operator delete
operator delete
operator delete
operator delete
operator delete
operator delete
operator delete
----- Debug Info for lfPoolAllocator -----
buff=00BFEBB0, offset=0, maxSize=4000, blockSize=4, blockAlign=4, poolSize=1000, usingPoolSize=0, poolRemain=1000, size=0, remain=4000, vacantHead=1000
----------
operator new
operator new
operator new
operator new
operator new
operator new
operator new
operator new
operator new
operator new
operator delete
operator delete
operator delete
operator delete
operator delete
operator delete
operator delete
operator delete[]
operator delete
operator delete
operator delete
operator delete[]
operator delete
operator delete
operator delete
operator delete
----- Debug Info for stdAllocator -----
maxSize=0, size=0, remain=0
----------
operator new
operator new
operator new
operator new
operator new
operator new
operator new
operator new
operator new
operator new
operator new[]
operator new[]
operator new
operator new
operator new
operator new[]
operator new[]
operator new
operator delete
operator delete
operator delete
operator delete
operator delete
operator delete[]
operator delete
operator delete
operator delete
operator delete
operator delete
operator delete
operator delete
operator delete[]
operator delete
operator delete
[ allocator adapter : stdAllocator ]
----- Debug Info for stdAllocator -----
maxSize=0, size=0, remain=0
----------
- end -
