--------------------------------------------------------------------------------
[Test for dynamic_array::container(Primitive type)]

[push_back]
size=9, max_size=20(20)
array= 5 8 3 1 7 4 13 10 5
size=9, max_size=20(20)
array(reverse)= 5 10 13 4 7 1 3 8 5

[resize(expand)]
size=12, max_size=20(20)
array= 5 8 3 1 7 4 13 10 5 1000 1000 1000

[sort]
size=12, max_size=20(20)
array= 1 3 4 5 5 7 8 10 13 1000 1000 1000

[custom sort]
size=12, max_size=20(20)
array= 1000 1000 1000 13 10 8 7 5 5 4 3 1

[stable_sort]
size=12, max_size=20(20)
array= 1 3 4 5 5 7 8 10 13 1000 1000 1000

[custom stable_sort]
size=12, max_size=20(20)
array= 1000 1000 1000 13 10 8 7 5 5 4 3 1

[pop_back(1)]
back=1
size=11, max_size=20(20)
array= 1000 1000 1000 13 10 8 7 5 5 4 3

[pop_back(2)]
pop_back=[3]
size=10, max_size=20(20)
array= 1000 1000 1000 13 10 8 7 5 5 4

[find]
size=10, max_size=20(20)
array= 1000 1000 1000 13 10 8 7 5 5 4
findValue(5)=5 next=5
findValue(6)=(not found)
findValue(7)=7 next=5

[binary search(before sort)]
size=10, max_size=20(20)
array= 1000 1000 1000 13 10 8 7 5 5 4
binarySearchValue(5)=(not found)
binarySearchValue(6)=(not found)
binarySearchValue(7)=(not found)

[binary search(after sort)]
size=10, max_size=20(20)
array= 4 5 5 7 8 10 13 1000 1000 1000
binarySearchValue(5)=5 prev=4
binarySearchValue(6)=(not found)
binarySearchValue(7)=7 prev=5

[erase(1)]
size=8, max_size=20(20)
array= 4 5 5 7 8 10 1000 1000

[erase(2)]
size=6, max_size=20(20)
array= 4 5 5 7 1000 1000

[insert]
size=11, max_size=20(20)
array= 4 999 999 999 999 999 5 5 7 1000 1000

[resize(shrink)]
size=5, max_size=20(20)
array= 4 999 999 999 999

[shrink_to_fit]
size=5, max_size=5(20)
array= 4 999 999 999 999

[assign]
size=5, max_size=5(20)
array= 0 0 0 0 0

[clear]
size=0, max_size=5(20)
array=(empty)
--------------------------------------------------------------------------------
[Test for dynamic_array::container(User defined type)]

[push_back(1)]
size=3, max_size=20(20)
array= [5:101] [8:102] [3:103]
size=3, max_size=20(20)
array(reverse)= [3:103] [8:102] [5:101]

[push_back(2)]
size=9, max_size=20(20)
array= [5:101] [8:102] [3:103] [1:104] [7:105] [4:106] [13:107] [10:108] [5:109]

[resize(1)]
size=12, max_size=20(20)
array= [5:101] [8:102] [3:103] [1:104] [7:105] [4:106] [13:107] [10:108] [5:109] [1000:1000] [1000:1000] [1000:1000]

[resize(2)]
size=15, max_size=20(20)
array= [5:101] [8:102] [3:103] [1:104] [7:105] [4:106] [13:107] [10:108] [5:109] [1000:1000] [1000:1000] [1000:1000] [1001:1001] [1001:1001] [1001:1001]

[sort]
size=15, max_size=20(20)
array= [1:104] [3:103] [4:106] [5:101] [5:109] [7:105] [8:102] [10:108] [13:107] [1000:1000] [1000:1000] [1000:1000] [1001:1001] [1001:1001] [1001:1001]

[custom sort]
size=15, max_size=20(20)
array= [1001:1001] [1001:1001] [1001:1001] [1000:1000] [1000:1000] [1000:1000] [13:107] [10:108] [8:102] [7:105] [5:109] [5:101] [4:106] [3:103] [1:104]

[stable_sort]
size=15, max_size=20(20)
array= [1:104] [3:103] [4:106] [5:109] [5:101] [7:105] [8:102] [10:108] [13:107] [1000:1000] [1000:1000] [1000:1000] [1001:1001] [1001:1001] [1001:1001]

[custom stable_sort]
size=15, max_size=20(20)
array= [1001:1001] [1001:1001] [1001:1001] [1000:1000] [1000:1000] [1000:1000] [13:107] [10:108] [8:102] [7:105] [5:109] [5:101] [4:106] [3:103] [1:104]

[pop_back(1)]
back=[1:104]
size=14, max_size=20(20)
array= [1001:1001] [1001:1001] [1001:1001] [1000:1000] [1000:1000] [1000:1000] [13:107] [10:108] [8:102] [7:105] [5:109] [5:101] [4:106] [3:103]

[pop_back(2)]
pop_back=[3:103]
size=13, max_size=20(20)
array= [1001:1001] [1001:1001] [1001:1001] [1000:1000] [1000:1000] [1000:1000] [13:107] [10:108] [8:102] [7:105] [5:109] [5:101] [4:106]

[find]
size=13, max_size=20(20)
array= [1001:1001] [1001:1001] [1001:1001] [1000:1000] [1000:1000] [1000:1000] [13:107] [10:108] [8:102] [7:105] [5:109] [5:101] [4:106]
findValue(key=5)= [5:109] next=[5:101]
findValue(key=6)=(not found)
findValue(key=7)= [7:105] next=[5:109]

[binary search(before sort)]
size=13, max_size=20(20)
array= [1001:1001] [1001:1001] [1001:1001] [1000:1000] [1000:1000] [1000:1000] [13:107] [10:108] [8:102] [7:105] [5:109] [5:101] [4:106]
binarySearchValue(key=5)=(not found)
binarySearchValue(key=6)=(not found)
binarySearchValue(key=7)=(not found)

[binary search(after sort)]
size=13, max_size=20(20)
array= [4:106] [5:101] [5:109] [7:105] [8:102] [10:108] [13:107] [1000:1000] [1000:1000] [1000:1000] [1001:1001] [1001:1001] [1001:1001]
binarySearchValue(key=5)= [5:101] prev=[4:106]
binarySearchValue(key=6)=(not found)
binarySearchValue(key=7)= [7:105] prev=[5:109]

[erase(1)]
size=11, max_size=20(20)
array= [4:106] [5:101] [5:109] [7:105] [8:102] [10:108] [13:107] [1000:1000] [1000:1000] [1001:1001] [1001:1001]

[erase(2)]
size=9, max_size=20(20)
array= [4:106] [5:101] [5:109] [7:105] [8:102] [10:108] [13:107] [1001:1001] [1001:1001]

[insert(1)]
size=14, max_size=20(20)
array= [4:106] [99:999] [99:999] [99:999] [99:999] [99:999] [5:101] [5:109] [7:105] [8:102] [10:108] [13:107] [1001:1001] [1001:1001]

[insert(2)]
size=16, max_size=20(20)
array= [4:106] [99:999] [99:999] [99:999] [99:999] [99:999] [5:101] [5:109] [7:105] [8:102] [88:888] [88:888] [10:108] [13:107] [1:104] [0:0]

[resize(shrink)]
size=5, max_size=20(20)
array= [4:106] [99:999] [99:999] [99:999] [99:999]

[shrink_to_fit]
size=5, max_size=5(20)
array= [4:106] [99:999] [99:999] [99:999] [99:999]

[assign(1)]
size=5, max_size=5(20)
array= [0:0] [0:0] [99:999] [99:999] [99:999]

[assign(2)]
size=5, max_size=5(20)
array= [-1:0] [-1:0] [-1:0] [-1:0] [-1:0]

[clear]
size=0, max_size=5(20)
array=(empty)
--------------------------------------------------------------------------------
[Test for dynamic_array::container(User defined type with custom operator type)]

[push_back]
size=10, max_size=20(20)
array= [1:105] [1:108] [2:103] [2:101] [3:107] [3:104] [4:113] [4:111] [5:105] [5:106]

[sort]
size=10, max_size=20(20)
array= [2:101] [2:103] [3:104] [5:105] [1:105] [5:106] [3:107] [1:108] [4:111] [4:113]

[find]
findValue(value=101)= [2:101]
findValue(value=110)=(not found)
findValue(value=103)= [2:103]

[binary search]
binarySearchValue(value=101)= [2:101]
binarySearchValue(value=110)=(not found)
binarySearchValue(value=103)= [2:103]

[sort with custom predicate]
size=10, max_size=20(20)
array= [1:108] [1:105] [2:103] [2:101] [3:107] [3:104] [4:113] [4:111] [5:106] [5:105]

[find with custom predicate(1)]
find(key=2, value=101)= [2:101]
find(key=2, value=102)=(not found)
find(key=2, value=103)= [2:103]

[binary search with custom comparison(1)]
binarySearchValue(key=2, value=101)= [2:101]
binarySearchValue(key=2, value=102)=(not found)
binarySearchValue(key=2, value=103)= [2:103]

[find with custom predicate(2)]
find(key=2)= [2:103]
find(key=7)=(not found)
find(key=3)= [3:107]

[binary search with custom comparison(2)]
binarySearchValue(key=2)= [2:103]
binarySearchValue(key=7)=(not found)
binarySearchValue(key=3)= [3:107]
--------------------------------------------------------------------------------
[Test for dynamic_array::container(User defined type for existing data)]

[sort(before)]
size=12, max_size=12(12)
array= [6:111] [2:103] [2:104] [4:107] [3:105] [3:106] [1:102] [5:109] [1:101] [4:108] [5:110] [6:112]

[sort(after)]
size=12, max_size=12(12)
array= [1:102] [1:101] [2:103] [2:104] [3:105] [3:106] [4:107] [4:108] [5:109] [5:110] [6:111] [6:112]
--------------------------------------------------------------------------------
[Test for dynamic_array::container(User defined type for multi-thread)]

[normal container]
(before)
size=0, max_size=100(100)
array= [4:4] [3:3] [5:5] [6:6] [9:9] [8:8] [7:7] [1:1] [2:2] [0:0]
(after)
size=10, max_size=100(100)
array= [3:3] [6:6] [7:7] [1:1] [3:13] [6:16] [7:17] [9:19] [2:12] [0:10]

[multi-thread container]
(before)
size=0, max_size=100(100)
array=(empty)
(after)
size=10, max_size=100(100)
array= [6:16] [2:12] [8:18] [1:11] [7:17] [0:10] [4:14] [3:13] [5:15] [9:19]
--------------------------------------------------------------------------------
[Test for performance dynamic_array]

[create container & assign() * 10000000]
*elapsed_time=0.017015800 sec

[clear() * 10000000]
*elapsed_time=0.000000000 sec

[push_back() * 10000000]
num=10000000
*elapsed_time=0.017016100 sec

[iterator(1)]
num=10000000
*elapsed_time=0.013012000 sec

[reverse sort]
*elapsed_time=0.118112100 sec

[iterator(2)]
num=10000000
*elapsed_time=0.018017600 sec

[sort]
*elapsed_time=0.116110700 sec

[reverse_iterator]
num=10000000
*elapsed_time=0.017015800 sec

[findValue]
num=100
*elapsed_time=0.314300800 sec

[binarySearchValue]
num=10000000
*elapsed_time=0.911864700 sec

[delete container]
*elapsed_time=0.005005000 sec

[finish]
*elapsed_time=1.547470600 sec
--------------------------------------------------------------------------------
[Test for performance std::vector]

[create container & assign() * 10000000]
*elapsed_time=0.028026900 sec

[clear() * 10000000]
*elapsed_time=0.000000000 sec

[push_back() * 10000000]
num=10000000
*elapsed_time=0.034032500 sec

[iterator(1)]
num=10000000
*elapsed_time=0.002001200 sec

[reverse sort]
*elapsed_time=0.185176600 sec

[iterator(2)]
num=10000000
*elapsed_time=0.003002600 sec

[sort]
*elapsed_time=0.222210300 sec

[reverse_iterator]
num=10000000
*elapsed_time=0.032030200 sec

[findValue]
num=100
*elapsed_time=0.297283700 sec

[binarySearchValue]
num=10000000
*elapsed_time=0.792754100 sec

[delete container]
*elapsed_time=0.005005000 sec

[finish]
*elapsed_time=1.601523100 sec

- end -

--- example_simple_dynamic_array ---
data = 5 1 3
data = 1 3 5
.findValue(5): ite=5
.binarySearchValue(3): ite=3
std::find(con.begin(), con.end(), 5): ite=5
std::lower_bound(con.begin(), con.end(), 3): ite=3
data = {5,6} {1,2} {3,4}
data = {1,2} {3,4} {5,6}
.find(5): ite={5,6}
.binarySearchValue(3): ite={3,4}
std::find(.begin(), .end(), 5): ite={5,6}
