============================================================
Initialize
============================================================
----- Make Array(shuffle1) -----
[NG] Array is NOT ordered! [NG=489 / record(s)=1000]
Array is stable.
----- Make Array(shuffle2) -----
[NG] Array is NOT ordered! [NG=493 / record(s)=1000]
Array is stable.
----- Make Array(shuffle3) -----
[NG] Array is NOT ordered! [NG=481 / record(s)=1000]
Array is stable.
----- Make Array(ordered) -----
Array is ordered. [record(s)=1000]
Array is stable.
----- Make Array(reversed) -----
[NG] Array is NOT ordered! [NG=333 / record(s)=1000]
Array is stable.
----- Make Array(ordered_without_both_ends) -----
[NG] Array is NOT ordered! [NG=2 / record(s)=1000]
Array is stable.
----- Make Array(hard_with_quick_sort) -----
[NG] Array is NOT ordered! [NG=482 / record(s)=1000]
Array is stable.


============================================================
Sort type: [C-Library qsort]
============================================================

------------------------------
Sort array(shuffle1)
------------------------------
*elapsed time=0.000110000 sec.
Array is ordered. [record(s)=1000]
Array is NOT STABLE.

------------------------------
Sort array(shuffle2)
------------------------------
*elapsed time=0.000099000 sec.
Array is ordered. [record(s)=1000]
Array is NOT STABLE.

------------------------------
Sort array(shuffle3)
------------------------------
*elapsed time=0.000098000 sec.
Array is ordered. [record(s)=1000]
Array is NOT STABLE.

------------------------------
Sort array(ordered)
------------------------------
*elapsed time=0.000038000 sec.
Array is ordered. [record(s)=1000]
Array is NOT STABLE.

------------------------------
Sort array(reversed)
------------------------------
*elapsed time=0.000069000 sec.
Array is ordered. [record(s)=1000]
Array is NOT STABLE.

------------------------------
Sort array(ordered_without_both_ends)
------------------------------
*elapsed time=0.000037000 sec.
Array is ordered. [record(s)=1000]
Array is NOT STABLE.

------------------------------
Sort array(hard_with_quick_sort)
------------------------------
*elapsed time=0.000112000 sec.
Array is ordered. [record(s)=1000]
Array is NOT STABLE.

============================================================
Sort type: [C-Library qsort]
* Total time       = 0.000563000 sec.
* Average time     = 0.000080429 sec.
* Min time         = 0.000037000 sec.
* Max time         = 0.000112000 sec.
============================================================


============================================================
Sort type: [STL std::sort(with function)]
============================================================

------------------------------
Sort array(shuffle1)
------------------------------
*elapsed time=0.000186000 sec.
Array is ordered. [record(s)=1000]
Array is NOT STABLE.

------------------------------
Sort array(shuffle2)
------------------------------
*elapsed time=0.000185000 sec.
Array is ordered. [record(s)=1000]
Array is NOT STABLE.

------------------------------
Sort array(shuffle3)
------------------------------
*elapsed time=0.000201000 sec.
Array is ordered. [record(s)=1000]
Array is NOT STABLE.

------------------------------
Sort array(ordered)
------------------------------
*elapsed time=0.000094000 sec.
Array is ordered. [record(s)=1000]
Array is NOT STABLE.

------------------------------
Sort array(reversed)
------------------------------
*elapsed time=0.000088000 sec.
Array is ordered. [record(s)=1000]
Array is NOT STABLE.

------------------------------
Sort array(ordered_without_both_ends)
------------------------------
*elapsed time=0.000077000 sec.
Array is ordered. [record(s)=1000]
Array is NOT STABLE.

------------------------------
Sort array(hard_with_quick_sort)
------------------------------
*elapsed time=0.000190000 sec.
Array is ordered. [record(s)=1000]
Array is NOT STABLE.

============================================================
Sort type: [STL std::sort(with function)]
* Total time       = 0.001021000 sec.
* Average time     = 0.000145857 sec.
* Min time         = 0.000077000 sec.
* Max time         = 0.000201000 sec.
============================================================


============================================================
Sort type: [STL std::sort(with inline function)]
============================================================

------------------------------
Sort array(shuffle1)
------------------------------
*elapsed time=0.000185000 sec.
Array is ordered. [record(s)=1000]
Array is NOT STABLE.

------------------------------
Sort array(shuffle2)
------------------------------
*elapsed time=0.000194000 sec.
Array is ordered. [record(s)=1000]
Array is NOT STABLE.

------------------------------
Sort array(shuffle3)
------------------------------
*elapsed time=0.000187000 sec.
Array is ordered. [record(s)=1000]
Array is NOT STABLE.

------------------------------
Sort array(ordered)
------------------------------
*elapsed time=0.000075000 sec.
Array is ordered. [record(s)=1000]
Array is NOT STABLE.

------------------------------
Sort array(reversed)
------------------------------
*elapsed time=0.000088000 sec.
Array is ordered. [record(s)=1000]
Array is NOT STABLE.

------------------------------
Sort array(ordered_without_both_ends)
------------------------------
*elapsed time=0.000077000 sec.
Array is ordered. [record(s)=1000]
Array is NOT STABLE.

------------------------------
Sort array(hard_with_quick_sort)
------------------------------
*elapsed time=0.000189000 sec.
Array is ordered. [record(s)=1000]
Array is NOT STABLE.

============================================================
Sort type: [STL std::sort(with inline function)]
* Total time       = 0.000995000 sec.
* Average time     = 0.000142143 sec.
* Min time         = 0.000075000 sec.
* Max time         = 0.000194000 sec.
============================================================


============================================================
Sort type: [STL std::sort(with functor)]
============================================================

------------------------------
Sort array(shuffle1)
------------------------------
*elapsed time=0.000204000 sec.
Array is ordered. [record(s)=1000]
Array is NOT STABLE.

------------------------------
Sort array(shuffle2)
------------------------------
*elapsed time=0.000184000 sec.
Array is ordered. [record(s)=1000]
Array is NOT STABLE.

------------------------------
Sort array(shuffle3)
------------------------------
*elapsed time=0.000186000 sec.
Array is ordered. [record(s)=1000]
Array is NOT STABLE.

------------------------------
Sort array(ordered)
------------------------------
*elapsed time=0.000076000 sec.
Array is ordered. [record(s)=1000]
Array is NOT STABLE.

------------------------------
Sort array(reversed)
------------------------------
*elapsed time=0.000110000 sec.
Array is ordered. [record(s)=1000]
Array is NOT STABLE.

------------------------------
Sort array(ordered_without_both_ends)
------------------------------
*elapsed time=0.000108000 sec.
Array is ordered. [record(s)=1000]
Array is NOT STABLE.

------------------------------
Sort array(hard_with_quick_sort)
------------------------------
*elapsed time=0.000203000 sec.
Array is ordered. [record(s)=1000]
Array is NOT STABLE.

============================================================
Sort type: [STL std::sort(with functor)]
* Total time       = 0.001071000 sec.
* Average time     = 0.000153000 sec.
* Min time         = 0.000076000 sec.
* Max time         = 0.000204000 sec.
============================================================


============================================================
Sort type: [STL std::sort(with lamda)]
============================================================

------------------------------
Sort array(shuffle1)
------------------------------
*elapsed time=0.000192000 sec.
Array is ordered. [record(s)=1000]
Array is NOT STABLE.

------------------------------
Sort array(shuffle2)
------------------------------
*elapsed time=0.000197000 sec.
Array is ordered. [record(s)=1000]
Array is NOT STABLE.

------------------------------
Sort array(shuffle3)
------------------------------
*elapsed time=0.000207000 sec.
Array is ordered. [record(s)=1000]
Array is NOT STABLE.

------------------------------
Sort array(ordered)
------------------------------
*elapsed time=0.000075000 sec.
Array is ordered. [record(s)=1000]
Array is NOT STABLE.

------------------------------
Sort array(reversed)
------------------------------
*elapsed time=0.000088000 sec.
Array is ordered. [record(s)=1000]
Array is NOT STABLE.

------------------------------
Sort array(ordered_without_both_ends)
------------------------------
*elapsed time=0.000087000 sec.
Array is ordered. [record(s)=1000]
Array is NOT STABLE.

------------------------------
Sort array(hard_with_quick_sort)
------------------------------
*elapsed time=0.000195000 sec.
Array is ordered. [record(s)=1000]
Array is NOT STABLE.

============================================================
Sort type: [STL std::sort(with lamda)]
* Total time       = 0.001041000 sec.
* Average time     = 0.000148714 sec.
* Min time         = 0.000075000 sec.
* Max time         = 0.000207000 sec.
============================================================


============================================================
Sort type: [STL std::stable_sort *Not inplace]
============================================================

------------------------------
Sort array(shuffle1)
------------------------------
*elapsed time=0.000234000 sec.
Array is ordered. [record(s)=1000]
Array is stable.

------------------------------
Sort array(shuffle2)
------------------------------
*elapsed time=0.000221000 sec.
Array is ordered. [record(s)=1000]
Array is stable.

------------------------------
Sort array(shuffle3)
------------------------------
*elapsed time=0.000221000 sec.
Array is ordered. [record(s)=1000]
Array is stable.

------------------------------
Sort array(ordered)
------------------------------
*elapsed time=0.000114000 sec.
Array is ordered. [record(s)=1000]
Array is stable.

------------------------------
Sort array(reversed)
------------------------------
*elapsed time=0.000151000 sec.
Array is ordered. [record(s)=1000]
Array is stable.

------------------------------
Sort array(ordered_without_both_ends)
------------------------------
*elapsed time=0.000127000 sec.
Array is ordered. [record(s)=1000]
Array is stable.

------------------------------
Sort array(hard_with_quick_sort)
------------------------------
*elapsed time=0.000211000 sec.
Array is ordered. [record(s)=1000]
Array is stable.

============================================================
Sort type: [STL std::stable_sort *Not inplace]
* Total time       = 0.001279000 sec.
* Average time     = 0.000182714 sec.
* Min time         = 0.000114000 sec.
* Max time         = 0.000234000 sec.
============================================================


============================================================
Sort type: [Bubble sort]
============================================================

------------------------------
Sort array(shuffle1)
------------------------------
*elapsed time=0.012485000 sec.
Array is ordered. [record(s)=1000]
Array is stable.
[swapped=253599 count(s)]

------------------------------
Sort array(shuffle2)
------------------------------
*elapsed time=0.011880000 sec.
Array is ordered. [record(s)=1000]
Array is stable.
[swapped=239327 count(s)]

------------------------------
Sort array(shuffle3)
------------------------------
*elapsed time=0.012480000 sec.
Array is ordered. [record(s)=1000]
Array is stable.
[swapped=251599 count(s)]

------------------------------
Sort array(ordered)
------------------------------
*elapsed time=0.000005000 sec.
Array is ordered. [record(s)=1000]
Array is stable.
[swapped=0 count(s)]

------------------------------
Sort array(reversed)
------------------------------
*elapsed time=0.021012000 sec.
Array is ordered. [record(s)=1000]
Array is stable.
[swapped=498501 count(s)]

------------------------------
Sort array(ordered_without_both_ends)
------------------------------
*elapsed time=0.002366000 sec.
Array is ordered. [record(s)=1000]
Array is stable.
[swapped=1995 count(s)]

------------------------------
Sort array(hard_with_quick_sort)
------------------------------
*elapsed time=0.016485000 sec.
Array is ordered. [record(s)=1000]
Array is stable.
[swapped=373496 count(s)]

============================================================
Sort type: [Bubble sort]
* Total time       = 0.076713000 sec.
* Average time     = 0.010959000 sec.
* Min time         = 0.000005000 sec.
* Max time         = 0.021012000 sec.
* Total Swapped    =   1618517 count(s)
* Average  Swapped =    231216 count(s)
* Min Swapped      =         0 count(s)
* Max Swapped      =    498501 count(s)
============================================================


============================================================
Sort type: [Shaker sort]
============================================================

------------------------------
Sort array(shuffle1)
------------------------------
*elapsed time=0.012453000 sec.
Array is ordered. [record(s)=1000]
Array is stable.
[swapped=253599 count(s)]

------------------------------
Sort array(shuffle2)
------------------------------
*elapsed time=0.011228000 sec.
Array is ordered. [record(s)=1000]
Array is stable.
[swapped=239327 count(s)]

------------------------------
Sort array(shuffle3)
------------------------------
*elapsed time=0.011619000 sec.
Array is ordered. [record(s)=1000]
Array is stable.
[swapped=251599 count(s)]

------------------------------
Sort array(ordered)
------------------------------
*elapsed time=0.000005000 sec.
Array is ordered. [record(s)=1000]
Array is stable.
[swapped=0 count(s)]

------------------------------
Sort array(reversed)
------------------------------
*elapsed time=0.021118000 sec.
Array is ordered. [record(s)=1000]
Array is stable.
[swapped=498501 count(s)]

------------------------------
Sort array(ordered_without_both_ends)
------------------------------
*elapsed time=0.000087000 sec.
Array is ordered. [record(s)=1000]
Array is stable.
[swapped=1995 count(s)]

------------------------------
Sort array(hard_with_quick_sort)
------------------------------
*elapsed time=0.016525000 sec.
Array is ordered. [record(s)=1000]
Array is stable.
[swapped=373496 count(s)]

============================================================
Sort type: [Shaker sort]
* Total time       = 0.073035000 sec.
* Average time     = 0.010433571 sec.
* Min time         = 0.000005000 sec.
* Max time         = 0.021118000 sec.
* Total Swapped    =   1618517 count(s)
* Average  Swapped =    231216 count(s)
* Min Swapped      =         0 count(s)
* Max Swapped      =    498501 count(s)
============================================================


============================================================
Sort type: [Odd-Even sort]
============================================================

------------------------------
Sort array(shuffle1)
------------------------------
*elapsed time=0.043420000 sec.
Array is ordered. [record(s)=1000]
Array is stable.
[swapped=253599 count(s)]

------------------------------
Sort array(shuffle2)
------------------------------
*elapsed time=0.042064000 sec.
Array is ordered. [record(s)=1000]
Array is stable.
[swapped=239327 count(s)]

------------------------------
Sort array(shuffle3)
------------------------------
*elapsed time=0.041580000 sec.
Array is ordered. [record(s)=1000]
Array is stable.
[swapped=251599 count(s)]

------------------------------
Sort array(ordered)
------------------------------
*elapsed time=0.000075000 sec.
Array is ordered. [record(s)=1000]
Array is stable.
[swapped=0 count(s)]

------------------------------
Sort array(reversed)
------------------------------
*elapsed time=0.045068000 sec.
Array is ordered. [record(s)=1000]
Array is stable.
[swapped=498501 count(s)]

------------------------------
Sort array(ordered_without_both_ends)
------------------------------
*elapsed time=0.038930000 sec.
Array is ordered. [record(s)=1000]
Array is stable.
[swapped=1995 count(s)]

------------------------------
Sort array(hard_with_quick_sort)
------------------------------
*elapsed time=0.044795000 sec.
Array is ordered. [record(s)=1000]
Array is stable.
[swapped=373496 count(s)]

============================================================
Sort type: [Odd-Even sort]
* Total time       = 0.255932000 sec.
* Average time     = 0.036561714 sec.
* Min time         = 0.000075000 sec.
* Max time         = 0.045068000 sec.
* Total Swapped    =   1618517 count(s)
* Average  Swapped =    231216 count(s)
* Min Swapped      =         0 count(s)
* Max Swapped      =    498501 count(s)
============================================================


============================================================
Sort type: [Shear sort]
============================================================

------------------------------
Sort array(shuffle1)
------------------------------
*elapsed time=0.001340000 sec.
Array is ordered. [record(s)=1000]
Array is NOT STABLE.
[swapped=50925 count(s)]

------------------------------
Sort array(shuffle2)
------------------------------
*elapsed time=0.001292000 sec.
Array is ordered. [record(s)=1000]
Array is NOT STABLE.
[swapped=49225 count(s)]

------------------------------
Sort array(shuffle3)
------------------------------
*elapsed time=0.001153000 sec.
Array is ordered. [record(s)=1000]
Array is NOT STABLE.
[swapped=49972 count(s)]

------------------------------
Sort array(ordered)
------------------------------
*elapsed time=0.000570000 sec.
Array is ordered. [record(s)=1000]
Array is stable.
[swapped=14850 count(s)]

------------------------------
Sort array(reversed)
------------------------------
*elapsed time=0.001019000 sec.
Array is ordered. [record(s)=1000]
Array is NOT STABLE.
[swapped=43102 count(s)]

------------------------------
Sort array(ordered_without_both_ends)
------------------------------
*elapsed time=0.000729000 sec.
Array is ordered. [record(s)=1000]
Array is NOT STABLE.
[swapped=16789 count(s)]

------------------------------
Sort array(hard_with_quick_sort)
------------------------------
*elapsed time=0.001265000 sec.
Array is ordered. [record(s)=1000]
Array is NOT STABLE.
[swapped=48946 count(s)]

============================================================
Sort type: [Shear sort]
* Total time       = 0.007368000 sec.
* Average time     = 0.001052571 sec.
* Min time         = 0.000570000 sec.
* Max time         = 0.001340000 sec.
* Total Swapped    =    273809 count(s)
* Average  Swapped =     39115 count(s)
* Min Swapped      =     14850 count(s)
* Max Swapped      =     50925 count(s)
============================================================


============================================================
Sort type: [Comb sort]
============================================================

------------------------------
Sort array(shuffle1)
------------------------------
*elapsed time=0.000280000 sec.
Array is ordered. [record(s)=1000]
Array is NOT STABLE.
[swapped=3868 count(s)]

------------------------------
Sort array(shuffle2)
------------------------------
*elapsed time=0.000273000 sec.
Array is ordered. [record(s)=1000]
Array is NOT STABLE.
[swapped=3733 count(s)]

------------------------------
Sort array(shuffle3)
------------------------------
*elapsed time=0.000287000 sec.
Array is ordered. [record(s)=1000]
Array is NOT STABLE.
[swapped=4009 count(s)]

------------------------------
Sort array(ordered)
------------------------------
*elapsed time=0.000069000 sec.
Array is ordered. [record(s)=1000]
Array is stable.
[swapped=0 count(s)]

------------------------------
Sort array(reversed)
------------------------------
*elapsed time=0.000135000 sec.
Array is ordered. [record(s)=1000]
Array is NOT STABLE.
[swapped=1401 count(s)]

------------------------------
Sort array(ordered_without_both_ends)
------------------------------
*elapsed time=0.000115000 sec.
Array is ordered. [record(s)=1000]
Array is NOT STABLE.
[swapped=754 count(s)]

------------------------------
Sort array(hard_with_quick_sort)
------------------------------
*elapsed time=0.000283000 sec.
Array is ordered. [record(s)=1000]
Array is NOT STABLE.
[swapped=4065 count(s)]

============================================================
Sort type: [Comb sort]
* Total time       = 0.001442000 sec.
* Average time     = 0.000206000 sec.
* Min time         = 0.000069000 sec.
* Max time         = 0.000287000 sec.
* Total Swapped    =     17830 count(s)
* Average  Swapped =      2547 count(s)
* Min Swapped      =         0 count(s)
* Max Swapped      =      4065 count(s)
============================================================


============================================================
Sort type: [Gnome sort]
============================================================

------------------------------
Sort array(shuffle1)
------------------------------
*elapsed time=0.010614000 sec.
Array is ordered. [record(s)=1000]
Array is stable.
[swapped=253599 count(s)]

------------------------------
Sort array(shuffle2)
------------------------------
*elapsed time=0.010070000 sec.
Array is ordered. [record(s)=1000]
Array is stable.
[swapped=239327 count(s)]

------------------------------
Sort array(shuffle3)
------------------------------
*elapsed time=0.010620000 sec.
Array is ordered. [record(s)=1000]
Array is stable.
[swapped=251599 count(s)]

------------------------------
Sort array(ordered)
------------------------------
*elapsed time=0.000004000 sec.
Array is ordered. [record(s)=1000]
Array is stable.
[swapped=0 count(s)]

------------------------------
Sort array(reversed)
------------------------------
*elapsed time=0.020888000 sec.
Array is ordered. [record(s)=1000]
Array is stable.
[swapped=498501 count(s)]

------------------------------
Sort array(ordered_without_both_ends)
------------------------------
*elapsed time=0.000096000 sec.
Array is ordered. [record(s)=1000]
Array is stable.
[swapped=1995 count(s)]

------------------------------
Sort array(hard_with_quick_sort)
------------------------------
*elapsed time=0.015516000 sec.
Array is ordered. [record(s)=1000]
Array is stable.
[swapped=373496 count(s)]

============================================================
Sort type: [Gnome sort]
* Total time       = 0.067808000 sec.
* Average time     = 0.009686857 sec.
* Min time         = 0.000004000 sec.
* Max time         = 0.020888000 sec.
* Total Swapped    =   1618517 count(s)
* Average  Swapped =    231216 count(s)
* Min Swapped      =         0 count(s)
* Max Swapped      =    498501 count(s)
============================================================


============================================================
Sort type: [Quick sort]
============================================================

------------------------------
Sort array(shuffle1)
------------------------------
*elapsed time=0.000231000 sec.
Array is ordered. [record(s)=1000]
Array is NOT STABLE.
[swapped=2630 count(s)]

------------------------------
Sort array(shuffle2)
------------------------------
*elapsed time=0.000221000 sec.
Array is ordered. [record(s)=1000]
Array is NOT STABLE.
[swapped=2567 count(s)]

------------------------------
Sort array(shuffle3)
------------------------------
*elapsed time=0.000228000 sec.
Array is ordered. [record(s)=1000]
Array is NOT STABLE.
[swapped=2558 count(s)]

------------------------------
Sort array(ordered)
------------------------------
*elapsed time=0.000063000 sec.
Array is ordered. [record(s)=1000]
Array is NOT STABLE.
[swapped=333 count(s)]

------------------------------
Sort array(reversed)
------------------------------
*elapsed time=0.000081000 sec.
Array is ordered. [record(s)=1000]
Array is NOT STABLE.
[swapped=833 count(s)]

------------------------------
Sort array(ordered_without_both_ends)
------------------------------
*elapsed time=0.000061000 sec.
Array is ordered. [record(s)=1000]
Array is NOT STABLE.
[swapped=334 count(s)]

------------------------------
Sort array(hard_with_quick_sort)
------------------------------
*elapsed time=0.000224000 sec.
Array is ordered. [record(s)=1000]
Array is NOT STABLE.
[swapped=2813 count(s)]

============================================================
Sort type: [Quick sort]
* Total time       = 0.001109000 sec.
* Average time     = 0.000158429 sec.
* Min time         = 0.000061000 sec.
* Max time         = 0.000231000 sec.
* Total Swapped    =     12068 count(s)
* Average  Swapped =      1724 count(s)
* Min Swapped      =       333 count(s)
* Max Swapped      =      2813 count(s)
============================================================


============================================================
Sort type: [Selection sort]
============================================================

------------------------------
Sort array(shuffle1)
------------------------------
*elapsed time=0.001836000 sec.
Array is ordered. [record(s)=1000]
Array is NOT STABLE.
[swapped=997 count(s)]

------------------------------
Sort array(shuffle2)
------------------------------
*elapsed time=0.001828000 sec.
Array is ordered. [record(s)=1000]
Array is NOT STABLE.
[swapped=988 count(s)]

------------------------------
Sort array(shuffle3)
------------------------------
*elapsed time=0.001799000 sec.
Array is ordered. [record(s)=1000]
Array is NOT STABLE.
[swapped=990 count(s)]

------------------------------
Sort array(ordered)
------------------------------
*elapsed time=0.001734000 sec.
Array is ordered. [record(s)=1000]
Array is stable.
[swapped=0 count(s)]

------------------------------
Sort array(reversed)
------------------------------
*elapsed time=0.001863000 sec.
Array is ordered. [record(s)=1000]
Array is NOT STABLE.
[swapped=833 count(s)]

------------------------------
Sort array(ordered_without_both_ends)
------------------------------
*elapsed time=0.001841000 sec.
Array is ordered. [record(s)=1000]
Array is stable.
[swapped=3 count(s)]

------------------------------
Sort array(hard_with_quick_sort)
------------------------------
*elapsed time=0.001868000 sec.
Array is ordered. [record(s)=1000]
Array is NOT STABLE.
[swapped=990 count(s)]

============================================================
Sort type: [Selection sort]
* Total time       = 0.012769000 sec.
* Average time     = 0.001824143 sec.
* Min time         = 0.001734000 sec.
* Max time         = 0.001868000 sec.
* Total Swapped    =      4801 count(s)
* Average  Swapped =       685 count(s)
* Min Swapped      =         0 count(s)
* Max Swapped      =       997 count(s)
============================================================


============================================================
Sort type: [Heap sort]
============================================================

------------------------------
Sort array(shuffle1)
------------------------------
*elapsed time=0.000502000 sec.
Array is ordered. [record(s)=1000]
Array is NOT STABLE.
[swapped=9566 count(s)]

------------------------------
Sort array(shuffle2)
------------------------------
*elapsed time=0.000528000 sec.
Array is ordered. [record(s)=1000]
Array is NOT STABLE.
[swapped=9631 count(s)]

------------------------------
Sort array(shuffle3)
------------------------------
*elapsed time=0.000500000 sec.
Array is ordered. [record(s)=1000]
Array is NOT STABLE.
[swapped=9494 count(s)]

------------------------------
Sort array(ordered)
------------------------------
*elapsed time=0.000749000 sec.
Array is ordered. [record(s)=1000]
Array is NOT STABLE.
[swapped=15116 count(s)]

------------------------------
Sort array(reversed)
------------------------------
*elapsed time=0.000452000 sec.
Array is ordered. [record(s)=1000]
Array is NOT STABLE.
[swapped=8312 count(s)]

------------------------------
Sort array(ordered_without_both_ends)
------------------------------
*elapsed time=0.000719000 sec.
Array is ordered. [record(s)=1000]
Array is NOT STABLE.
[swapped=14570 count(s)]

------------------------------
Sort array(hard_with_quick_sort)
------------------------------
*elapsed time=0.000481000 sec.
Array is ordered. [record(s)=1000]
Array is NOT STABLE.
[swapped=8981 count(s)]

============================================================
Sort type: [Heap sort]
* Total time       = 0.003931000 sec.
* Average time     = 0.000561571 sec.
* Min time         = 0.000452000 sec.
* Max time         = 0.000749000 sec.
* Total Swapped    =     75670 count(s)
* Average  Swapped =     10810 count(s)
* Min Swapped      =      8312 count(s)
* Max Swapped      =     15116 count(s)
============================================================


============================================================
Sort type: [Insertion sort]
============================================================

------------------------------
Sort array(shuffle1)
------------------------------
*elapsed time=0.004312000 sec.
Array is ordered. [record(s)=1000]
Array is stable.
[swapped=991 count(s)]

------------------------------
Sort array(shuffle2)
------------------------------
*elapsed time=0.004025000 sec.
Array is ordered. [record(s)=1000]
Array is stable.
[swapped=995 count(s)]

------------------------------
Sort array(shuffle3)
------------------------------
*elapsed time=0.004368000 sec.
Array is ordered. [record(s)=1000]
Array is stable.
[swapped=991 count(s)]

------------------------------
Sort array(ordered)
------------------------------
*elapsed time=0.000004000 sec.
Array is ordered. [record(s)=1000]
Array is stable.
[swapped=0 count(s)]

------------------------------
Sort array(reversed)
------------------------------
*elapsed time=0.008433000 sec.
Array is ordered. [record(s)=1000]
Array is stable.
[swapped=999 count(s)]

------------------------------
Sort array(ordered_without_both_ends)
------------------------------
*elapsed time=0.000083000 sec.
Array is ordered. [record(s)=1000]
Array is stable.
[swapped=999 count(s)]

------------------------------
Sort array(hard_with_quick_sort)
------------------------------
*elapsed time=0.006621000 sec.
Array is ordered. [record(s)=1000]
Array is stable.
[swapped=988 count(s)]

============================================================
Sort type: [Insertion sort]
* Total time       = 0.027846000 sec.
* Average time     = 0.003978000 sec.
* Min time         = 0.000004000 sec.
* Max time         = 0.008433000 sec.
* Total Swapped    =      5963 count(s)
* Average  Swapped =       851 count(s)
* Min Swapped      =         0 count(s)
* Max Swapped      =       999 count(s)
============================================================


============================================================
Sort type: [Shell sort]
============================================================

------------------------------
Sort array(shuffle1)
------------------------------
*elapsed time=0.000296000 sec.
Array is ordered. [record(s)=1000]
Array is NOT STABLE.
[swapped=3240 count(s)]

------------------------------
Sort array(shuffle2)
------------------------------
*elapsed time=0.000292000 sec.
Array is ordered. [record(s)=1000]
Array is NOT STABLE.
[swapped=3191 count(s)]

------------------------------
Sort array(shuffle3)
------------------------------
*elapsed time=0.000304000 sec.
Array is ordered. [record(s)=1000]
Array is NOT STABLE.
[swapped=3326 count(s)]

------------------------------
Sort array(ordered)
------------------------------
*elapsed time=0.000020000 sec.
Array is ordered. [record(s)=1000]
Array is stable.
[swapped=0 count(s)]

------------------------------
Sort array(reversed)
------------------------------
*elapsed time=0.000173000 sec.
Array is ordered. [record(s)=1000]
Array is NOT STABLE.
[swapped=2652 count(s)]

------------------------------
Sort array(ordered_without_both_ends)
------------------------------
*elapsed time=0.000077000 sec.
Array is ordered. [record(s)=1000]
Array is NOT STABLE.
[swapped=704 count(s)]

------------------------------
Sort array(hard_with_quick_sort)
------------------------------
*elapsed time=0.000285000 sec.
Array is ordered. [record(s)=1000]
Array is NOT STABLE.
[swapped=3342 count(s)]

============================================================
Sort type: [Shell sort]
* Total time       = 0.001447000 sec.
* Average time     = 0.000206714 sec.
* Min time         = 0.000020000 sec.
* Max time         = 0.000304000 sec.
* Total Swapped    =     16455 count(s)
* Average  Swapped =      2350 count(s)
* Min Swapped      =         0 count(s)
* Max Swapped      =      3342 count(s)
============================================================


============================================================
Sort type: [Inplace Merge sort]
============================================================

------------------------------
Sort array(shuffle1)
------------------------------
*elapsed time=0.003630000 sec.
Array is ordered. [record(s)=1000]
Array is stable.
[swapped=4300 count(s)]

------------------------------
Sort array(shuffle2)
------------------------------
*elapsed time=0.003465000 sec.
Array is ordered. [record(s)=1000]
Array is stable.
[swapped=4287 count(s)]

------------------------------
Sort array(shuffle3)
------------------------------
*elapsed time=0.003583000 sec.
Array is ordered. [record(s)=1000]
Array is stable.
[swapped=4305 count(s)]

------------------------------
Sort array(ordered)
------------------------------
*elapsed time=0.000009000 sec.
Array is ordered. [record(s)=1000]
Array is stable.
[swapped=0 count(s)]

------------------------------
Sort array(reversed)
------------------------------
*elapsed time=0.007023000 sec.
Array is ordered. [record(s)=1000]
Array is stable.
[swapped=4516 count(s)]

------------------------------
Sort array(ordered_without_both_ends)
------------------------------
*elapsed time=0.000078000 sec.
Array is ordered. [record(s)=1000]
Array is stable.
[swapped=1006 count(s)]

------------------------------
Sort array(hard_with_quick_sort)
------------------------------
*elapsed time=0.005356000 sec.
Array is ordered. [record(s)=1000]
Array is stable.
[swapped=4290 count(s)]

============================================================
Sort type: [Inplace Merge sort]
* Total time       = 0.023144000 sec.
* Average time     = 0.003306286 sec.
* Min time         = 0.000009000 sec.
* Max time         = 0.007023000 sec.
* Total Swapped    =     22704 count(s)
* Average  Swapped =      3243 count(s)
* Min Swapped      =         0 count(s)
* Max Swapped      =      4516 count(s)
============================================================


============================================================
Sort type: [Intro sort]
============================================================

------------------------------
Sort array(shuffle1)
------------------------------
*elapsed time=0.000203000 sec.
Array is ordered. [record(s)=1000]
Array is NOT STABLE.
[swapped=2351 count(s)]

------------------------------
Sort array(shuffle2)
------------------------------
*elapsed time=0.000179000 sec.
Array is ordered. [record(s)=1000]
Array is NOT STABLE.
[swapped=2303 count(s)]

------------------------------
Sort array(shuffle3)
------------------------------
*elapsed time=0.000178000 sec.
Array is ordered. [record(s)=1000]
Array is NOT STABLE.
[swapped=2291 count(s)]

------------------------------
Sort array(ordered)
------------------------------
*elapsed time=0.000005000 sec.
Array is ordered. [record(s)=1000]
Array is stable.
[swapped=0 count(s)]

------------------------------
Sort array(reversed)
------------------------------
*elapsed time=0.000070000 sec.
Array is ordered. [record(s)=1000]
Array is NOT STABLE.
[swapped=576 count(s)]

------------------------------
Sort array(ordered_without_both_ends)
------------------------------
*elapsed time=0.000031000 sec.
Array is ordered. [record(s)=1000]
Array is NOT STABLE.
[swapped=78 count(s)]

------------------------------
Sort array(hard_with_quick_sort)
------------------------------
*elapsed time=0.000210000 sec.
Array is ordered. [record(s)=1000]
Array is NOT STABLE.
[swapped=2557 count(s)]

============================================================
Sort type: [Intro sort]
* Total time       = 0.000876000 sec.
* Average time     = 0.000125143 sec.
* Min time         = 0.000005000 sec.
* Max time         = 0.000210000 sec.
* Total Swapped    =     10156 count(s)
* Average  Swapped =      1450 count(s)
* Min Swapped      =         0 count(s)
* Max Swapped      =      2557 count(s)
============================================================


============================================================
Sort type: [Radix sort]
============================================================

------------------------------
Sort array(shuffle1)
------------------------------
*elapsed time=0.000099000 sec.
Array is ordered. [record(s)=1000]
Array is stable.
[swapped=1000 count(s)]

------------------------------
Sort array(shuffle2)
------------------------------
*elapsed time=0.000087000 sec.
Array is ordered. [record(s)=1000]
Array is stable.
[swapped=997 count(s)]

------------------------------
Sort array(shuffle3)
------------------------------
*elapsed time=0.000078000 sec.
Array is ordered. [record(s)=1000]
Array is stable.
[swapped=998 count(s)]

------------------------------
Sort array(ordered)
------------------------------
*elapsed time=0.000055000 sec.
Array is ordered. [record(s)=1000]
Array is stable.
[swapped=0 count(s)]

------------------------------
Sort array(reversed)
------------------------------
*elapsed time=0.000095000 sec.
Array is ordered. [record(s)=1000]
Array is stable.
[swapped=1000 count(s)]

------------------------------
Sort array(ordered_without_both_ends)
------------------------------
*elapsed time=0.000055000 sec.
Array is ordered. [record(s)=1000]
Array is stable.
[swapped=4 count(s)]

------------------------------
Sort array(hard_with_quick_sort)
------------------------------
*elapsed time=0.000078000 sec.
Array is ordered. [record(s)=1000]
Array is stable.
[swapped=999 count(s)]

============================================================
Sort type: [Radix sort]
* Total time       = 0.000547000 sec.
* Average time     = 0.000078143 sec.
* Min time         = 0.000055000 sec.
* Max time         = 0.000099000 sec.
* Total Swapped    =      4998 count(s)
* Average  Swapped =       714 count(s)
* Min Swapped      =         0 count(s)
* Max Swapped      =      1000 count(s)
============================================================


============================================================
Result(Summary)
============================================================
Array Element size = 80 Bytes
Array Element(s)   = 1000 Count(s)
Total Array size   = 80000 Bytes
--------------------------------------------------------------------------------------------------------------------------------
- Sort name:                Elapsed Time (Sum/Average/Min/Max) [sec.]             Swapped (Sum/Average/Min/Max) [count(s)]
--------------------------------------------------------------------------------------------------------------------------------
[C-Library sort](Quick sort)
- qsort(inline-function):   0.000563000/  0.000080429/  0.000037000/  0.000112000
--------------------------------------------------------------------------------------------------------------------------------
[STL sort](Intro sort)
- std::sort(function):      0.001021000/  0.000145857/  0.000077000/  0.000201000
- std::sort(inline-func):   0.000995000/  0.000142143/  0.000075000/  0.000194000
- std::sort(functor):       0.001071000/  0.000153000/  0.000076000/  0.000204000
- std::sort(lambda):        0.001041000/  0.000148714/  0.000075000/  0.000207000
--------------------------------------------------------------------------------------------------------------------------------
[STL stable sort](Merge sort) *Not In-place sort
- std::stable_sort<S>:      0.001279000/  0.000182714/  0.000114000/  0.000234000
--------------------------------------------------------------------------------------------------------------------------------
[Exchange sorts]
- Bubble sort<S>:           0.076713000/  0.010959000/  0.000005000/  0.021012000    1618517/     231216/          0/     498501
- Shaker sort<S>:           0.073035000/  0.010433571/  0.000005000/  0.021118000    1618517/     231216/          0/     498501
- Odd-Even sort<S>:         0.255932000/  0.036561714/  0.000075000/  0.045068000    1618517/     231216/          0/     498501
- Shear sort:               0.007368000/  0.001052571/  0.000570000/  0.001340000     273809/      39115/      14850/      50925
- Comb sort:                0.001442000/  0.000206000/  0.000069000/  0.000287000      17830/       2547/          0/       4065
- Gnome sort<S>:            0.067808000/  0.009686857/  0.000004000/  0.020888000    1618517/     231216/          0/     498501
--------------------------------------------------------------------------------------------------------------------------------
[Partition-exchange sorts]
- Quick sort:               0.001109000/  0.000158429/  0.000061000/  0.000231000      12068/       1724/        333/       2813
--------------------------------------------------------------------------------------------------------------------------------
[Selection sorts]
- Selection sort:           0.012769000/  0.001824143/  0.001734000/  0.001868000       4801/        685/          0/        997
- Heap sort:                0.003931000/  0.000561571/  0.000452000/  0.000749000      75670/      10810/       8312/      15116
--------------------------------------------------------------------------------------------------------------------------------
[Insertion sorts]
- Insertion sort<S>:        0.027846000/  0.003978000/  0.000004000/  0.008433000       5963/        851/          0/        999
- Shell sort:               0.001447000/  0.000206714/  0.000020000/  0.000304000      16455/       2350/          0/       3342
--------------------------------------------------------------------------------------------------------------------------------
[Merge sorts]
- Inplace-Merge sort<S>:    0.023144000/  0.003306286/  0.000009000/  0.007023000      22704/       3243/          0/       4516
--------------------------------------------------------------------------------------------------------------------------------
[Hybrid sorts]
- Intro sort:               0.000876000/  0.000125143/  0.000005000/  0.000210000      10156/       1450/          0/       2557
--------------------------------------------------------------------------------------------------------------------------------
[Distribution sorts] *Not In-place sort
- Radix sort<S>:            0.000547000/  0.000078143/  0.000055000/  0.000099000       4998/        714/          0/       1000
--------------------------------------------------------------------------------------------------------------------------------
* <S> ... Stable sort algorithm.

--------------------------------------------------------------------------------------------------------------------------------
Functoin variation test for sort and search.
--------------------------------------------------------------------------------------------------------------------------------

[Variation test for sort(intro-sort)]
(result=2351)
(result1=2351)
(result3=2351)
(result4=2351)
(result5=2351)
(result6=2351)
(result8=2351)
(result9=2351)
(result10=2351)
(result11=2312)

[Variation test for linear-search]
target=-1
  linearSearchValue(*array_shuffle1, target);
    (data_def=0x0)
    (data1_def=0x0)
    (data2_def=0x0)
    (data3_def=0x0)
    (data4_def=0x0)
    (data5_def=0x0)
    (data8_def=0x0)
    (data9_def=0x0)
    (data10_def=0x0)
    (data11_def=0x0)
  linearSearch(*array_shuffle1, search_predicate);
    (data=0x0)
    (data1=0x0)
    (data2=0x0)
    (data3=0x0)
    (data4=0x0)
    (data5=0x0)
    (data8=0x0)
    (data9=0x0)
    (data10=0x0)
    (data11=0x0)
  linearSearchValue(*array_shuffle1, target, search_predicate_val);
    (data_val=0x0)
    (data1_val=0x0)
    (data2_val=0x0)
    (data3_val=0x0)
    (data4_val=0x0)
    (data5_val=0x0)
    (data8_val=0x0)
    (data9_val=0x0)
    (data10_val=0x0)
    (data11_val=0x0)
target=-1, linearSearch=nullptr
target=0
  linearSearchValue(*array_shuffle1, target);
    (data_def=0x800281c0)
    (data1_def=0x800281c0)
    (data2_def=0x800281c0)
    (data3_def=0x800281c0)
    (data4_def=0x800281c0)
    (data5_def=0x800281c0)
    (data8_def=0x800281c0)
    (data9_def=0x800281c0)
    (data10_def=0x800281c0)
    (data11_def=0x800281c0)
  linearSearch(*array_shuffle1, search_predicate);
    (data=0x800281c0)
    (data1=0x800281c0)
    (data2=0x800281c0)
    (data3=0x800281c0)
    (data4=0x800281c0)
    (data5=0x800281c0)
    (data8=0x800281c0)
    (data9=0x800281c0)
    (data10=0x800281c0)
    (data11=0x800281c0)
  linearSearchValue(*array_shuffle1, target, search_predicate_val);
    (data_val=0x800281c0)
    (data1_val=0x800281c0)
    (data2_val=0x800281c0)
    (data3_val=0x800281c0)
    (data4_val=0x800281c0)
    (data5_val=0x800281c0)
    (data8_val=0x800281c0)
    (data9_val=0x800281c0)
    (data10_val=0x800281c0)
    (data11_val=0x800281c0)
target=0, linearSearch=[0, 399]
target=2
  linearSearchValue(*array_shuffle1, target);
    (data_def=0x80028da0)
    (data1_def=0x80028da0)
    (data2_def=0x80028da0)
    (data3_def=0x80028da0)
    (data4_def=0x80028da0)
    (data5_def=0x80028da0)
    (data8_def=0x80028da0)
    (data9_def=0x80028da0)
    (data10_def=0x80028da0)
    (data11_def=0x80028da0)
  linearSearch(*array_shuffle1, search_predicate);
    (data=0x80028da0)
    (data1=0x80028da0)
    (data2=0x80028da0)
    (data3=0x80028da0)
    (data4=0x80028da0)
    (data5=0x80028da0)
    (data8=0x80028da0)
    (data9=0x80028da0)
    (data10=0x80028da0)
    (data11=0x80028da0)
  linearSearchValue(*array_shuffle1, target, search_predicate_val);
    (data_val=0x80028da0)
    (data1_val=0x80028da0)
    (data2_val=0x80028da0)
    (data3_val=0x80028da0)
    (data4_val=0x80028da0)
    (data5_val=0x80028da0)
    (data8_val=0x80028da0)
    (data9_val=0x80028da0)
    (data10_val=0x80028da0)
    (data11_val=0x80028da0)
target=2, linearSearch=[2, 437]
target=6
  linearSearchValue(*array_shuffle1, target);
    (data_def=0x8002dd00)
    (data1_def=0x8002dd00)
    (data2_def=0x8002dd00)
    (data3_def=0x8002dd00)
    (data4_def=0x8002dd00)
    (data5_def=0x8002dd00)
    (data8_def=0x8002dd00)
    (data9_def=0x8002dd00)
    (data10_def=0x8002dd00)
    (data11_def=0x8002dd00)
  linearSearch(*array_shuffle1, search_predicate);
    (data=0x8002dd00)
    (data1=0x8002dd00)
    (data2=0x8002dd00)
    (data3=0x8002dd00)
    (data4=0x8002dd00)
    (data5=0x8002dd00)
    (data8=0x8002dd00)
    (data9=0x8002dd00)
    (data10=0x8002dd00)
    (data11=0x8002dd00)
  linearSearchValue(*array_shuffle1, target, search_predicate_val);
    (data_val=0x8002dd00)
    (data1_val=0x8002dd00)
    (data2_val=0x8002dd00)
    (data3_val=0x8002dd00)
    (data4_val=0x8002dd00)
    (data5_val=0x8002dd00)
    (data8_val=0x8002dd00)
    (data9_val=0x8002dd00)
    (data10_val=0x8002dd00)
    (data11_val=0x8002dd00)
target=6, linearSearch=[6, 691]
target=14
  linearSearchValue(*array_shuffle1, target);
    (data_def=0x800240c0)
    (data1_def=0x800240c0)
    (data2_def=0x800240c0)
    (data3_def=0x800240c0)
    (data4_def=0x800240c0)
    (data5_def=0x800240c0)
    (data8_def=0x800240c0)
    (data9_def=0x800240c0)
    (data10_def=0x800240c0)
    (data11_def=0x800240c0)
  linearSearch(*array_shuffle1, search_predicate);
    (data=0x800240c0)
    (data1=0x800240c0)
    (data2=0x800240c0)
    (data3=0x800240c0)
    (data4=0x800240c0)
    (data5=0x800240c0)
    (data8=0x800240c0)
    (data9=0x800240c0)
    (data10=0x800240c0)
    (data11=0x800240c0)
  linearSearchValue(*array_shuffle1, target, search_predicate_val);
    (data_val=0x800240c0)
    (data1_val=0x800240c0)
    (data2_val=0x800240c0)
    (data3_val=0x800240c0)
    (data4_val=0x800240c0)
    (data5_val=0x800240c0)
    (data8_val=0x800240c0)
    (data9_val=0x800240c0)
    (data10_val=0x800240c0)
    (data11_val=0x800240c0)
target=14, linearSearch=[14, 191]
target=30
  linearSearchValue(*array_shuffle1, target);
    (data_def=0x8002a290)
    (data1_def=0x8002a290)
    (data2_def=0x8002a290)
    (data3_def=0x8002a290)
    (data4_def=0x8002a290)
    (data5_def=0x8002a290)
    (data8_def=0x8002a290)
    (data9_def=0x8002a290)
    (data10_def=0x8002a290)
    (data11_def=0x8002a290)
  linearSearch(*array_shuffle1, search_predicate);
    (data=0x8002a290)
    (data1=0x8002a290)
    (data2=0x8002a290)
    (data3=0x8002a290)
    (data4=0x8002a290)
    (data5=0x8002a290)
    (data8=0x8002a290)
    (data9=0x8002a290)
    (data10=0x8002a290)
    (data11=0x8002a290)
  linearSearchValue(*array_shuffle1, target, search_predicate_val);
    (data_val=0x8002a290)
    (data1_val=0x8002a290)
    (data2_val=0x8002a290)
    (data3_val=0x8002a290)
    (data4_val=0x8002a290)
    (data5_val=0x8002a290)
    (data8_val=0x8002a290)
    (data9_val=0x8002a290)
    (data10_val=0x8002a290)
    (data11_val=0x8002a290)
target=30, linearSearch=[30, 504]
target=62
  linearSearchValue(*array_shuffle1, target);
    (data_def=0x80029610)
    (data1_def=0x80029610)
    (data2_def=0x80029610)
    (data3_def=0x80029610)
    (data4_def=0x80029610)
    (data5_def=0x80029610)
    (data8_def=0x80029610)
    (data9_def=0x80029610)
    (data10_def=0x80029610)
    (data11_def=0x80029610)
  linearSearch(*array_shuffle1, search_predicate);
    (data=0x80029610)
    (data1=0x80029610)
    (data2=0x80029610)
    (data3=0x80029610)
    (data4=0x80029610)
    (data5=0x80029610)
    (data8=0x80029610)
    (data9=0x80029610)
    (data10=0x80029610)
    (data11=0x80029610)
  linearSearchValue(*array_shuffle1, target, search_predicate_val);
    (data_val=0x80029610)
    (data1_val=0x80029610)
    (data2_val=0x80029610)
    (data3_val=0x80029610)
    (data4_val=0x80029610)
    (data5_val=0x80029610)
    (data8_val=0x80029610)
    (data9_val=0x80029610)
    (data10_val=0x80029610)
    (data11_val=0x80029610)
target=62, linearSearch=[62, 464]
target=126
  linearSearchValue(*array_shuffle1, target);
    (data_def=0x800229f0)
    (data1_def=0x800229f0)
    (data2_def=0x800229f0)
    (data3_def=0x800229f0)
    (data4_def=0x800229f0)
    (data5_def=0x800229f0)
    (data8_def=0x800229f0)
    (data9_def=0x800229f0)
    (data10_def=0x800229f0)
    (data11_def=0x800229f0)
  linearSearch(*array_shuffle1, search_predicate);
    (data=0x800229f0)
    (data1=0x800229f0)
    (data2=0x800229f0)
    (data3=0x800229f0)
    (data4=0x800229f0)
    (data5=0x800229f0)
    (data8=0x800229f0)
    (data9=0x800229f0)
    (data10=0x800229f0)
    (data11=0x800229f0)
  linearSearchValue(*array_shuffle1, target, search_predicate_val);
    (data_val=0x800229f0)
    (data1_val=0x800229f0)
    (data2_val=0x800229f0)
    (data3_val=0x800229f0)
    (data4_val=0x800229f0)
    (data5_val=0x800229f0)
    (data8_val=0x800229f0)
    (data9_val=0x800229f0)
    (data10_val=0x800229f0)
    (data11_val=0x800229f0)
target=126, linearSearch=[126, 118]
target=254
  linearSearchValue(*array_shuffle1, target);
    (data_def=0x80027220)
    (data1_def=0x80027220)
    (data2_def=0x80027220)
    (data3_def=0x80027220)
    (data4_def=0x80027220)
    (data5_def=0x80027220)
    (data8_def=0x80027220)
    (data9_def=0x80027220)
    (data10_def=0x80027220)
    (data11_def=0x80027220)
  linearSearch(*array_shuffle1, search_predicate);
    (data=0x80027220)
    (data1=0x80027220)
    (data2=0x80027220)
    (data3=0x80027220)
    (data4=0x80027220)
    (data5=0x80027220)
    (data8=0x80027220)
    (data9=0x80027220)
    (data10=0x80027220)
    (data11=0x80027220)
  linearSearchValue(*array_shuffle1, target, search_predicate_val);
    (data_val=0x80027220)
    (data1_val=0x80027220)
    (data2_val=0x80027220)
    (data3_val=0x80027220)
    (data4_val=0x80027220)
    (data5_val=0x80027220)
    (data8_val=0x80027220)
    (data9_val=0x80027220)
    (data10_val=0x80027220)
    (data11_val=0x80027220)
target=254, linearSearch=[254, 349]

[Variation test for binary-search]
target=-1
  binarySearchValue(*array_shuffle1, target);
    (data_def=0x0)
    (data1_def=0x0)
    (data2_def=0x0)
    (data3_def=0x0)
    (data4_def=0x0)
    (data5_def=0x0)
    (data8_def=0x0)
    (data9_def=0x0)
   (data10_def=0x0)
    (data11_def=0x0)
  binarySearch(*array_shuffle1, search_comparison);
    (data=0x0)
    (data1=0x0)
    (data2=0x0)
    (data3=0x0)
    (data4=0x0)
    (data5=0x0)
    (data8=0x0)
    (data9=0x0)
    (data10=0x0)
    (data11=0x0)
  binarySearchValue(*array_shuffle1, target, search_comparison_val);
    (data_val=0x0)
    (data1_val=0x0)
    (data2_val=0x0)
    (data3_val=0x0)
    (data4_val=0x0)
    (data5_val=0x0)
    (data8_val=0x0)
    (data9_val=0x0)
    (data10_val=0x0)
    (data11_val=0x0)
target=-1, binarySearch=nullptr
target=0
  binarySearchValue(*array_shuffle1, target);
    (data_def=0x80020510)
    (data1_def=0x80020510)
    (data2_def=0x80020510)
    (data3_def=0x80020510)
    (data4_def=0x80020510)
    (data5_def=0x80020510)
    (data8_def=0x80020510)
    (data9_def=0x80020510)
   (data10_def=0x80020510)
    (data11_def=0x80020510)
  binarySearch(*array_shuffle1, search_comparison);
    (data=0x80020510)
    (data1=0x80020510)
    (data2=0x80020510)
    (data3=0x80020510)
    (data4=0x80020510)
    (data5=0x80020510)
    (data8=0x80020510)
    (data9=0x80020510)
    (data10=0x80020510)
    (data11=0x80020510)
  binarySearchValue(*array_shuffle1, target, search_comparison_val);
    (data_val=0x80020510)
    (data1_val=0x80020510)
    (data2_val=0x80020510)
    (data3_val=0x80020510)
    (data4_val=0x80020510)
    (data5_val=0x80020510)
    (data8_val=0x80020510)
    (data9_val=0x80020510)
    (data10_val=0x80020510)
    (data11_val=0x80020510)
target=0, binarySearch=[0, 399]
target=2
  binarySearchValue(*array_shuffle1, target);
    (data_def=0x800206f0)
    (data1_def=0x800206f0)
    (data2_def=0x800206f0)
    (data3_def=0x800206f0)
    (data4_def=0x800206f0)
    (data5_def=0x800206f0)
    (data8_def=0x800206f0)
    (data9_def=0x800206f0)
   (data10_def=0x800206f0)
    (data11_def=0x800206f0)
  binarySearch(*array_shuffle1, search_comparison);
    (data=0x800206f0)
    (data1=0x800206f0)
    (data2=0x800206f0)
    (data3=0x800206f0)
    (data4=0x800206f0)
    (data5=0x800206f0)
    (data8=0x800206f0)
    (data9=0x800206f0)
    (data10=0x800206f0)
    (data11=0x800206f0)
  binarySearchValue(*array_shuffle1, target, search_comparison_val);
    (data_val=0x800206f0)
    (data1_val=0x800206f0)
    (data2_val=0x800206f0)
    (data3_val=0x800206f0)
    (data4_val=0x800206f0)
    (data5_val=0x800206f0)
    (data8_val=0x800206f0)
    (data9_val=0x800206f0)
    (data10_val=0x800206f0)
    (data11_val=0x800206f0)
target=2, binarySearch=[2, 736]
target=6
  binarySearchValue(*array_shuffle1, target);
    (data_def=0x80020ab0)
    (data1_def=0x80020ab0)
    (data2_def=0x80020ab0)
    (data3_def=0x80020ab0)
    (data4_def=0x80020ab0)
    (data5_def=0x80020ab0)
    (data8_def=0x80020ab0)
    (data9_def=0x80020ab0)
   (data10_def=0x80020ab0)
    (data11_def=0x80020ab0)
  binarySearch(*array_shuffle1, search_comparison);
    (data=0x80020ab0)
    (data1=0x80020ab0)
    (data2=0x80020ab0)
    (data3=0x80020ab0)
    (data4=0x80020ab0)
    (data5=0x80020ab0)
    (data8=0x80020ab0)
    (data9=0x80020ab0)
    (data10=0x80020ab0)
    (data11=0x80020ab0)
  binarySearchValue(*array_shuffle1, target, search_comparison_val);
    (data_val=0x80020ab0)
    (data1_val=0x80020ab0)
    (data2_val=0x80020ab0)
    (data3_val=0x80020ab0)
    (data4_val=0x80020ab0)
    (data5_val=0x80020ab0)
    (data8_val=0x80020ab0)
    (data9_val=0x80020ab0)
    (data10_val=0x80020ab0)
    (data11_val=0x80020ab0)
target=6, binarySearch=[6, 817]
target=14
  binarySearchValue(*array_shuffle1, target);
    (data_def=0x80021230)
    (data1_def=0x80021230)
    (data2_def=0x80021230)
    (data3_def=0x80021230)
    (data4_def=0x80021230)
    (data5_def=0x80021230)
    (data8_def=0x80021230)
    (data9_def=0x80021230)
   (data10_def=0x80021230)
    (data11_def=0x80021230)
  binarySearch(*array_shuffle1, search_comparison);
    (data=0x80021230)
    (data1=0x80021230)
    (data2=0x80021230)
    (data3=0x80021230)
    (data4=0x80021230)
    (data5=0x80021230)
    (data8=0x80021230)
    (data9=0x80021230)
    (data10=0x80021230)
    (data11=0x80021230)
  binarySearchValue(*array_shuffle1, target, search_comparison_val);
    (data_val=0x80021230)
    (data1_val=0x80021230)
    (data2_val=0x80021230)
    (data3_val=0x80021230)
    (data4_val=0x80021230)
    (data5_val=0x80021230)
    (data8_val=0x80021230)
    (data9_val=0x80021230)
    (data10_val=0x80021230)
    (data11_val=0x80021230)
target=14, binarySearch=[14, 462]
target=30
  binarySearchValue(*array_shuffle1, target);
    (data_def=0x80022130)
    (data1_def=0x80022130)
    (data2_def=0x80022130)
    (data3_def=0x80022130)
    (data4_def=0x80022130)
    (data5_def=0x80022130)
    (data8_def=0x80022130)
    (data9_def=0x80022130)
   (data10_def=0x80022130)
    (data11_def=0x80022130)
  binarySearch(*array_shuffle1, search_comparison);
    (data=0x80022130)
    (data1=0x80022130)
    (data2=0x80022130)
    (data3=0x80022130)
    (data4=0x80022130)
    (data5=0x80022130)
    (data8=0x80022130)
    (data9=0x80022130)
    (data10=0x80022130)
    (data11=0x80022130)
  binarySearchValue(*array_shuffle1, target, search_comparison_val);
    (data_val=0x80022130)
    (data1_val=0x80022130)
    (data2_val=0x80022130)
    (data3_val=0x80022130)
    (data4_val=0x80022130)
    (data5_val=0x80022130)
    (data8_val=0x80022130)
    (data9_val=0x80022130)
    (data10_val=0x80022130)
    (data11_val=0x80022130)
target=30, binarySearch=[30, 723]
target=62
  binarySearchValue(*array_shuffle1, target);
    (data_def=0x80023f30)
    (data1_def=0x80023f30)
    (data2_def=0x80023f30)
    (data3_def=0x80023f30)
    (data4_def=0x80023f30)
    (data5_def=0x80023f30)
    (data8_def=0x80023f30)
    (data9_def=0x80023f30)
   (data10_def=0x80023f30)
    (data11_def=0x80023f30)
  binarySearch(*array_shuffle1, search_comparison);
    (data=0x80023f30)
    (data1=0x80023f30)
    (data2=0x80023f30)
    (data3=0x80023f30)
    (data4=0x80023f30)
    (data5=0x80023f30)
    (data8=0x80023f30)
    (data9=0x80023f30)
    (data10=0x80023f30)
    (data11=0x80023f30)
  binarySearchValue(*array_shuffle1, target, search_comparison_val);
    (data_val=0x80023f30)
    (data1_val=0x80023f30)
    (data2_val=0x80023f30)
    (data3_val=0x80023f30)
    (data4_val=0x80023f30)
    (data5_val=0x80023f30)
    (data8_val=0x80023f30)
    (data9_val=0x80023f30)
    (data10_val=0x80023f30)
    (data11_val=0x80023f30)
target=62, binarySearch=[62, 831]
target=126
  binarySearchValue(*array_shuffle1, target);
    (data_def=0x80027b30)
    (data1_def=0x80027b30)
    (data2_def=0x80027b30)
    (data3_def=0x80027b30)
    (data4_def=0x80027b30)
    (data5_def=0x80027b30)
    (data8_def=0x80027b30)
    (data9_def=0x80027b30)
   (data10_def=0x80027b30)
    (data11_def=0x80027b30)
  binarySearch(*array_shuffle1, search_comparison);
    (data=0x80027b30)
    (data1=0x80027b30)
    (data2=0x80027b30)
    (data3=0x80027b30)
    (data4=0x80027b30)
    (data5=0x80027b30)
    (data8=0x80027b30)
    (data9=0x80027b30)
    (data10=0x80027b30)
    (data11=0x80027b30)
  binarySearchValue(*array_shuffle1, target, search_comparison_val);
    (data_val=0x80027b30)
    (data1_val=0x80027b30)
    (data2_val=0x80027b30)
    (data3_val=0x80027b30)
    (data4_val=0x80027b30)
    (data5_val=0x80027b30)
    (data8_val=0x80027b30)
    (data9_val=0x80027b30)
    (data10_val=0x80027b30)
    (data11_val=0x80027b30)
target=126, binarySearch=[126, 439]
target=254
  binarySearchValue(*array_shuffle1, target);
    (data_def=0x8002f330)
    (data1_def=0x8002f330)
    (data2_def=0x8002f330)
    (data3_def=0x8002f330)
    (data4_def=0x8002f330)
    (data5_def=0x8002f330)
    (data8_def=0x8002f330)
    (data9_def=0x8002f330)
   (data10_def=0x8002f330)
    (data11_def=0x8002f330)
  binarySearch(*array_shuffle1, search_comparison);
    (data=0x8002f330)
    (data1=0x8002f330)
    (data2=0x8002f330)
    (data3=0x8002f330)
    (data4=0x8002f330)
    (data5=0x8002f330)
    (data8=0x8002f330)
    (data9=0x8002f330)
    (data10=0x8002f330)
    (data11=0x8002f330)
  binarySearchValue(*array_shuffle1, target, search_comparison_val);
    (data_val=0x8002f330)
    (data1_val=0x8002f330)
    (data2_val=0x8002f330)
    (data3_val=0x8002f330)
    (data4_val=0x8002f330)
    (data5_val=0x8002f330)
    (data8_val=0x8002f330)
    (data9_val=0x8002f330)
    (data10_val=0x8002f330)
    (data11_val=0x8002f330)
target=254, binarySearch=[254, 810]
============================================================
Finalize
============================================================
----- Delete array(shuffle1) -----
----- Delete array(shuffle2) -----
----- Delete array(shuffle3) -----
----- Delete array(ordered) -----
----- Delete array(reversed) -----
----- Delete array(ordered_without_both_ends) -----
----- Delete array(hard_with_quick_sort) -----


============================================================
End
============================================================
*elapsed time=0.572225000 sec.
