--- Make table ---
[ 6:1006] [ 6:1006] [ 8:1008] [ 9:1009] [ 7:1007] [ 9:1009] [ 6:1006] [ 9:1009] [ 5:1005] [ 7:1007] [ 7:1007] [ 4:1004] [ 5:1005] [ 3:1003] [ 9:1009] [ 1:1001] [10:1010] [ 3:1003] [ 4:1004] [ 5:1005] 
20 registered.
*elapsed_time=0.000114000 sec
--- Show tree (count=20) ---
depth_max=4 (limit for showing=4)
                      .----------------------{ 7:B}----------------------.                      
          .----------{ 5:R}----------.                    .----------{ 9:B}----------.          
    .----{ 3:B}----.        .----{ 6:B}----.        .----{ 7:R}----.        .----{ 9:R}----.    
   [ 1:B]    .-{ 4:B}-.  .-{ 5:R}-.    [ 6:B]      [ 7:B]      [ 8:B]      [ 9:B]      [ 9:B}-. 
            [ 3:R][ 4:R][ 5:B][ 6:B]                                                      [10:R]
*elapsed_time=0.000101000 sec
--- Show nodes count (count=20) ---
depth_max=4, width_max=16
    0:[ 1] blacks=3, reds=1, total=4 (illegal=0)
    2:[ 3] blacks=3, reds=2, total=5 (illegal=0)
    3:[ 4] blacks=3, reds=2, total=5 (illegal=0)
    4:[ 5] blacks=3, reds=2, total=5 (illegal=0)
    5:[ 6] blacks=3, reds=2, total=5 (illegal=0)
    6:[ 6] blacks=3, reds=1, total=4 (illegal=0)
    8:[ 7] blacks=3, reds=1, total=4 (illegal=0)
   10:[ 8] blacks=3, reds=1, total=4 (illegal=0)
   12:[ 9] blacks=3, reds=1, total=4 (illegal=0)
   14:[ 9] blacks=3, reds=1, total=4 (illegal=0)
   15:[10] blacks=3, reds=2, total=5 (illegal=0)
max: blacks=3, reds=2, total=5
min: blacks=3, reds=1, total=4
diff:blacks=0, reds=1, total=1 (illegal=0)
*elapsed_time=0.000030000 sec
--- Show nodes ascending (count=20) ---
[ 1] [ 3] [ 3] [ 4] [ 4] [ 5] [ 5] [ 5] [ 6] [ 6] [ 6] [ 7] [ 7] [ 7] [ 8] [ 9] [ 9] [ 9] [ 9] [10] 
*elapsed_time=0.000016000 sec
--- Show nodes descending (count=20) ---
[10] [ 9] [ 9] [ 9] [ 9] [ 8] [ 7] [ 7] [ 7] [ 6] [ 6] [ 6] [ 5] [ 5] [ 5] [ 4] [ 4] [ 3] [ 3] [ 1] 
*elapsed_time=0.000016000 sec
--- Search node ---
 1(1):[ 1] 
 3(2):[ 3] [ 3] 
 4(2):[ 4] [ 4] 
 5(3):[ 5] [ 5] [ 5] 
 6(3):[ 6] [ 6] [ 6] 
 7(3):[ 7] [ 7] [ 7] 
 8(1):[ 8] 
 9(4):[ 9] [ 9] [ 9] [ 9] 
*elapsed_time=0.000033000 sec
--- Search nearest node for smaller ---
*elapsed_time=0.000007000 sec
--- Search nearest node for larger ---
*elapsed_time=0.000007000 sec
--- Remove nodes ---
[ 5] [10] [ 8] [ 1] [ 4] 5 removed.
*elapsed_time=0.000034000 sec
--- Show tree (count=15) ---
depth_max=4 (limit for showing=4)
                      .----------------------{ 7:B}----------------------.                      
          .----------{ 5:R}----------.                    .----------{ 9:B}----------.          
    .----{ 4:B}----.        .----{ 6:B}----.        .----{ 7:B]             .----{ 9:R}----.    
 .-{ 3:B]      [ 5:B]      [ 6:B]      [ 6:B]      [ 7:R]                  [ 9:B]      [ 9:B]   
[ 3:R]                                                                                          
*elapsed_time=0.000082000 sec
--- Show nodes count (count=15) ---
depth_max=4, width_max=16
    0:[ 3] blacks=3, reds=2, total=5 (illegal=0)
    1:[ 3] blacks=3, reds=1, total=4 (illegal=0)
    2:[ 5] blacks=3, reds=1, total=4 (illegal=0)
    4:[ 6] blacks=3, reds=1, total=4 (illegal=0)
    6:[ 6] blacks=3, reds=1, total=4 (illegal=0)
    8:[ 7] blacks=3, reds=1, total=4 (illegal=0)
   10:[ 7] blacks=3, reds=0, total=3 (illegal=0)
   12:[ 9] blacks=3, reds=1, total=4 (illegal=0)
   14:[ 9] blacks=3, reds=1, total=4 (illegal=0)
max: blacks=3, reds=2, total=5
min: blacks=3, reds=0, total=3
diff:blacks=0, reds=2, total=2 (illegal=0)
*elapsed_time=0.000018000 sec
--- Show nodes ascending (count=15) ---
[ 3] [ 3] [ 4] [ 5] [ 5] [ 6] [ 6] [ 6] [ 7] [ 7] [ 7] [ 9] [ 9] [ 9] [ 9] 
*elapsed_time=0.000011000 sec
--- Remove each-key nodes ---
0 removed.
*elapsed_time=0.000008000 sec
--- Show tree (count=15) ---
depth_max=4 (limit for showing=4)
                      .----------------------{ 7:B}----------------------.                      
          .----------{ 5:R}----------.                    .----------{ 9:B}----------.          
    .----{ 4:B}----.        .----{ 6:B}----.        .----{ 7:B]             .----{ 9:R}----.    
 .-{ 3:B]      [ 5:B]      [ 6:B]      [ 6:B]      [ 7:R]                  [ 9:B]      [ 9:B]   
[ 3:R]                                                                                          
*elapsed_time=0.000081000 sec
--- Show nodes count (count=15) ---
depth_max=4, width_max=16
    0:[ 3] blacks=3, reds=2, total=5 (illegal=0)
    1:[ 3] blacks=3, reds=1, total=4 (illegal=0)
    2:[ 5] blacks=3, reds=1, total=4 (illegal=0)
    4:[ 6] blacks=3, reds=1, total=4 (illegal=0)
    6:[ 6] blacks=3, reds=1, total=4 (illegal=0)
    8:[ 7] blacks=3, reds=1, total=4 (illegal=0)
   10:[ 7] blacks=3, reds=0, total=3 (illegal=0)
   12:[ 9] blacks=3, reds=1, total=4 (illegal=0)
   14:[ 9] blacks=3, reds=1, total=4 (illegal=0)
max: blacks=3, reds=2, total=5
min: blacks=3, reds=0, total=3
diff:blacks=0, reds=2, total=2 (illegal=0)
*elapsed_time=0.000018000 sec
--- Show nodes ascending (count=15) ---
[ 3] [ 3] [ 4] [ 5] [ 5] [ 6] [ 6] [ 6] [ 7] [ 7] [ 7] [ 9] [ 9] [ 9] [ 9] 
*elapsed_time=0.000010000 sec
--- Remove all nodes ---
0 removed.
*elapsed_time=0.000007000 sec
--- Show tree (count=15) ---
depth_max=4 (limit for showing=4)
                      .----------------------{ 7:B}----------------------.                      
          .----------{ 5:R}----------.                    .----------{ 9:B}----------.          
    .----{ 4:B}----.        .----{ 6:B}----.        .----{ 7:B]             .----{ 9:R}----.    
 .-{ 3:B]      [ 5:B]      [ 6:B]      [ 6:B]      [ 7:R]                  [ 9:B]      [ 9:B]   
[ 3:R]                                                                                          
*elapsed_time=0.000082000 sec
--- Show nodes count (count=15) ---
depth_max=4, width_max=16
    0:[ 3] blacks=3, reds=2, total=5 (illegal=0)
    1:[ 3] blacks=3, reds=1, total=4 (illegal=0)
    2:[ 5] blacks=3, reds=1, total=4 (illegal=0)
    4:[ 6] blacks=3, reds=1, total=4 (illegal=0)
    6:[ 6] blacks=3, reds=1, total=4 (illegal=0)
    8:[ 7] blacks=3, reds=1, total=4 (illegal=0)
   10:[ 7] blacks=3, reds=0, total=3 (illegal=0)
   12:[ 9] blacks=3, reds=1, total=4 (illegal=0)
   14:[ 9] blacks=3, reds=1, total=4 (illegal=0)
max: blacks=3, reds=2, total=5
min: blacks=3, reds=0, total=3
diff:blacks=0, reds=2, total=2 (illegal=0)
*elapsed_time=0.000018000 sec
--- Show nodes ascending (count=15) ---
[ 3] [ 3] [ 4] [ 5] [ 5] [ 6] [ 6] [ 6] [ 7] [ 7] [ 7] [ 9] [ 9] [ 9] [ 9] 
*elapsed_time=0.000010000 sec
--- end ---
*elapsed_time=0.000708000 sec

--- example_simple_linked_list ---
data = {0xc02b79a5,15} {0xe68a9e4d,13} {0x07b1eeba,11}
.findValue("KEY5"): ite={0xc02b79a5, 15}
data = {0xc02b79a5,{5,6}} {0xe68a9e4d,{3,4}} {0x07b1eeba,{1,2}}
.findValue("KEY5"): ite={0xc02b79a5,{5:6}}
