[93;41;4mmessage for Standard[0m
[93;41;4mmessage for TTY (stdout)[0m
message for Mono-TTY (stdout)
[93;41;4mmessage for Win (stdout)[0m
message for Mono-Win (stdout)
[93;41;4mmessage for VS[0m

--------------------------------------------------------------------------------
[ Enumeration of all log-levels ]

[37;100m[ 0]( 0)"asMoreDetail"[0m
[37;100m	console: "TTY(stdout)"(WHITE+iBLACK)[0m
	notice: "vs-console *CUSTOM*"(STANDARD+STANDARD)
[90;49m	next: [ 1]( 4)"asVerbose[0m
[90;49m[ 1]( 4)"asVerbose"[0m
[90;49m	console: "TTY(stdout)"(iBLACK+STANDARD)[0m
[90;107m	notice: "vs-console *CHANGED*"(iBLACK+iWHITE)[0m
[37;100m	prev: [ 0]( 0)"asMoreDetail"[0m
	next: [ 3](12)"asNormal
[90;49m[ 1]( 5)"asDetail"[0m
[90;49m	console: "TTY(stdout)"(iBLACK+STANDARD)[0m
[90;107m	notice: "vs-console *CHANGED*"(iBLACK+iWHITE)[0m
[37;100m	prev: [ 0]( 0)"asMoreDetail"[0m
	next: [ 3](12)"asNormal
[ 3](12)"asNormal"
	console: "win-console *CHANGED*"(STANDARD+STANDARD)
[30;107m	notice: "vs-console *CHANGED*"(BLACK+iWHITE)[0m
[90;49m	prev: [ 1]( 5)"asDetail"[0m
[36;49m	next: [ 4](17)"asAboveNormal[0m
[36;49m[ 4](17)"asAboveNormal"[0m
[36;49m	console: "TTY(stdout)"(CYAN+STANDARD)[0m
	prev: [ 3](12)"asNormal"
[94;40m	next: [ 5](20)"asImportant[0m
[94;40m[ 5](20)"asImportant"[0m
[94;40m	console: "TTY(stdout)"(iBLUE+BLACK)[0m
[94;107m	notice: "vs-console *CHANGED*"(iBLUE+iWHITE)[0m
	prev: [ 3](12)"asNormal"
[95;49m	next: [ 7](28)"asWarning[0m
[30;105m	notice: "vs-console *CHANGED*"(BLACK+iMAGENTA)[0m
[93;101m	notice: "vs-console *CHANGED*"(iYELLOW+iRED)[0m
[11](44)"asAbsolute"
	console: "TTY(stdout)"(STANDARD+STANDARD)
	notice: "vs-console *CHANGED*"(STANDARD+STANDARD)
[91;49m	prev: [ 9](36)"asCritical"[0m
[11](SP47)"asSilent"
[12](SP48)"asSilentAbsolutely"

--------------------------------------------------------------------------------
[ Enumeration of all log-categories ]

( 0)"forAny"
( 3)"forFileSystem"
( 4)"forResource"
( 5)"for3D"
( 6)"for2D"
( 7)"forSound"
(10)"forMiniGame"
(20)"forTARO"
	console: "vs-console *Category CUSTOM*"
(21)"forJIRO"
	console: "vs-console *Category CUSTOM*"
(SP64)"forEvery"
(SP65)"forCallPoint"
(SP66)"forCriticalCallPoint"

--------------------------------------------------------------------------------
[ Test for change log-level-mask & log-attribute ]

1:mask: refType=0, level=4
1:attr: refType=0, attr=0x00000000
2:mask: refType=2, level=4
2:attr: refType=2, attr=0x00000000
2a:mask: refType=0, level=4
2a:attr: refType=0, attr=0x00000000
2b:mask: refType=0, level=4
2b:attr: refType=0, attr=0x00000000
2c:mask: refType=2, level=4
2c:attr: refType=2, attr=0x00000000
3:mask: refType=2, level=12
3:attr: refType=2, attr=0x00801000
4:mask: refType=1, level=12
4:attr: refType=1, attr=0x00801000
5:mask: refType=1, level=12
5:attr: refType=1, attr=0x00801000
6:mask: refType=2, level=12
6:attr: refType=2, attr=0x00801000
7:mask: refType=2, level=5
7:attr: refType=2, attr=0x01000800
7a:mask: refType=2, level=12
7a:attr: refType=2, attr=0x00801000
7b:mask: refType=0, level=4
7b:attr: refType=0, attr=0x00000000
7bx:mask: refType=1, level=4
7bx:attr: refType=1, attr=0x00000000
7bx2:mask: refType=2, level=4
7bx2:attr: refType=2, attr=0x00000000
7bx3:mask: refType=2, level=48
7bx3:attr: refType=2, attr=0x00001800
7bx4:mask: refType=0, level=4
7bx4:attr: refType=0, attr=0x00000000
7bx4:mask2: refType=2, level=48
7bx4:attr2: refType=2, attr=0x00001800
7bx5:mask: refType=0, level=4
7bx5:attr: refType=0, attr=0x00000000
7bx5:mask2: refType=0, level=4
7bx5:attr2: refType=0, attr=0x00000000
7bx5:mask3: refType=2, level=48
7bx5:attr3: refType=2, attr=0x00001800
7bxx:mask: refType=1, level=48
7bxx:attr: refType=1, attr=0x00001800
7c:mask: refType=2, level=12
7c:attr: refType=2, attr=0x00801000
7d:mask: refType=1, level=12
7d:attr: refType=1, attr=0x00801000
7e:mask: refType=0, level=4
7e:attr: refType=0, attr=0x00000000
7f:mask: refType=2, level=12
7f:attr: refType=2, attr=0x00801000
7g:mask: refType=0, level=4
7g:attr: refType=0, attr=0x00000000
8:mask: refType=1, level=12
8:attr: refType=1, attr=0x00801000
9:mask: refType=2, level=12
9:attr: refType=2, attr=0x00801000
9a:mask: refType=2, level=48
9a:attr: refType=2, attr=0x00001800
10:mask: refType=0, level=4
10:attr: refType=0, attr=0x00000000

--------------------------------------------------------------------------------
[ Enumeration of all log-level-masks : Test for put message asDetail ]

( 0)"forAny"
[90;49m	mask(of log): ( 4)"asVerbose"[0m
[90;49m		OK ... log-message: ( 5)"asDetail", "TTY(stdout)"[0m
[93;101m	mask(of notice): (36)"asCritical"[0m
[93;101m		OK ... [90;107mnotice-message: ( 5)"asDetail", "vs-console *CHANGED*"[0m
( 1)"forDummy"[0m
[90;49m	mask(of log): ( 4)"asVerbose"[0m
[90;49m		OK ... log-message: ( 5)"asDetail", "Dummy"[0m
[93;101m	mask(of notice): (36)"asCritical"[0m
[93;101m		OK ... [90;107mnotice-message: ( 5)"asDetail", "Dummy"[0m
( 2)"forNotice"[0m
[90;49m	mask(of log): ( 4)"asVerbose"[0m
[90;49m		OK ... log-message: ( 5)"asDetail", "Dummy"[0m
[93;101m	mask(of notice): (36)"asCritical"[0m
[93;101m		OK ... [90;107mnotice-message: ( 5)"asDetail", "TTY(stderr)"[0m
( 3)"forFileSystem"[0m
[90;49m	mask(of log): ( 4)"asVerbose"[0m
[90;49m		OK ... log-message: ( 5)"asDetail", "TTY(stdout)"[0m
[93;101m	mask(of notice): (36)"asCritical"[0m
[93;101m		OK ... [90;107mnotice-message: ( 5)"asDetail", "vs-console *CHANGED*"[0m
( 4)"forResource"[0m
[90;49m	mask(of log): ( 4)"asVerbose"[0m
[90;49m		OK ... log-message: ( 5)"asDetail", "TTY(stdout)"[0m
[93;101m	mask(of notice): (36)"asCritical"[0m
[93;101m		OK ... [90;107mnotice-message: ( 5)"asDetail", "vs-console *CHANGED*"[0m
( 5)"for3D"[0m
[90;49m	mask(of log): ( 4)"asVerbose"[0m
[90;49m		OK ... log-message: ( 5)"asDetail", "TTY(stdout)"[0m
[93;101m	mask(of notice): (36)"asCritical"[0m
[93;101m		OK ... [90;107mnotice-message: ( 5)"asDetail", "vs-console *CHANGED*"[0m
( 6)"for2D"[0m
[90;49m	mask(of log): ( 4)"asVerbose"[0m
[90;49m		OK ... log-message: ( 5)"asDetail", "TTY(stdout)"[0m
[93;101m	mask(of notice): (36)"asCritical"[0m
[93;101m		OK ... [90;107mnotice-message: ( 5)"asDetail", "vs-console *CHANGED*"[0m
( 7)"forSound"[0m
[90;49m	mask(of log): ( 4)"asVerbose"[0m
[90;49m		OK ... log-message: ( 5)"asDetail", "TTY(stdout)"[0m
[93;101m	mask(of notice): (36)"asCritical"[0m
[93;101m		OK ... [90;107mnotice-message: ( 5)"asDetail", "vs-console *CHANGED*"[0m
(10)"forMiniGame"[0m
[90;49m	mask(of log): ( 4)"asVerbose"[0m
[90;49m		OK ... log-message: ( 5)"asDetail", "TTY(stdout)"[0m
[93;101m	mask(of notice): (36)"asCritical"[0m
[93;101m		OK ... [90;107mnotice-message: ( 5)"asDetail", "vs-console *CHANGED*"[0m
(20)"forTARO"[0m
[90;49m	mask(of log): ( 5)"asDetail"[0m
[90;49m		OK ... log-message: ( 5)"asDetail", "vs-console *Category CUSTOM*"[0m
[30;107m	mask(of notice): (12)"asNormal"[0m
[30;107m		OK ... [90;107mnotice-message: ( 5)"asDetail", "vs-console *CHANGED*"[0m
(21)"forJIRO"[0m
	mask(of log): (47)"asSilent"
		OK ... [90;49mlog-message: ( 5)"asDetail", "vs-console *Category CUSTOM*"[0m
	mask(of notice): (48)"asSilentAbsolutely"
		OK ... [90;107mnotice-message: ( 5)"asDetail", "vs-console *CHANGED*"[0m

--------------------------------------------------------------------------------
[ Enumeration of all log-level-masks : Test for put message asNormal ]

( 0)"forAny"
[90;49m	mask(of log): ( 4)"asVerbose"[0m
[90;49m		OK ... log-message: (12)"asNormal", "win-console *CHANGED*"
[93;101m	mask(of notice): (36)"asCritical"[0m
[93;101m		OK ... [30;107mnotice-message: (12)"asNormal", "vs-console *CHANGED*"[0m
( 1)"forDummy"[0m
[90;49m	mask(of log): ( 4)"asVerbose"[0m
[90;49m		OK ... log-message: (12)"asNormal", "Dummy"
[93;101m	mask(of notice): (36)"asCritical"[0m
[93;101m		OK ... [30;107mnotice-message: (12)"asNormal", "Dummy"[0m
( 2)"forNotice"[0m
[90;49m	mask(of log): ( 4)"asVerbose"[0m
[90;49m		OK ... log-message: (12)"asNormal", "Dummy"
[93;101m	mask(of notice): (36)"asCritical"[0m
[93;101m		OK ... [30;107mnotice-message: (12)"asNormal", "TTY(stderr)"[0m
( 3)"forFileSystem"[0m
[90;49m	mask(of log): ( 4)"asVerbose"[0m
[90;49m		OK ... log-message: (12)"asNormal", "win-console *CHANGED*"
[93;101m	mask(of notice): (36)"asCritical"[0m
[93;101m		OK ... [30;107mnotice-message: (12)"asNormal", "vs-console *CHANGED*"[0m
( 4)"forResource"[0m
[90;49m	mask(of log): ( 4)"asVerbose"[0m
[90;49m		OK ... log-message: (12)"asNormal", "win-console *CHANGED*"
[93;101m	mask(of notice): (36)"asCritical"[0m
[93;101m		OK ... [30;107mnotice-message: (12)"asNormal", "vs-console *CHANGED*"[0m
( 5)"for3D"[0m
[90;49m	mask(of log): ( 4)"asVerbose"[0m
[90;49m		OK ... log-message: (12)"asNormal", "win-console *CHANGED*"
[93;101m	mask(of notice): (36)"asCritical"[0m
[93;101m		OK ... [30;107mnotice-message: (12)"asNormal", "vs-console *CHANGED*"[0m
( 6)"for2D"[0m
[90;49m	mask(of log): ( 4)"asVerbose"[0m
[90;49m		OK ... log-message: (12)"asNormal", "win-console *CHANGED*"
[93;101m	mask(of notice): (36)"asCritical"[0m
[93;101m		OK ... [30;107mnotice-message: (12)"asNormal", "vs-console *CHANGED*"[0m
( 7)"forSound"[0m
[90;49m	mask(of log): ( 4)"asVerbose"[0m
[90;49m		OK ... log-message: (12)"asNormal", "win-console *CHANGED*"
[93;101m	mask(of notice): (36)"asCritical"[0m
[93;101m		OK ... [30;107mnotice-message: (12)"asNormal", "vs-console *CHANGED*"[0m
(10)"forMiniGame"[0m
[90;49m	mask(of log): ( 4)"asVerbose"[0m
[90;49m		OK ... log-message: (12)"asNormal", "win-console *CHANGED*"
[93;101m	mask(of notice): (36)"asCritical"[0m
[93;101m		OK ... [30;107mnotice-message: (12)"asNormal", "vs-console *CHANGED*"[0m
(20)"forTARO"[0m
[90;49m	mask(of log): ( 5)"asDetail"[0m
[90;49m		OK ... log-message: (12)"asNormal", "vs-console *Category CUSTOM*"
[30;107m	mask(of notice): (12)"asNormal"[0m
[30;107m		OK ... [30;107mnotice-message: (12)"asNormal", "vs-console *CHANGED*"[0m
(21)"forJIRO"[0m
	mask(of log): (47)"asSilent"
		OK ... log-message: (12)"asNormal", "vs-console *Category CUSTOM*"
	mask(of notice): (48)"asSilentAbsolutely"
		OK ... [30;107mnotice-message: (12)"asNormal", "vs-console *CHANGED*"[0m

--------------------------------------------------------------------------------
[ Enumeration of all log-level-masks : Test for put message asCritical ]

[93;101mnotice-message: (36)"asCritical", "vs-console *CHANGED*"[0m
[93;101mnotice-message: (36)"asCritical", "Dummy"[0m
[93;101mnotice-message: (36)"asCritical", "TTY(stderr)"[0m
[93;101mnotice-message: (36)"asCritical", "vs-console *CHANGED*"[0m
[93;101mnotice-message: (36)"asCritical", "vs-console *CHANGED*"[0m
[93;101mnotice-message: (36)"asCritical", "vs-console *CHANGED*"[0m
[93;101mnotice-message: (36)"asCritical", "vs-console *CHANGED*"[0m
[93;101mnotice-message: (36)"asCritical", "vs-console *CHANGED*"[0m
[93;101mnotice-message: (36)"asCritical", "vs-console *CHANGED*"[0m
[93;101mnotice-message: (36)"asCritical", "vs-console *CHANGED*"[0m
[93;101mnotice-message: (36)"asCritical", "vs-console *CHANGED*"[0m

--------------------------------------------------------------------------------
[ Enumeration of all log-level-masks : Test for put message asAbsolute ]

( 0)"forAny"
[90;49m	mask(of log): ( 4)"asVerbose"[0m
[90;49m		OK ... log-message: (44)"asAbsolute", "TTY(stdout)"
[93;101m	mask(of notice): (36)"asCritical"[0m
[93;101m		OK ... notice-message: (44)"asAbsolute", "vs-console *CHANGED*"
( 1)"forDummy"[0m
[90;49m	mask(of log): ( 4)"asVerbose"[0m
[90;49m		OK ... log-message: (44)"asAbsolute", "Dummy"
[93;101m	mask(of notice): (36)"asCritical"[0m
[93;101m		OK ... notice-message: (44)"asAbsolute", "Dummy"
( 2)"forNotice"[0m
[90;49m	mask(of log): ( 4)"asVerbose"[0m
[90;49m		OK ... log-message: (44)"asAbsolute", "Dummy"
[93;101m	mask(of notice): (36)"asCritical"[0m
[93;101m		OK ... notice-message: (44)"asAbsolute", "TTY(stderr)"
( 3)"forFileSystem"[0m
[90;49m	mask(of log): ( 4)"asVerbose"[0m
[90;49m		OK ... log-message: (44)"asAbsolute", "TTY(stdout)"
[93;101m	mask(of notice): (36)"asCritical"[0m
[93;101m		OK ... notice-message: (44)"asAbsolute", "vs-console *CHANGED*"
( 4)"forResource"[0m
[90;49m	mask(of log): ( 4)"asVerbose"[0m
[90;49m		OK ... log-message: (44)"asAbsolute", "TTY(stdout)"
[93;101m	mask(of notice): (36)"asCritical"[0m
[93;101m		OK ... notice-message: (44)"asAbsolute", "vs-console *CHANGED*"
( 5)"for3D"[0m
[90;49m	mask(of log): ( 4)"asVerbose"[0m
[90;49m		OK ... log-message: (44)"asAbsolute", "TTY(stdout)"
[93;101m	mask(of notice): (36)"asCritical"[0m
[93;101m		OK ... notice-message: (44)"asAbsolute", "vs-console *CHANGED*"
( 6)"for2D"[0m
[90;49m	mask(of log): ( 4)"asVerbose"[0m
[90;49m		OK ... log-message: (44)"asAbsolute", "TTY(stdout)"
[93;101m	mask(of notice): (36)"asCritical"[0m
[93;101m		OK ... notice-message: (44)"asAbsolute", "vs-console *CHANGED*"
( 7)"forSound"[0m
[90;49m	mask(of log): ( 4)"asVerbose"[0m
[90;49m		OK ... log-message: (44)"asAbsolute", "TTY(stdout)"
[93;101m	mask(of notice): (36)"asCritical"[0m
[93;101m		OK ... notice-message: (44)"asAbsolute", "vs-console *CHANGED*"
(10)"forMiniGame"[0m
[90;49m	mask(of log): ( 4)"asVerbose"[0m
[90;49m		OK ... log-message: (44)"asAbsolute", "TTY(stdout)"
[93;101m	mask(of notice): (36)"asCritical"[0m
[93;101m		OK ... notice-message: (44)"asAbsolute", "vs-console *CHANGED*"
(20)"forTARO"[0m
[90;49m	mask(of log): ( 5)"asDetail"[0m
[90;49m		OK ... log-message: (44)"asAbsolute", "vs-console *Category CUSTOM*"
[30;107m	mask(of notice): (12)"asNormal"[0m
[30;107m		OK ... notice-message: (44)"asAbsolute", "vs-console *CHANGED*"
(21)"forJIRO"[0m
	mask(of log): (47)"asSilent"
		OK ... log-message: (44)"asAbsolute", "vs-console *Category CUSTOM*"
	mask(of notice): (48)"asSilentAbsolutely"
		OK ... notice-message: (44)"asAbsolute", "vs-console *CHANGED*"

--------------------------------------------------------------------------------
[ Test for console that put other tty ]


--------------------------------------------------------------------------------
[ Enumeration of all log-levels ]

[37;100m[ 0]( 0)"asMoreDetail"[0m
[37;100m	console: "stdout(/dev/pty1 open failed)"(WHITE+iBLACK)[0m
[90;49m	next: [ 1]( 4)"asVerbose[0m
[90;49m[ 1]( 4)"asVerbose"[0m
[90;49m	console: "stdout(/dev/pty1 open failed)"(iBLACK+STANDARD)[0m
[37;100m	prev: [ 0]( 0)"asMoreDetail"[0m
	next: [ 3](12)"asNormal
[90;49m[ 1]( 5)"asDetail"[0m
[90;49m	console: "stdout(/dev/pty1 open failed)"(iBLACK+STANDARD)[0m
[37;100m	prev: [ 0]( 0)"asMoreDetail"[0m
	next: [ 3](12)"asNormal
[ 3](12)"asNormal"
	console: "stdout(/dev/pty1 open failed)"(STANDARD+STANDARD)
[90;49m	prev: [ 1]( 5)"asDetail"[0m
[36;49m	next: [ 4](17)"asAboveNormal[0m
[36;49m[ 4](17)"asAboveNormal"[0m
[36;49m	console: "stdout(/dev/pty1 open failed)"(CYAN+STANDARD)[0m
	prev: [ 3](12)"asNormal"
[94;40m	next: [ 5](20)"asImportant[0m
[94;40m[ 5](20)"asImportant"[0m
[94;40m	console: "stdout(/dev/pty1 open failed)"(iBLUE+BLACK)[0m
	prev: [ 3](12)"asNormal"
[95;49m	next: [ 7](28)"asWarning[0m
[11](44)"asAbsolute"
	console: "stdout(/dev/pty1 open failed)"(STANDARD+STANDARD)
[91;49m	prev: [ 9](36)"asCritical"[0m
[11](SP47)"asSilent"
[12](SP48)"asSilentAbsolutely"
