
================================================================================

Compiler: name="GCC", Ver=[4(0x00000004).8(0x00000008)]
    This compiler is "GCC"

Compiler-language: C++ (C++ Ver.=2011)
    C++ is available.
        C++ is implemented C++98.
        C++ is implemented C++03.
        C++ is implemented C++11.

Plataform: "Cygin"(x86 32bits, little-endian), Ver=[0(0x00000000).0(0x00000000)]
    Target plarform is "Cygwin"

__FILE__="../../src/example_build_settings/example_build_settings.cpp"
__LINE__=138
__FUNCTION__="func"
__PRETTY_FUNCTION__="static void example_build_settings()::test::func()"
__FUNCSIG__="static void example_build_settings()::test::func()"
__func__="func"
__FUNCDNAME__=""
__DATE__="Jul  8 2014"
__TIME__="21:19:45"
__TIMESTAMP__="Tue Jul  8 21:05:47 2014"

GASHA_FUNC_NAME()="static void example_build_settings()::test::func()"
GASHA_FILE_LINE()="../../src/example_build_settings/example_build_settings.cpp(149)"
GASHA_FILE_LINE_TIME()="../../src/example_build_settings/example_build_settings.cpp(150)[Tue Jul  8 21:05:47 2014]"
This is normal func.
This is inline func.
This is noinline func.
This is always inline func.

nullptr_var=0x0
    'nullptr' is featured.

This is override func.
    'override' is featured.

constexpr_var=6
constexpr_calc(1, 2)=3
    'constexpr' is featured.

user_defined_literal_var=10
    'operator ""'(user defined literal) is featured.

TLS Variable=123
    'thread_local' is featured.

==============================================================================
Diagnostic Mode: Library
==============================================================================

------------------------------------------------------------------------------
[ Build-settings diagnostic test ]

cpu_string="Genunteline"
[OK] 'SSE' is SUPPORTED.
[OK] 'SSE2' is SUPPORTED.
[OK] 'SSE3' is SUPPORTED.
[--] 'SSE4a' is not used.
[OK] 'SSE4.1' is SUPPORTED.
[OK] 'SSE4.2' is SUPPORTED.
[OK] 'POPCNT' is SUPPORTED.
[--] 'AES' is not used.
[OK] 'AVX' is SUPPORTED.
[--] 'AVX2' is not used.

------------------------------------------------------------------------------
[ Compiler specification ]

Platform: Cygin (Target Versionn=0.0)
CPU Architecture: x86 (32 bit, little endian) [x86]

Compiler: GCC (Version=4.8)
Language: C++ (__cplusplus=201103) [C++98] [C++03] [C++11]

[Yes]       `nullptr` is AVAILABLE.
[Yes]       `override` is AVAILABLE.
[Yes]       `final` is AVAILABLE.
[Yes]       `auto` is AVAILABLE.
[Yes]       `decltype()` is AVAILABLE.
[Yes]       `default` & `delete` is AVAILABLE.
[Yes]       `constexpr` is AVAILABLE.
[Yes]       'User-defined-literal' is AVAILABLE.
[Yes]       'Lambda-expression' is AVAILABLE.
[Yes]       'Range-based `for`' is AVAILABLE.
[Yes]       '`enum` class' is AVAILABLE.
[Yes]       'Variadic-template' is AVAILABLE.
[Yes]       'Template-aliases' is AVAILABLE.
[Yes]       'Delegating-constructors' is AVAILABLE.
[Yes]       'Inheriting-constructors' is AVAILABLE.
[Yes]       'Uniform-initializer' is AVAILABLE.
[Yes]       'Initializer-list' is AVAILABLE.
[Yes]       'Rvalue-reference' & 'std::move' is AVAILABLE.
[Yes]       `static_assert()` is AVAILABLE.
[Yes]       `thread_local` is AVAILABLE.
[Yes]       `noexcept` is AVAILABLE. -> [Yes] `GASHA_NOEXCEPT` is AVAILABLE.
[Yes]       `alignas()` is AVAILABLE.
[Yes]       `alignof()` is AVAILABLE.
[Yes]       `alignas(alignof())` is AVAILABLE. -> [Yes] `GASHA_ALIGNAS_OF()` is AVAILABLE.

[Camouflage]`_aligned_malloc()`(VC++ style) is available.
[Camouflage]`_aligned_free()`(VC++ style) is available.
[Camouflage]`GASHA_NOINLINE` is available.
[Camouflage]`GASHA_ALWAYS_INLINE` is available.

------------------------------------------------------------------------------
[ Build-configuratoin ]

Configuration name: FULL_DEBUG

[Yes] 'Debug-feature' is AVAILABLE. (with VERBOSE mode)
[Yes] 'Assertion' is ENABLED.
[No]  'Optimize' is none.
[---] 'File-system' is flexible (for ROM or for local-PC).
[Yes] 'Unit-test' is AVAILABLE.
[Yes] 'Symbols' are contained.

------------------------------------------------------------------------------
message size = 2651 bytes.

==============================================================================
Diagnostic Mode: Current
==============================================================================

------------------------------------------------------------------------------
[ Build-settings diagnostic test ]

cpu_string="Genunteline"
[OK] 'SSE' is SUPPORTED.
[OK] 'SSE2' is SUPPORTED.
[OK] 'SSE3' is SUPPORTED.
[--] 'SSE4a' is not used.
[OK] 'SSE4.1' is SUPPORTED.
[OK] 'SSE4.2' is SUPPORTED.
[OK] 'POPCNT' is SUPPORTED.
[--] 'AES' is not used.
[OK] 'AVX' is SUPPORTED.
[--] 'AVX2' is not used.

------------------------------------------------------------------------------
[ Compiler specification ]

Platform: Cygin (Target Versionn=0.0)
CPU Architecture: x86 (32 bit, little endian) [x86]

Compiler: GCC (Version=4.8)
Language: C++ (__cplusplus=201103) [C++98] [C++03] [C++11]

[Yes]       `nullptr` is AVAILABLE.
[Yes]       `override` is AVAILABLE.
[Yes]       `final` is AVAILABLE.
[Yes]       `auto` is AVAILABLE.
[Yes]       `decltype()` is AVAILABLE.
[Yes]       `default` & `delete` is AVAILABLE.
[Yes]       `constexpr` is AVAILABLE.
[Yes]       'User-defined-literal' is AVAILABLE.
[Yes]       'Lambda-expression' is AVAILABLE.
[Yes]       'Range-based `for`' is AVAILABLE.
[Yes]       '`enum` class' is AVAILABLE.
[Yes]       'Variadic-template' is AVAILABLE.
[Yes]       'Template-aliases' is AVAILABLE.
[Yes]       'Delegating-constructors' is AVAILABLE.
[Yes]       'Inheriting-constructors' is AVAILABLE.
[Yes]       'Uniform-initializer' is AVAILABLE.
[Yes]       'Initializer-list' is AVAILABLE.
[Yes]       'Rvalue-reference' & 'std::move' is AVAILABLE.
[Yes]       `static_assert()` is AVAILABLE.
[Yes]       `thread_local` is AVAILABLE.
[Yes]       `noexcept` is AVAILABLE. -> [Yes] `GASHA_NOEXCEPT` is AVAILABLE.
[Yes]       `alignas()` is AVAILABLE.
[Yes]       `alignof()` is AVAILABLE.
[Yes]       `alignas(alignof())` is AVAILABLE. -> [Yes] `GASHA_ALIGNAS_OF()` is AVAILABLE.

[Camouflage]`_aligned_malloc()`(VC++ style) is available.
[Camouflage]`_aligned_free()`(VC++ style) is available.
[Camouflage]`GASHA_NOINLINE` is available.
[Camouflage]`GASHA_ALWAYS_INLINE` is available.

------------------------------------------------------------------------------
[ Build-configuratoin ]

Configuration name: FULL_DEBUG

[Yes] 'Debug-feature' is AVAILABLE. (with VERBOSE mode)
[Yes] 'Assertion' is ENABLED.
[No]  'Optimize' is none.
[---] 'File-system' is flexible (for ROM or for local-PC).
[Yes] 'Unit-test' is AVAILABLE.
[Yes] 'Symbols' are contained.

------------------------------------------------------------------------------
message size = 2651 bytes.

- End -
