----- Basin information -----
alignof(data_t)=4
calcStaticMSB<alignof(data_t)>::value=2
sizeof(lf_stack_t)=368
alignof(lf_stack_t)=8
sizeof(lf_stack_t::stack_t)=16
alignof(lf_stack_t::stack_t)=8
lf_stack_t::TAGGED_PTR_TAG_BITS=32
lf_stack_t::TAGGED_PTR_TAG_SHIFT=32
lf_stack_t::stack_ptr_t::TAG_BITS=32
lf_stack_t::stack_ptr_t::TAG_SHIFT=32
sizeof(lf_queue_t)=384
alignof(lf_queue_t)=8
sizeof(lf_queue_t::queue_t)=16
alignof(lf_queue_t::queue_t)=8
lf_queue_t::TAGGED_PTR_TAG_BITS=32
lf_queue_t::TAGGED_PTR_TAG_SHIFT=32
lf_queue_t::queue_ptr_t::TAG_BITS=32
lf_queue_t::queue_ptr_t::TAG_SHIFT=32
-----------------------------

================================================================================
[Test for taggedPtr]
p=0x0x28abf4, tag=65535
taggedPtr<int, 32, 32>: .value()=0x0000ffff0028abf4, .ptr()=0x0x28abf4, .tag()=65535
taggedPtr<int,  2,  0>: .value()=0x000000000028abf7, .ptr()=0x0x28abf4, .tag()=3
taggedPtr<int,  8, -8>: .value()=0xff0000000028abf4, .ptr()=0x0x28abf4, .tag()=255
================================================================================
[Test for Lock-free pool-allocator/sharedStack/sharedQueue]
--------------------------------------------------------------------------------
[Shared Pool-allocator:START]
*Test count                     = 100000
*Allocate and free test threads = 1
*Memory pool size               = 20
[Shared Pool-allocator:END] elapsed_time=0.024184000 sec
--------------------------------------------------------------------------------
----- Debug Info for simplePoolAllocator -----
POOL_SIZE=20, VALUE_SIZE=8, emptyHead=20
Using:
Recycable pool:
 [0] [1] [2] [3] [4] [5] [6] [7] [8] [9] [10] [11] [12] [13] [14] [15] [16] [17] [18] [19]
----------
--------------------------------------------------------------------------------
[Lock-Free Pool-allocator:START]
*Test count                     = 100000
*Allocate and free test threads = 1
*Memory pool size               = 20
[Lock-Free Pool-allocator:END] elapsed_time=0.026292000 sec
--------------------------------------------------------------------------------
----- Debug Info for lfPoolAllocator -----
POOL_SIZE=20, VALUE_SIZE=8, emptyHead=20
Using:
Recycable pool:
 [0(tag=160)] [1(tag=158)] [2(tag=157)] [3(tag=156)] [4(tag=155)] [5(tag=154)] [6(tag=153)] [7(tag=152)] [8(tag=151)] [9(tag=150)] [10(tag=149)] [11(tag=148)] [12(tag=147)] [13(tag=146)] [14(tag=145)] [15(tag=144)] [16(tag=143)] [17(tag=142)] [18(tag=141)] [19(tag=140)]
----------
--------------------------------------------------------------------------------
[Shared Stack:START]
*Test count                = 100000
*Push/Enqueue test threads = 1
*Pop/Dequeue  test threads = 1
*Memory pool size          = 20
[Shared Stack:END] elapsed_time=0.033676000 sec
--------------------------------------------------------------------------------
----- Debug Info for stack -----
Stack:
----------
----- Debug Info for simplePoolAllocator -----
POOL_SIZE=20, VALUE_SIZE=12, emptyHead=20
Using:
Recycable pool:
 [0] [1] [2] [3] [4] [5] [6] [7] [8] [9] [10] [11] [12] [13] [14] [15] [16] [17] [18] [19]
----------
--------------------------------------------------------------------------------
[Lock-Free Stack:START]
*Test count                = 100000
*Push/Enqueue test threads = 1
*Pop/Dequeue  test threads = 1
*Memory pool size          = 20
[Lock-Free Stack:END] elapsed_time=0.041987000 sec
--------------------------------------------------------------------------------
----- Debug Info for lfStack -----
Stack:
----------
----- Debug Info for lfPoolAllocator -----
POOL_SIZE=20, VALUE_SIZE=16, emptyHead=20
Using:
Recycable pool:
 [0(tag=160)] [1(tag=158)] [2(tag=157)] [3(tag=156)] [4(tag=155)] [5(tag=154)] [6(tag=153)] [7(tag=152)] [8(tag=151)] [9(tag=150)] [10(tag=149)] [11(tag=148)] [12(tag=147)] [13(tag=146)] [14(tag=145)] [15(tag=144)] [16(tag=143)] [17(tag=142)] [18(tag=141)] [19(tag=140)]
----------
--------------------------------------------------------------------------------
[Shared Queue:START]
*Test count                = 100000
*Push/Enqueue test threads = 1
*Pop/Dequeue  test threads = 1
*Memory pool size          = 20
[Shared Queue:END] elapsed_time=0.033425000 sec
--------------------------------------------------------------------------------
----- Debug Info for queue -----
Queue:
[0](0x427534) temp=100000, value=0
[tail](0x427534)temp=100000, value=0
----------
----- Debug Info for simplePoolAllocator -----
POOL_SIZE=20, VALUE_SIZE=12, emptyHead=20
Using:
[15] temp=100000, value=0
Recycable pool:
 [16] [17] [18] [19] [14] [13] [12] [11] [10] [9] [8] [7] [6] [5] [4] [3] [2] [1] [0]
----------
--------------------------------------------------------------------------------
[Lock-Free Queue:START]
*Test count                = 100000
*Push/Enqueue test threads = 1
*Pop/Dequeue  test threads = 1
*Memory pool size          = 20
[Lock-Free Queue:END] elapsed_time=0.038455000 sec
--------------------------------------------------------------------------------
----- Debug Info for lfQueue -----
Queue:
[0(tag=100000)](0x427690) temp=100000, value=0
[tail(tag=100000)](0x427690)temp=100000, value=0
----------
----- Debug Info for lfPoolAllocator -----
POOL_SIZE=20, VALUE_SIZE=16, emptyHead=20
Using:
[15]temp=100000, value=0
Recycable pool:
 [16(tag=160)] [17(tag=159)] [18(tag=158)] [19(tag=157)] [14(tag=152)] [13(tag=151)] [12(tag=150)] [11(tag=149)] [10(tag=148)] [9(tag=147)] [8(tag=146)] [7(tag=145)] [6(tag=144)] [5(tag=143)] [4(tag=142)] [3(tag=141)] [2(tag=140)] [1(tag=139)] [0(tag=138)]
----------
================================================================================
[Test for Lock-free pool-allocator/sharedStack/sharedQueue with threads]
--------------------------------------------------------------------------------
[Shared Pool-allocator:START]
*Test count                     = 100000
*Allocate and free test threads = 5
*Memory pool size               = 20
[Alloc: 0]:Waiting...
[Alloc: 1]:Waiting...
[Alloc: 2]:Waiting...
[Alloc: 3]:Waiting...
[Alloc: 4]:Waiting...
[Alloc: 0]:Start
[Alloc: 0] alloc=0
[Alloc: 1]:Start
[Alloc: 2]:Start
[Alloc: 3]:Start
[Alloc: 4]:Start
[Alloc: 1] alloc=20000
[Alloc: 1] alloc=40000
[Alloc: 2] alloc=60000
[Alloc: 1] alloc=80000
[Alloc: 4]:End
[Alloc: 2] alloc=100000
[Alloc: 1]:End
[Alloc: 0]:End
[Alloc: 3]:End
[Alloc: 2]:End
[Shared Pool-allocator:END] elapsed_time=0.094050000 sec
--------------------------------------------------------------------------------
----- Debug Info for simplePoolAllocator -----
POOL_SIZE=20, VALUE_SIZE=8, emptyHead=20
Using:
Recycable pool:
 [0] [2] [1] [3] [4] [5] [6] [7] [8] [9] [10] [11] [12] [13] [14] [15] [16] [17] [18] [19]
----------
--------------------------------------------------------------------------------
[Lock-Free Pool-allocator:START]
*Test count                     = 100000
*Allocate and free test threads = 5
*Memory pool size               = 20
[Alloc: 0]:Waiting...
[Alloc: 1]:Waiting...
[Alloc: 2]:Waiting...
[Alloc: 3]:Waiting...
[Alloc: 4]:Waiting...
[Alloc: 0]:Start
[Alloc: 1]:Start
[Alloc: 0] alloc=0
[Alloc: 2]:Start
[Alloc: 3]:Start
[Alloc: 4]:Start
[Alloc: 2] alloc=20000
[Alloc: 2] alloc=40000
[Alloc: 4] alloc=60000
[Alloc: 0] alloc=80000
[Alloc: 1]:End
[Alloc: 2]:End
[Alloc: 0]:End
[Alloc: 3] alloc=100000
[Alloc: 4]:End
[Alloc: 3]:End
[Lock-Free Pool-allocator:END] elapsed_time=0.093216000 sec
--------------------------------------------------------------------------------
----- Debug Info for lfPoolAllocator -----
POOL_SIZE=20, VALUE_SIZE=8, emptyHead=20
Using:
Recycable pool:
 [1(tag=65)] [0(tag=64)] [2(tag=61)] [4(tag=60)] [3(tag=59)] [5(tag=154)] [6(tag=153)] [7(tag=152)] [8(tag=151)] [9(tag=150)] [10(tag=149)] [11(tag=148)] [12(tag=147)] [13(tag=146)] [14(tag=145)] [15(tag=144)] [16(tag=143)] [17(tag=142)] [18(tag=141)] [19(tag=140)]
----------
--------------------------------------------------------------------------------
[Shared Stack:START]
*Test count                = 100000
*Push/Enqueue test threads = 3
*Pop/Dequeue  test threads = 2
*Memory pool size          = 20
[PUSH: 0]:Waiting...
[PUSH: 1]:Waiting...
[PUSH: 2]:Waiting...
[POP : 0]:Waiting...
[POP : 1]:Waiting...
[PUSH: 0]:Start
[PUSH: 0] count=0
[PUSH: 1]:Start
[PUSH: 2]:Start
[POP : 0]:Start
[POP : 0] count=0
[POP : 1]:Start
[PUSH: 0] count=20000
[POP : 1] count=20000
[PUSH: 2] count=40000
[POP : 0] count=40000
[PUSH: 2] count=60000
[POP : 0] count=60000
[PUSH: 0] count=80000
[POP : 0] count=80000
[PUSH: 2] count=100000
[PUSH: 0]:End
[PUSH: 2]:End
[POP : 0] count=100000
[POP : 1]:End
[POP : 0]:End
[PUSH: 1]:End
[Shared Stack:END] elapsed_time=0.134260000 sec
--------------------------------------------------------------------------------
----- Debug Info for stack -----
Stack:
----------
----- Debug Info for simplePoolAllocator -----
POOL_SIZE=20, VALUE_SIZE=12, emptyHead=20
Using:
Recycable pool:
 [0] [1] [2] [3] [4] [5] [6] [7] [8] [9] [10] [11] [12] [13] [14] [15] [16] [17] [18] [19]
----------
--------------------------------------------------------------------------------
[Lock-Free Stack:START]
*Test count                = 100000
*Push/Enqueue test threads = 3
*Pop/Dequeue  test threads = 2
*Memory pool size          = 20
[PUSH: 0]:Waiting...
[PUSH: 1]:Waiting...
[PUSH: 2]:Waiting...
[POP : 0]:Waiting...
[POP : 1]:Waiting...
[PUSH: 0]:Start
[PUSH: 0] count=0
[PUSH: 1]:Start
[PUSH: 2]:Start
[POP : 0]:Start
[POP : 0] count=0
[POP : 1]:Start
[PUSH: 1] count=20000
[POP : 1] count=20000
[PUSH: 0] count=40000
[POP : 0] count=40000
[PUSH: 2] count=60000
[POP : 1] count=60000
[PUSH: 1] count=80000
[POP : 0] count=80000
[PUSH: 0]:End
[PUSH: 2]:End
[PUSH: 1] count=100000
[PUSH: 1]:End
[POP : 1] count=100000
[POP : 0]:End
[POP : 1]:End
[Lock-Free Stack:END] elapsed_time=0.118859000 sec
--------------------------------------------------------------------------------
----- Debug Info for lfStack -----
Stack:
----------
----- Debug Info for lfPoolAllocator -----
POOL_SIZE=20, VALUE_SIZE=16, emptyHead=20
Using:
Recycable pool:
 [17(tag=65)] [1(tag=64)] [0(tag=63)] [2(tag=62)] [9(tag=61)] [12(tag=60)] [11(tag=59)] [19(tag=58)] [18(tag=57)] [3(tag=56)] [8(tag=55)] [16(tag=54)] [15(tag=53)] [7(tag=52)] [6(tag=51)] [14(tag=50)] [10(tag=49)] [13(tag=48)] [4(tag=47)] [5(tag=46)]
----------
--------------------------------------------------------------------------------
[Shared Queue:START]
*Test count                = 100000
*Push/Enqueue test threads = 3
*Pop/Dequeue  test threads = 2
*Memory pool size          = 20
[ENQUEUE: 0]:Waiting...
[ENQUEUE: 1]:Waiting...
[ENQUEUE: 2]:Waiting...
[DEQUEUE: 0]:Waiting...
[DEQUEUE: 1]:Waiting...
[ENQUEUE: 0]:Start
[ENQUEUE: 0] count=0
[ENQUEUE: 1]:Start
[ENQUEUE: 2]:Start
[DEQUEUE: 0]:Start
[DEQUEUE: 0] count=0
[DEQUEUE: 1]:Start
[ENQUEUE: 0] count=20000
[DEQUEUE: 0] count=20000
[ENQUEUE: 2] count=40000
[DEQUEUE: 1] count=40000
[ENQUEUE: 2] count=60000
[DEQUEUE: 1] count=60000
[ENQUEUE: 0] count=80000
[DEQUEUE: 0] count=80000
[ENQUEUE: 0] count=100000
[ENQUEUE: 2]:End
[ENQUEUE: 1]:End
[ENQUEUE: 0]:End
[DEQUEUE: 1] count=100000
[DEQUEUE: 0]:End
[DEQUEUE: 1]:End
[Shared Queue:END] elapsed_time=0.118982000 sec
--------------------------------------------------------------------------------
----- Debug Info for queue -----
Queue:
[0](0x427510) temp=0, value=100000
[tail](0x427510)temp=0, value=100000
----------
----- Debug Info for simplePoolAllocator -----
POOL_SIZE=20, VALUE_SIZE=12, emptyHead=20
Using:
[12] temp=0, value=100000
Recycable pool:
 [2] [8] [5] [18] [9] [19] [3] [16] [15] [10] [0] [6] [13] [14] [11] [4] [7] [17] [1]
----------
--------------------------------------------------------------------------------
[Lock-Free Queue:START]
*Test count                = 100000
*Push/Enqueue test threads = 3
*Pop/Dequeue  test threads = 2
*Memory pool size          = 20
[ENQUEUE: 0]:Waiting...
[ENQUEUE: 1]:Waiting...
[ENQUEUE: 2]:Waiting...
[DEQUEUE: 0]:Waiting...
[DEQUEUE: 1]:Waiting...
[ENQUEUE: 0]:Start
[ENQUEUE: 0] count=0
[ENQUEUE: 1]:Start
[ENQUEUE: 2]:Start
[DEQUEUE: 0]:Start
[DEQUEUE: 0] count=0
[DEQUEUE: 1]:Start
[ENQUEUE: 0] count=20000
[DEQUEUE: 1] count=20000
[ENQUEUE: 1] count=40000
[DEQUEUE: 0] count=40000
[ENQUEUE: 1] count=60000
[DEQUEUE: 0] count=60000
[ENQUEUE: 1] count=80000
[DEQUEUE: 1] count=80000
[ENQUEUE: 2] count=100000
[ENQUEUE: 1]:End
[ENQUEUE: 0]:End
[ENQUEUE: 2]:End
[DEQUEUE: 1] count=100000
[DEQUEUE: 0]:End
[DEQUEUE: 1]:End
[Lock-Free Queue:END] elapsed_time=0.120503000 sec
--------------------------------------------------------------------------------
----- Debug Info for lfQueue -----
Queue:
[0(tag=200001)](0x427650) temp=0, value=100000
[tail(tag=200001)](0x427650)temp=0, value=100000
----------
----- Debug Info for lfPoolAllocator -----
POOL_SIZE=20, VALUE_SIZE=16, emptyHead=20
Using:
[11]temp=0, value=100000
Recycable pool:
 [13(tag=65)] [6(tag=64)] [17(tag=63)] [4(tag=62)] [12(tag=61)] [14(tag=60)] [0(tag=59)] [18(tag=58)] [5(tag=57)] [15(tag=56)] [7(tag=55)] [8(tag=54)] [3(tag=53)] [1(tag=52)] [10(tag=51)] [16(tag=50)] [19(tag=49)] [2(tag=48)] [9(tag=47)]
----------
