
================================================================================

--------------------------------------------------------------------------------
[ Basic test for debug-log ]
--------------------------------------------------------------------------------
START: logQueueMonitor thread
ÅyïWèÄÅzÉÅÉbÉZÅ[ÉWá@
ÅyïWèÄÅzÉÅÉbÉZÅ[ÉWáA
Åyè⁄ç◊ÅzÉÅÉbÉZÅ[ÉWáA
[6|00:00:00.002000|asNormal|forAny]ÅyïWèÄÅzÉÅÉbÉZÅ[ÉWáB
[8|00:00:00.002000|asDetail|forAny]Åyè⁄ç◊ÅzÉÅÉbÉZÅ[ÉWáB
[9|00:00:00.002000|asNormal|forMiniGame]Åyí èÌÅzÅyÉ~ÉjÉQÅ[ÉÄópÅzÉÅÉbÉZÅ[ÉWáC
Åyí èÌÅzÅyÉ~ÉjÉQÅ[ÉÄópÅzÅyÉçÅ[ÉJÉãèàóùÉuÉçÉbÉNëOÅzÉÅÉbÉZÅ[ÉW
[00:00:00.002000|asNormal|forMiniGame]Åyí èÌÅzÅyÉ~ÉjÉQÅ[ÉÄópÅzÅyÉçÅ[ÉJÉãèàóùÉuÉçÉbÉNíÜá@ÅzÉÅÉbÉZÅ[ÉW
Åyí èÌÅzÅyÉ~ÉjÉQÅ[ÉÄópÅzÅyÉçÅ[ÉJÉãèàóùÉuÉçÉbÉNå„ÅzÉÅÉbÉZÅ[ÉW
[asNormal|forMiniGame]Åyí èÌÅzÅyÉRÅ[ÉãÉ|ÉCÉìÉgópÅzÉÅÉbÉZÅ[ÉW
[asNormal|forMiniGame]Åyí èÌÅzÅyÉNÉäÉeÉBÉJÉãÉRÅ[ÉãÉ|ÉCÉìÉgópÅzÉÅÉbÉZÅ[ÉW
[asImportant|forMiniGame]ÅyèdóvÅzÅyÉNÉäÉeÉBÉJÉãÉRÅ[ÉãÉ|ÉCÉìÉgópÅzÉAÉTÅ[ÉVÉáÉì
ASSERTION FAILURE!: 1 + 1 == 3
func: commonFunc
file: example_debug_log_basic_test.cpp(379)[Thu Aug  7 15:01:21 2014]
----- callPoint stack info -----
Thread: "MainThread"(ID=1d85a16a)
Num of point: 2
------------------------------------
[forMiniGame]"CP level2(with perform)"(addr=006BF8E8)<CRITICAL><Auto-Profiling>
        src: example_debug_log_basic_test.cpp(237)[Thu Aug  7 15:01:21 2014]
        func:example_debugLog_basicTest
 [forAny]"CallPoint"(addr=006BF918)
         src: example_debug_log_basic_test.cpp(231)[Thu Aug  7 15:01:21 2014]
         func:example_debugLog_basicTest
------------------------------------
[asNormal|forFileSystem]Åyí èÌÅzÅyÉRÅ[ÉãÉ|ÉCÉìÉgópÅzÉÅÉbÉZÅ[ÉW
[asNormal|forMiniGame]Åyí èÌÅzÅyÉNÉäÉeÉBÉJÉãÉRÅ[ÉãÉ|ÉCÉìÉgópÅzÉÅÉbÉZÅ[ÉW
[asImportant|forMiniGame]ÅyèdóvÅzÅyÉNÉäÉeÉBÉJÉãÉRÅ[ÉãÉ|ÉCÉìÉgópÅzÉAÉTÅ[ÉVÉáÉì
ASSERTION FAILURE!: 1 + 1 == 3
func: commonFunc
file: example_debug_log_basic_test.cpp(379)[Thu Aug  7 15:01:21 2014]
----- callPoint stack info -----
Thread: "MainThread"(ID=1d85a16a)
Num of point: 3
------------------------------------
[forFileSystem]"CP level3"(addr=006BF8B8)
        src: example_debug_log_basic_test.cpp(243)[Thu Aug  7 15:01:21 2014]
        func:example_debugLog_basicTest
 [forMiniGame]"CP level2(with perform)"(addr=006BF8E8)<CRITICAL><Auto-Profiling>
         src: example_debug_log_basic_test.cpp(237)[Thu Aug  7 15:01:21 2014]
         func:example_debugLog_basicTest
  [forAny]"CallPoint"(addr=006BF918)
          src: example_debug_log_basic_test.cpp(231)[Thu Aug  7 15:01:21 2014]
          func:example_debugLog_basicTest
------------------------------------
[26]Åyí èÌÅzÅyÉ~ÉjÉQÅ[ÉÄópÅzó\ñÒÉÅÉbÉZÅ[ÉWá@
[27]Åyí èÌÅzÅyÉ~ÉjÉQÅ[ÉÄópÅzó\ñÒÉÅÉbÉZÅ[ÉWáA
ÉÅÉbÉZÅ[ÉWïœä∑ã@î\ïtÇ´èoóÕÅiéwíËÇ»ÇµÅjÅFAlphabet Message
ÉÅÉBÉZÅ[ÉWïœä∑ã@î\ïTÇ´èOóÕÅIëÂï∂éöâªÅJÅFALPHABET MESSAGE
ÉÅÉbÉzÅ[Éwïœä∑ã@î\ïtÇ´èoóÕÅiè¨ï∂éöâªÅjÅfalphabet message
----------------------------------------

thread: "MainThread"

  profile: "CP level2(with perform)", max=0.012001, min=0.012001, avg=0.012001

END: logQueueMonitor thread

================================================================================

================================================================================

--------------------------------------------------------------------------------
[ Feature test for debug-log ]
--------------------------------------------------------------------------------
message for Standard
[93;41;4mmessage for TTY (stdout)[0m
message for Mono-TTY (stdout)
message for Win (stdout)
message for Mono-Win (stdout)

--------------------------------------------------------------------------------
[ Enumeration of all log-levels ]

[ 0]( 0)"asMoreDetail"
	console: "Win(stdout)"(WHITE+iBLACK)
	next: [ 1]( 4)"asVerbose
[ 1]( 4)"asVerbose"
	console: "Win(stdout)"(iBLACK+STANDARD)
	prev: [ 0]( 0)"asMoreDetail"
	next: [ 3](12)"asNormal
[ 1]( 5)"asDetail"
	console: "Win(stdout)"(iBLACK+STANDARD)
	prev: [ 0]( 0)"asMoreDetail"
	next: [ 3](12)"asNormal
[ 3](12)"asNormal"
	console: "win-console *CHANGED*"(STANDARD+STANDARD)
	prev: [ 1]( 5)"asDetail"
	next: [ 4](17)"asAboveNormal
[ 4](17)"asAboveNormal"
	console: "Win(stdout)"(CYAN+STANDARD)
	prev: [ 3](12)"asNormal"
	next: [ 5](20)"asImportant
[ 5](20)"asImportant"
	console: "Win(stdout)"(iBLUE+BLACK)
	prev: [ 3](12)"asNormal"
	next: [ 7](28)"asWarning
[11](44)"asAbsolute"
	console: "Win(stdout)"(STANDARD+STANDARD)
	prev: [ 9](36)"asCritical"
[11](SP47)"asSilent"
[12](SP48)"asSilentAbsolutely"

--------------------------------------------------------------------------------
[ Enumeration of all log-categories ]

( 0)"forAny"
( 3)"forFileSystem"
( 4)"forResource"
( 5)"for3D"
( 6)"for2D"
( 7)"forSound"
(10)"forMiniGame"
(SP64)"forEvery"
(SP65)"forCallPoint"
(SP66)"forCriticalCallPoint"

--------------------------------------------------------------------------------
[ Test for change log-level-mask & log-attribute ]

1:mask: refType=0, level=12
1:attr: refType=0, attr=0x00000000
2:mask: refType=2, level=12
2:attr: refType=2, attr=0x00000000
2a:mask: refType=0, level=12
2a:attr: refType=0, attr=0x00000000
2b:mask: refType=0, level=12
2b:attr: refType=0, attr=0x00000000
2c:mask: refType=2, level=12
2c:attr: refType=2, attr=0x00000000
3:mask: refType=2, level=12
3:attr: refType=2, attr=0x00801000
4:mask: refType=1, level=12
4:attr: refType=1, attr=0x00801000
5:mask: refType=1, level=12
5:attr: refType=1, attr=0x00801000
6:mask: refType=2, level=12
6:attr: refType=2, attr=0x00801000
7:mask: refType=2, level=5
7:attr: refType=2, attr=0x01000800
7a:mask: refType=2, level=12
7a:attr: refType=2, attr=0x00801000
7b:mask: refType=0, level=12
7b:attr: refType=0, attr=0x00000000
7bx:mask: refType=1, level=12
7bx:attr: refType=1, attr=0x00000000
7bx2:mask: refType=2, level=12
7bx2:attr: refType=2, attr=0x00000000
7bx3:mask: refType=2, level=48
7bx3:attr: refType=2, attr=0x00001800
7bx4:mask: refType=0, level=12
7bx4:attr: refType=0, attr=0x00000000
7bx4:mask2: refType=2, level=48
7bx4:attr2: refType=2, attr=0x00001800
7bx5:mask: refType=0, level=12
7bx5:attr: refType=0, attr=0x00000000
7bx5:mask2: refType=0, level=12
7bx5:attr2: refType=0, attr=0x00000000
7bx5:mask3: refType=2, level=48
7bx5:attr3: refType=2, attr=0x00001800
7bxx:mask: refType=1, level=48
7bxx:attr: refType=1, attr=0x00001800
7c:mask: refType=2, level=12
7c:attr: refType=2, attr=0x00801000
7d:mask: refType=1, level=12
7d:attr: refType=1, attr=0x00801000
7e:mask: refType=0, level=12
7e:attr: refType=0, attr=0x00000000
7f:mask: refType=2, level=12
7f:attr: refType=2, attr=0x00801000
7g:mask: refType=0, level=12
7g:attr: refType=0, attr=0x00000000
8:mask: refType=1, level=12
8:attr: refType=1, attr=0x00801000
9:mask: refType=2, level=12
9:attr: refType=2, attr=0x00801000
9a:mask: refType=2, level=48
9a:attr: refType=2, attr=0x00001800
10:mask: refType=0, level=12
10:attr: refType=0, attr=0x00000000

--------------------------------------------------------------------------------
[ Enumeration of all log-level-masks : Test for put message asDetail ]

( 0)"forAny"
	mask(of log): (12)"asNormal"
		OK ... log-message: ( 5)"asDetail", "Win(stdout)"
	mask(of notice): (36)"asCritical"
		OK ... 
( 1)"forDummy"
	mask(of log): (12)"asNormal"
		OK ... log-message: ( 5)"asDetail", "Dummy"
	mask(of notice): (36)"asCritical"
		OK ... 
( 2)"forNotice"
	mask(of log): (12)"asNormal"
		OK ... log-message: ( 5)"asDetail", "Dummy"
	mask(of notice): (36)"asCritical"
		OK ... 
( 3)"forFileSystem"
	mask(of log): (12)"asNormal"
		OK ... log-message: ( 5)"asDetail", "Win(stdout)"
	mask(of notice): (36)"asCritical"
		OK ... 
( 4)"forResource"
	mask(of log): (12)"asNormal"
		OK ... log-message: ( 5)"asDetail", "Win(stdout)"
	mask(of notice): (36)"asCritical"
		OK ... 
( 5)"for3D"
	mask(of log): (12)"asNormal"
		OK ... log-message: ( 5)"asDetail", "Win(stdout)"
	mask(of notice): (36)"asCritical"
		OK ... 
( 6)"for2D"
	mask(of log): (12)"asNormal"
		OK ... log-message: ( 5)"asDetail", "Win(stdout)"
	mask(of notice): (36)"asCritical"
		OK ... 
( 7)"forSound"
	mask(of log): (12)"asNormal"
		OK ... log-message: ( 5)"asDetail", "Win(stdout)"
	mask(of notice): (36)"asCritical"
		OK ... 
(10)"forMiniGame"
	mask(of log): (12)"asNormal"
		OK ... log-message: ( 5)"asDetail", "Win(stdout)"
	mask(of notice): (36)"asCritical"
		OK ... 
(20)"forTARO"
	mask(of log): ( 5)"asDetail"
		OK ... log-message: ( 5)"asDetail", "vs-console *custom*"
	mask(of notice): (12)"asNormal"
		OK ... 
(21)"forJIRO"
	mask(of log): (47)"asSilent"
		OK ... log-message: ( 5)"asDetail", "vs-console *custom*"
	mask(of notice): (48)"asSilentAbsolutely"
		OK ... 

--------------------------------------------------------------------------------
[ Enumeration of all log-level-masks : Test for put message asNormal ]

( 0)"forAny"
	mask(of log): (12)"asNormal"
		OK ... log-message: (12)"asNormal", "win-console *CHANGED*"
	mask(of notice): (36)"asCritical"
		OK ... 
( 1)"forDummy"
	mask(of log): (12)"asNormal"
		OK ... log-message: (12)"asNormal", "Dummy"
	mask(of notice): (36)"asCritical"
		OK ... 
( 2)"forNotice"
	mask(of log): (12)"asNormal"
		OK ... log-message: (12)"asNormal", "Dummy"
	mask(of notice): (36)"asCritical"
		OK ... 
( 3)"forFileSystem"
	mask(of log): (12)"asNormal"
		OK ... log-message: (12)"asNormal", "win-console *CHANGED*"
	mask(of notice): (36)"asCritical"
		OK ... 
( 4)"forResource"
	mask(of log): (12)"asNormal"
		OK ... log-message: (12)"asNormal", "win-console *CHANGED*"
	mask(of notice): (36)"asCritical"
		OK ... 
( 5)"for3D"
	mask(of log): (12)"asNormal"
		OK ... log-message: (12)"asNormal", "win-console *CHANGED*"
	mask(of notice): (36)"asCritical"
		OK ... 
( 6)"for2D"
	mask(of log): (12)"asNormal"
		OK ... log-message: (12)"asNormal", "win-console *CHANGED*"
	mask(of notice): (36)"asCritical"
		OK ... 
( 7)"forSound"
	mask(of log): (12)"asNormal"
		OK ... log-message: (12)"asNormal", "win-console *CHANGED*"
	mask(of notice): (36)"asCritical"
		OK ... 
(10)"forMiniGame"
	mask(of log): (12)"asNormal"
		OK ... log-message: (12)"asNormal", "win-console *CHANGED*"
	mask(of notice): (36)"asCritical"
		OK ... 
(20)"forTARO"
	mask(of log): ( 5)"asDetail"
		OK ... log-message: (12)"asNormal", "vs-console *custom*"
	mask(of notice): (12)"asNormal"
		OK ... 
(21)"forJIRO"
	mask(of log): (47)"asSilent"
		OK ... log-message: (12)"asNormal", "vs-console *custom*"
	mask(of notice): (48)"asSilentAbsolutely"
		OK ... 

--------------------------------------------------------------------------------
[ Enumeration of all log-level-masks : Test for put message asCritical ]


--------------------------------------------------------------------------------
[ Enumeration of all log-level-masks : Test for put message asAbsolute ]

( 0)"forAny"
	mask(of log): (12)"asNormal"
		OK ... log-message: (44)"asAbsolute", "Win(stdout)"
	mask(of notice): (36)"asCritical"
		OK ... 
( 1)"forDummy"
	mask(of log): (12)"asNormal"
		OK ... log-message: (44)"asAbsolute", "Dummy"
	mask(of notice): (36)"asCritical"
		OK ... 
( 2)"forNotice"
	mask(of log): (12)"asNormal"
		OK ... log-message: (44)"asAbsolute", "Dummy"
	mask(of notice): (36)"asCritical"
		OK ... 
( 3)"forFileSystem"
	mask(of log): (12)"asNormal"
		OK ... log-message: (44)"asAbsolute", "Win(stdout)"
	mask(of notice): (36)"asCritical"
		OK ... 
( 4)"forResource"
	mask(of log): (12)"asNormal"
		OK ... log-message: (44)"asAbsolute", "Win(stdout)"
	mask(of notice): (36)"asCritical"
		OK ... 
( 5)"for3D"
	mask(of log): (12)"asNormal"
		OK ... log-message: (44)"asAbsolute", "Win(stdout)"
	mask(of notice): (36)"asCritical"
		OK ... 
( 6)"for2D"
	mask(of log): (12)"asNormal"
		OK ... log-message: (44)"asAbsolute", "Win(stdout)"
	mask(of notice): (36)"asCritical"
		OK ... 
( 7)"forSound"
	mask(of log): (12)"asNormal"
		OK ... log-message: (44)"asAbsolute", "Win(stdout)"
	mask(of notice): (36)"asCritical"
		OK ... 
(10)"forMiniGame"
	mask(of log): (12)"asNormal"
		OK ... log-message: (44)"asAbsolute", "Win(stdout)"
	mask(of notice): (36)"asCritical"
		OK ... 
(20)"forTARO"
	mask(of log): ( 5)"asDetail"
		OK ... log-message: (44)"asAbsolute", "vs-console *custom*"
	mask(of notice): (12)"asNormal"
		OK ... 
(21)"forJIRO"
	mask(of log): (47)"asSilent"
		OK ... log-message: (44)"asAbsolute", "vs-console *custom*"
	mask(of notice): (48)"asSilentAbsolutely"
		OK ... 

--------------------------------------------------------------------------------
[ Test for log-queue-monitor ]

START: logQueueMonitor thread
enqueu failed.
enqueu failed.
enqueu failed.
enqueu failed.
enqueu failed.
enqueu failed.
enqueu failed.
enqueu failed.
enqueu failed.
enqueu failed.
enqueu failed.
enqueu failed.
enqueu failed.
enqueu failed.
enqueu failed.
enqueu failed.
enqueu failed.
enqueu failed.
enqueu failed.
enqueu of reservation failed.
message making failed.
message making failed.
message making failed.
message making failed.
message making failed.
message making failed.
message making failed.
message making failed.
message making failed.
message making failed.
message making failed.
message making failed.
message making failed.
message making failed.
message making failed.
message making failed.
message making failed.
message making failed.
message making failed.
message making of reservation failed.
END: logQueueMonitor thread

--------------------------------------------------------------------------------
[ Test for memory console ]


12345678901234567890
123456789012345

(len=0)

(len=0)
#
#(len=1)
1
1(len=1)
1#
1#(len=2)
12
12(len=2)
12#
12#(len=3)
123
123(len=3)
123#
123#(len=4)
1234
1234(len=4)
1234#
1234#(len=5)
12345
12345(len=5)
12345#
12345#(len=6)
123456
123456(len=6)
123456#
123456#(len=7)
1234567
1234567(len=7)
1234567#
1234567#(len=8)
12345678
12345678(len=8)
12345678#
12345678#(len=9)
123456789
123456789(len=9)
123456789#
123456789#(len=10)
1234567890
1234567890(len=10)
1234567890#
1234567890#(len=11)
12345678901
12345678901(len=11)
12345678901#
12345678901#(len=12)
123456789012
123456789012(len=12)
123456789012#
123456789012#(len=13)
1234567890123
1234567890123(len=13)
1234567890123#
1234567890123#(len=14)
12345678901234
12345678901234(len=14)
12345678901234#
12345678901234#(len=15)
123456789012345
123456789012345(len=15)
123456789012345#
123456789012345#(len=16)
1234567890123456
1234567890123456(len=16)
1234567890123456#
1234567890123456#(len=17)
12345678901234567
12345678901234567(len=17)
12345678901234567#
12345678901234567#(len=18)
123456789012345678
123456789012345678(len=18)
123456789012345678#
123456789012345678#(len=19)
1234567890123456789
1234567890123456789(len=19)
1234567890123456789#
1234567890123456789#(len=20)
12345678901234567890
12345678901234567890(len=20)
12345678901234567890#
12345678901234567890#(len=21)
123456789012345678901
123456789012345678901(len=21)
123456789012345678901#
123456789012345678901#(len=22)
1234567890123456789012
1234567890123456789012(len=22)
1234567890123456789012#
1234567890123456789012#(len=23)
12345678901234567890123
12345678901234567890123(len=23)
12345678901234567890123#
12345678901234567890123#(len=24)
123456789012345678901234
123456789012345678901234(len=24)
123456789012345678901234#
123456789012345678901234#(len=25)
1234567890123456789012345
1234567890123456789012345(len=25)
1234567890123456789012345#
1234567890123456789012345#(len=26)
12345678901234567890123456
12345678901234567890123456(len=26)
12345678901234567890123456#
12345678901234567890123456#(len=27)
123456789012345678901234567
123456789012345678901234567(len=27)
123456789012345678901234567#
123456789012345678901234567#(len=28)
1234567890123456789012345678
1234567890123456789012345678(len=28)
1234567890123456789012345678#
1234567890123456789012345678#(len=29)
12345678901234567890123456789
12345678901234567890123456789(len=29)
12345678901234567890123456789#
12345678901234567890123456789#(len=30)
123456789012345678901234567890
123456789012345678901234567890(len=30)
123456789012345678901234567890#
123456789012345678901234567890#(len=31)
1234567890123456789012345678901
1234567890123456789012345678901(len=31)
1234567890123456789012345678901#
1234567890123456789012345678901#(len=32)
12345678901234567890123456789012
12345678901234567890123456789012(len=32)
12345678901234567890123456789012#
12345678901234567890123456789012(len=32)
(null)1234567890ABCDEFGHIJKLMNOPQRSTUVWXYZabcdefghijklmnopqrstuvwxyz
(null)1234567890ABCDEFGHIJKLMNOPQRSTUVWXYZabcdefghijklmnopqrstuvwxyz(len=68)
7890ABCDEFGHIJKLMNOPQRSTUVWXYZabcdefghijklmnopqrstuvwxyz(null)1234567890ABCDEFGHIJKLMNOPQRSTUVWXYZabcdefghijklmnopqrstuvwxyz
7890ABCDEFGHIJKLMNOPQRSTUVWXYZabcdefghijklmnopqrstuvwxyz(null)1234567890ABCDEFGHIJKLMNOPQRSTUVWXYZabcdefghijklmnopqrstuvwxyz(len=124)
7890ABCDEFGHIJKLMNOPQRSTUVWXYZabcdefghijklmnopqrstuvwxyz(null)1234567890ABCDEFGHIJKLMNOPQRSTUVWXYZabcdefghijklmnopqrstuvwxyz
7890ABCDEFGHIJKLMNOPQRSTUVWXYZabcdefghijklmnopqrstuvwxyz(null)1234567890ABCDEFGHIJKLMNOPQRSTUVWXYZabcdefghijklmnopqrstuvwxyz(len=124)
7890ABCDEFGHIJKLMNOPQRSTUVWXYZabcdefghijklmnopqrstuvwxyz(null)1234567890ABCDEFGHIJKLMNOPQRSTUVWXYZabcdefghijklmnopqrstuvwxyz
7890ABCDEFGHIJKLMNOPQRSTUVWXYZabcdefghijklmnopqrstuvwxyz(null)1234567890ABCDEFGHIJKLMNOPQRSTUVWXYZabcdefghijklmnopqrstuvwxyz(len=124)
7890ABCDEFGHIJKLMNOPQRSTUVWXYZabcdefghijklmnopqrstuvwxyz(null)1234567890ABCDEFGHIJKLMNOPQRSTUVWXYZabcdefghijklmnopqrstuvwxyz
7890ABCDEFGHIJKLMNOPQRSTUVWXYZabcdefghijklmnopqrstuvwxyz(null)1234567890ABCDEFGHIJKLMNOPQRSTUVWXYZabcdefghijklmnopqrstuvwxyz(len=124)
7890ABCDEFGHIJKLMNOPQRSTUVWXYZabcdefghijklmnopqrstuvwxyz(null)1234567890ABCDEFGHIJKLMNOPQRSTUVWXYZabcdefghijklmnopqrstuvwxyz
7890ABCDEFGHIJKLMNOPQRSTUVWXYZabcdefghijklmnopqrstuvwxyz(null)1234567890ABCDEFGHIJKLMNOPQRSTUVWXYZabcdefghijklmnopqrstuvwxyz(len=124)
7890ABCDEFGHIJKLMNOPQRSTUVWXYZabcdefghijklmnopqrstuvwxyz(null)1234567890ABCDEFGHIJKLMNOPQRSTUVWXYZabcdefghijklmnopqrstuvwxyz
7890ABCDEFGHIJKLMNOPQRSTUVWXYZabcdefghijklmnopqrstuvwxyz(null)1234567890ABCDEFGHIJKLMNOPQRSTUVWXYZabcdefghijklmnopqrstuvwxyz(len=124)
7890ABCDEFGHIJKLMNOPQRSTUVWXYZabcdefghijklmnopqrstuvwxyz(null)1234567890ABCDEFGHIJKLMNOPQRSTUVWXYZabcdefghijklmnopqrstuvwxyz
7890ABCDEFGHIJKLMNOPQRSTUVWXYZabcdefghijklmnopqrstuvwxyz(null)1234567890ABCDEFGHIJKLMNOPQRSTUVWXYZabcdefghijklmnopqrstuvwxyz(len=124)
7890ABCDEFGHIJKLMNOPQRSTUVWXYZabcdefghijklmnopqrstuvwxyz(null)1234567890ABCDEFGHIJKLMNOPQRSTUVWXYZabcdefghijklmnopqrstuvwxyz
7890ABCDEFGHIJKLMNOPQRSTUVWXYZabcdefghijklmnopqrstuvwxyz(null)1234567890ABCDEFGHIJKLMNOPQRSTUVWXYZabcdefghijklmnopqrstuvwxyz(len=124)
7890ABCDEFGHIJKLMNOPQRSTUVWXYZabcdefghijklmnopqrstuvwxyz(null)1234567890ABCDEFGHIJKLMNOPQRSTUVWXYZabcdefghijklmnopqrstuvwxyz
7890ABCDEFGHIJKLMNOPQRSTUVWXYZabcdefghijklmnopqrstuvwxyz(null)1234567890ABCDEFGHIJKLMNOPQRSTUVWXYZabcdefghijklmnopqrstuvwxyz(len=124)

--------------------------------------------------------------------------------
[ Test for print log ]

START: logQueueMonitor thread
[1|00:00:00.066005|asImportant|forAny](01)Test Message:10
[2|00:00:00.066005](10)Test Message:10
[3|00:00:00.066005](11)Test Message
[4|00:00:00.066005](12)TEST MESSAGE
[5|00:00:00.066005](13)test message
[6|00:00:00.066005](14)Test Message
[7|00:00:00.066005](15)Test Message
[8|00:00:00.066005](16)TEST MESSAGE
[9|00:00:00.066005](17)test message
[10|00:00:00.066005](02)Test Message:10
[11|00:00:00.066005](03)Test Message:10
[12|00:00:00.066005](04)TEST MESSAGE:10
[13|00:00:00.066005](05)test message:10
[14|00:00:00.066005](06)Test Message
[15|00:00:00.066005](07)Test Message
[16|00:00:00.066005](08)TEST MESSAGE
[17|00:00:00.066005](09)test message
[00:00:00.069004](18)Test Message:10
[00:00:00.069004](19)Test Message:10
[00:00:00.069004](20)Test Message:10
[00:00:00.069004](21)TEST MESSAGE:10
[00:00:00.069004](22)test message:10
[00:00:00.069004](23)Test Message:10
[00:00:00.069004](24)TEST MESSAGE:10
[00:00:00.069004](25)test message:10
[00:00:00.069004](26)Test Message
[00:00:00.069004](27)Test Message
[00:00:00.069004](28)Test Message
[00:00:00.069004](29)TEST MESSAGE
[00:00:00.069004](30)test message
[00:00:00.069004](31)Test Message
[00:00:00.069004](32)TEST MESSAGE
[00:00:00.069004](33)test message
END: logQueueMonitor thread

--------------------------------------------------------------------------------
[ Test for call-point ]

> recent critical-cp info
  - name = "test"
  - category = "forTARO"
  - type = "isNormal"
  - autoProfiling = "useAutoProfiling"
  - source file = "example_debug_log_feature_test.cpp(989)[Mon Jul 28 23:18:46 2014]"
  - function = "example_debugLog_featureTest"
  - begin time = 0.070022
> recent critical-cp info
  - name = "test3"
  - category = "forTARO"
  - type = "isNormal"
  - autoProfiling = "noProfiling"
  - source file = "example_debug_log_feature_test.cpp(997)[Mon Jul 28 23:18:46 2014]"
  - function = "example_debugLog_featureTest"
  - begin time = 0.070022
> recent critical-cp info
  - name = "test2"
  - category = "forTARO"
  - type = "isCritical"
  - autoProfiling = "useAutoProfiling"
  - source file = "example_debug_log_feature_test.cpp(995)[Mon Jul 28 23:18:46 2014]"
  - function = "example_debugLog_featureTest"
  - begin time = 0.070022
> recent critical-cp info
  - name = "test3"
  - category = "forTARO"
  - type = "isNormal"
  - autoProfiling = "noProfiling"
  - source file = "example_debug_log_feature_test.cpp(997)[Mon Jul 28 23:18:46 2014]"
  - function = "example_debugLog_featureTest"
  - begin time = 0.070022
> recent critical-cp info
  - name = "test4"
  - category = "forTARO"
  - type = "isNormal"
  - autoProfiling = "noProfiling"
  - source file = "example_debug_log_feature_test.cpp(1007)[Mon Jul 28 23:18:46 2014]"
  - function = "example_debugLog_featureTest"
  - begin time = 0.070022
> recent critical-cp info
  - name = "test4"
  - category = "forTARO"
  - type = "isNormal"
  - autoProfiling = "noProfiling"
  - source file = "example_debug_log_feature_test.cpp(1007)[Mon Jul 28 23:18:46 2014]"
  - function = "example_debugLog_featureTest"
  - begin time = 0.070022
debugInfo(len=828):
----- callPoint stack info -----
Thread: "MainThread"(ID=1d85a16a)
Num of point: 4
------------------------------------
[forTARO]"test4"(addr=006BE8AC)
        src: example_debug_log_feature_test.cpp(1007)[Mon Jul 28 23:18:46 2014]
        func:example_debugLog_featureTest
 [forTARO]"test3"(addr=006BE8DC)
         src: example_debug_log_feature_test.cpp(997)[Mon Jul 28 23:18:46 2014]
         func:example_debugLog_featureTest
  [forTARO]"test2"(addr=006BE948)<CRITICAL><Auto-Profiling>
          src: example_debug_log_feature_test.cpp(995)[Mon Jul 28 23:18:46 2014]
          func:example_debugLog_featureTest
   [forTARO]"test"(addr=006BE9B4)<Auto-Profiling>
           src: example_debug_log_feature_test.cpp(989)[Mon Jul 28 23:18:46 2014]
           func:example_debugLog_featureTest
------------------------------------
> recent critical-cp info
  - name = "test3"
  - category = "forTARO"
  - type = "isNormal"
  - autoProfiling = "noProfiling"
  - source file = "example_debug_log_feature_test.cpp(997)[Mon Jul 28 23:18:46 2014]"
  - function = "example_debugLog_featureTest"
  - begin time = 0.070022
> recent critical-cp info
  - name = "test2"
  - category = "forTARO"
  - type = "isCritical"
  - autoProfiling = "useAutoProfiling"
  - source file = "example_debug_log_feature_test.cpp(995)[Mon Jul 28 23:18:46 2014]"
  - function = "example_debugLog_featureTest"
  - begin time = 0.070022
> recent critical-cp info
  - name = "test2"
  - category = "forTARO"
  - type = "isCritical"
  - autoProfiling = "useAutoProfiling"
  - source file = "example_debug_log_feature_test.cpp(995)[Mon Jul 28 23:18:46 2014]"
  - function = "example_debugLog_featureTest"
  - begin time = 0.070022
> recent critical-cp info
  - name = "test2"
  - category = "forTARO"
  - type = "isCritical"
  - autoProfiling = "useAutoProfiling"
  - source file = "example_debug_log_feature_test.cpp(995)[Mon Jul 28 23:18:46 2014]"
  - function = "example_debugLog_featureTest"
  - begin time = 0.070022
> recent critical-cp info
  - name = "test"
  - category = "forTARO"
  - type = "isNormal"
  - autoProfiling = "useAutoProfiling"
  - source file = "example_debug_log_feature_test.cpp(989)[Mon Jul 28 23:18:46 2014]"
  - function = "example_debugLog_featureTest"
  - begin time = 0.070022
> recent critical-cp info
  (nothing)
> recent critical-cp info
  - name = "test"
  - category = "forTARO"
  - type = "isNormal"
  - autoProfiling = "useAutoProfiling"
  - source file = "example_debug_log_feature_test.cpp(989)[Mon Jul 28 23:18:46 2014]"
  - function = "example_debugLog_featureTest"
  - begin time = 0.070022
> recent critical-cp info
  (nothing)
> recent critical-cp info
  (nothing)
> recent critical-cp info
  (nothing)
debugInfo(len=119):
----- callPoint stack info -----
Thread: "MainThread"(ID=1d85a16a)
Num of point: 0
------------------------------------

--------------------------------------------------------------------------------
[ Test for assert/break-point/watch-point ]

START: logQueueMonitor thread
[asNormal|forAny]ASSERT:123
ASSERTION FAILURE!: 1 != 1
func: example_debugLog_featureTest
file: example_debug_log_feature_test.cpp(1098)[Mon Jul 28 23:18:46 2014]
----- callPoint stack info -----
Thread: "MainThread"(ID=1d85a16a)
Num of point: 2
------------------------------------
[forJIRO]"CP2"(addr=006BE6C0)<CRITICAL>
        src: example_debug_log_feature_test.cpp(1095)[Mon Jul 28 23:18:46 2014]
        func:example_debugLog_featureTest
 [forTARO]"CP1"(addr=006BE6F0)<CRITICAL>
         src: example_debug_log_feature_test.cpp(1093)[Mon Jul 28 23:18:46 2014]
         func:example_debugLog_featureTest
------------------------------------
[asNormal|forAny]BREAKPOINT:123
func: example_debugLog_featureTest
file: example_debug_log_feature_test.cpp(1099)[Mon Jul 28 23:18:46 2014]
----- callPoint stack info -----
Thread: "MainThread"(ID=1d85a16a)
Num of point: 2
------------------------------------
[forJIRO]"CP2"(addr=006BE6C0)<CRITICAL>
        src: example_debug_log_feature_test.cpp(1095)[Mon Jul 28 23:18:46 2014]
        func:example_debugLog_featureTest
 [forTARO]"CP1"(addr=006BE6F0)<CRITICAL>
         src: example_debug_log_feature_test.cpp(1093)[Mon Jul 28 23:18:46 2014]
         func:example_debugLog_featureTest
------------------------------------
[asNormal|forAny]WATCHPOINT:123
HIT!: 1 == 1
func: example_debugLog_featureTest
file: example_debug_log_feature_test.cpp(1101)[Mon Jul 28 23:18:46 2014]
----- callPoint stack info -----
Thread: "MainThread"(ID=1d85a16a)
Num of point: 2
------------------------------------
[forJIRO]"CP2"(addr=006BE6C0)<CRITICAL>
        src: example_debug_log_feature_test.cpp(1095)[Mon Jul 28 23:18:46 2014]
        func:example_debugLog_featureTest
 [forTARO]"CP1"(addr=006BE6F0)<CRITICAL>
         src: example_debug_log_feature_test.cpp(1093)[Mon Jul 28 23:18:46 2014]
         func:example_debugLog_featureTest
------------------------------------
[asNormal|forAny]ASSERT:123
ASSERTION FAILURE!: 1 != 1
func: example_debugLog_featureTest
file: example_debug_log_feature_test.cpp(1122)[Mon Jul 28 23:18:46 2014]
----- callPoint stack info -----
Thread: "MainThread"(ID=1d85a16a)
Num of point: 1
------------------------------------
[forTARO]"CP1"(addr=006BE6F0)<CRITICAL>
        src: example_debug_log_feature_test.cpp(1093)[Mon Jul 28 23:18:46 2014]
        func:example_debugLog_featureTest
------------------------------------
[asNormal|forAny]BREAKPOINT:123
func: example_debugLog_featureTest
file: example_debug_log_feature_test.cpp(1123)[Mon Jul 28 23:18:46 2014]
----- callPoint stack info -----
Thread: "MainThread"(ID=1d85a16a)
Num of point: 1
------------------------------------
[forTARO]"CP1"(addr=006BE6F0)<CRITICAL>
        src: example_debug_log_feature_test.cpp(1093)[Mon Jul 28 23:18:46 2014]
        func:example_debugLog_featureTest
------------------------------------
[asNormal|forAny]WATCHPOINT:123
HIT!: 1 == 1
func: example_debugLog_featureTest
file: example_debug_log_feature_test.cpp(1124)[Mon Jul 28 23:18:46 2014]
----- callPoint stack info -----
Thread: "MainThread"(ID=1d85a16a)
Num of point: 1
------------------------------------
[forTARO]"CP1"(addr=006BE6F0)<CRITICAL>
        src: example_debug_log_feature_test.cpp(1093)[Mon Jul 28 23:18:46 2014]
        func:example_debugLog_featureTest
------------------------------------
[asNormal|forAny]ASSERT:123
ASSERTION FAILURE!: 1 != 1
func: example_debugLog_featureTest
file: example_debug_log_feature_test.cpp(1132)[Mon Jul 28 23:18:46 2014]
----- callPoint stack info -----
Thread: "MainThread"(ID=1d85a16a)
Num of point: 1
------------------------------------
[forTARO]"CP1"(addr=006BE6F0)<CRITICAL>
        src: example_debug_log_feature_test.cpp(1093)[Mon Jul 28 23:18:46 2014]
        func:example_debugLog_featureTest
------------------------------------
[asNormal|forAny]BREAKPOINT:123
func: example_debugLog_featureTest
file: example_debug_log_feature_test.cpp(1133)[Mon Jul 28 23:18:46 2014]
----- callPoint stack info -----
Thread: "MainThread"(ID=1d85a16a)
Num of point: 1
------------------------------------
[forTARO]"CP1"(addr=006BE6F0)<CRITICAL>
        src: example_debug_log_feature_test.cpp(1093)[Mon Jul 28 23:18:46 2014]
        func:example_debugLog_featureTest
------------------------------------
[asNormal|forAny]WATCHPOINT:123
HIT!: 1 == 1
func: example_debugLog_featureTest
file: example_debug_log_feature_test.cpp(1134)[Mon Jul 28 23:18:46 2014]
----- callPoint stack info -----
Thread: "MainThread"(ID=1d85a16a)
Num of point: 1
------------------------------------
[forTARO]"CP1"(addr=006BE6F0)<CRITICAL>
        src: example_debug_log_feature_test.cpp(1093)[Mon Jul 28 23:18:46 2014]
        func:example_debugLog_featureTest
------------------------------------
[asNormal|forAny]ASSERT:123
ASSERTION FAILURE!: 1 != 1
func: example_debugLog_featureTest
file: example_debug_log_feature_test.cpp(1141)[Mon Jul 28 23:18:46 2014]
----- callPoint stack info -----
Thread: "MainThread"(ID=1d85a16a)
Num of point: 1
------------------------------------
[forTARO]"CP1"(addr=006BE6F0)<CRITICAL>
        src: example_debug_log_feature_test.cpp(1093)[Mon Jul 28 23:18:46 2014]
        func:example_debugLog_featureTest
------------------------------------
[asNormal|forAny]BREAKPOINT:123
func: example_debugLog_featureTest
file: example_debug_log_feature_test.cpp(1142)[Mon Jul 28 23:18:46 2014]
----- callPoint stack info -----
Thread: "MainThread"(ID=1d85a16a)
Num of point: 1
------------------------------------
[forTARO]"CP1"(addr=006BE6F0)<CRITICAL>
        src: example_debug_log_feature_test.cpp(1093)[Mon Jul 28 23:18:46 2014]
        func:example_debugLog_featureTest
------------------------------------
[asNormal|forAny]WATCHPOINT:123
HIT!: 1 == 1
func: example_debugLog_featureTest
file: example_debug_log_feature_test.cpp(1143)[Mon Jul 28 23:18:46 2014]
----- callPoint stack info -----
Thread: "MainThread"(ID=1d85a16a)
Num of point: 1
------------------------------------
[forTARO]"CP1"(addr=006BE6F0)<CRITICAL>
        src: example_debug_log_feature_test.cpp(1093)[Mon Jul 28 23:18:46 2014]
        func:example_debugLog_featureTest
------------------------------------
END: logQueueMonitor thread

--- Profile ---
----------
thread: "MainThread"
  -----  Process:"test"
    TOTAL: count=4, time=0.004000600, max=0.001999400, min=0.001000300, avg=0.001000150, sum-cnt=2, max-cnt=3, min-cnt=1, avg-cnt=2.00
    PERIOD:count=4, time=0.004000600, max=0.001999400, min=0.001000300, avg=0.001000150, sum-cnt=2, max-cnt=3, min-cnt=1, avg-cnt=2.00
  -----  Process:"test2"
    TOTAL: count=1, time=0.000000000, max=0.000000000, min=0.000000000, avg=0.000000000, sum-cnt=2, max-cnt=1, min-cnt=0, avg-cnt=0.50
    PERIOD:count=1, time=0.000000000, max=0.000000000, min=0.000000000, avg=0.000000000, sum-cnt=2, max-cnt=1, min-cnt=0, avg-cnt=0.50
  -----  Process:"CP level2(with perform)"
    TOTAL: count=1, time=0.012001000, max=0.012001000, min=0.000000000, avg=0.012001000, sum-cnt=3, max-cnt=1, min-cnt=0, avg-cnt=0.33
    PERIOD:count=0, time=0.000000000, max=0.000000000, min=0.000000000, avg=0.000000000, sum-cnt=2, max-cnt=0, min-cnt=0, avg-cnt=0.00
--------------


================================================================================

================================================================================

--------------------------------------------------------------------------------
[ Prformance test for debug-log ]
--------------------------------------------------------------------------------
START: logQueueMonitor thread

--------------------------------------------------------------------------------
Many thread printing

[1]Reserved-message(00) on THREAD[09]
[2]Reserved-message(00) on THREAD[07]
[3]Reserved-message(00) on THREAD[05]
[4]Reserved-message(00) on THREAD[03]
[5]Reserved-message(00) on THREAD[00]
[6]Reserved-message(00) on THREAD[01]
[7]Reserved-message(00) on THREAD[02]
[8]Reserved-message(00) on THREAD[06]
[9]Reserved-message(00) on THREAD[04]
[10]Reserved-message(00) on THREAD[08]
[11]Normal-message(00) on THREAD[07]
[12]Normal-message(00) on THREAD[09]
[13]Normal-message(00) on THREAD[05]
[14]Normal-message(00) on THREAD[03]
[15]Normal-message(00) on THREAD[00]
[16]Normal-message(00) on THREAD[02]
[17]Normal-message(00) on THREAD[04]
[18]Normal-message(00) on THREAD[08]
[19]Normal-message(00) on THREAD[06]
[20]Normal-message(00) on THREAD[01]
[21]Reserved-message(01) on THREAD[09]
[22]Reserved-message(01) on THREAD[07]
[23]Reserved-message(01) on THREAD[02]
[24]Reserved-message(01) on THREAD[04]
[25]Reserved-message(01) on THREAD[08]
[26]Reserved-message(01) on THREAD[05]
[27]Normal-message(01) on THREAD[09]
[28]Reserved-message(01) on THREAD[01]
[29]Reserved-message(01) on THREAD[00]
[30]Reserved-message(01) on THREAD[06]
[31]Normal-message(01) on THREAD[07]
[32]Reserved-message(01) on THREAD[03]
[33]Normal-message(01) on THREAD[02]
[34]Normal-message(01) on THREAD[05]
[35]Normal-message(01) on THREAD[08]
[36]Normal-message(01) on THREAD[04]
[37]Normal-message(01) on THREAD[00]
[38]Normal-message(01) on THREAD[06]
[39]Normal-message(01) on THREAD[01]
[40]Normal-message(01) on THREAD[03]
[41]Reserved-message(02) on THREAD[09]
[42]Reserved-message(02) on THREAD[07]
[43]Reserved-message(02) on THREAD[00]
[44]Normal-message(02) on THREAD[09]
[45]Reserved-message(02) on THREAD[05]
[46]Reserved-message(02) on THREAD[02]
[47]Reserved-message(02) on THREAD[08]
[48]Normal-message(02) on THREAD[07]
[49]Reserved-message(02) on THREAD[01]
[50]Reserved-message(02) on THREAD[04]
[51]Reserved-message(02) on THREAD[06]
[52]Normal-message(02) on THREAD[00]
[53]Reserved-message(02) on THREAD[03]
[54]Normal-message(02) on THREAD[05]
[55]Normal-message(02) on THREAD[02]
[56]Normal-message(02) on THREAD[08]
[57]Normal-message(02) on THREAD[01]
[58]Normal-message(02) on THREAD[04]
[59]Reserved-message(03) on THREAD[09]
[60]Normal-message(02) on THREAD[06]
[61]Normal-message(02) on THREAD[03]
[62]Reserved-message(03) on THREAD[07]
[63]Reserved-message(03) on THREAD[02]
[64]Reserved-message(03) on THREAD[05]
[65]Reserved-message(03) on THREAD[08]
[66]Normal-message(03) on THREAD[09]
[67]Normal-message(03) on THREAD[07]
[68]Reserved-message(03) on THREAD[01]
[69]Reserved-message(03) on THREAD[04]
[70]Reserved-message(03) on THREAD[00]
[71]Reserved-message(03) on THREAD[03]
[72]Normal-message(03) on THREAD[02]
[73]Normal-message(03) on THREAD[05]
[74]Normal-message(03) on THREAD[01]
[75]Normal-message(03) on THREAD[08]
[76]Normal-message(03) on THREAD[04]
[77]Reserved-message(03) on THREAD[06]
[78]Normal-message(03) on THREAD[00]
[79]Reserved-message(04) on THREAD[09]
[80]Normal-message(03) on THREAD[03]
[81]Normal-message(03) on THREAD[06]
[82]Reserved-message(04) on THREAD[07]
[83]Reserved-message(04) on THREAD[05]
[84]Reserved-message(04) on THREAD[01]
[85]Reserved-message(04) on THREAD[08]
[86]Reserved-message(04) on THREAD[04]
[87]Reserved-message(04) on THREAD[00]
[88]Reserved-message(04) on THREAD[02]
[89]Normal-message(04) on THREAD[07]
[90]Normal-message(04) on THREAD[09]
[91]Normal-message(04) on THREAD[01]
[92]Reserved-message(04) on THREAD[06]
[93]Reserved-message(04) on THREAD[03]
[94]Normal-message(04) on THREAD[04]
[95]Normal-message(04) on THREAD[08]
[96]Normal-message(04) on THREAD[05]
[97]Normal-message(04) on THREAD[02]
[98]Normal-message(04) on THREAD[00]
[99]Normal-message(04) on THREAD[06]
[100]Reserved-message(05) on THREAD[07]
[101]Reserved-message(05) on THREAD[09]
[102]Normal-message(04) on THREAD[03]
[103]Reserved-message(05) on THREAD[05]
[104]Reserved-message(05) on THREAD[04]
[105]Normal-message(05) on THREAD[07]
[106]Reserved-message(05) on THREAD[08]
[107]Normal-message(05) on THREAD[09]
[108]Reserved-message(05) on THREAD[01]
[109]Reserved-message(05) on THREAD[00]
[110]Reserved-message(05) on THREAD[02]
[111]Reserved-message(05) on THREAD[06]
[112]Normal-message(05) on THREAD[08]
[113]Normal-message(05) on THREAD[04]
[114]Normal-message(05) on THREAD[05]
[115]Reserved-message(05) on THREAD[03]
[116]Normal-message(05) on THREAD[00]
[117]Normal-message(05) on THREAD[01]
[118]Normal-message(05) on THREAD[02]
[119]Reserved-message(06) on THREAD[07]
[120]Reserved-message(06) on THREAD[09]
[121]Normal-message(05) on THREAD[06]
[122]Normal-message(05) on THREAD[03]
[123]Reserved-message(06) on THREAD[05]
[124]Reserved-message(06) on THREAD[02]
[125]Reserved-message(06) on THREAD[04]
[126]Reserved-message(06) on THREAD[08]
[127]Normal-message(06) on THREAD[07]
[128]Normal-message(06) on THREAD[09]
[129]Reserved-message(06) on THREAD[00]
[130]Reserved-message(06) on THREAD[01]
[131]Reserved-message(06) on THREAD[06]
[132]Reserved-message(06) on THREAD[03]
[133]Normal-message(06) on THREAD[04]
[134]Normal-message(06) on THREAD[05]
[135]Normal-message(06) on THREAD[02]
[136]Normal-message(06) on THREAD[08]
[137]Normal-message(06) on THREAD[01]
[138]Normal-message(06) on THREAD[00]
[139]Normal-message(06) on THREAD[03]
[140]Reserved-message(07) on THREAD[09]
[141]Normal-message(06) on THREAD[06]
[142]Reserved-message(07) on THREAD[07]
[143]Normal-message(07) on THREAD[09]
[144]Reserved-message(07) on THREAD[02]
[145]Reserved-message(07) on THREAD[08]
[146]Reserved-message(07) on THREAD[05]
[147]Reserved-message(07) on THREAD[00]
[148]Reserved-message(07) on THREAD[01]
[149]Reserved-message(07) on THREAD[04]
[150]Normal-message(07) on THREAD[07]
[151]Reserved-message(07) on THREAD[03]
[152]Normal-message(07) on THREAD[08]
[153]Normal-message(07) on THREAD[02]
[154]Normal-message(07) on THREAD[05]
[155]Reserved-message(07) on THREAD[06]
[156]Normal-message(07) on THREAD[00]
[157]Normal-message(07) on THREAD[01]
[158]Normal-message(07) on THREAD[04]
[159]Reserved-message(08) on THREAD[09]
[160]Reserved-message(08) on THREAD[07]
[161]Normal-message(07) on THREAD[03]
[162]Normal-message(07) on THREAD[06]
[163]Reserved-message(08) on THREAD[02]
[164]Normal-message(08) on THREAD[09]
[165]Normal-message(08) on THREAD[07]
[166]Reserved-message(08) on THREAD[08]
[167]Reserved-message(08) on THREAD[04]
[168]Reserved-message(08) on THREAD[01]
[169]Reserved-message(08) on THREAD[05]
[170]Normal-message(08) on THREAD[02]
[171]Reserved-message(08) on THREAD[03]
[172]Reserved-message(08) on THREAD[06]
[173]Reserved-message(08) on THREAD[00]
[174]Normal-message(08) on THREAD[08]
[175]Normal-message(08) on THREAD[04]
[176]Normal-message(08) on THREAD[01]
[177]Reserved-message(09) on THREAD[09]
[178]Reserved-message(09) on THREAD[07]
[179]Normal-message(08) on THREAD[05]
[180]Normal-message(08) on THREAD[06]
[181]Normal-message(08) on THREAD[03]
[182]Normal-message(08) on THREAD[00]
[183]Reserved-message(09) on THREAD[02]
[184]Reserved-message(09) on THREAD[08]
[185]Normal-message(09) on THREAD[09]
[186]Normal-message(09) on THREAD[07]
[187]Reserved-message(09) on THREAD[01]
[188]Reserved-message(09) on THREAD[04]
[189]Reserved-message(09) on THREAD[06]
[190]Normal-message(09) on THREAD[08]
[191]Normal-message(09) on THREAD[02]
[192]Reserved-message(09) on THREAD[03]
[193]Reserved-message(09) on THREAD[05]
[194]Normal-message(09) on THREAD[04]
[195]Normal-message(09) on THREAD[01]
[196]Reserved-message(09) on THREAD[00]
[197]Normal-message(09) on THREAD[06]
[198]Normal-message(09) on THREAD[05]
[199]Normal-message(09) on THREAD[00]
[200]Normal-message(09) on THREAD[03]
*elapsed time: output=0.046015100 sec, flush=0.046015100 sec
--------------------------------------------------------------------------------

--------------------------------------------------------------------------------
Many thread profiling(1) : 1+3 threads, 120 frames, 2 processes, 2 repeats, sum on 30 frames

*elapsed time: finish=0.909051100 sec
--------------------------------------------------------------------------------
----------------------------------------
THREAD:"MainThread"
  PROFILE:"MAIN-PROC[01]"
    PERIOD:sums=30,count=60(max=2,min=2,avg=2.00),time=0.110035(max=0.003001,min=0.001000,avg=0.001834)
    TOTAL: sums=120,count=240(max=2,min=2,avg=2.00),time=0.454487(max=0.009552,min=0.001000,avg=0.001894)
  PROFILE:"MAIN-PROC[00]"
    PERIOD:sums=30,count=60(max=2,min=2,avg=2.00),time=0.110980(max=0.003000,min=0.001000,avg=0.001850)
    TOTAL: sums=120,count=240(max=2,min=2,avg=2.00),time=0.433583(max=0.003000,min=0.001000,avg=0.001807)
----------------------------------------
THREAD:"THREAD[01]"
  PROFILE:"PROC[00]"
    PERIOD:sums=30,count=60(max=2,min=2,avg=2.00),time=0.120990(max=0.003001,min=0.001000,avg=0.002017)
    TOTAL: sums=120,count=240(max=2,min=2,avg=2.00),time=0.459662(max=0.009552,min=0.001000,avg=0.001915)
  PROFILE:"PROC[01]"
    PERIOD:sums=30,count=60(max=2,min=2,avg=2.00),time=0.113004(max=0.003001,min=0.001000,avg=0.001883)
    TOTAL: sums=120,count=240(max=2,min=2,avg=2.00),time=0.449389(max=0.003002,min=0.001000,avg=0.001872)
----------------------------------------
THREAD:"THREAD[02]"
  PROFILE:"PROC[00]"
    PERIOD:sums=30,count=60(max=2,min=2,avg=2.00),time=0.112048(max=0.003002,min=0.001000,avg=0.001867)
    TOTAL: sums=120,count=240(max=2,min=2,avg=2.00),time=0.443542(max=0.004021,min=0.001000,avg=0.001848)
  PROFILE:"PROC[01]"
    PERIOD:sums=30,count=60(max=2,min=2,avg=2.00),time=0.116947(max=0.003001,min=0.001000,avg=0.001949)
    TOTAL: sums=120,count=240(max=2,min=2,avg=2.00),time=0.447508(max=0.010552,min=0.001000,avg=0.001865)
----------------------------------------
THREAD:"THREAD[00]"
  PROFILE:"PROC[00]"
    PERIOD:sums=30,count=60(max=2,min=2,avg=2.00),time=0.106041(max=0.003024,min=0.001000,avg=0.001767)
    TOTAL: sums=120,count=240(max=2,min=2,avg=2.00),time=0.455639(max=0.009552,min=0.001000,avg=0.001898)
  PROFILE:"PROC[01]"
    PERIOD:sums=30,count=60(max=2,min=2,avg=2.00),time=0.119971(max=0.003001,min=0.001000,avg=0.002000)
    TOTAL: sums=120,count=240(max=2,min=2,avg=2.00),time=0.439430(max=0.003002,min=0.001000,avg=0.001831)

--------------------------------------------------------------------------------
Many thread profiling(2) : 1+20 threads, 120 frames, 10 processes, 10 repeats, sum on 30 frames

*elapsed time: finish=2.947174800 sec
--------------------------------------------------------------------------------
thread-infos=20,processe-infos=200,total:(sums=24000,counts=240000,time=43.148058300),period:(sums=6000,counts=60000,time=6.691871300)
END: logQueueMonitor thread

================================================================================
