--------------------
シリアライズ：バイナリアーカイブ
data1=1
data2=2.34
data3={5, 6, 7}
data4a:a=8,b=9,c=10.0
data4b:a=11,b=12,c=13.0
data5a:[0]=1,[1]=1,[2]=0,[8190]=0,[8191]=1
data5b:[0]=0,[1]=0,[2]=1,[8190]=1,[8191]=0
data6:[0]={a=14,b=15,c=16.0},[1]={a=17,b=18,c=19.0}
data7a(0x00FC9790):a=20,b=21,c=22.0
data7b(0x00000000)
data8a(0x00FC9FD8)=26
data8b(0x00000000)
collector<CSaveDataSerializer>(ver=5,6)
arc.is_read=0, arc.is_write=1
serialize<CTest1>(ver=1,2) sizeof(CTest1)=2128
serialize<CTest1::STRUCT>(ver=3,4) sizeof(CTest1::STRUCT)=12
serialize<CTest1::STRUCT>(ver=3,4) sizeof(CTest1::STRUCT)=12
serialize<CTest1::STRUCT>(ver=3,4) sizeof(CTest1::STRUCT)=12
serialize<CTest1::STRUCT>(ver=3,4) sizeof(CTest1::STRUCT)=12
save<CTest1>(ver=1,2)
collector<CTest1>(ver=1,2)
処理結果：エラーなし
--------------------
シリアライズ：テキストアーカイブ
data1=1
data2=2.34
data3={5, 6, 7}
data4a:a=8,b=9,c=10.0
data4b:a=11,b=12,c=13.0
data5a:[0]=1,[1]=1,[2]=0,[8190]=0,[8191]=1
data5b:[0]=0,[1]=0,[2]=1,[8190]=1,[8191]=0
data6:[0]={a=14,b=15,c=16.0},[1]={a=17,b=18,c=19.0}
data7a(0x00FC9790):a=20,b=21,c=22.0
data7b(0x00000000)
data8a(0x00FC9FD8)=26
data8b(0x00000000)
collector<CSaveDataSerializer>(ver=5,6)
arc.is_read=0, arc.is_write=1
serialize<CTest1>(ver=1,2) sizeof(CTest1)=2128
serialize<CTest1::STRUCT>(ver=3,4) sizeof(CTest1::STRUCT)=12
serialize<CTest1::STRUCT>(ver=3,4) sizeof(CTest1::STRUCT)=12
serialize<CTest1::STRUCT>(ver=3,4) sizeof(CTest1::STRUCT)=12
serialize<CTest1::STRUCT>(ver=3,4) sizeof(CTest1::STRUCT)=12
save<CTest1>(ver=1,2)
collector<CTest1>(ver=1,2)
処理結果：エラーなし
--------------------
デシリアライズ：バイナリアーカイブ
distributor<CSaveDataSerializer>(ver=5,6)
beforeLoad<CTest1>(ver=1,2)
arc.is_read=1, arc.is_write=0
serialize<CTest1>(ver=1,2) sizeof(CTest1)=2128
load<CTest1>(ver=1,2)
arc.is_read=1, arc.is_write=0
serialize<CTest1>(ver=1,2) sizeof(CTest1)=2128
serialize<CTest1::STRUCT>(ver=3,4) sizeof(CTest1::STRUCT)=12
arc.is_read=1, arc.is_write=0
serialize<CTest1>(ver=1,2) sizeof(CTest1)=2128
serialize<CTest1::STRUCT>(ver=3,4) sizeof(CTest1::STRUCT)=12
serialize<CTest1::STRUCT>(ver=3,4) sizeof(CTest1::STRUCT)=12
arc.is_read=1, arc.is_write=0
serialize<CTest1>(ver=1,2) sizeof(CTest1)=2128
serialize<CTest1::STRUCT>(ver=3,4) sizeof(CTest1::STRUCT)=12
arc.is_read=1, arc.is_write=0
serialize<CTest1>(ver=1,2) sizeof(CTest1)=2128
afterLoad<CTest1>(ver=1,2)
処理結果：エラーなし
  getNumSmallerSizeItem()=0
  getNumLargerSizeItem()=0
  getNumSmallerArrItem()=0
  getNumLargerArrItem()=0
  getNumIsOnlyOnSaveData()=0
  getNumIsOnlyOnMem()=0
  getNumIsObjOnSaveDataOnly()=0
  getNumIsObjOnMemOnly()=0
  getNumIsArrOnSaveDataOnly()=0
  getNumIsArrOnMemOnly()=0
  getNumIsPtrOnSaveDataOnly()=0
  getNumIsPtrOnMemOnly()=0
  getNumIsNulOnSaveDataOnly()=0
  getNumIsNulOnMemOnly()=0
data1=1
data2=2.34
data3={5, 6, 7}
data4a:a=8,b=9,c=10.0
data4b:a=11,b=12,c=13.0
data5a:[0]=1,[1]=1,[2]=0,[8190]=0,[8191]=1
data5b:[0]=0,[1]=0,[2]=1,[8190]=1,[8191]=0
data6:[0]={a=14,b=15,c=16.0},[1]={a=17,b=18,c=19.0}
data7a(0x00FC9790):a=20,b=21,c=22.0
data7b(0x00000000)
data8a(0x00FC9FD8)=26
data8b(0x00000000)
