----- Test for singleton -----
[ Create Singleton Instance : common_data1_t ]
[ Create Singleton Instance : common_data2_t ]
[ Access Singleton : common_data1_t(1) ]
common_data1: val1=1, val2=2
[ Access Singleton : common_data2_t(1) ]
common_data2: val1=3, val2=4
[ Destroy Singleton Instance : common_data1_t ]
[ Destroy Singleton Instance : common_data2_t ]
[ Access Singleton : common_data1_t(2) ]
common_data1_t is not created.
[ Access Singleton : common_data2_t(2) ]
common_data2: val1=0, val2=0
[ Create Singleton Instance(2) : common_data1_t ]
----- Debug Info for singletonDebug -----
Accessing Count: 3
Created:         0.001000800 sec, "test1:create(2)"
Destroyed:       0.000000000 sec, "(null)"
Access Info: (Count=6)
  - [2] 0.003002900 sec, "Proc": thread="Thread1B(1)"(0xe9d7b994)
  - [3] 0.003002900 sec, "Proc": thread="Thread1B(4)"(0xb24a2b14)
  - [4] 0.004003800 sec, "Proc": thread="Thread1B(7)"(0x83fe9b02)
  - [5] 0.004003800 sec, "Proc": thread="Thread1B(10)"(0x1319f9fe)
  - [6] 0.004003800 sec, "Proc": thread="Thread1B(13)"(0x4950967d)
  - [7] 0.014013200 sec, "test1-E": thread="MainThread"(0x8ee5580d)
-----------------------------------------
[ Access Singleton : common_data1_t(3) ]
common_data1: val1=5000, val2=-5000
[ Access Singleton : common_data2_t(3) ]
common_data2: val1=4632, val2=-4617
- end -
