============================================================
Initialize
============================================================
----- Make Array(shuffle1) -----
[NG] Array is NOT ordered! [NG=488 / record(s)=1000]
Array is stable.
----- Make Array(shuffle2) -----
[NG] Array is NOT ordered! [NG=499 / record(s)=1000]
Array is stable.
----- Make Array(shuffle3) -----
[NG] Array is NOT ordered! [NG=494 / record(s)=1000]
Array is stable.
----- Make Array(ordered) -----
Array is ordered. [record(s)=1000]
Array is stable.
----- Make Array(reversed) -----
[NG] Array is NOT ordered! [NG=333 / record(s)=1000]
Array is stable.
----- Make Array(ordered_without_both_ends) -----
[NG] Array is NOT ordered! [NG=2 / record(s)=1000]
Array is stable.
----- Make Array(hard_with_quick_sort) -----
[NG] Array is NOT ordered! [NG=507 / record(s)=1000]
Array is stable.


============================================================
Sort type: [C-Library qsort]
============================================================

------------------------------
Sort array(shuffle1)
------------------------------
*elapsed time=0.001000600 sec.
Array is ordered. [record(s)=1000]
Array is NOT STABLE.

------------------------------
Sort array(shuffle2)
------------------------------
*elapsed time=0.001001200 sec.
Array is ordered. [record(s)=1000]
Array is NOT STABLE.

------------------------------
Sort array(shuffle3)
------------------------------
*elapsed time=0.001000900 sec.
Array is ordered. [record(s)=1000]
Array is NOT STABLE.

------------------------------
Sort array(ordered)
------------------------------
*elapsed time=0.001000900 sec.
Array is ordered. [record(s)=1000]
Array is NOT STABLE.

------------------------------
Sort array(reversed)
------------------------------
*elapsed time=0.000000000 sec.
Array is ordered. [record(s)=1000]
Array is NOT STABLE.

------------------------------
Sort array(ordered_without_both_ends)
------------------------------
*elapsed time=0.001001100 sec.
Array is ordered. [record(s)=1000]
Array is NOT STABLE.

------------------------------
Sort array(hard_with_quick_sort)
------------------------------
*elapsed time=0.001000900 sec.
Array is ordered. [record(s)=1000]
Array is NOT STABLE.

============================================================
Sort type: [C-Library qsort]
* Total time       = 0.006005600 sec.
* Average time     = 0.000857943 sec.
* Min time         = 0.000000000 sec.
* Max time         = 0.001001200 sec.
============================================================


============================================================
Sort type: [STL std::sort(with function)]
============================================================

------------------------------
Sort array(shuffle1)
------------------------------
*elapsed time=0.002001800 sec.
Array is ordered. [record(s)=1000]
Array is NOT STABLE.

------------------------------
Sort array(shuffle2)
------------------------------
*elapsed time=0.002001700 sec.
Array is ordered. [record(s)=1000]
Array is NOT STABLE.

------------------------------
Sort array(shuffle3)
------------------------------
*elapsed time=0.003003000 sec.
Array is ordered. [record(s)=1000]
Array is NOT STABLE.

------------------------------
Sort array(ordered)
------------------------------
*elapsed time=0.001001100 sec.
Array is ordered. [record(s)=1000]
Array is stable.

------------------------------
Sort array(reversed)
------------------------------
*elapsed time=0.001000900 sec.
Array is ordered. [record(s)=1000]
Array is NOT STABLE.

------------------------------
Sort array(ordered_without_both_ends)
------------------------------
*elapsed time=0.002001800 sec.
Array is ordered. [record(s)=1000]
Array is NOT STABLE.

------------------------------
Sort array(hard_with_quick_sort)
------------------------------
*elapsed time=0.002001700 sec.
Array is ordered. [record(s)=1000]
Array is NOT STABLE.

============================================================
Sort type: [STL std::sort(with function)]
* Total time       = 0.013012000 sec.
* Average time     = 0.001858857 sec.
* Min time         = 0.001000900 sec.
* Max time         = 0.003003000 sec.
============================================================


============================================================
Sort type: [STL std::sort(with inline function)]
============================================================

------------------------------
Sort array(shuffle1)
------------------------------
*elapsed time=0.002002100 sec.
Array is ordered. [record(s)=1000]
Array is NOT STABLE.

------------------------------
Sort array(shuffle2)
------------------------------
*elapsed time=0.003002900 sec.
Array is ordered. [record(s)=1000]
Array is NOT STABLE.

------------------------------
Sort array(shuffle3)
------------------------------
*elapsed time=0.002001800 sec.
Array is ordered. [record(s)=1000]
Array is NOT STABLE.

------------------------------
Sort array(ordered)
------------------------------
*elapsed time=0.001001100 sec.
Array is ordered. [record(s)=1000]
Array is stable.

------------------------------
Sort array(reversed)
------------------------------
*elapsed time=0.002001800 sec.
Array is ordered. [record(s)=1000]
Array is NOT STABLE.

------------------------------
Sort array(ordered_without_both_ends)
------------------------------
*elapsed time=0.001001200 sec.
Array is ordered. [record(s)=1000]
Array is NOT STABLE.

------------------------------
Sort array(hard_with_quick_sort)
------------------------------
*elapsed time=0.002001700 sec.
Array is ordered. [record(s)=1000]
Array is NOT STABLE.

============================================================
Sort type: [STL std::sort(with inline function)]
* Total time       = 0.013012600 sec.
* Average time     = 0.001858943 sec.
* Min time         = 0.001001100 sec.
* Max time         = 0.003002900 sec.
============================================================


============================================================
Sort type: [STL std::sort(with functor)]
============================================================

------------------------------
Sort array(shuffle1)
------------------------------
*elapsed time=0.002001800 sec.
Array is ordered. [record(s)=1000]
Array is NOT STABLE.

------------------------------
Sort array(shuffle2)
------------------------------
*elapsed time=0.002002000 sec.
Array is ordered. [record(s)=1000]
Array is NOT STABLE.

------------------------------
Sort array(shuffle3)
------------------------------
*elapsed time=0.002002100 sec.
Array is ordered. [record(s)=1000]
Array is NOT STABLE.

------------------------------
Sort array(ordered)
------------------------------
*elapsed time=0.001000800 sec.
Array is ordered. [record(s)=1000]
Array is stable.

------------------------------
Sort array(reversed)
------------------------------
*elapsed time=0.001000900 sec.
Array is ordered. [record(s)=1000]
Array is NOT STABLE.

------------------------------
Sort array(ordered_without_both_ends)
------------------------------
*elapsed time=0.001001200 sec.
Array is ordered. [record(s)=1000]
Array is NOT STABLE.

------------------------------
Sort array(hard_with_quick_sort)
------------------------------
*elapsed time=0.002001700 sec.
Array is ordered. [record(s)=1000]
Array is NOT STABLE.

============================================================
Sort type: [STL std::sort(with functor)]
* Total time       = 0.011010500 sec.
* Average time     = 0.001572929 sec.
* Min time         = 0.001000800 sec.
* Max time         = 0.002002100 sec.
============================================================


============================================================
Sort type: [STL std::sort(with lamda)]
============================================================

------------------------------
Sort array(shuffle1)
------------------------------
*elapsed time=0.002002100 sec.
Array is ordered. [record(s)=1000]
Array is NOT STABLE.

------------------------------
Sort array(shuffle2)
------------------------------
*elapsed time=0.002002000 sec.
Array is ordered. [record(s)=1000]
Array is NOT STABLE.

------------------------------
Sort array(shuffle3)
------------------------------
*elapsed time=0.002001800 sec.
Array is ordered. [record(s)=1000]
Array is NOT STABLE.

------------------------------
Sort array(ordered)
------------------------------
*elapsed time=0.001000800 sec.
Array is ordered. [record(s)=1000]
Array is stable.

------------------------------
Sort array(reversed)
------------------------------
*elapsed time=0.001001200 sec.
Array is ordered. [record(s)=1000]
Array is NOT STABLE.

------------------------------
Sort array(ordered_without_both_ends)
------------------------------
*elapsed time=0.001001200 sec.
Array is ordered. [record(s)=1000]
Array is NOT STABLE.

------------------------------
Sort array(hard_with_quick_sort)
------------------------------
*elapsed time=0.002001400 sec.
Array is ordered. [record(s)=1000]
Array is NOT STABLE.

============================================================
Sort type: [STL std::sort(with lamda)]
* Total time       = 0.011010500 sec.
* Average time     = 0.001572929 sec.
* Min time         = 0.001000800 sec.
* Max time         = 0.002002100 sec.
============================================================


============================================================
Sort type: [STL std::stable_sort *Not inplace]
============================================================

------------------------------
Sort array(shuffle1)
------------------------------
*elapsed time=0.004004100 sec.
Array is ordered. [record(s)=1000]
Array is stable.

------------------------------
Sort array(shuffle2)
------------------------------
*elapsed time=0.005004700 sec.
Array is ordered. [record(s)=1000]
Array is stable.

------------------------------
Sort array(shuffle3)
------------------------------
*elapsed time=0.004003800 sec.
Array is ordered. [record(s)=1000]
Array is stable.

------------------------------
Sort array(ordered)
------------------------------
*elapsed time=0.001001200 sec.
Array is ordered. [record(s)=1000]
Array is stable.

------------------------------
Sort array(reversed)
------------------------------
*elapsed time=0.005004600 sec.
Array is ordered. [record(s)=1000]
Array is stable.

------------------------------
Sort array(ordered_without_both_ends)
------------------------------
*elapsed time=0.002002100 sec.
Array is ordered. [record(s)=1000]
Array is stable.

------------------------------
Sort array(hard_with_quick_sort)
------------------------------
*elapsed time=0.004003800 sec.
Array is ordered. [record(s)=1000]
Array is stable.

============================================================
Sort type: [STL std::stable_sort *Not inplace]
* Total time       = 0.025024300 sec.
* Average time     = 0.003574900 sec.
* Min time         = 0.001001200 sec.
* Max time         = 0.005004700 sec.
============================================================


============================================================
Sort type: [Bubble sort]
============================================================

------------------------------
Sort array(shuffle1)
------------------------------
*elapsed time=0.072068300 sec.
Array is ordered. [record(s)=1000]
Array is stable.
[swapped=247900 count(s)]

------------------------------
Sort array(shuffle2)
------------------------------
*elapsed time=0.047044800 sec.
Array is ordered. [record(s)=1000]
Array is stable.
[swapped=244992 count(s)]

------------------------------
Sort array(shuffle3)
------------------------------
*elapsed time=0.048045700 sec.
Array is ordered. [record(s)=1000]
Array is stable.
[swapped=251557 count(s)]

------------------------------
Sort array(ordered)
------------------------------
*elapsed time=0.000000000 sec.
Array is ordered. [record(s)=1000]
Array is stable.
[swapped=0 count(s)]

------------------------------
Sort array(reversed)
------------------------------
*elapsed time=0.082078200 sec.
Array is ordered. [record(s)=1000]
Array is stable.
[swapped=498501 count(s)]

------------------------------
Sort array(ordered_without_both_ends)
------------------------------
*elapsed time=0.012011400 sec.
Array is ordered. [record(s)=1000]
Array is stable.
[swapped=1995 count(s)]

------------------------------
Sort array(hard_with_quick_sort)
------------------------------
*elapsed time=0.065062700 sec.
Array is ordered. [record(s)=1000]
Array is stable.
[swapped=373277 count(s)]

============================================================
Sort type: [Bubble sort]
* Total time       = 0.326311100 sec.
* Average time     = 0.046615871 sec.
* Min time         = 0.000000000 sec.
* Max time         = 0.082078200 sec.
* Total Swapped    =   1618222 count(s)
* Average  Swapped =    231174 count(s)
* Min Swapped      =         0 count(s)
* Max Swapped      =    498501 count(s)
============================================================


============================================================
Sort type: [Shaker sort]
============================================================

------------------------------
Sort array(shuffle1)
------------------------------
*elapsed time=0.045042200 sec.
Array is ordered. [record(s)=1000]
Array is stable.
[swapped=247900 count(s)]

------------------------------
Sort array(shuffle2)
------------------------------
*elapsed time=0.044041900 sec.
Array is ordered. [record(s)=1000]
Array is stable.
[swapped=244992 count(s)]

------------------------------
Sort array(shuffle3)
------------------------------
*elapsed time=0.046042200 sec.
Array is ordered. [record(s)=1000]
Array is stable.
[swapped=251557 count(s)]

------------------------------
Sort array(ordered)
------------------------------
*elapsed time=0.000000000 sec.
Array is ordered. [record(s)=1000]
Array is stable.
[swapped=0 count(s)]

------------------------------
Sort array(reversed)
------------------------------
*elapsed time=0.083079100 sec.
Array is ordered. [record(s)=1000]
Array is stable.
[swapped=498501 count(s)]

------------------------------
Sort array(ordered_without_both_ends)
------------------------------
*elapsed time=0.001000600 sec.
Array is ordered. [record(s)=1000]
Array is stable.
[swapped=1995 count(s)]

------------------------------
Sort array(hard_with_quick_sort)
------------------------------
*elapsed time=0.066063000 sec.
Array is ordered. [record(s)=1000]
Array is stable.
[swapped=373277 count(s)]

============================================================
Sort type: [Shaker sort]
* Total time       = 0.285269000 sec.
* Average time     = 0.040752714 sec.
* Min time         = 0.000000000 sec.
* Max time         = 0.083079100 sec.
* Total Swapped    =   1618222 count(s)
* Average  Swapped =    231174 count(s)
* Min Swapped      =         0 count(s)
* Max Swapped      =    498501 count(s)
============================================================


============================================================
Sort type: [Odd-Even sort]
============================================================

------------------------------
Sort array(shuffle1)
------------------------------
*elapsed time=0.020019000 sec.
Array is ordered. [record(s)=1000]
Array is stable.
[swapped=247900 count(s)]

------------------------------
Sort array(shuffle2)
------------------------------
*elapsed time=0.020019100 sec.
Array is ordered. [record(s)=1000]
Array is stable.
[swapped=244992 count(s)]

------------------------------
Sort array(shuffle3)
------------------------------
*elapsed time=0.023022000 sec.
Array is ordered. [record(s)=1000]
Array is stable.
[swapped=251557 count(s)]

------------------------------
Sort array(ordered)
------------------------------
*elapsed time=0.000000000 sec.
Array is ordered. [record(s)=1000]
Array is stable.
[swapped=0 count(s)]

------------------------------
Sort array(reversed)
------------------------------
*elapsed time=0.036034000 sec.
Array is ordered. [record(s)=1000]
Array is stable.
[swapped=498501 count(s)]

------------------------------
Sort array(ordered_without_both_ends)
------------------------------
*elapsed time=0.008007600 sec.
Array is ordered. [record(s)=1000]
Array is stable.
[swapped=1995 count(s)]

------------------------------
Sort array(hard_with_quick_sort)
------------------------------
*elapsed time=0.027025800 sec.
Array is ordered. [record(s)=1000]
Array is stable.
[swapped=373277 count(s)]

============================================================
Sort type: [Odd-Even sort]
* Total time       = 0.134127500 sec.
* Average time     = 0.019161071 sec.
* Min time         = 0.000000000 sec.
* Max time         = 0.036034000 sec.
* Total Swapped    =   1618222 count(s)
* Average  Swapped =    231174 count(s)
* Min Swapped      =         0 count(s)
* Max Swapped      =    498501 count(s)
============================================================


============================================================
Sort type: [Shear sort]
============================================================

------------------------------
Sort array(shuffle1)
------------------------------
*elapsed time=0.003002600 sec.
Array is ordered. [record(s)=1000]
Array is NOT STABLE.
[swapped=48827 count(s)]

------------------------------
Sort array(shuffle2)
------------------------------
*elapsed time=0.004004100 sec.
Array is ordered. [record(s)=1000]
Array is NOT STABLE.
[swapped=48914 count(s)]

------------------------------
Sort array(shuffle3)
------------------------------
*elapsed time=0.004003800 sec.
Array is ordered. [record(s)=1000]
Array is NOT STABLE.
[swapped=49588 count(s)]

------------------------------
Sort array(ordered)
------------------------------
*elapsed time=0.001000900 sec.
Array is ordered. [record(s)=1000]
Array is stable.
[swapped=14850 count(s)]

------------------------------
Sort array(reversed)
------------------------------
*elapsed time=0.003002700 sec.
Array is ordered. [record(s)=1000]
Array is NOT STABLE.
[swapped=43102 count(s)]

------------------------------
Sort array(ordered_without_both_ends)
------------------------------
*elapsed time=0.002002000 sec.
Array is ordered. [record(s)=1000]
Array is NOT STABLE.
[swapped=16789 count(s)]

------------------------------
Sort array(hard_with_quick_sort)
------------------------------
*elapsed time=0.003002900 sec.
Array is ordered. [record(s)=1000]
Array is NOT STABLE.
[swapped=48619 count(s)]

============================================================
Sort type: [Shear sort]
* Total time       = 0.020019000 sec.
* Average time     = 0.002859857 sec.
* Min time         = 0.001000900 sec.
* Max time         = 0.004004100 sec.
* Total Swapped    =    270689 count(s)
* Average  Swapped =     38669 count(s)
* Min Swapped      =     14850 count(s)
* Max Swapped      =     49588 count(s)
============================================================


============================================================
Sort type: [Comb sort]
============================================================

------------------------------
Sort array(shuffle1)
------------------------------
*elapsed time=0.002001800 sec.
Array is ordered. [record(s)=1000]
Array is NOT STABLE.
[swapped=3949 count(s)]

------------------------------
Sort array(shuffle2)
------------------------------
*elapsed time=0.002002100 sec.
Array is ordered. [record(s)=1000]
Array is NOT STABLE.
[swapped=3942 count(s)]

------------------------------
Sort array(shuffle3)
------------------------------
*elapsed time=0.002002000 sec.
Array is ordered. [record(s)=1000]
Array is NOT STABLE.
[swapped=3917 count(s)]

------------------------------
Sort array(ordered)
------------------------------
*elapsed time=0.001000900 sec.
Array is ordered. [record(s)=1000]
Array is stable.
[swapped=0 count(s)]

------------------------------
Sort array(reversed)
------------------------------
*elapsed time=0.001000900 sec.
Array is ordered. [record(s)=1000]
Array is NOT STABLE.
[swapped=1401 count(s)]

------------------------------
Sort array(ordered_without_both_ends)
------------------------------
*elapsed time=0.000000000 sec.
Array is ordered. [record(s)=1000]
Array is NOT STABLE.
[swapped=754 count(s)]

------------------------------
Sort array(hard_with_quick_sort)
------------------------------
*elapsed time=0.001000900 sec.
Array is ordered. [record(s)=1000]
Array is NOT STABLE.
[swapped=4108 count(s)]

============================================================
Sort type: [Comb sort]
* Total time       = 0.009008600 sec.
* Average time     = 0.001286943 sec.
* Min time         = 0.000000000 sec.
* Max time         = 0.002002100 sec.
* Total Swapped    =     18071 count(s)
* Average  Swapped =      2581 count(s)
* Min Swapped      =         0 count(s)
* Max Swapped      =      4108 count(s)
============================================================


============================================================
Sort type: [Gnome sort]
============================================================

------------------------------
Sort array(shuffle1)
------------------------------
*elapsed time=0.067063600 sec.
Array is ordered. [record(s)=1000]
Array is stable.
[swapped=247900 count(s)]

------------------------------
Sort array(shuffle2)
------------------------------
*elapsed time=0.070067400 sec.
Array is ordered. [record(s)=1000]
Array is stable.
[swapped=244992 count(s)]

------------------------------
Sort array(shuffle3)
------------------------------
*elapsed time=0.056054200 sec.
Array is ordered. [record(s)=1000]
Array is stable.
[swapped=251557 count(s)]

------------------------------
Sort array(ordered)
------------------------------
*elapsed time=0.000000000 sec.
Array is ordered. [record(s)=1000]
Array is stable.
[swapped=0 count(s)]

------------------------------
Sort array(reversed)
------------------------------
*elapsed time=0.083078800 sec.
Array is ordered. [record(s)=1000]
Array is stable.
[swapped=498501 count(s)]

------------------------------
Sort array(ordered_without_both_ends)
------------------------------
*elapsed time=0.001001200 sec.
Array is ordered. [record(s)=1000]
Array is stable.
[swapped=1995 count(s)]

------------------------------
Sort array(hard_with_quick_sort)
------------------------------
*elapsed time=0.062058900 sec.
Array is ordered. [record(s)=1000]
Array is stable.
[swapped=373277 count(s)]

============================================================
Sort type: [Gnome sort]
* Total time       = 0.339324100 sec.
* Average time     = 0.048474871 sec.
* Min time         = 0.000000000 sec.
* Max time         = 0.083078800 sec.
* Total Swapped    =   1618222 count(s)
* Average  Swapped =    231174 count(s)
* Min Swapped      =         0 count(s)
* Max Swapped      =    498501 count(s)
============================================================


============================================================
Sort type: [Quick sort]
============================================================

------------------------------
Sort array(shuffle1)
------------------------------
*elapsed time=0.001000900 sec.
Array is ordered. [record(s)=1000]
Array is NOT STABLE.
[swapped=2538 count(s)]

------------------------------
Sort array(shuffle2)
------------------------------
*elapsed time=0.001001100 sec.
Array is ordered. [record(s)=1000]
Array is NOT STABLE.
[swapped=2552 count(s)]

------------------------------
Sort array(shuffle3)
------------------------------
*elapsed time=0.001000900 sec.
Array is ordered. [record(s)=1000]
Array is NOT STABLE.
[swapped=2597 count(s)]

------------------------------
Sort array(ordered)
------------------------------
*elapsed time=0.000000000 sec.
Array is ordered. [record(s)=1000]
Array is NOT STABLE.
[swapped=333 count(s)]

------------------------------
Sort array(reversed)
------------------------------
*elapsed time=0.000000000 sec.
Array is ordered. [record(s)=1000]
Array is NOT STABLE.
[swapped=833 count(s)]

------------------------------
Sort array(ordered_without_both_ends)
------------------------------
*elapsed time=0.001000900 sec.
Array is ordered. [record(s)=1000]
Array is NOT STABLE.
[swapped=334 count(s)]

------------------------------
Sort array(hard_with_quick_sort)
------------------------------
*elapsed time=0.001001200 sec.
Array is ordered. [record(s)=1000]
Array is NOT STABLE.
[swapped=2827 count(s)]

============================================================
Sort type: [Quick sort]
* Total time       = 0.005005000 sec.
* Average time     = 0.000715000 sec.
* Min time         = 0.000000000 sec.
* Max time         = 0.001001200 sec.
* Total Swapped    =     12014 count(s)
* Average  Swapped =      1716 count(s)
* Min Swapped      =       333 count(s)
* Max Swapped      =      2827 count(s)
============================================================


============================================================
Sort type: [Selection sort]
============================================================

------------------------------
Sort array(shuffle1)
------------------------------
*elapsed time=0.011010200 sec.
Array is ordered. [record(s)=1000]
Array is NOT STABLE.
[swapped=993 count(s)]

------------------------------
Sort array(shuffle2)
------------------------------
*elapsed time=0.012011400 sec.
Array is ordered. [record(s)=1000]
Array is NOT STABLE.
[swapped=987 count(s)]

------------------------------
Sort array(shuffle3)
------------------------------
*elapsed time=0.011010600 sec.
Array is ordered. [record(s)=1000]
Array is NOT STABLE.
[swapped=995 count(s)]

------------------------------
Sort array(ordered)
------------------------------
*elapsed time=0.012010500 sec.
Array is ordered. [record(s)=1000]
Array is stable.
[swapped=0 count(s)]

------------------------------
Sort array(reversed)
------------------------------
*elapsed time=0.011011200 sec.
Array is ordered. [record(s)=1000]
Array is NOT STABLE.
[swapped=833 count(s)]

------------------------------
Sort array(ordered_without_both_ends)
------------------------------
*elapsed time=0.012010800 sec.
Array is ordered. [record(s)=1000]
Array is stable.
[swapped=3 count(s)]

------------------------------
Sort array(hard_with_quick_sort)
------------------------------
*elapsed time=0.011010600 sec.
Array is ordered. [record(s)=1000]
Array is NOT STABLE.
[swapped=994 count(s)]

============================================================
Sort type: [Selection sort]
* Total time       = 0.080075300 sec.
* Average time     = 0.011439329 sec.
* Min time         = 0.011010200 sec.
* Max time         = 0.012011400 sec.
* Total Swapped    =      4805 count(s)
* Average  Swapped =       686 count(s)
* Min Swapped      =         0 count(s)
* Max Swapped      =       995 count(s)
============================================================


============================================================
Sort type: [Heap sort]
============================================================

------------------------------
Sort array(shuffle1)
------------------------------
*elapsed time=0.002002000 sec.
Array is ordered. [record(s)=1000]
Array is NOT STABLE.
[swapped=9605 count(s)]

------------------------------
Sort array(shuffle2)
------------------------------
*elapsed time=0.002002600 sec.
Array is ordered. [record(s)=1000]
Array is NOT STABLE.
[swapped=9644 count(s)]

------------------------------
Sort array(shuffle3)
------------------------------
*elapsed time=0.002001800 sec.
Array is ordered. [record(s)=1000]
Array is NOT STABLE.
[swapped=9619 count(s)]

------------------------------
Sort array(ordered)
------------------------------
*elapsed time=0.002002000 sec.
Array is ordered. [record(s)=1000]
Array is NOT STABLE.
[swapped=15116 count(s)]

------------------------------
Sort array(reversed)
------------------------------
*elapsed time=0.002001800 sec.
Array is ordered. [record(s)=1000]
Array is NOT STABLE.
[swapped=8312 count(s)]

------------------------------
Sort array(ordered_without_both_ends)
------------------------------
*elapsed time=0.003002900 sec.
Array is ordered. [record(s)=1000]
Array is NOT STABLE.
[swapped=14570 count(s)]

------------------------------
Sort array(hard_with_quick_sort)
------------------------------
*elapsed time=0.002002100 sec.
Array is ordered. [record(s)=1000]
Array is NOT STABLE.
[swapped=8926 count(s)]

============================================================
Sort type: [Heap sort]
* Total time       = 0.015015200 sec.
* Average time     = 0.002145029 sec.
* Min time         = 0.002001800 sec.
* Max time         = 0.003002900 sec.
* Total Swapped    =     75792 count(s)
* Average  Swapped =     10827 count(s)
* Min Swapped      =      8312 count(s)
* Max Swapped      =     15116 count(s)
============================================================


============================================================
Sort type: [Insertion sort]
============================================================

------------------------------
Sort array(shuffle1)
------------------------------
*elapsed time=0.013012300 sec.
Array is ordered. [record(s)=1000]
Array is stable.
[swapped=989 count(s)]

------------------------------
Sort array(shuffle2)
------------------------------
*elapsed time=0.013012300 sec.
Array is ordered. [record(s)=1000]
Array is stable.
[swapped=988 count(s)]

------------------------------
Sort array(shuffle3)
------------------------------
*elapsed time=0.014013400 sec.
Array is ordered. [record(s)=1000]
Array is stable.
[swapped=993 count(s)]

------------------------------
Sort array(ordered)
------------------------------
*elapsed time=0.000000000 sec.
Array is ordered. [record(s)=1000]
Array is stable.
[swapped=0 count(s)]

------------------------------
Sort array(reversed)
------------------------------
*elapsed time=0.027025800 sec.
Array is ordered. [record(s)=1000]
Array is stable.
[swapped=999 count(s)]

------------------------------
Sort array(ordered_without_both_ends)
------------------------------
*elapsed time=0.000000000 sec.
Array is ordered. [record(s)=1000]
Array is stable.
[swapped=999 count(s)]

------------------------------
Sort array(hard_with_quick_sort)
------------------------------
*elapsed time=0.020019100 sec.
Array is ordered. [record(s)=1000]
Array is stable.
[swapped=994 count(s)]

============================================================
Sort type: [Insertion sort]
* Total time       = 0.087082900 sec.
* Average time     = 0.012440414 sec.
* Min time         = 0.000000000 sec.
* Max time         = 0.027025800 sec.
* Total Swapped    =      5962 count(s)
* Average  Swapped =       851 count(s)
* Min Swapped      =         0 count(s)
* Max Swapped      =       999 count(s)
============================================================


============================================================
Sort type: [Shell sort]
============================================================

------------------------------
Sort array(shuffle1)
------------------------------
*elapsed time=0.001000800 sec.
Array is ordered. [record(s)=1000]
Array is NOT STABLE.
[swapped=3268 count(s)]

------------------------------
Sort array(shuffle2)
------------------------------
*elapsed time=0.001000900 sec.
Array is ordered. [record(s)=1000]
Array is NOT STABLE.
[swapped=3343 count(s)]

------------------------------
Sort array(shuffle3)
------------------------------
*elapsed time=0.001001200 sec.
Array is ordered. [record(s)=1000]
Array is NOT STABLE.
[swapped=3339 count(s)]

------------------------------
Sort array(ordered)
------------------------------
*elapsed time=0.000000000 sec.
Array is ordered. [record(s)=1000]
Array is stable.
[swapped=0 count(s)]

------------------------------
Sort array(reversed)
------------------------------
*elapsed time=0.001005800 sec.
Array is ordered. [record(s)=1000]
Array is NOT STABLE.
[swapped=2652 count(s)]

------------------------------
Sort array(ordered_without_both_ends)
------------------------------
*elapsed time=0.000995900 sec.
Array is ordered. [record(s)=1000]
Array is NOT STABLE.
[swapped=704 count(s)]

------------------------------
Sort array(hard_with_quick_sort)
------------------------------
*elapsed time=0.001000900 sec.
Array is ordered. [record(s)=1000]
Array is NOT STABLE.
[swapped=3428 count(s)]

============================================================
Sort type: [Shell sort]
* Total time       = 0.006005500 sec.
* Average time     = 0.000857929 sec.
* Min time         = 0.000000000 sec.
* Max time         = 0.001005800 sec.
* Total Swapped    =     16734 count(s)
* Average  Swapped =      2390 count(s)
* Min Swapped      =         0 count(s)
* Max Swapped      =      3428 count(s)
============================================================


============================================================
Sort type: [Inplace Merge sort]
============================================================

------------------------------
Sort array(shuffle1)
------------------------------
*elapsed time=0.009008800 sec.
Array is ordered. [record(s)=1000]
Array is stable.
[swapped=4278 count(s)]

------------------------------
Sort array(shuffle2)
------------------------------
*elapsed time=0.009008500 sec.
Array is ordered. [record(s)=1000]
Array is stable.
[swapped=4290 count(s)]

------------------------------
Sort array(shuffle3)
------------------------------
*elapsed time=0.009008500 sec.
Array is ordered. [record(s)=1000]
Array is stable.
[swapped=4295 count(s)]

------------------------------
Sort array(ordered)
------------------------------
*elapsed time=0.000000000 sec.
Array is ordered. [record(s)=1000]
Array is stable.
[swapped=0 count(s)]

------------------------------
Sort array(reversed)
------------------------------
*elapsed time=0.016015200 sec.
Array is ordered. [record(s)=1000]
Array is stable.
[swapped=4516 count(s)]

------------------------------
Sort array(ordered_without_both_ends)
------------------------------
*elapsed time=0.001000900 sec.
Array is ordered. [record(s)=1000]
Array is stable.
[swapped=1006 count(s)]

------------------------------
Sort array(hard_with_quick_sort)
------------------------------
*elapsed time=0.013012300 sec.
Array is ordered. [record(s)=1000]
Array is stable.
[swapped=4303 count(s)]

============================================================
Sort type: [Inplace Merge sort]
* Total time       = 0.057054200 sec.
* Average time     = 0.008150600 sec.
* Min time         = 0.000000000 sec.
* Max time         = 0.016015200 sec.
* Total Swapped    =     22688 count(s)
* Average  Swapped =      3241 count(s)
* Min Swapped      =         0 count(s)
* Max Swapped      =      4516 count(s)
============================================================


============================================================
Sort type: [Intro sort]
============================================================

------------------------------
Sort array(shuffle1)
------------------------------
*elapsed time=0.001000900 sec.
Array is ordered. [record(s)=1000]
Array is NOT STABLE.
[swapped=2296 count(s)]

------------------------------
Sort array(shuffle2)
------------------------------
*elapsed time=0.000000000 sec.
Array is ordered. [record(s)=1000]
Array is NOT STABLE.
[swapped=2321 count(s)]

------------------------------
Sort array(shuffle3)
------------------------------
*elapsed time=0.000000000 sec.
Array is ordered. [record(s)=1000]
Array is NOT STABLE.
[swapped=2327 count(s)]

------------------------------
Sort array(ordered)
------------------------------
*elapsed time=0.000000000 sec.
Array is ordered. [record(s)=1000]
Array is stable.
[swapped=0 count(s)]

------------------------------
Sort array(reversed)
------------------------------
*elapsed time=0.000000000 sec.
Array is ordered. [record(s)=1000]
Array is NOT STABLE.
[swapped=576 count(s)]

------------------------------
Sort array(ordered_without_both_ends)
------------------------------
*elapsed time=0.000000000 sec.
Array is ordered. [record(s)=1000]
Array is NOT STABLE.
[swapped=78 count(s)]

------------------------------
Sort array(hard_with_quick_sort)
------------------------------
*elapsed time=0.000000000 sec.
Array is ordered. [record(s)=1000]
Array is NOT STABLE.
[swapped=2578 count(s)]

============================================================
Sort type: [Intro sort]
* Total time       = 0.001000900 sec.
* Average time     = 0.000142986 sec.
* Min time         = 0.000000000 sec.
* Max time         = 0.001000900 sec.
* Total Swapped    =     10176 count(s)
* Average  Swapped =      1453 count(s)
* Min Swapped      =         0 count(s)
* Max Swapped      =      2578 count(s)
============================================================


============================================================
Sort type: [Radix sort]
============================================================

------------------------------
Sort array(shuffle1)
------------------------------
*elapsed time=0.000000000 sec.
Array is ordered. [record(s)=1000]
Array is stable.
[swapped=1000 count(s)]

------------------------------
Sort array(shuffle2)
------------------------------
*elapsed time=0.001001200 sec.
Array is ordered. [record(s)=1000]
Array is stable.
[swapped=999 count(s)]

------------------------------
Sort array(shuffle3)
------------------------------
*elapsed time=0.000000000 sec.
Array is ordered. [record(s)=1000]
Array is stable.
[swapped=1000 count(s)]

------------------------------
Sort array(ordered)
------------------------------
*elapsed time=0.000000000 sec.
Array is ordered. [record(s)=1000]
Array is stable.
[swapped=0 count(s)]

------------------------------
Sort array(reversed)
------------------------------
*elapsed time=0.001000900 sec.
Array is ordered. [record(s)=1000]
Array is stable.
[swapped=1000 count(s)]

------------------------------
Sort array(ordered_without_both_ends)
------------------------------
*elapsed time=0.000000000 sec.
Array is ordered. [record(s)=1000]
Array is stable.
[swapped=4 count(s)]

------------------------------
Sort array(hard_with_quick_sort)
------------------------------
*elapsed time=0.000000000 sec.
Array is ordered. [record(s)=1000]
Array is stable.
[swapped=999 count(s)]

============================================================
Sort type: [Radix sort]
* Total time       = 0.002002100 sec.
* Average time     = 0.000286014 sec.
* Min time         = 0.000000000 sec.
* Max time         = 0.001001200 sec.
* Total Swapped    =      5002 count(s)
* Average  Swapped =       714 count(s)
* Min Swapped      =         0 count(s)
* Max Swapped      =      1000 count(s)
============================================================


============================================================
Result(Summary)
============================================================
Array Element size = 80 Bytes
Array Element(s)   = 1000 Count(s)
Total Array size   = 80000 Bytes
--------------------------------------------------------------------------------------------------------------------------------
- Sort name:                Elapsed Time (Sum/Average/Min/Max) [sec.]             Swapped (Sum/Average/Min/Max) [count(s)]
--------------------------------------------------------------------------------------------------------------------------------
[C-Library sort](Quick sort)
- qsort(inline-function):   0.006005600/  0.000857943/  0.000000000/  0.001001200
--------------------------------------------------------------------------------------------------------------------------------
[STL sort](Intro sort)
- std::sort(function):      0.013012000/  0.001858857/  0.001000900/  0.003003000
- std::sort(inline-func):   0.013012600/  0.001858943/  0.001001100/  0.003002900
- std::sort(functor):       0.011010500/  0.001572929/  0.001000800/  0.002002100
- std::sort(lambda):        0.011010500/  0.001572929/  0.001000800/  0.002002100
--------------------------------------------------------------------------------------------------------------------------------
[STL stable sort](Merge sort) *Not In-place sort
- std::stable_sort<S>:      0.025024300/  0.003574900/  0.001001200/  0.005004700
--------------------------------------------------------------------------------------------------------------------------------
[Exchange sorts]
- Bubble sort<S>:           0.326311100/  0.046615871/  0.000000000/  0.082078200    1618222/     231174/          0/     498501
- Shaker sort<S>:           0.285269000/  0.040752714/  0.000000000/  0.083079100    1618222/     231174/          0/     498501
- Odd-Even sort<S>:         0.134127500/  0.019161071/  0.000000000/  0.036034000    1618222/     231174/          0/     498501
- Shear sort:               0.020019000/  0.002859857/  0.001000900/  0.004004100     270689/      38669/      14850/      49588
- Comb sort:                0.009008600/  0.001286943/  0.000000000/  0.002002100      18071/       2581/          0/       4108
- Gnome sort<S>:            0.339324100/  0.048474871/  0.000000000/  0.083078800    1618222/     231174/          0/     498501
--------------------------------------------------------------------------------------------------------------------------------
[Partition-exchange sorts]
- Quick sort:               0.005005000/  0.000715000/  0.000000000/  0.001001200      12014/       1716/        333/       2827
--------------------------------------------------------------------------------------------------------------------------------
[Selection sorts]
- Selection sort:           0.080075300/  0.011439329/  0.011010200/  0.012011400       4805/        686/          0/        995
- Heap sort:                0.015015200/  0.002145029/  0.002001800/  0.003002900      75792/      10827/       8312/      15116
--------------------------------------------------------------------------------------------------------------------------------
[Insertion sorts]
- Insertion sort<S>:        0.087082900/  0.012440414/  0.000000000/  0.027025800       5962/        851/          0/        999
- Shell sort:               0.006005500/  0.000857929/  0.000000000/  0.001005800      16734/       2390/          0/       3428
--------------------------------------------------------------------------------------------------------------------------------
[Merge sorts]
- Inplace-Merge sort<S>:    0.057054200/  0.008150600/  0.000000000/  0.016015200      22688/       3241/          0/       4516
--------------------------------------------------------------------------------------------------------------------------------
[Hybrid sorts]
- Intro sort:               0.001000900/  0.000142986/  0.000000000/  0.001000900      10176/       1453/          0/       2578
--------------------------------------------------------------------------------------------------------------------------------
[Distribution sorts] *Not In-place sort
- Radix sort<S>:            0.002002100/  0.000286014/  0.000000000/  0.001001200       5002/        714/          0/       1000
--------------------------------------------------------------------------------------------------------------------------------
* <S> ... Stable sort algorithm.

--------------------------------------------------------------------------------------------------------------------------------
Functoin variation test for sort and search.
--------------------------------------------------------------------------------------------------------------------------------

[Variation test for sort(intro-sort)]
(result=2296)
(result1=2296)
(result3=2296)
(result4=2296)
(result5=2296)
(result6=2296)
(result8=2296)
(result9=2296)
(result10=2296)
(result11=2316)

[Variation test for linear-search]
target=-1
  linearSearchValue(*array_shuffle1, target);
    (data_def=00000000)
    (data1_def=00000000)
    (data2_def=00000000)
    (data3_def=00000000)
    (data4_def=00000000)
    (data5_def=00000000)
    (data8_def=00000000)
    (data9_def=00000000)
    (data10_def=00000000)
    (data11_def=00000000)
  linearSearch(*array_shuffle1, search_predicate);
    (data=00000000)
    (data1=00000000)
    (data2=00000000)
    (data3=00000000)
    (data4=00000000)
    (data5=00000000)
    (data8=00000000)
    (data9=00000000)
    (data10=00000000)
    (data11=00000000)
  linearSearchValue(*array_shuffle1, target, search_predicate_val);
    (data_val=00000000)
    (data1_val=00000000)
    (data2_val=00000000)
    (data3_val=00000000)
    (data4_val=00000000)
    (data5_val=00000000)
    (data8_val=00000000)
    (data9_val=00000000)
    (data10_val=00000000)
    (data11_val=00000000)
target=-1, linearSearch=nullptr
target=0
  linearSearchValue(*array_shuffle1, target);
    (data_def=00A01EF0)
    (data1_def=00A01EF0)
    (data2_def=00A01EF0)
    (data3_def=00A01EF0)
    (data4_def=00A01EF0)
    (data5_def=00A01EF0)
    (data8_def=00A01EF0)
    (data9_def=00A01EF0)
    (data10_def=00A01EF0)
    (data11_def=00A01EF0)
  linearSearch(*array_shuffle1, search_predicate);
    (data=00A01EF0)
    (data1=00A01EF0)
    (data2=00A01EF0)
    (data3=00A01EF0)
    (data4=00A01EF0)
    (data5=00A01EF0)
    (data8=00A01EF0)
    (data9=00A01EF0)
    (data10=00A01EF0)
    (data11=00A01EF0)
  linearSearchValue(*array_shuffle1, target, search_predicate_val);
    (data_val=00A01EF0)
    (data1_val=00A01EF0)
    (data2_val=00A01EF0)
    (data3_val=00A01EF0)
    (data4_val=00A01EF0)
    (data5_val=00A01EF0)
    (data8_val=00A01EF0)
    (data9_val=00A01EF0)
    (data10_val=00A01EF0)
    (data11_val=00A01EF0)
target=0, linearSearch=[0, 304]
target=2
  linearSearchValue(*array_shuffle1, target);
    (data_def=00A01540)
    (data1_def=00A01540)
    (data2_def=00A01540)
    (data3_def=00A01540)
    (data4_def=00A01540)
    (data5_def=00A01540)
    (data8_def=00A01540)
    (data9_def=00A01540)
    (data10_def=00A01540)
    (data11_def=00A01540)
  linearSearch(*array_shuffle1, search_predicate);
    (data=00A01540)
    (data1=00A01540)
    (data2=00A01540)
    (data3=00A01540)
    (data4=00A01540)
    (data5=00A01540)
    (data8=00A01540)
    (data9=00A01540)
    (data10=00A01540)
    (data11=00A01540)
  linearSearchValue(*array_shuffle1, target, search_predicate_val);
    (data_val=00A01540)
    (data1_val=00A01540)
    (data2_val=00A01540)
    (data3_val=00A01540)
    (data4_val=00A01540)
    (data5_val=00A01540)
    (data8_val=00A01540)
    (data9_val=00A01540)
    (data10_val=00A01540)
    (data11_val=00A01540)
target=2, linearSearch=[2, 273]
target=6
  linearSearchValue(*array_shuffle1, target);
    (data_def=00A02B20)
    (data1_def=00A02B20)
    (data2_def=00A02B20)
    (data3_def=00A02B20)
    (data4_def=00A02B20)
    (data5_def=00A02B20)
    (data8_def=00A02B20)
    (data9_def=00A02B20)
    (data10_def=00A02B20)
    (data11_def=00A02B20)
  linearSearch(*array_shuffle1, search_predicate);
    (data=00A02B20)
    (data1=00A02B20)
    (data2=00A02B20)
    (data3=00A02B20)
    (data4=00A02B20)
    (data5=00A02B20)
    (data8=00A02B20)
    (data9=00A02B20)
    (data10=00A02B20)
    (data11=00A02B20)
  linearSearchValue(*array_shuffle1, target, search_predicate_val);
    (data_val=00A02B20)
    (data1_val=00A02B20)
    (data2_val=00A02B20)
    (data3_val=00A02B20)
    (data4_val=00A02B20)
    (data5_val=00A02B20)
    (data8_val=00A02B20)
    (data9_val=00A02B20)
    (data10_val=00A02B20)
    (data11_val=00A02B20)
target=6, linearSearch=[6, 343]
target=14
  linearSearchValue(*array_shuffle1, target);
    (data_def=009FC630)
    (data1_def=009FC630)
    (data2_def=009FC630)
    (data3_def=009FC630)
    (data4_def=009FC630)
    (data5_def=009FC630)
    (data8_def=009FC630)
    (data9_def=009FC630)
    (data10_def=009FC630)
    (data11_def=009FC630)
  linearSearch(*array_shuffle1, search_predicate);
    (data=009FC630)
    (data1=009FC630)
    (data2=009FC630)
    (data3=009FC630)
    (data4=009FC630)
    (data5=009FC630)
    (data8=009FC630)
    (data9=009FC630)
    (data10=009FC630)
    (data11=009FC630)
  linearSearchValue(*array_shuffle1, target, search_predicate_val);
    (data_val=009FC630)
    (data1_val=009FC630)
    (data2_val=009FC630)
    (data3_val=009FC630)
    (data4_val=009FC630)
    (data5_val=009FC630)
    (data8_val=009FC630)
    (data9_val=009FC630)
    (data10_val=009FC630)
    (data11_val=009FC630)
target=14, linearSearch=[14, 20]
target=30
  linearSearchValue(*array_shuffle1, target);
    (data_def=00A04560)
    (data1_def=00A04560)
    (data2_def=00A04560)
    (data3_def=00A04560)
    (data4_def=00A04560)
    (data5_def=00A04560)
    (data8_def=00A04560)
    (data9_def=00A04560)
    (data10_def=00A04560)
    (data11_def=00A04560)
  linearSearch(*array_shuffle1, search_predicate);
    (data=00A04560)
    (data1=00A04560)
    (data2=00A04560)
    (data3=00A04560)
    (data4=00A04560)
    (data5=00A04560)
    (data8=00A04560)
    (data9=00A04560)
    (data10=00A04560)
    (data11=00A04560)
  linearSearchValue(*array_shuffle1, target, search_predicate_val);
    (data_val=00A04560)
    (data1_val=00A04560)
    (data2_val=00A04560)
    (data3_val=00A04560)
    (data4_val=00A04560)
    (data5_val=00A04560)
    (data8_val=00A04560)
    (data9_val=00A04560)
    (data10_val=00A04560)
    (data11_val=00A04560)
target=30, linearSearch=[30, 427]
target=62
  linearSearchValue(*array_shuffle1, target);
    (data_def=00A083E0)
    (data1_def=00A083E0)
    (data2_def=00A083E0)
    (data3_def=00A083E0)
    (data4_def=00A083E0)
    (data5_def=00A083E0)
    (data8_def=00A083E0)
    (data9_def=00A083E0)
    (data10_def=00A083E0)
    (data11_def=00A083E0)
  linearSearch(*array_shuffle1, search_predicate);
    (data=00A083E0)
    (data1=00A083E0)
    (data2=00A083E0)
    (data3=00A083E0)
    (data4=00A083E0)
    (data5=00A083E0)
    (data8=00A083E0)
    (data9=00A083E0)
    (data10=00A083E0)
    (data11=00A083E0)
  linearSearchValue(*array_shuffle1, target, search_predicate_val);
    (data_val=00A083E0)
    (data1_val=00A083E0)
    (data2_val=00A083E0)
    (data3_val=00A083E0)
    (data4_val=00A083E0)
    (data5_val=00A083E0)
    (data8_val=00A083E0)
    (data9_val=00A083E0)
    (data10_val=00A083E0)
    (data11_val=00A083E0)
target=62, linearSearch=[62, 627]
target=126
  linearSearchValue(*array_shuffle1, target);
    (data_def=009FFB00)
    (data1_def=009FFB00)
    (data2_def=009FFB00)
    (data3_def=009FFB00)
    (data4_def=009FFB00)
    (data5_def=009FFB00)
    (data8_def=009FFB00)
    (data9_def=009FFB00)
    (data10_def=009FFB00)
    (data11_def=009FFB00)
  linearSearch(*array_shuffle1, search_predicate);
    (data=009FFB00)
    (data1=009FFB00)
    (data2=009FFB00)
    (data3=009FFB00)
    (data4=009FFB00)
    (data5=009FFB00)
    (data8=009FFB00)
    (data9=009FFB00)
    (data10=009FFB00)
    (data11=009FFB00)
  linearSearchValue(*array_shuffle1, target, search_predicate_val);
    (data_val=009FFB00)
    (data1_val=009FFB00)
    (data2_val=009FFB00)
    (data3_val=009FFB00)
    (data4_val=009FFB00)
    (data5_val=009FFB00)
    (data8_val=009FFB00)
    (data9_val=009FFB00)
    (data10_val=009FFB00)
    (data11_val=009FFB00)
target=126, linearSearch=[126, 189]
target=254
  linearSearchValue(*array_shuffle1, target);
    (data_def=009FF150)
    (data1_def=009FF150)
    (data2_def=009FF150)
    (data3_def=009FF150)
    (data4_def=009FF150)
    (data5_def=009FF150)
    (data8_def=009FF150)
    (data9_def=009FF150)
    (data10_def=009FF150)
    (data11_def=009FF150)
  linearSearch(*array_shuffle1, search_predicate);
    (data=009FF150)
    (data1=009FF150)
    (data2=009FF150)
    (data3=009FF150)
    (data4=009FF150)
    (data5=009FF150)
    (data8=009FF150)
    (data9=009FF150)
    (data10=009FF150)
    (data11=009FF150)
  linearSearchValue(*array_shuffle1, target, search_predicate_val);
    (data_val=009FF150)
    (data1_val=009FF150)
    (data2_val=009FF150)
    (data3_val=009FF150)
    (data4_val=009FF150)
    (data5_val=009FF150)
    (data8_val=009FF150)
    (data9_val=009FF150)
    (data10_val=009FF150)
    (data11_val=009FF150)
target=254, linearSearch=[254, 158]

[Variation test for binary-search]
target=-1
  binarySearchValue(*array_shuffle1, target);
    (data_def=00000000)
    (data1_def=00000000)
    (data2_def=00000000)
    (data3_def=00000000)
    (data4_def=00000000)
    (data5_def=00000000)
    (data8_def=00000000)
    (data9_def=00000000)
   (data10_def=00000000)
    (data11_def=00000000)
  binarySearch(*array_shuffle1, comparisonForSearch);
    (data=00000000)
    (data1=00000000)
    (data2=00000000)
    (data3=00000000)
    (data4=00000000)
    (data5=00000000)
    (data8=00000000)
    (data9=00000000)
    (data10=00000000)
    (data11=00000000)
  binarySearchValue(*array_shuffle1, target, search_comparison_val);
    (data_val=00000000)
    (data1_val=00000000)
    (data2_val=00000000)
    (data3_val=00000000)
    (data4_val=00000000)
    (data5_val=00000000)
    (data8_val=00000000)
    (data9_val=00000000)
    (data10_val=00000000)
    (data11_val=00000000)
target=-1, binarySearch=nullptr
target=0
  binarySearchValue(*array_shuffle1, target);
    (data_def=009FBFF0)
    (data1_def=009FBFF0)
    (data2_def=009FBFF0)
    (data3_def=009FBFF0)
    (data4_def=009FBFF0)
    (data5_def=009FBFF0)
    (data8_def=009FBFF0)
    (data9_def=009FBFF0)
   (data10_def=009FBFF0)
    (data11_def=009FBFF0)
  binarySearch(*array_shuffle1, comparisonForSearch);
    (data=009FBFF0)
    (data1=009FBFF0)
    (data2=009FBFF0)
    (data3=009FBFF0)
    (data4=009FBFF0)
    (data5=009FBFF0)
    (data8=009FBFF0)
    (data9=009FBFF0)
    (data10=009FBFF0)
    (data11=009FBFF0)
  binarySearchValue(*array_shuffle1, target, search_comparison_val);
    (data_val=009FBFF0)
    (data1_val=009FBFF0)
    (data2_val=009FBFF0)
    (data3_val=009FBFF0)
    (data4_val=009FBFF0)
    (data5_val=009FBFF0)
    (data8_val=009FBFF0)
    (data9_val=009FBFF0)
    (data10_val=009FBFF0)
    (data11_val=009FBFF0)
target=0, binarySearch=[0, 471]
target=2
  binarySearchValue(*array_shuffle1, target);
    (data_def=009FC1D0)
    (data1_def=009FC1D0)
    (data2_def=009FC1D0)
    (data3_def=009FC1D0)
    (data4_def=009FC1D0)
    (data5_def=009FC1D0)
    (data8_def=009FC1D0)
    (data9_def=009FC1D0)
   (data10_def=009FC1D0)
    (data11_def=009FC1D0)
  binarySearch(*array_shuffle1, comparisonForSearch);
    (data=009FC1D0)
    (data1=009FC1D0)
    (data2=009FC1D0)
    (data3=009FC1D0)
    (data4=009FC1D0)
    (data5=009FC1D0)
    (data8=009FC1D0)
    (data9=009FC1D0)
    (data10=009FC1D0)
    (data11=009FC1D0)
  binarySearchValue(*array_shuffle1, target, search_comparison_val);
    (data_val=009FC1D0)
    (data1_val=009FC1D0)
    (data2_val=009FC1D0)
    (data3_val=009FC1D0)
    (data4_val=009FC1D0)
    (data5_val=009FC1D0)
    (data8_val=009FC1D0)
    (data9_val=009FC1D0)
    (data10_val=009FC1D0)
    (data11_val=009FC1D0)
target=2, binarySearch=[2, 575]
target=6
  binarySearchValue(*array_shuffle1, target);
    (data_def=009FC590)
    (data1_def=009FC590)
    (data2_def=009FC590)
    (data3_def=009FC590)
    (data4_def=009FC590)
    (data5_def=009FC590)
    (data8_def=009FC590)
    (data9_def=009FC590)
   (data10_def=009FC590)
    (data11_def=009FC590)
  binarySearch(*array_shuffle1, comparisonForSearch);
    (data=009FC590)
    (data1=009FC590)
    (data2=009FC590)
    (data3=009FC590)
    (data4=009FC590)
    (data5=009FC590)
    (data8=009FC590)
    (data9=009FC590)
    (data10=009FC590)
    (data11=009FC590)
  binarySearchValue(*array_shuffle1, target, search_comparison_val);
    (data_val=009FC590)
    (data1_val=009FC590)
    (data2_val=009FC590)
    (data3_val=009FC590)
    (data4_val=009FC590)
    (data5_val=009FC590)
    (data8_val=009FC590)
    (data9_val=009FC590)
    (data10_val=009FC590)
    (data11_val=009FC590)
target=6, binarySearch=[6, 681]
target=14
  binarySearchValue(*array_shuffle1, target);
    (data_def=009FCD10)
    (data1_def=009FCD10)
    (data2_def=009FCD10)
    (data3_def=009FCD10)
    (data4_def=009FCD10)
    (data5_def=009FCD10)
    (data8_def=009FCD10)
    (data9_def=009FCD10)
   (data10_def=009FCD10)
    (data11_def=009FCD10)
  binarySearch(*array_shuffle1, comparisonForSearch);
    (data=009FCD10)
    (data1=009FCD10)
    (data2=009FCD10)
    (data3=009FCD10)
    (data4=009FCD10)
    (data5=009FCD10)
    (data8=009FCD10)
    (data9=009FCD10)
    (data10=009FCD10)
    (data11=009FCD10)
  binarySearchValue(*array_shuffle1, target, search_comparison_val);
    (data_val=009FCD10)
    (data1_val=009FCD10)
    (data2_val=009FCD10)
    (data3_val=009FCD10)
    (data4_val=009FCD10)
    (data5_val=009FCD10)
    (data8_val=009FCD10)
    (data9_val=009FCD10)
    (data10_val=009FCD10)
    (data11_val=009FCD10)
target=14, binarySearch=[14, 260]
target=30
  binarySearchValue(*array_shuffle1, target);
    (data_def=009FDC10)
    (data1_def=009FDC10)
    (data2_def=009FDC10)
    (data3_def=009FDC10)
    (data4_def=009FDC10)
    (data5_def=009FDC10)
    (data8_def=009FDC10)
    (data9_def=009FDC10)
   (data10_def=009FDC10)
    (data11_def=009FDC10)
  binarySearch(*array_shuffle1, comparisonForSearch);
    (data=009FDC10)
    (data1=009FDC10)
    (data2=009FDC10)
    (data3=009FDC10)
    (data4=009FDC10)
    (data5=009FDC10)
    (data8=009FDC10)
    (data9=009FDC10)
    (data10=009FDC10)
    (data11=009FDC10)
  binarySearchValue(*array_shuffle1, target, search_comparison_val);
    (data_val=009FDC10)
    (data1_val=009FDC10)
    (data2_val=009FDC10)
    (data3_val=009FDC10)
    (data4_val=009FDC10)
    (data5_val=009FDC10)
    (data8_val=009FDC10)
    (data9_val=009FDC10)
    (data10_val=009FDC10)
    (data11_val=009FDC10)
target=30, binarySearch=[30, 915]
target=62
  binarySearchValue(*array_shuffle1, target);
    (data_def=009FFA10)
    (data1_def=009FFA10)
    (data2_def=009FFA10)
    (data3_def=009FFA10)
    (data4_def=009FFA10)
    (data5_def=009FFA10)
    (data8_def=009FFA10)
    (data9_def=009FFA10)
   (data10_def=009FFA10)
    (data11_def=009FFA10)
  binarySearch(*array_shuffle1, comparisonForSearch);
    (data=009FFA10)
    (data1=009FFA10)
    (data2=009FFA10)
    (data3=009FFA10)
    (data4=009FFA10)
    (data5=009FFA10)
    (data8=009FFA10)
    (data9=009FFA10)
    (data10=009FFA10)
    (data11=009FFA10)
  binarySearchValue(*array_shuffle1, target, search_comparison_val);
    (data_val=009FFA10)
    (data1_val=009FFA10)
    (data2_val=009FFA10)
    (data3_val=009FFA10)
    (data4_val=009FFA10)
    (data5_val=009FFA10)
    (data8_val=009FFA10)
    (data9_val=009FFA10)
    (data10_val=009FFA10)
    (data11_val=009FFA10)
target=62, binarySearch=[62, 627]
target=126
  binarySearchValue(*array_shuffle1, target);
    (data_def=00A03610)
    (data1_def=00A03610)
    (data2_def=00A03610)
    (data3_def=00A03610)
    (data4_def=00A03610)
    (data5_def=00A03610)
    (data8_def=00A03610)
    (data9_def=00A03610)
   (data10_def=00A03610)
    (data11_def=00A03610)
  binarySearch(*array_shuffle1, comparisonForSearch);
    (data=00A03610)
    (data1=00A03610)
    (data2=00A03610)
    (data3=00A03610)
    (data4=00A03610)
    (data5=00A03610)
    (data8=00A03610)
    (data9=00A03610)
    (data10=00A03610)
    (data11=00A03610)
  binarySearchValue(*array_shuffle1, target, search_comparison_val);
    (data_val=00A03610)
    (data1_val=00A03610)
    (data2_val=00A03610)
    (data3_val=00A03610)
    (data4_val=00A03610)
    (data5_val=00A03610)
    (data8_val=00A03610)
    (data9_val=00A03610)
    (data10_val=00A03610)
    (data11_val=00A03610)
target=126, binarySearch=[126, 728]
target=254
  binarySearchValue(*array_shuffle1, target);
    (data_def=00A0AE10)
    (data1_def=00A0AE10)
    (data2_def=00A0AE10)
    (data3_def=00A0AE10)
    (data4_def=00A0AE10)
    (data5_def=00A0AE10)
    (data8_def=00A0AE10)
    (data9_def=00A0AE10)
   (data10_def=00A0AE10)
    (data11_def=00A0AE10)
  binarySearch(*array_shuffle1, comparisonForSearch);
    (data=00A0AE10)
    (data1=00A0AE10)
    (data2=00A0AE10)
    (data3=00A0AE10)
    (data4=00A0AE10)
    (data5=00A0AE10)
    (data8=00A0AE10)
    (data9=00A0AE10)
    (data10=00A0AE10)
    (data11=00A0AE10)
  binarySearchValue(*array_shuffle1, target, search_comparison_val);
    (data_val=00A0AE10)
    (data1_val=00A0AE10)
    (data2_val=00A0AE10)
    (data3_val=00A0AE10)
    (data4_val=00A0AE10)
    (data5_val=00A0AE10)
    (data8_val=00A0AE10)
    (data9_val=00A0AE10)
    (data10_val=00A0AE10)
    (data11_val=00A0AE10)
target=254, binarySearch=[254, 756]
============================================================
Finalize
============================================================
----- Delete array(shuffle1) -----
----- Delete array(shuffle2) -----
----- Delete array(shuffle3) -----
----- Delete array(ordered) -----
----- Delete array(reversed) -----
----- Delete array(ordered_without_both_ends) -----
----- Delete array(hard_with_quick_sort) -----


============================================================
End
============================================================
*elapsed time=1.494415300 sec.
