------------------------------------------------------------------------------
Check build-settings suitable for runtime environment.

cpu_string="Genunteline"
[OK] SSE is supported.
[OK] SSE2 is supported.
[OK] SSE3 is supported.
[--] SSE 4a is not used.
[OK] SSE4.1 is NOT supported.
[OK] SSE4.2 is supported.
[OK] POPCNT is supported.
[OK] AES is supported.
[OK] AVX is supported.
[--] AVX2 is not used.
------------------------------------------------------------------------------
Compiler: name="VC++", Ver=[1800(0x00000708).0(0x00000000)]
    This compiler is "Visual C++"

Compiler-language: C++ (C++ Ver.=2003)
    C++ is available.
        C++ is implemented C++98.
        C++ is implemented C++03.

Plataform: "Win"(x86 32bits, little-endian), Ver=[0(0x00000000).0(0x00000000)]
    Target plarform is "Windows"

__FILE__="e:\work\github\gasha_examples\src\example_build_settings\example_build_settings.cpp"
__LINE__=132
__FUNCTION__="example_build_settings::test::func"
__PRETTY_FUNCTION__="void __cdecl example_build_settings::test::func(void)"
__FUNCSIG__="void __cdecl example_build_settings::test::func(void)"
__func__="example_build_settings::test::func"
__FUNCDNAME__="?func@test@?1??example_build_settings@@YAXXZ@SAXXZ"
__DATE__="Jun 23 2014"
__TIME__="17:00:49"
__TIMESTAMP__="Mon Jun 23 11:43:17 2014"

GET_FUNC_NAME()="void __cdecl example_build_settings::test::func(void)"
GET_FILE_LINE()="e:\work\github\gasha_examples\src\example_build_settings\example_build_settings.cpp(143)"
GET_FILE_LINE_TIME()="e:\work\github\gasha_examples\src\example_build_settings\example_build_settings.cpp(144)[Mon Jun 23 11:43:17 2014]"
This is normal func.
This is inline func.
This is noinline func.
This is always inline func.

nullptr_var=00000000
    'nullptr' is featured.

This is override func.
    'override' is featured.

constexpr_var=6
constexpr_calc(1, 2)=3

TLS Variable=123

sizeof(data_t)=32
alignof(data_t)=16
_aligned_malloc(sizeof(data_t), alignof(data_t))=00EC8DB0
_aligned_free(p)
