
================================================================================
x86, Release,

--------------------------------------------------------------------------------
[ ../sub/gasha_src/proj ]
--------------------------------------------------------------------------------
make: '../../gasha/lib/gcc/gasha_x86.a' is up to date.
--------------------------------------------------------------------------------

--------------------------------------------------------------------------------
[ example_allocator ]
--------------------------------------------------------------------------------
make: '../../exe/gcc/x86/example_allocator' is up to date.
--------------------------------------------------------------------------------

--------------------------------------------------------------------------------
[ example_basic_math ]
--------------------------------------------------------------------------------
make: '../../exe/gcc/x86/example_basic_math' is up to date.
--------------------------------------------------------------------------------

--------------------------------------------------------------------------------
[ example_build_settings ]
--------------------------------------------------------------------------------
make: '../../exe/gcc/x86/example_build_settings' is up to date.
--------------------------------------------------------------------------------

--------------------------------------------------------------------------------
[ example_crc32 ]
--------------------------------------------------------------------------------
make: '../../exe/gcc/x86/example_crc32' is up to date.
--------------------------------------------------------------------------------

--------------------------------------------------------------------------------
[ example_debug_log ]
--------------------------------------------------------------------------------
make: '../../exe/gcc/x86/example_debug_log' is up to date.
--------------------------------------------------------------------------------

--------------------------------------------------------------------------------
[ example_dynamic_array ]
--------------------------------------------------------------------------------
make: '../../exe/gcc/x86/example_dynamic_array' is up to date.
--------------------------------------------------------------------------------

--------------------------------------------------------------------------------
[ example_fast_math ]
--------------------------------------------------------------------------------
mkdir -p _gcc/x86/Release/proj/example_fast_math/../../src/example_fast_math/; \
g++ -std=c++11  -I./ -I. -I../../src/example_fast_math -I../../sub/gasha/include -I../../sub/gasha_settings/include   -Wall -Wno-switch -Wno-unknown-pragmas -Wno-unused-local-typedefs -Wno-unused-value -mavx -fabi-version=0 -fopenmp -U__STRICT_ANSI__ -D_GLIBCXX_USE_NANOSLEEP -D_GLIBCXX_USE_SCHED_YIELD  -O3  -m32  -DNDEBUG   -include standard.h  -MD -MP -MF _gcc/x86/Release/proj/example_fast_math/../../src/example_fast_math/example_fast_math.d -c ../../src/example_fast_math/example_fast_math.cpp -o _gcc/x86/Release/proj/example_fast_math/../../src/example_fast_math/example_fast_math.o
mkdir -p ../../exe/gcc/x86/; \
g++ -std=c++11  -I./ -I. -I../../src/example_fast_math -I../../sub/gasha/include -I../../sub/gasha_settings/include   -Wall -Wno-switch -Wno-unknown-pragmas -Wno-unused-local-typedefs -Wno-unused-value -mavx -fabi-version=0 -fopenmp -U__STRICT_ANSI__ -D_GLIBCXX_USE_NANOSLEEP -D_GLIBCXX_USE_SCHED_YIELD  -O3  -m32  -DNDEBUG   -include standard.h  _gcc/x86/Release/proj/example_fast_math/main.o _gcc/x86/Release/proj/example_fast_math/../../src/example_fast_math/example_fast_math.o ../../sub/gasha/lib/gcc/gasha_x86.a -o ../../exe/gcc/x86/example_fast_math
--------------------------------------------------------------------------------

--------------------------------------------------------------------------------
[ example_fast_string ]
--------------------------------------------------------------------------------
make: '../../exe/gcc/x86/example_fast_string' is up to date.
--------------------------------------------------------------------------------

--------------------------------------------------------------------------------
[ example_hash_table ]
--------------------------------------------------------------------------------
make: '../../exe/gcc/x86/example_hash_table' is up to date.
--------------------------------------------------------------------------------

--------------------------------------------------------------------------------
[ example_linked_list ]
--------------------------------------------------------------------------------
make: '../../exe/gcc/x86/example_linked_list' is up to date.
--------------------------------------------------------------------------------

--------------------------------------------------------------------------------
[ example_priority_queue ]
--------------------------------------------------------------------------------
make: '../../exe/gcc/x86/example_priority_queue' is up to date.
--------------------------------------------------------------------------------

--------------------------------------------------------------------------------
[ example_rb_tree ]
--------------------------------------------------------------------------------
make: '../../exe/gcc/x86/example_rb_tree' is up to date.
--------------------------------------------------------------------------------

--------------------------------------------------------------------------------
[ example_ring_buffer ]
--------------------------------------------------------------------------------
make: '../../exe/gcc/x86/example_ring_buffer' is up to date.
--------------------------------------------------------------------------------

--------------------------------------------------------------------------------
[ example_serialization ]
--------------------------------------------------------------------------------
make: '../../exe/gcc/x86/example_serialization' is up to date.
--------------------------------------------------------------------------------

--------------------------------------------------------------------------------
[ example_shared_data ]
--------------------------------------------------------------------------------
make: '../../exe/gcc/x86/example_shared_data' is up to date.
--------------------------------------------------------------------------------

--------------------------------------------------------------------------------
[ example_singleton ]
--------------------------------------------------------------------------------
make: '../../exe/gcc/x86/example_singleton' is up to date.
--------------------------------------------------------------------------------

--------------------------------------------------------------------------------
[ example_singly_linked_list ]
--------------------------------------------------------------------------------
make: '../../exe/gcc/x86/example_singly_linked_list' is up to date.
--------------------------------------------------------------------------------

--------------------------------------------------------------------------------
[ example_sort_and_search ]
--------------------------------------------------------------------------------
make: '../../exe/gcc/x86/example_sort_and_search' is up to date.
--------------------------------------------------------------------------------

--------------------------------------------------------------------------------
[ example_thread_id ]
--------------------------------------------------------------------------------
make: '../../exe/gcc/x86/example_thread_id' is up to date.
--------------------------------------------------------------------------------

--------------------------------------------------------------------------------
[ example_type_traits ]
--------------------------------------------------------------------------------
make: '../../exe/gcc/x86/example_type_traits' is up to date.
--------------------------------------------------------------------------------

--------------------------------------------------------------------------------
[ example_utility ]
--------------------------------------------------------------------------------
make: '../../exe/gcc/x86/example_utility' is up to date.
--------------------------------------------------------------------------------
================================================================================

================================================================================
x86, Debug,

--------------------------------------------------------------------------------
[ ../sub/gasha_src/proj ]
--------------------------------------------------------------------------------
make: '../../gasha/lib/gcc/gasha_x86_debug.a' is up to date.
--------------------------------------------------------------------------------

--------------------------------------------------------------------------------
[ example_allocator ]
--------------------------------------------------------------------------------
make: '../../exe/gcc/x86/Debug/example_allocator' is up to date.
--------------------------------------------------------------------------------

--------------------------------------------------------------------------------
[ example_basic_math ]
--------------------------------------------------------------------------------
make: '../../exe/gcc/x86/Debug/example_basic_math' is up to date.
--------------------------------------------------------------------------------

--------------------------------------------------------------------------------
[ example_build_settings ]
--------------------------------------------------------------------------------
make: '../../exe/gcc/x86/Debug/example_build_settings' is up to date.
--------------------------------------------------------------------------------

--------------------------------------------------------------------------------
[ example_crc32 ]
--------------------------------------------------------------------------------
make: '../../exe/gcc/x86/Debug/example_crc32' is up to date.
--------------------------------------------------------------------------------

--------------------------------------------------------------------------------
[ example_debug_log ]
--------------------------------------------------------------------------------
make: '../../exe/gcc/x86/Debug/example_debug_log' is up to date.
--------------------------------------------------------------------------------

--------------------------------------------------------------------------------
[ example_dynamic_array ]
--------------------------------------------------------------------------------
make: '../../exe/gcc/x86/Debug/example_dynamic_array' is up to date.
--------------------------------------------------------------------------------

--------------------------------------------------------------------------------
[ example_fast_math ]
--------------------------------------------------------------------------------
mkdir -p _gcc/x86/Debug/proj/example_fast_math/../../src/example_fast_math/; \
g++ -std=c++11  -I./ -I. -I../../src/example_fast_math -I../../sub/gasha/include -I../../sub/gasha_settings/include   -Wall -Wno-switch -Wno-unknown-pragmas -Wno-unused-local-typedefs -Wno-unused-value -mavx -fabi-version=0 -fopenmp -U__STRICT_ANSI__ -D_GLIBCXX_USE_NANOSLEEP -D_GLIBCXX_USE_SCHED_YIELD  -g  -m32  -D_DEBUG   -include standard.h  -MD -MP -MF _gcc/x86/Debug/proj/example_fast_math/../../src/example_fast_math/example_fast_math.d -c ../../src/example_fast_math/example_fast_math.cpp -o _gcc/x86/Debug/proj/example_fast_math/../../src/example_fast_math/example_fast_math.o
mkdir -p ../../exe/gcc/x86/Debug/; \
g++ -std=c++11  -I./ -I. -I../../src/example_fast_math -I../../sub/gasha/include -I../../sub/gasha_settings/include   -Wall -Wno-switch -Wno-unknown-pragmas -Wno-unused-local-typedefs -Wno-unused-value -mavx -fabi-version=0 -fopenmp -U__STRICT_ANSI__ -D_GLIBCXX_USE_NANOSLEEP -D_GLIBCXX_USE_SCHED_YIELD  -g  -m32  -D_DEBUG   -include standard.h  _gcc/x86/Debug/proj/example_fast_math/main.o _gcc/x86/Debug/proj/example_fast_math/../../src/example_fast_math/example_fast_math.o ../../sub/gasha/lib/gcc/gasha_x86_debug.a -o ../../exe/gcc/x86/Debug/example_fast_math
--------------------------------------------------------------------------------

--------------------------------------------------------------------------------
[ example_fast_string ]
--------------------------------------------------------------------------------
make: '../../exe/gcc/x86/Debug/example_fast_string' is up to date.
--------------------------------------------------------------------------------

--------------------------------------------------------------------------------
[ example_hash_table ]
--------------------------------------------------------------------------------
make: '../../exe/gcc/x86/Debug/example_hash_table' is up to date.
--------------------------------------------------------------------------------

--------------------------------------------------------------------------------
[ example_linked_list ]
--------------------------------------------------------------------------------
make: '../../exe/gcc/x86/Debug/example_linked_list' is up to date.
--------------------------------------------------------------------------------

--------------------------------------------------------------------------------
[ example_priority_queue ]
--------------------------------------------------------------------------------
make: '../../exe/gcc/x86/Debug/example_priority_queue' is up to date.
--------------------------------------------------------------------------------

--------------------------------------------------------------------------------
[ example_rb_tree ]
--------------------------------------------------------------------------------
make: '../../exe/gcc/x86/Debug/example_rb_tree' is up to date.
--------------------------------------------------------------------------------

--------------------------------------------------------------------------------
[ example_ring_buffer ]
--------------------------------------------------------------------------------
make: '../../exe/gcc/x86/Debug/example_ring_buffer' is up to date.
--------------------------------------------------------------------------------

--------------------------------------------------------------------------------
[ example_serialization ]
--------------------------------------------------------------------------------
make: '../../exe/gcc/x86/Debug/example_serialization' is up to date.
--------------------------------------------------------------------------------

--------------------------------------------------------------------------------
[ example_shared_data ]
--------------------------------------------------------------------------------
make: '../../exe/gcc/x86/Debug/example_shared_data' is up to date.
--------------------------------------------------------------------------------

--------------------------------------------------------------------------------
[ example_singleton ]
--------------------------------------------------------------------------------
make: '../../exe/gcc/x86/Debug/example_singleton' is up to date.
--------------------------------------------------------------------------------

--------------------------------------------------------------------------------
[ example_singly_linked_list ]
--------------------------------------------------------------------------------
make: '../../exe/gcc/x86/Debug/example_singly_linked_list' is up to date.
--------------------------------------------------------------------------------

--------------------------------------------------------------------------------
[ example_sort_and_search ]
--------------------------------------------------------------------------------
make: '../../exe/gcc/x86/Debug/example_sort_and_search' is up to date.
--------------------------------------------------------------------------------

--------------------------------------------------------------------------------
[ example_thread_id ]
--------------------------------------------------------------------------------
make: '../../exe/gcc/x86/Debug/example_thread_id' is up to date.
--------------------------------------------------------------------------------

--------------------------------------------------------------------------------
[ example_type_traits ]
--------------------------------------------------------------------------------
make: '../../exe/gcc/x86/Debug/example_type_traits' is up to date.
--------------------------------------------------------------------------------

--------------------------------------------------------------------------------
[ example_utility ]
--------------------------------------------------------------------------------
make: '../../exe/gcc/x86/Debug/example_utility' is up to date.
--------------------------------------------------------------------------------
================================================================================
