message for Standard
[93;41;4mmessage for TTY (stdout)[0m
message for Win (stdout)

--------------------------------------------------------------------------------
[ Enumeration of all log-levels ]

[ 0]( 0)"asMoreDetail"
	console: "Win(stdout)"(WHITE+iBLACK)
	next: [ 1]( 4)"asVerbose
[ 1]( 4)"asVerbose"
	console: "Win(stdout)"(iBLACK+STANDARD)
	prev: [ 0]( 0)"asMoreDetail"
	next: [ 3](12)"asNormal
[ 1]( 5)"asDetail"
	console: "Win(stdout)"(iBLACK+STANDARD)
	prev: [ 0]( 0)"asMoreDetail"
	next: [ 3](12)"asNormal
[ 3](12)"asNormal"
	console: "win-console *CHANGED*"(STANDARD+STANDARD)
	prev: [ 1]( 5)"asDetail"
	next: [ 4](17)"asAboveNormal
[ 4](17)"asAboveNormal"
	console: "Win(stdout)"(CYAN+STANDARD)
	prev: [ 3](12)"asNormal"
	next: [ 5](20)"asImportant
[ 5](20)"asImportant"
	console: "Win(stdout)"(iBLUE+BLACK)
	prev: [ 3](12)"asNormal"
	next: [ 7](28)"asWarning
[11](44)"asAbsolute"
	console: "Win(stdout)"(STANDARD+STANDARD)
	prev: [ 9](36)"asCritical"
[11](SP47)"asSilent"
[12](SP48)"asSilentAbsolutely"

--------------------------------------------------------------------------------
[ Enumeration of all log-categories ]

( 0)"forAny"
( 3)"forFileSystem"
( 4)"forResource"
( 5)"for3D"
( 6)"for2D"
( 7)"forSound"
(10)"forMiniGame"
(SP64)"forEvery"
(SP65)"forCallPoint"
(SP66)"forCriticalCallPoint"
1:mask: refType=0, level=4
1:attr: refType=0, attr=0x00000000
2:mask: refType=2, level=4
2:attr: refType=2, attr=0x00000000
2a:mask: refType=0, level=4
2a:attr: refType=0, attr=0x00000000
2b:mask: refType=0, level=4
2b:attr: refType=0, attr=0x00000000
2c:mask: refType=2, level=4
2c:attr: refType=2, attr=0x00000000
3:mask: refType=2, level=12
3:attr: refType=2, attr=0x00100020
4:mask: refType=1, level=12
4:attr: refType=1, attr=0x00100020
5:mask: refType=1, level=12
5:attr: refType=1, attr=0x00100020
6:mask: refType=2, level=12
6:attr: refType=2, attr=0x00100020
7:mask: refType=2, level=5
7:attr: refType=2, attr=0x00200010
7a:mask: refType=2, level=12
7a:attr: refType=2, attr=0x00100020
7b:mask: refType=0, level=4
7b:attr: refType=0, attr=0x00000000
7bx:mask: refType=1, level=4
7bx:attr: refType=1, attr=0x00000000
7bx2:mask: refType=2, level=4
7bx2:attr: refType=2, attr=0x00000000
7c:mask: refType=2, level=12
7c:attr: refType=2, attr=0x00100020
7d:mask: refType=1, level=12
7d:attr: refType=1, attr=0x00100020
7e:mask: refType=0, level=4
7e:attr: refType=0, attr=0x00000000
7f:mask: refType=2, level=12
7f:attr: refType=2, attr=0x00100020
7g:mask: refType=0, level=4
7g:attr: refType=0, attr=0x00000000
8:mask: refType=1, level=12
8:attr: refType=1, attr=0x00100020
9:mask: refType=2, level=12
9:attr: refType=2, attr=0x00100020
10:mask: refType=0, level=4
10:attr: refType=0, attr=0x00000000

--------------------------------------------------------------------------------
[ Enumeration of all log-level-masks : Test for output message asDetail ]

( 0)"forAny"
	mask(of log): ( 4)"asVerbose"
		OK ... log-message: ( 5)"asDetail", "Win(stdout)"
	mask(of notice): (36)"asCritical"
		MASKED! ... notice-message: ( 5)"asDetail"
( 1)"forDummy"
	mask(of log): ( 4)"asVerbose"
		OK ... 
	mask(of notice): (36)"asCritical"
		MASKED! ... notice-message: ( 5)"asDetail"
( 2)"forNotice"
	mask(of log): ( 4)"asVerbose"
		OK ... 
	mask(of notice): (36)"asCritical"
		MASKED! ... notice-message: ( 5)"asDetail"
( 3)"forFileSystem"
	mask(of log): ( 4)"asVerbose"
		OK ... log-message: ( 5)"asDetail", "Win(stdout)"
	mask(of notice): (36)"asCritical"
		MASKED! ... notice-message: ( 5)"asDetail"
( 4)"forResource"
	mask(of log): ( 4)"asVerbose"
		OK ... log-message: ( 5)"asDetail", "Win(stdout)"
	mask(of notice): (36)"asCritical"
		MASKED! ... notice-message: ( 5)"asDetail"
( 5)"for3D"
	mask(of log): ( 4)"asVerbose"
		OK ... log-message: ( 5)"asDetail", "Win(stdout)"
	mask(of notice): (36)"asCritical"
		MASKED! ... notice-message: ( 5)"asDetail"
( 6)"for2D"
	mask(of log): ( 4)"asVerbose"
		OK ... log-message: ( 5)"asDetail", "Win(stdout)"
	mask(of notice): (36)"asCritical"
		MASKED! ... notice-message: ( 5)"asDetail"
( 7)"forSound"
	mask(of log): ( 4)"asVerbose"
		OK ... log-message: ( 5)"asDetail", "Win(stdout)"
	mask(of notice): (36)"asCritical"
		MASKED! ... notice-message: ( 5)"asDetail"
(10)"forMiniGame"
	mask(of log): ( 4)"asVerbose"
		OK ... log-message: ( 5)"asDetail", "Win(stdout)"
	mask(of notice): (36)"asCritical"
		MASKED! ... notice-message: ( 5)"asDetail"
(20)"forTARO"
	mask(of log): ( 5)"asDetail"
		OK ... 
	mask(of notice): (12)"asNormal"
		MASKED! ... notice-message: ( 5)"asDetail"
(21)"forJIRO"
	mask(of log): (47)"asSilent"
		MASKED! ... notice-message: ( 5)"asDetail"
	mask(of notice): (48)"asSilentAbsolutely"
		MASKED! ... notice-message: ( 5)"asDetail"

--------------------------------------------------------------------------------
[ Enumeration of all log-level-masks : Test for output message asNormal ]

( 0)"forAny"
	mask(of log): ( 4)"asVerbose"
		OK ... log-message: (12)"asNormal", "win-console *CHANGED*"
	mask(of notice): (36)"asCritical"
		MASKED! ... notice-message: (12)"asNormal"
( 1)"forDummy"
	mask(of log): ( 4)"asVerbose"
		OK ... 
	mask(of notice): (36)"asCritical"
		MASKED! ... notice-message: (12)"asNormal"
( 2)"forNotice"
	mask(of log): ( 4)"asVerbose"
		OK ... 
	mask(of notice): (36)"asCritical"
		MASKED! ... notice-message: (12)"asNormal"
( 3)"forFileSystem"
	mask(of log): ( 4)"asVerbose"
		OK ... log-message: (12)"asNormal", "win-console *CHANGED*"
	mask(of notice): (36)"asCritical"
		MASKED! ... notice-message: (12)"asNormal"
( 4)"forResource"
	mask(of log): ( 4)"asVerbose"
		OK ... log-message: (12)"asNormal", "win-console *CHANGED*"
	mask(of notice): (36)"asCritical"
		MASKED! ... notice-message: (12)"asNormal"
( 5)"for3D"
	mask(of log): ( 4)"asVerbose"
		OK ... log-message: (12)"asNormal", "win-console *CHANGED*"
	mask(of notice): (36)"asCritical"
		MASKED! ... notice-message: (12)"asNormal"
( 6)"for2D"
	mask(of log): ( 4)"asVerbose"
		OK ... log-message: (12)"asNormal", "win-console *CHANGED*"
	mask(of notice): (36)"asCritical"
		MASKED! ... notice-message: (12)"asNormal"
( 7)"forSound"
	mask(of log): ( 4)"asVerbose"
		OK ... log-message: (12)"asNormal", "win-console *CHANGED*"
	mask(of notice): (36)"asCritical"
		MASKED! ... notice-message: (12)"asNormal"
(10)"forMiniGame"
	mask(of log): ( 4)"asVerbose"
		OK ... log-message: (12)"asNormal", "win-console *CHANGED*"
	mask(of notice): (36)"asCritical"
		MASKED! ... notice-message: (12)"asNormal"
(20)"forTARO"
	mask(of log): ( 5)"asDetail"
		OK ... 
	mask(of notice): (12)"asNormal"
		OK ... 
(21)"forJIRO"
	mask(of log): (47)"asSilent"
		MASKED! ... notice-message: (12)"asNormal"
	mask(of notice): (48)"asSilentAbsolutely"
		MASKED! ... notice-message: (12)"asNormal"

--------------------------------------------------------------------------------
[ Enumeration of all log-level-masks : Test for output message asCritical ]

( 0)"forAny"
	mask(of log): ( 4)"asVerbose"
		OK ... 
	mask(of notice): (36)"asCritical"
		OK ... 
( 1)"forDummy"
	mask(of log): ( 4)"asVerbose"
		OK ... 
	mask(of notice): (36)"asCritical"
		OK ... 
( 2)"forNotice"
	mask(of log): ( 4)"asVerbose"
		OK ... 
	mask(of notice): (36)"asCritical"
		OK ... 
( 3)"forFileSystem"
	mask(of log): ( 4)"asVerbose"
		OK ... 
	mask(of notice): (36)"asCritical"
		OK ... 
( 4)"forResource"
	mask(of log): ( 4)"asVerbose"
		OK ... 
	mask(of notice): (36)"asCritical"
		OK ... 
( 5)"for3D"
	mask(of log): ( 4)"asVerbose"
		OK ... 
	mask(of notice): (36)"asCritical"
		OK ... 
( 6)"for2D"
	mask(of log): ( 4)"asVerbose"
		OK ... 
	mask(of notice): (36)"asCritical"
		OK ... 
( 7)"forSound"
	mask(of log): ( 4)"asVerbose"
		OK ... 
	mask(of notice): (36)"asCritical"
		OK ... 
(10)"forMiniGame"
	mask(of log): ( 4)"asVerbose"
		OK ... 
	mask(of notice): (36)"asCritical"
		OK ... 
(20)"forTARO"
	mask(of log): ( 5)"asDetail"
		OK ... 
	mask(of notice): (12)"asNormal"
		OK ... 
(21)"forJIRO"
	mask(of log): (47)"asSilent"
		MASKED! ... notice-message: (36)"asCritical"
	mask(of notice): (48)"asSilentAbsolutely"
		MASKED! ... notice-message: (36)"asCritical"

--------------------------------------------------------------------------------
[ Enumeration of all log-level-masks : Test for output message asAbsolute ]

( 0)"forAny"
	mask(of log): ( 4)"asVerbose"
		OK ... log-message: (44)"asAbsolute", "Win(stdout)"
	mask(of notice): (36)"asCritical"
		OK ... 
( 1)"forDummy"
	mask(of log): ( 4)"asVerbose"
		OK ... 
	mask(of notice): (36)"asCritical"
		OK ... 
( 2)"forNotice"
	mask(of log): ( 4)"asVerbose"
		OK ... 
	mask(of notice): (36)"asCritical"
		OK ... 
( 3)"forFileSystem"
	mask(of log): ( 4)"asVerbose"
		OK ... log-message: (44)"asAbsolute", "Win(stdout)"
	mask(of notice): (36)"asCritical"
		OK ... 
( 4)"forResource"
	mask(of log): ( 4)"asVerbose"
		OK ... log-message: (44)"asAbsolute", "Win(stdout)"
	mask(of notice): (36)"asCritical"
		OK ... 
( 5)"for3D"
	mask(of log): ( 4)"asVerbose"
		OK ... log-message: (44)"asAbsolute", "Win(stdout)"
	mask(of notice): (36)"asCritical"
		OK ... 
( 6)"for2D"
	mask(of log): ( 4)"asVerbose"
		OK ... log-message: (44)"asAbsolute", "Win(stdout)"
	mask(of notice): (36)"asCritical"
		OK ... 
( 7)"forSound"
	mask(of log): ( 4)"asVerbose"
		OK ... log-message: (44)"asAbsolute", "Win(stdout)"
	mask(of notice): (36)"asCritical"
		OK ... 
(10)"forMiniGame"
	mask(of log): ( 4)"asVerbose"
		OK ... log-message: (44)"asAbsolute", "Win(stdout)"
	mask(of notice): (36)"asCritical"
		OK ... 
(20)"forTARO"
	mask(of log): ( 5)"asDetail"
		OK ... 
	mask(of notice): (12)"asNormal"
		OK ... 
(21)"forJIRO"
	mask(of log): (47)"asSilent"
		OK ... 
	mask(of notice): (48)"asSilentAbsolutely"
		MASKED! ... notice-message: (44)"asAbsolute"
enqueu failed.
enqueu failed.
enqueu failed.
enqueu failed.
enqueu failed.
enqueu failed.
enqueu failed.
enqueu failed.
enqueu failed.
enqueu failed.
enqueu failed.
enqueu failed.
enqueu failed.
enqueu failed.
enqueu failed.
enqueu failed.
enqueu failed.
enqueu failed.
enqueu failed.
enqueu of reservation failed.
message making failed.
message making failed.
message making failed.
message making failed.
message making failed.
message making failed.
message making failed.
message making failed.
message making failed.
message making failed.
message making failed.
message making failed.
message making failed.
message making failed.
message making failed.
message making failed.
message making failed.
message making failed.
message making failed.
message making of reservation failed.

12345678901234567890
123456789012345

(size=0)

(size=0)
#
#(size=1)
1
1(size=1)
1#
1#(size=2)
12
12(size=2)
12#
12#(size=3)
123
123(size=3)
123#
123#(size=4)
1234
1234(size=4)
1234#
1234#(size=5)
12345
12345(size=5)
12345#
12345#(size=6)
123456
123456(size=6)
123456#
123456#(size=7)
1234567
1234567(size=7)
1234567#
1234567#(size=8)
12345678
12345678(size=8)
12345678#
12345678#(size=9)
123456789
123456789(size=9)
123456789#
123456789#(size=10)
1234567890
1234567890(size=10)
1234567890#
1234567890#(size=11)
12345678901
12345678901(size=11)
12345678901#
12345678901#(size=12)
123456789012
123456789012(size=12)
123456789012#
123456789012#(size=13)
1234567890123
1234567890123(size=13)
1234567890123#
1234567890123#(size=14)
12345678901234
12345678901234(size=14)
12345678901234#
12345678901234#(size=15)
123456789012345
123456789012345(size=15)
123456789012345#
123456789012345#(size=16)
1234567890123456
1234567890123456(size=16)
1234567890123456#
1234567890123456#(size=17)
12345678901234567
12345678901234567(size=17)
12345678901234567#
12345678901234567#(size=18)
123456789012345678
123456789012345678(size=18)
123456789012345678#
123456789012345678#(size=19)
1234567890123456789
1234567890123456789(size=19)
1234567890123456789#
1234567890123456789#(size=20)
12345678901234567890
12345678901234567890(size=20)
12345678901234567890#
12345678901234567890#(size=21)
123456789012345678901
123456789012345678901(size=21)
123456789012345678901#
123456789012345678901#(size=22)
1234567890123456789012
1234567890123456789012(size=22)
1234567890123456789012#
1234567890123456789012#(size=23)
12345678901234567890123
12345678901234567890123(size=23)
12345678901234567890123#
12345678901234567890123#(size=24)
123456789012345678901234
123456789012345678901234(size=24)
123456789012345678901234#
123456789012345678901234#(size=25)
1234567890123456789012345
1234567890123456789012345(size=25)
1234567890123456789012345#
1234567890123456789012345#(size=26)
12345678901234567890123456
12345678901234567890123456(size=26)
12345678901234567890123456#
12345678901234567890123456#(size=27)
123456789012345678901234567
123456789012345678901234567(size=27)
123456789012345678901234567#
123456789012345678901234567#(size=28)
1234567890123456789012345678
1234567890123456789012345678(size=28)
1234567890123456789012345678#
1234567890123456789012345678#(size=29)
12345678901234567890123456789
12345678901234567890123456789(size=29)
12345678901234567890123456789#
12345678901234567890123456789#(size=30)
123456789012345678901234567890
123456789012345678901234567890(size=30)
123456789012345678901234567890#
123456789012345678901234567890#(size=31)
1234567890123456789012345678901
1234567890123456789012345678901(size=31)
1234567890123456789012345678901#
1234567890123456789012345678901#(size=32)
12345678901234567890123456789012
12345678901234567890123456789012(size=32)
12345678901234567890123456789012#
12345678901234567890123456789012(size=32)
(null)1234567890ABCDEFGHIJKLMNOPQRSTUVWXYZabcdefghijklmnopqrstuvwxyz
(null)1234567890ABCDEFGHIJKLMNOPQRSTUVWXYZabcdefghijklmnopqrstuvwxyz(size=68)
7890ABCDEFGHIJKLMNOPQRSTUVWXYZabcdefghijklmnopqrstuvwxyz(null)1234567890ABCDEFGHIJKLMNOPQRSTUVWXYZabcdefghijklmnopqrstuvwxyz
7890ABCDEFGHIJKLMNOPQRSTUVWXYZabcdefghijklmnopqrstuvwxyz(null)1234567890ABCDEFGHIJKLMNOPQRSTUVWXYZabcdefghijklmnopqrstuvwxyz(size=124)
7890ABCDEFGHIJKLMNOPQRSTUVWXYZabcdefghijklmnopqrstuvwxyz(null)1234567890ABCDEFGHIJKLMNOPQRSTUVWXYZabcdefghijklmnopqrstuvwxyz
7890ABCDEFGHIJKLMNOPQRSTUVWXYZabcdefghijklmnopqrstuvwxyz(null)1234567890ABCDEFGHIJKLMNOPQRSTUVWXYZabcdefghijklmnopqrstuvwxyz(size=124)
7890ABCDEFGHIJKLMNOPQRSTUVWXYZabcdefghijklmnopqrstuvwxyz(null)1234567890ABCDEFGHIJKLMNOPQRSTUVWXYZabcdefghijklmnopqrstuvwxyz
7890ABCDEFGHIJKLMNOPQRSTUVWXYZabcdefghijklmnopqrstuvwxyz(null)1234567890ABCDEFGHIJKLMNOPQRSTUVWXYZabcdefghijklmnopqrstuvwxyz(size=124)
7890ABCDEFGHIJKLMNOPQRSTUVWXYZabcdefghijklmnopqrstuvwxyz(null)1234567890ABCDEFGHIJKLMNOPQRSTUVWXYZabcdefghijklmnopqrstuvwxyz
7890ABCDEFGHIJKLMNOPQRSTUVWXYZabcdefghijklmnopqrstuvwxyz(null)1234567890ABCDEFGHIJKLMNOPQRSTUVWXYZabcdefghijklmnopqrstuvwxyz(size=124)
7890ABCDEFGHIJKLMNOPQRSTUVWXYZabcdefghijklmnopqrstuvwxyz(null)1234567890ABCDEFGHIJKLMNOPQRSTUVWXYZabcdefghijklmnopqrstuvwxyz
7890ABCDEFGHIJKLMNOPQRSTUVWXYZabcdefghijklmnopqrstuvwxyz(null)1234567890ABCDEFGHIJKLMNOPQRSTUVWXYZabcdefghijklmnopqrstuvwxyz(size=124)
7890ABCDEFGHIJKLMNOPQRSTUVWXYZabcdefghijklmnopqrstuvwxyz(null)1234567890ABCDEFGHIJKLMNOPQRSTUVWXYZabcdefghijklmnopqrstuvwxyz
7890ABCDEFGHIJKLMNOPQRSTUVWXYZabcdefghijklmnopqrstuvwxyz(null)1234567890ABCDEFGHIJKLMNOPQRSTUVWXYZabcdefghijklmnopqrstuvwxyz(size=124)
7890ABCDEFGHIJKLMNOPQRSTUVWXYZabcdefghijklmnopqrstuvwxyz(null)1234567890ABCDEFGHIJKLMNOPQRSTUVWXYZabcdefghijklmnopqrstuvwxyz
7890ABCDEFGHIJKLMNOPQRSTUVWXYZabcdefghijklmnopqrstuvwxyz(null)1234567890ABCDEFGHIJKLMNOPQRSTUVWXYZabcdefghijklmnopqrstuvwxyz(size=124)
7890ABCDEFGHIJKLMNOPQRSTUVWXYZabcdefghijklmnopqrstuvwxyz(null)1234567890ABCDEFGHIJKLMNOPQRSTUVWXYZabcdefghijklmnopqrstuvwxyz
7890ABCDEFGHIJKLMNOPQRSTUVWXYZabcdefghijklmnopqrstuvwxyz(null)1234567890ABCDEFGHIJKLMNOPQRSTUVWXYZabcdefghijklmnopqrstuvwxyz(size=124)
7890ABCDEFGHIJKLMNOPQRSTUVWXYZabcdefghijklmnopqrstuvwxyz(null)1234567890ABCDEFGHIJKLMNOPQRSTUVWXYZabcdefghijklmnopqrstuvwxyz
7890ABCDEFGHIJKLMNOPQRSTUVWXYZabcdefghijklmnopqrstuvwxyz(null)1234567890ABCDEFGHIJKLMNOPQRSTUVWXYZabcdefghijklmnopqrstuvwxyz(size=124)
