----- Test for singleton -----
[ Create Singleton Instance : common_data1_t ]
[ Create Singleton Instance : common_data2_t ]
[ Access Singleton : common_data1_t(1) ]
common_data1: val1=1, val2=2
[ Access Singleton : common_data2_t(1) ]
common_data2: val1=3, val2=4
[ Destroy Singleton Instance : common_data1_t ]
[ Destroy Singleton Instance : common_data2_t ]
[ Access Singleton : common_data1_t(2) ]
common_data1_t is not created.
[ Access Singleton : common_data2_t(2) ]
common_data2: val1=0, val2=0
[ Create Singleton Instance(2) : common_data1_t ]
----- Debug-info for singletonDebug -----
Accessing Count: 3
Created:         0.000000000 sec, "test1:create(2)"
Destroyed:       0.000000000 sec, "(null)"
Access Info: (Count=6)
  - [2] 0.012029300 sec, "Proc": thread="Thread1B(1)"(0xb26f3d15)
  - [3] 0.012029300 sec, "Proc": thread="Thread1B(4)"(0xd8345f40)
  - [4] 0.013031300 sec, "Proc": thread="Thread1B(7)"(0xbbcb8faa)
  - [5] 0.013070500 sec, "Proc": thread="Thread1B(10)"(0x8157f09b)
  - [6] 0.013070500 sec, "Proc": thread="Thread1B(13)"(0xbdb2dc15)
  - [7] 0.023209500 sec, "test1-E": thread="MainThread"(0x7c3010b2)
-----------------------------------------
[ Access Singleton : common_data1_t(3) ]
common_data1: val1=5000, val2=-5000
[ Access Singleton : common_data2_t(3) ]
common_data2: val1=4651, val2=-4646
- end -
