--- Make table ---
1000000 registered.
*elapsed_time=0.822092402 sec
--- Show tree (count=1000000) ---
depth_max=29 (limit for showing=4)
*elapsed_time=0.165907976 sec
--- Show nodes count (count=1000000) ---
depth_max=29, width_max=536870912
*elapsed_time=0.125909687 sec
--- Show nodes ascending (count=1000000) ---
*elapsed_time=0.174129147 sec
--- Show nodes descending (count=1000000) ---
*elapsed_time=0.150325017 sec
--- Search each key nodes ---
*elapsed_time=0.195988210 sec
--- Search each nearest key nodes for smaller ---
*elapsed_time=0.001434832 sec
--- Search each nearest key nodes for larger ---
*elapsed_time=0.000569600 sec
--- Remove nodes ---
250000 removed.
*elapsed_time=0.249197137 sec
--- Show tree (count=750000) ---
depth_max=24 (limit for showing=4)
*elapsed_time=0.119655249 sec
--- Show nodes count (count=750000) ---
depth_max=24, width_max=16777216
*elapsed_time=0.111038674 sec
--- Show nodes ascending (count=750000) ---
*elapsed_time=0.120429593 sec
--- Remove each key nodes ---
1000 removed.
*elapsed_time=0.001595486 sec
--- Show tree (count=749000) ---
depth_max=24 (limit for showing=4)
*elapsed_time=0.089046581 sec
--- Show nodes count (count=749000) ---
depth_max=24, width_max=16777216
*elapsed_time=0.084685427 sec
--- Show nodes ascending (count=749000) ---
*elapsed_time=0.115568064 sec
--- Remove all nodes ---
749000 removed.
*elapsed_time=0.305924083 sec
--- Show tree (count=0) ---
depth_max=-1 (limit for showing=4)
*elapsed_time=0.000008342 sec
--- Show nodes count (count=0) ---
depth_max=-1, width_max=0
*elapsed_time=0.000002166 sec
--- Show nodes ascending (count=0) ---
(nothing)
*elapsed_time=0.000002059 sec
--- end ---
*elapsed_time=2.833510707 sec

--- example_simple_linked_list ---
data = {0x07b1eeba,11} {0xc02b79a5,15} {0xe68a9e4d,13}
.findValue("KEY5"): ite={0xc02b79a5, 15}
data = {0x07b1eeba,{1,2}} {0xc02b79a5,{5,6}} {0xe68a9e4d,{3,4}}
.findValue("KEY5"): ite={0xc02b79a5,{5:6}}
