--------------------------------------------------------------------------------
[Test for priority_queue::containerAdapter(Priority Queue)]

--- Enqueue ---
*elapsed_time=0.347132744 sec

--- Dequeue ---
*elapsed_time=0.000017441 sec

--- Change Priority ---
[5:15(seq=15)] -> [5:15(seq=5000000)]
*elapsed_time=0.000004334 sec

--- Change Priority ---
[5:17(seq=17)] -> [2:17(seq=5000001)]
*elapsed_time=0.000003466 sec

--- Change Priority ---
[5:22(seq=22)] -> [4:22(seq=5000002)]
*elapsed_time=0.000002708 sec

--- Dequeue ---
*elapsed_time=0.777258041 sec

--- Dequeue ---
*elapsed_time=1.100170450 sec

--------------------------------------------------------------------------------
[Test for priority_queue::containerAdapter(Priority Queue)] *Clear

--- Enqueue ---
*elapsed_time=0.352969895 sec

--- Clear ---
OK
*elapsed_time=0.016685652 sec

--------------------------------------------------------------------------------
[Test for priority_queue::containerAdapter(Priority Queue)] *Pointer


--------------------------------------------------------------------------------
[Test for priority_queue::containerAdapter(Priority Queue)] *Second time

--- Enqueue ---
*elapsed_time=0.309383280 sec

--- Dequeue ---
*elapsed_time=0.859252550 sec

--- Dequeue ---
*elapsed_time=1.042717801 sec

--- end ---
*elapsed_time=4.853777522 sec

--------------------------------------------------------------------------------
[Test for binary_heap::container(Binary Heap)]

--- Push nodes(Binary Heap) ---
*elapsed_time=0.367924648 sec

--- Pop nodes(Binary Heap) ---
*elapsed_time=0.422835223 sec

--- Pop nodes(Binary Heap) ---
*elapsed_time=0.427585931 sec

--------------------------------------------------------------------------------
[Test for std::priority_queue(STL)]

--- Push nodes(STL) ---
*elapsed_time=0.434448102 sec

--- Pop nodes(STL) ---
*elapsed_time=0.458388078 sec

--- Pop nodes(STL) ---
*elapsed_time=0.376171059 sec

--- end ---
*elapsed_time=2.538573895 sec

--- example_simple_priority_queue ---
data = 0 0 0
data = {5, {0,0}} {3, {0,0}} {1, {0,2}}

--- example_simple_binary_heap ---
data = 5 3 1
data = {5,6} {3,4} {1,2}
