
================================================================================

--------------------------------------------------------------------------------
[ Basic test for debug-log ]
--------------------------------------------------------------------------------
ã€æ¨™æº–ã€‘ãƒ¡ãƒƒã‚»ãƒ¼ã‚¸â‘ 
ã€æ¨™æº–ã€‘ãƒ¡ãƒƒã‚»ãƒ¼ã‚¸â‘¡
START: logQueueMonitor thread
[90;49mã€è©³ç´°ã€‘ãƒ¡ãƒƒã‚»ãƒ¼ã‚¸â‘¡[0m
[0|00:00:00.000386|asNormal|forAny]ã€æ¨™æº–ã€‘ãƒ¡ãƒƒã‚»ãƒ¼ã‚¸â‘¢
[90;49m[0|00:00:00.000418|asDetail|forAny]ã€è©³ç´°ã€‘ãƒ¡ãƒƒã‚»ãƒ¼ã‚¸â‘¢[0m
[0|00:00:00.000426|asNormal|forMiniGame]ã€é€šå¸¸ã€‘ã€ãƒŸãƒ‹ã‚²ãƒ¼ãƒ ç”¨ã€‘ãƒ¡ãƒƒã‚»ãƒ¼ã‚¸â‘£
[0|00:00:00.000431|asNormal|forTARO]ã€é€šå¸¸ã€‘ã€é–‹ç™ºè€…å€‹äººï¼ˆå¤ªéƒŽï¼‰ç”¨ã€‘ãƒ¡ãƒƒã‚»ãƒ¼ã‚¸â‘£
[0|00:00:00.000436|asNormal|forJIRO]ã€é€šå¸¸ã€‘ã€é–‹ç™ºè€…å€‹äººï¼ˆæ¬¡éƒŽï¼‰ç”¨ã€‘ãƒ¡ãƒƒã‚»ãƒ¼ã‚¸â‘£
[90;49m[0|00:00:00.000442|asDetail|forTARO]ã€è©³ç´°ã€‘ã€é–‹ç™ºè€…å€‹äººï¼ˆå¤ªéƒŽï¼‰ç”¨ã€‘ãƒ¡ãƒƒã‚»ãƒ¼ã‚¸â‘¤[0m
[90;49m[0|00:00:00.000447|asDetail|forJIRO]ã€è©³ç´°ã€‘ã€é–‹ç™ºè€…å€‹äººï¼ˆæ¬¡éƒŽï¼‰ç”¨ã€‘ãƒ¡ãƒƒã‚»ãƒ¼ã‚¸â‘¤[0m
[91;49m[0|00:00:00.000663|asCritical|forTARO]ã€é‡å¤§ã€‘ã€é–‹ç™ºè€…å€‹äººï¼ˆå¤ªéƒŽï¼‰ç”¨ã€‘ãƒ¡ãƒƒã‚»ãƒ¼ã‚¸â‘¥[0m
[91;49m[0|00:00:00.000869|asCritical|forJIRO]ã€é‡å¤§ã€‘ã€é–‹ç™ºè€…å€‹äººï¼ˆæ¬¡éƒŽï¼‰ç”¨ã€‘ãƒ¡ãƒƒã‚»ãƒ¼ã‚¸â‘¥[0m
ã€é€šå¸¸ã€‘ã€ãƒŸãƒ‹ã‚²ãƒ¼ãƒ ç”¨ã€‘ã€ãƒ­ãƒ¼ã‚«ãƒ«å‡¦ç†ãƒ–ãƒ­ãƒƒã‚¯å‰ã€‘ãƒ¡ãƒƒã‚»ãƒ¼ã‚¸
[00:00:00.001066|asNormal|forMiniGame]ã€é€šå¸¸ã€‘ã€ãƒŸãƒ‹ã‚²ãƒ¼ãƒ ç”¨ã€‘ã€ãƒ­ãƒ¼ã‚«ãƒ«å‡¦ç†ãƒ–ãƒ­ãƒƒã‚¯ä¸­â‘ ã€‘ãƒ¡ãƒƒã‚»ãƒ¼ã‚¸
ã€é€šå¸¸ã€‘ã€ãƒŸãƒ‹ã‚²ãƒ¼ãƒ ç”¨ã€‘ã€ãƒ­ãƒ¼ã‚«ãƒ«å‡¦ç†ãƒ–ãƒ­ãƒƒã‚¯å¾Œã€‘ãƒ¡ãƒƒã‚»ãƒ¼ã‚¸
[asNormal|forMiniGame]ã€é€šå¸¸ã€‘ã€ã‚³ãƒ¼ãƒ«ãƒã‚¤ãƒ³ãƒˆç”¨ã€‘ãƒ¡ãƒƒã‚»ãƒ¼ã‚¸
[asNormal|forMiniGame]ã€é€šå¸¸ã€‘ã€ã‚¯ãƒªãƒ†ã‚£ã‚«ãƒ«ã‚³ãƒ¼ãƒ«ãƒã‚¤ãƒ³ãƒˆç”¨ã€‘ãƒ¡ãƒƒã‚»ãƒ¼ã‚¸
[asNormal|forFileSystem]ã€é€šå¸¸ã€‘ã€ã‚³ãƒ¼ãƒ«ãƒã‚¤ãƒ³ãƒˆç”¨ã€‘ãƒ¡ãƒƒã‚»ãƒ¼ã‚¸
[asNormal|forMiniGame]ã€é€šå¸¸ã€‘ã€ã‚¯ãƒªãƒ†ã‚£ã‚«ãƒ«ã‚³ãƒ¼ãƒ«ãƒã‚¤ãƒ³ãƒˆç”¨ã€‘ãƒ¡ãƒƒã‚»ãƒ¼ã‚¸
ãƒ¡ãƒƒã‚»ãƒ¼ã‚¸å¤‰æ›æ©Ÿèƒ½ä»˜ãå‡ºåŠ›ï¼ˆæŒ‡å®šãªã—ï¼‰ï¼šAlphabet Message
ãƒ¡ãƒƒã‚»ãƒ¼ã‚¸å¤‰æ›æ©Ÿèƒ½ä»˜ãå‡ºåŠ›ï¼ˆå¤§æ–‡å­—åŒ–ï¼‰ï¼šALPHABET MESSAGE
ãƒ¡ãƒƒã‚»ãƒ¼ã‚¸å¤‰æ›æ©Ÿèƒ½ä»˜ãå‡ºåŠ›ï¼ˆå°æ–‡å­—åŒ–ï¼‰ï¼šalphabet message
----------------------------------------

thread: "MainThread"

  profile: "CP level2(with perform)", max=0.000057, min=0.000057, avg=0.000057

[1]ã€é€šå¸¸ã€‘ã€ãƒŸãƒ‹ã‚²ãƒ¼ãƒ ç”¨ã€‘äºˆç´„ãƒ¡ãƒƒã‚»ãƒ¼ã‚¸â‘ 
[2]ã€é€šå¸¸ã€‘ã€ãƒŸãƒ‹ã‚²ãƒ¼ãƒ ç”¨ã€‘äºˆç´„ãƒ¡ãƒƒã‚»ãƒ¼ã‚¸â‘¡
END: logQueueMonitor thread

================================================================================

================================================================================

--------------------------------------------------------------------------------
[ Feature test for debug-log ]
--------------------------------------------------------------------------------
[93;41;4mmessage for Standard[0m
[93;41;4mmessage for TTY (stdout)[0m
message for Mono-TTY (stdout)
[93;41;4mmessage for Win (stdout)[0m
message for Mono-Win (stdout)
[93;41;4mmessage for VS[0m

--------------------------------------------------------------------------------
[ Enumeration of all log-levels ]

[37;100m[ 0]( 0)"asMoreDetail"[0m
[37;100m	console: "TTY(stdout)"(WHITE+iBLACK)[0m
	notice: "vs-console *CUSTOM*"(STANDARD+STANDARD)
[90;49m	next: [ 1]( 4)"asVerbose[0m
[90;49m[ 1]( 4)"asVerbose"[0m
[90;49m	console: "TTY(stdout)"(iBLACK+STANDARD)[0m
[90;107m	notice: "vs-console *CHANGED*"(iBLACK+iWHITE)[0m
[37;100m	prev: [ 0]( 0)"asMoreDetail"[0m
	next: [ 3](12)"asNormal
[90;49m[ 1]( 5)"asDetail"[0m
[90;49m	console: "TTY(stdout)"(iBLACK+STANDARD)[0m
[90;107m	notice: "vs-console *CHANGED*"(iBLACK+iWHITE)[0m
[37;100m	prev: [ 0]( 0)"asMoreDetail"[0m
	next: [ 3](12)"asNormal
[ 3](12)"asNormal"
	console: "win-console *CHANGED*"(STANDARD+STANDARD)
[30;107m	notice: "vs-console *CHANGED*"(BLACK+iWHITE)[0m
[90;49m	prev: [ 1]( 5)"asDetail"[0m
[36;49m	next: [ 4](17)"asAboveNormal[0m
[36;49m[ 4](17)"asAboveNormal"[0m
[36;49m	console: "TTY(stdout)"(CYAN+STANDARD)[0m
	prev: [ 3](12)"asNormal"
[94;40m	next: [ 5](20)"asImportant[0m
[94;40m[ 5](20)"asImportant"[0m
[94;40m	console: "TTY(stdout)"(iBLUE+BLACK)[0m
[94;107m	notice: "vs-console *CHANGED*"(iBLUE+iWHITE)[0m
	prev: [ 3](12)"asNormal"
[95;49m	next: [ 7](28)"asWarning[0m
[30;105m	notice: "vs-console *CHANGED*"(BLACK+iMAGENTA)[0m
[93;101m	notice: "vs-console *CHANGED*"(iYELLOW+iRED)[0m
[11](44)"asAbsolute"
	console: "TTY(stdout)"(STANDARD+STANDARD)
	notice: "vs-console *CHANGED*"(STANDARD+STANDARD)
[91;49m	prev: [ 9](36)"asCritical"[0m
[11](SP47)"asSilent"
[12](SP48)"asSilentAbsolutely"

--------------------------------------------------------------------------------
[ Enumeration of all log-categories ]

( 0)"forAny"
( 3)"forFileSystem"
( 4)"forResource"
( 5)"for3D"
( 6)"for2D"
( 7)"forSound"
(10)"forMiniGame"
(20)"forTARO"
	console: "vs-console *custom*"
(21)"forJIRO"
	console: "vs-console *custom*"
(SP64)"forEvery"
(SP65)"forCallPoint"
(SP66)"forCriticalCallPoint"

--------------------------------------------------------------------------------
[ Test for change log-level-mask & log-attribute ]

1:mask: refType=0, level=12
1:attr: refType=0, attr=0x00000000
2:mask: refType=2, level=12
2:attr: refType=2, attr=0x00000000
2a:mask: refType=0, level=12
2a:attr: refType=0, attr=0x00000000
2b:mask: refType=0, level=12
2b:attr: refType=0, attr=0x00000000
2c:mask: refType=2, level=12
2c:attr: refType=2, attr=0x00000000
3:mask: refType=2, level=12
3:attr: refType=2, attr=0x00801000
4:mask: refType=1, level=12
4:attr: refType=1, attr=0x00801000
5:mask: refType=1, level=12
5:attr: refType=1, attr=0x00801000
6:mask: refType=2, level=12
6:attr: refType=2, attr=0x00801000
7:mask: refType=2, level=5
7:attr: refType=2, attr=0x01000800
7a:mask: refType=2, level=12
7a:attr: refType=2, attr=0x00801000
7b:mask: refType=0, level=12
7b:attr: refType=0, attr=0x00000000
7bx:mask: refType=1, level=12
7bx:attr: refType=1, attr=0x00000000
7bx2:mask: refType=2, level=12
7bx2:attr: refType=2, attr=0x00000000
7bx3:mask: refType=2, level=48
7bx3:attr: refType=2, attr=0x00001800
7bx4:mask: refType=0, level=12
7bx4:attr: refType=0, attr=0x00000000
7bx4:mask2: refType=2, level=48
7bx4:attr2: refType=2, attr=0x00001800
7bx5:mask: refType=0, level=12
7bx5:attr: refType=0, attr=0x00000000
7bx5:mask2: refType=0, level=12
7bx5:attr2: refType=0, attr=0x00000000
7bx5:mask3: refType=2, level=48
7bx5:attr3: refType=2, attr=0x00001800
7bxx:mask: refType=1, level=48
7bxx:attr: refType=1, attr=0x00001800
7c:mask: refType=2, level=12
7c:attr: refType=2, attr=0x00801000
7d:mask: refType=1, level=12
7d:attr: refType=1, attr=0x00801000
7e:mask: refType=0, level=12
7e:attr: refType=0, attr=0x00000000
7f:mask: refType=2, level=12
7f:attr: refType=2, attr=0x00801000
7g:mask: refType=0, level=12
7g:attr: refType=0, attr=0x00000000
8:mask: refType=1, level=12
8:attr: refType=1, attr=0x00801000
9:mask: refType=2, level=12
9:attr: refType=2, attr=0x00801000
9a:mask: refType=2, level=48
9a:attr: refType=2, attr=0x00001800
10:mask: refType=0, level=12
10:attr: refType=0, attr=0x00000000

--------------------------------------------------------------------------------
[ Enumeration of all log-level-masks : Test for put message asDetail ]

( 0)"forAny"
	mask(of log): (12)"asNormal"
		OK ... [90;49mlog-message: ( 5)"asDetail", "TTY(stdout)"[0m
[93;101m	mask(of notice): (36)"asCritical"[0m
[93;101m		OK ... [90;107mnotice-message: ( 5)"asDetail", "vs-console *CHANGED*"[0m
( 1)"forDummy"[0m
	mask(of log): (12)"asNormal"
		OK ... [90;49mlog-message: ( 5)"asDetail", "Dummy"[0m
[93;101m	mask(of notice): (36)"asCritical"[0m
[93;101m		OK ... [90;107mnotice-message: ( 5)"asDetail", "Dummy"[0m
( 2)"forNotice"[0m
	mask(of log): (12)"asNormal"
		OK ... [90;49mlog-message: ( 5)"asDetail", "Dummy"[0m
[93;101m	mask(of notice): (36)"asCritical"[0m
[93;101m		OK ... [90;107mnotice-message: ( 5)"asDetail", "TTY(stderr)"[0m
( 3)"forFileSystem"[0m
	mask(of log): (12)"asNormal"
		OK ... [90;49mlog-message: ( 5)"asDetail", "TTY(stdout)"[0m
[93;101m	mask(of notice): (36)"asCritical"[0m
[93;101m		OK ... [90;107mnotice-message: ( 5)"asDetail", "vs-console *CHANGED*"[0m
( 4)"forResource"[0m
	mask(of log): (12)"asNormal"
		OK ... [90;49mlog-message: ( 5)"asDetail", "TTY(stdout)"[0m
[93;101m	mask(of notice): (36)"asCritical"[0m
[93;101m		OK ... [90;107mnotice-message: ( 5)"asDetail", "vs-console *CHANGED*"[0m
( 5)"for3D"[0m
	mask(of log): (12)"asNormal"
		OK ... [90;49mlog-message: ( 5)"asDetail", "TTY(stdout)"[0m
[93;101m	mask(of notice): (36)"asCritical"[0m
[93;101m		OK ... [90;107mnotice-message: ( 5)"asDetail", "vs-console *CHANGED*"[0m
( 6)"for2D"[0m
	mask(of log): (12)"asNormal"
		OK ... [90;49mlog-message: ( 5)"asDetail", "TTY(stdout)"[0m
[93;101m	mask(of notice): (36)"asCritical"[0m
[93;101m		OK ... [90;107mnotice-message: ( 5)"asDetail", "vs-console *CHANGED*"[0m
( 7)"forSound"[0m
	mask(of log): (12)"asNormal"
		OK ... [90;49mlog-message: ( 5)"asDetail", "TTY(stdout)"[0m
[93;101m	mask(of notice): (36)"asCritical"[0m
[93;101m		OK ... [90;107mnotice-message: ( 5)"asDetail", "vs-console *CHANGED*"[0m
(10)"forMiniGame"[0m
	mask(of log): (12)"asNormal"
		OK ... [90;49mlog-message: ( 5)"asDetail", "TTY(stdout)"[0m
[93;101m	mask(of notice): (36)"asCritical"[0m
[93;101m		OK ... [90;107mnotice-message: ( 5)"asDetail", "vs-console *CHANGED*"[0m
(20)"forTARO"[0m
[90;49m	mask(of log): ( 5)"asDetail"[0m
[90;49m		OK ... log-message: ( 5)"asDetail", "vs-console *custom*"[0m
[30;107m	mask(of notice): (12)"asNormal"[0m
[30;107m		OK ... [90;107mnotice-message: ( 5)"asDetail", "vs-console *CHANGED*"[0m
(21)"forJIRO"[0m
	mask(of log): (47)"asSilent"
		OK ... [90;49mlog-message: ( 5)"asDetail", "vs-console *custom*"[0m
	mask(of notice): (48)"asSilentAbsolutely"
		OK ... [90;107mnotice-message: ( 5)"asDetail", "vs-console *CHANGED*"[0m

--------------------------------------------------------------------------------
[ Enumeration of all log-level-masks : Test for put message asNormal ]

( 0)"forAny"
	mask(of log): (12)"asNormal"
		OK ... log-message: (12)"asNormal", "win-console *CHANGED*"
[93;101m	mask(of notice): (36)"asCritical"[0m
[93;101m		OK ... [30;107mnotice-message: (12)"asNormal", "vs-console *CHANGED*"[0m
( 1)"forDummy"[0m
	mask(of log): (12)"asNormal"
		OK ... log-message: (12)"asNormal", "Dummy"
[93;101m	mask(of notice): (36)"asCritical"[0m
[93;101m		OK ... [30;107mnotice-message: (12)"asNormal", "Dummy"[0m
( 2)"forNotice"[0m
	mask(of log): (12)"asNormal"
		OK ... log-message: (12)"asNormal", "Dummy"
[93;101m	mask(of notice): (36)"asCritical"[0m
[93;101m		OK ... [30;107mnotice-message: (12)"asNormal", "TTY(stderr)"[0m
( 3)"forFileSystem"[0m
	mask(of log): (12)"asNormal"
		OK ... log-message: (12)"asNormal", "win-console *CHANGED*"
[93;101m	mask(of notice): (36)"asCritical"[0m
[93;101m		OK ... [30;107mnotice-message: (12)"asNormal", "vs-console *CHANGED*"[0m
( 4)"forResource"[0m
	mask(of log): (12)"asNormal"
		OK ... log-message: (12)"asNormal", "win-console *CHANGED*"
[93;101m	mask(of notice): (36)"asCritical"[0m
[93;101m		OK ... [30;107mnotice-message: (12)"asNormal", "vs-console *CHANGED*"[0m
( 5)"for3D"[0m
	mask(of log): (12)"asNormal"
		OK ... log-message: (12)"asNormal", "win-console *CHANGED*"
[93;101m	mask(of notice): (36)"asCritical"[0m
[93;101m		OK ... [30;107mnotice-message: (12)"asNormal", "vs-console *CHANGED*"[0m
( 6)"for2D"[0m
	mask(of log): (12)"asNormal"
		OK ... log-message: (12)"asNormal", "win-console *CHANGED*"
[93;101m	mask(of notice): (36)"asCritical"[0m
[93;101m		OK ... [30;107mnotice-message: (12)"asNormal", "vs-console *CHANGED*"[0m
( 7)"forSound"[0m
	mask(of log): (12)"asNormal"
		OK ... log-message: (12)"asNormal", "win-console *CHANGED*"
[93;101m	mask(of notice): (36)"asCritical"[0m
[93;101m		OK ... [30;107mnotice-message: (12)"asNormal", "vs-console *CHANGED*"[0m
(10)"forMiniGame"[0m
	mask(of log): (12)"asNormal"
		OK ... log-message: (12)"asNormal", "win-console *CHANGED*"
[93;101m	mask(of notice): (36)"asCritical"[0m
[93;101m		OK ... [30;107mnotice-message: (12)"asNormal", "vs-console *CHANGED*"[0m
(20)"forTARO"[0m
[90;49m	mask(of log): ( 5)"asDetail"[0m
[90;49m		OK ... log-message: (12)"asNormal", "vs-console *custom*"
[30;107m	mask(of notice): (12)"asNormal"[0m
[30;107m		OK ... [30;107mnotice-message: (12)"asNormal", "vs-console *CHANGED*"[0m
(21)"forJIRO"[0m
	mask(of log): (47)"asSilent"
		OK ... log-message: (12)"asNormal", "vs-console *custom*"
	mask(of notice): (48)"asSilentAbsolutely"
		OK ... [30;107mnotice-message: (12)"asNormal", "vs-console *CHANGED*"[0m

--------------------------------------------------------------------------------
[ Enumeration of all log-level-masks : Test for put message asCritical ]

[93;101mnotice-message: (36)"asCritical", "vs-console *CHANGED*"[0m
[93;101mnotice-message: (36)"asCritical", "Dummy"[0m
[93;101mnotice-message: (36)"asCritical", "TTY(stderr)"[0m
[93;101mnotice-message: (36)"asCritical", "vs-console *CHANGED*"[0m
[93;101mnotice-message: (36)"asCritical", "vs-console *CHANGED*"[0m
[93;101mnotice-message: (36)"asCritical", "vs-console *CHANGED*"[0m
[93;101mnotice-message: (36)"asCritical", "vs-console *CHANGED*"[0m
[93;101mnotice-message: (36)"asCritical", "vs-console *CHANGED*"[0m
[93;101mnotice-message: (36)"asCritical", "vs-console *CHANGED*"[0m
[93;101mnotice-message: (36)"asCritical", "vs-console *CHANGED*"[0m
[93;101mnotice-message: (36)"asCritical", "vs-console *CHANGED*"[0m

--------------------------------------------------------------------------------
[ Enumeration of all log-level-masks : Test for put message asAbsolute ]

( 0)"forAny"
	mask(of log): (12)"asNormal"
		OK ... log-message: (44)"asAbsolute", "TTY(stdout)"
[93;101m	mask(of notice): (36)"asCritical"[0m
[93;101m		OK ... notice-message: (44)"asAbsolute", "vs-console *CHANGED*"
( 1)"forDummy"[0m
	mask(of log): (12)"asNormal"
		OK ... log-message: (44)"asAbsolute", "Dummy"
[93;101m	mask(of notice): (36)"asCritical"[0m
[93;101m		OK ... notice-message: (44)"asAbsolute", "Dummy"
( 2)"forNotice"[0m
	mask(of log): (12)"asNormal"
		OK ... log-message: (44)"asAbsolute", "Dummy"
[93;101m	mask(of notice): (36)"asCritical"[0m
[93;101m		OK ... notice-message: (44)"asAbsolute", "TTY(stderr)"
( 3)"forFileSystem"[0m
	mask(of log): (12)"asNormal"
		OK ... log-message: (44)"asAbsolute", "TTY(stdout)"
[93;101m	mask(of notice): (36)"asCritical"[0m
[93;101m		OK ... notice-message: (44)"asAbsolute", "vs-console *CHANGED*"
( 4)"forResource"[0m
	mask(of log): (12)"asNormal"
		OK ... log-message: (44)"asAbsolute", "TTY(stdout)"
[93;101m	mask(of notice): (36)"asCritical"[0m
[93;101m		OK ... notice-message: (44)"asAbsolute", "vs-console *CHANGED*"
( 5)"for3D"[0m
	mask(of log): (12)"asNormal"
		OK ... log-message: (44)"asAbsolute", "TTY(stdout)"
[93;101m	mask(of notice): (36)"asCritical"[0m
[93;101m		OK ... notice-message: (44)"asAbsolute", "vs-console *CHANGED*"
( 6)"for2D"[0m
	mask(of log): (12)"asNormal"
		OK ... log-message: (44)"asAbsolute", "TTY(stdout)"
[93;101m	mask(of notice): (36)"asCritical"[0m
[93;101m		OK ... notice-message: (44)"asAbsolute", "vs-console *CHANGED*"
( 7)"forSound"[0m
	mask(of log): (12)"asNormal"
		OK ... log-message: (44)"asAbsolute", "TTY(stdout)"
[93;101m	mask(of notice): (36)"asCritical"[0m
[93;101m		OK ... notice-message: (44)"asAbsolute", "vs-console *CHANGED*"
(10)"forMiniGame"[0m
	mask(of log): (12)"asNormal"
		OK ... log-message: (44)"asAbsolute", "TTY(stdout)"
[93;101m	mask(of notice): (36)"asCritical"[0m
[93;101m		OK ... notice-message: (44)"asAbsolute", "vs-console *CHANGED*"
(20)"forTARO"[0m
[90;49m	mask(of log): ( 5)"asDetail"[0m
[90;49m		OK ... log-message: (44)"asAbsolute", "vs-console *custom*"
[30;107m	mask(of notice): (12)"asNormal"[0m
[30;107m		OK ... notice-message: (44)"asAbsolute", "vs-console *CHANGED*"
(21)"forJIRO"[0m
	mask(of log): (47)"asSilent"
		OK ... log-message: (44)"asAbsolute", "vs-console *custom*"
	mask(of notice): (48)"asSilentAbsolutely"
		OK ... notice-message: (44)"asAbsolute", "vs-console *CHANGED*"

--------------------------------------------------------------------------------
[ Test for console that put other tty ]


--------------------------------------------------------------------------------
[ Enumeration of all log-levels ]

[11](SP47)"asSilent"
[12](SP48)"asSilentAbsolutely"

--------------------------------------------------------------------------------
[ Test for log-queue-monitor ]

START: logQueueMonitor thread
reserved message
message:1
message:3
message:9
message:27
message:81
message:243
message:729
message:2187
message:6561
message:19683
message:59049
message:177147
message:531441
message:1594323
message:4782969
message:14348907
message:43046721
message:129140163
message:387420489
enqueu failed.
enqueu failed.
enqueu failed.
enqueu failed.
enqueu failed.
enqueu failed.
enqueu failed.
enqueu failed.
enqueu failed.
enqueu failed.
enqueu failed.
enqueu failed.
enqueu failed.
enqueu failed.
enqueu failed.
enqueu failed.
enqueu failed.
enqueu failed.
enqueu failed.
enqueu of reservation failed.
message making failed.
message making failed.
message making failed.
message making failed.
message making failed.
message making failed.
message making failed.
message making failed.
message making failed.
message making failed.
message making failed.
message making failed.
message making failed.
message making failed.
message making failed.
message making failed.
message making failed.
message making failed.
message making failed.
message making of reservation failed.
reserved message
message:1
message:3
message:9
message:27
message:81
message:243
message:729
message:2187
message:6561
message:19683
message:59049
message:177147
message:531441
message:1594323
message:4782969
message:14348907
message:43046721
message:129140163
message:387420489
END: logQueueMonitor thread

--------------------------------------------------------------------------------
[ Test for memory console ]


12345678901234567890
123456789012345

(len=0)

(len=0)
#
#(len=1)
1
1(len=1)
1#
1#(len=2)
12
12(len=2)
12#
12#(len=3)
123
123(len=3)
123#
123#(len=4)
1234
1234(len=4)
1234#
1234#(len=5)
12345
12345(len=5)
12345#
12345#(len=6)
123456
123456(len=6)
123456#
123456#(len=7)
1234567
1234567(len=7)
1234567#
1234567#(len=8)
12345678
12345678(len=8)
12345678#
12345678#(len=9)
123456789
123456789(len=9)
123456789#
123456789#(len=10)
1234567890
1234567890(len=10)
1234567890#
1234567890#(len=11)
12345678901
12345678901(len=11)
12345678901#
12345678901#(len=12)
123456789012
123456789012(len=12)
123456789012#
123456789012#(len=13)
1234567890123
1234567890123(len=13)
1234567890123#
1234567890123#(len=14)
12345678901234
12345678901234(len=14)
12345678901234#
12345678901234#(len=15)
123456789012345
123456789012345(len=15)
123456789012345#
123456789012345#(len=16)
1234567890123456
1234567890123456(len=16)
1234567890123456#
1234567890123456#(len=17)
12345678901234567
12345678901234567(len=17)
12345678901234567#
12345678901234567#(len=18)
123456789012345678
123456789012345678(len=18)
123456789012345678#
123456789012345678#(len=19)
1234567890123456789
1234567890123456789(len=19)
1234567890123456789#
1234567890123456789#(len=20)
12345678901234567890
12345678901234567890(len=20)
12345678901234567890#
12345678901234567890#(len=21)
123456789012345678901
123456789012345678901(len=21)
123456789012345678901#
123456789012345678901#(len=22)
1234567890123456789012
1234567890123456789012(len=22)
1234567890123456789012#
1234567890123456789012#(len=23)
12345678901234567890123
12345678901234567890123(len=23)
12345678901234567890123#
12345678901234567890123#(len=24)
123456789012345678901234
123456789012345678901234(len=24)
123456789012345678901234#
123456789012345678901234#(len=25)
1234567890123456789012345
1234567890123456789012345(len=25)
1234567890123456789012345#
1234567890123456789012345#(len=26)
12345678901234567890123456
12345678901234567890123456(len=26)
12345678901234567890123456#
12345678901234567890123456#(len=27)
123456789012345678901234567
123456789012345678901234567(len=27)
123456789012345678901234567#
123456789012345678901234567#(len=28)
1234567890123456789012345678
1234567890123456789012345678(len=28)
1234567890123456789012345678#
1234567890123456789012345678#(len=29)
12345678901234567890123456789
12345678901234567890123456789(len=29)
12345678901234567890123456789#
12345678901234567890123456789#(len=30)
123456789012345678901234567890
123456789012345678901234567890(len=30)
123456789012345678901234567890#
123456789012345678901234567890#(len=31)
1234567890123456789012345678901
1234567890123456789012345678901(len=31)
1234567890123456789012345678901#
1234567890123456789012345678901#(len=32)
12345678901234567890123456789012
12345678901234567890123456789012(len=32)
12345678901234567890123456789012#
12345678901234567890123456789012(len=32)
(null)1234567890ABCDEFGHIJKLMNOPQRSTUVWXYZabcdefghijklmnopqrstuvwxyz
(null)1234567890ABCDEFGHIJKLMNOPQRSTUVWXYZabcdefghijklmnopqrstuvwxyz(len=68)
7890ABCDEFGHIJKLMNOPQRSTUVWXYZabcdefghijklmnopqrstuvwxyz(null)1234567890ABCDEFGHIJKLMNOPQRSTUVWXYZabcdefghijklmnopqrstuvwxyz
7890ABCDEFGHIJKLMNOPQRSTUVWXYZabcdefghijklmnopqrstuvwxyz(null)1234567890ABCDEFGHIJKLMNOPQRSTUVWXYZabcdefghijklmnopqrstuvwxyz(len=124)
7890ABCDEFGHIJKLMNOPQRSTUVWXYZabcdefghijklmnopqrstuvwxyz(null)1234567890ABCDEFGHIJKLMNOPQRSTUVWXYZabcdefghijklmnopqrstuvwxyz
7890ABCDEFGHIJKLMNOPQRSTUVWXYZabcdefghijklmnopqrstuvwxyz(null)1234567890ABCDEFGHIJKLMNOPQRSTUVWXYZabcdefghijklmnopqrstuvwxyz(len=124)
7890ABCDEFGHIJKLMNOPQRSTUVWXYZabcdefghijklmnopqrstuvwxyz(null)1234567890ABCDEFGHIJKLMNOPQRSTUVWXYZabcdefghijklmnopqrstuvwxyz
7890ABCDEFGHIJKLMNOPQRSTUVWXYZabcdefghijklmnopqrstuvwxyz(null)1234567890ABCDEFGHIJKLMNOPQRSTUVWXYZabcdefghijklmnopqrstuvwxyz(len=124)
7890ABCDEFGHIJKLMNOPQRSTUVWXYZabcdefghijklmnopqrstuvwxyz(null)1234567890ABCDEFGHIJKLMNOPQRSTUVWXYZabcdefghijklmnopqrstuvwxyz
7890ABCDEFGHIJKLMNOPQRSTUVWXYZabcdefghijklmnopqrstuvwxyz(null)1234567890ABCDEFGHIJKLMNOPQRSTUVWXYZabcdefghijklmnopqrstuvwxyz(len=124)
7890ABCDEFGHIJKLMNOPQRSTUVWXYZabcdefghijklmnopqrstuvwxyz(null)1234567890ABCDEFGHIJKLMNOPQRSTUVWXYZabcdefghijklmnopqrstuvwxyz
7890ABCDEFGHIJKLMNOPQRSTUVWXYZabcdefghijklmnopqrstuvwxyz(null)1234567890ABCDEFGHIJKLMNOPQRSTUVWXYZabcdefghijklmnopqrstuvwxyz(len=124)
7890ABCDEFGHIJKLMNOPQRSTUVWXYZabcdefghijklmnopqrstuvwxyz(null)1234567890ABCDEFGHIJKLMNOPQRSTUVWXYZabcdefghijklmnopqrstuvwxyz
7890ABCDEFGHIJKLMNOPQRSTUVWXYZabcdefghijklmnopqrstuvwxyz(null)1234567890ABCDEFGHIJKLMNOPQRSTUVWXYZabcdefghijklmnopqrstuvwxyz(len=124)
7890ABCDEFGHIJKLMNOPQRSTUVWXYZabcdefghijklmnopqrstuvwxyz(null)1234567890ABCDEFGHIJKLMNOPQRSTUVWXYZabcdefghijklmnopqrstuvwxyz
7890ABCDEFGHIJKLMNOPQRSTUVWXYZabcdefghijklmnopqrstuvwxyz(null)1234567890ABCDEFGHIJKLMNOPQRSTUVWXYZabcdefghijklmnopqrstuvwxyz(len=124)
7890ABCDEFGHIJKLMNOPQRSTUVWXYZabcdefghijklmnopqrstuvwxyz(null)1234567890ABCDEFGHIJKLMNOPQRSTUVWXYZabcdefghijklmnopqrstuvwxyz
7890ABCDEFGHIJKLMNOPQRSTUVWXYZabcdefghijklmnopqrstuvwxyz(null)1234567890ABCDEFGHIJKLMNOPQRSTUVWXYZabcdefghijklmnopqrstuvwxyz(len=124)
7890ABCDEFGHIJKLMNOPQRSTUVWXYZabcdefghijklmnopqrstuvwxyz(null)1234567890ABCDEFGHIJKLMNOPQRSTUVWXYZabcdefghijklmnopqrstuvwxyz
7890ABCDEFGHIJKLMNOPQRSTUVWXYZabcdefghijklmnopqrstuvwxyz(null)1234567890ABCDEFGHIJKLMNOPQRSTUVWXYZabcdefghijklmnopqrstuvwxyz(len=124)

--------------------------------------------------------------------------------
[ Test for print log ]

[94;40mSTART: logQueueMonitor thread
[0|00:00:00.013430|asImportant|forAny](01)Test Message:10[0m
[94;40m[1|00:00:00.013465](10)Test Message:10[0m
[94;40m[2|00:00:00.013468](11)Test Message[0m
[94;40m[3|00:00:00.013470](12)TEST MESSAGE[0m
[94;40m[4|00:00:00.013472](13)test message[0m
[94;40m[5|00:00:00.013475](14)Test Message[0m
[94;40m[6|00:00:00.013477](15)Test Message[0m
[94;40m[7|00:00:00.013479](16)TEST MESSAGE[0m
[94;40m[8|00:00:00.013482](17)test message[0m
[94;40m[9|00:00:00.013440](02)Test Message:10[0m
[94;40m[10|00:00:00.013448](03)Test Message:10[0m
[94;40m[11|00:00:00.013450](04)TEST MESSAGE:10[0m
[94;40m[12|00:00:00.013453](05)test message:10[0m
[94;40m[13|00:00:00.013455](06)Test Message[0m
[94;40m[14|00:00:00.013458](07)Test Message[0m
[94;40m[15|00:00:00.013460](08)TEST MESSAGE[0m
[94;40m[16|00:00:00.013463](09)test message[0m
[94;40m[00:00:00.015357][0m(18)Test Message:10
[94;40m[00:00:00.015366][0m(19)Test Message:10
[94;40m[00:00:00.015373][0m(20)Test Message:10
[94;40m[00:00:00.015382][0m(21)TEST MESSAGE:10
[94;40m[00:00:00.015388][0m(22)test message:10
[94;40m[00:00:00.015394][0m(23)Test Message:10
[94;40m[00:00:00.015400][0m(24)TEST MESSAGE:10
[94;40m[00:00:00.015406][0m(25)test message:10
[00:00:00.015411](26)Test Message
[00:00:00.015416](27)Test Message
[00:00:00.015421](28)Test Message
[00:00:00.015426](29)TEST MESSAGE
[00:00:00.015431](30)test message
[00:00:00.015435](31)Test Message
[00:00:00.015439](32)TEST MESSAGE
[00:00:00.015443](33)test message
END: logQueueMonitor thread

--------------------------------------------------------------------------------
[ Test for call-point ]

> recent critical-cp info
  - name = "test"
  - category = "forTARO"
  - type = "isNormal"
  - autoProfiling = "useAutoProfiling"
  - source file = "example_debug_log_feature_test.cpp(989)[Mon Jul 28 20:45:41 2014]"
  - function = "example_debugLog_featureTest"
  - begin time = 0.019372
> recent critical-cp info
  - name = "test3"
  - category = "forTARO"
  - type = "isNormal"
  - autoProfiling = "noProfiling"
  - source file = "example_debug_log_feature_test.cpp(997)[Mon Jul 28 20:45:41 2014]"
  - function = "example_debugLog_featureTest"
  - begin time = 0.019382
> recent critical-cp info
  - name = "test2"
  - category = "forTARO"
  - type = "isCritical"
  - autoProfiling = "useAutoProfiling"
  - source file = "example_debug_log_feature_test.cpp(995)[Mon Jul 28 20:45:41 2014]"
  - function = "example_debugLog_featureTest"
  - begin time = 0.019381
> recent critical-cp info
  - name = "test3"
  - category = "forTARO"
  - type = "isNormal"
  - autoProfiling = "noProfiling"
  - source file = "example_debug_log_feature_test.cpp(997)[Mon Jul 28 20:45:41 2014]"
  - function = "example_debugLog_featureTest"
  - begin time = 0.019382
> recent critical-cp info
  - name = "test4"
  - category = "forTARO"
  - type = "isNormal"
  - autoProfiling = "noProfiling"
  - source file = "example_debug_log_feature_test.cpp(1007)[Mon Jul 28 20:45:41 2014]"
  - function = "example_debugLog_featureTest"
  - begin time = 0.019388
> recent critical-cp info
  - name = "test4"
  - category = "forTARO"
  - type = "isNormal"
  - autoProfiling = "noProfiling"
  - source file = "example_debug_log_feature_test.cpp(1007)[Mon Jul 28 20:45:41 2014]"
  - function = "example_debugLog_featureTest"
  - begin time = 0.019388
debugInfo(len=852):
----- callPoint stack info -----
Thread: "MainThread"(ID=a638e65b)
Num of point: 4
------------------------------------
[forTARO]"test4"(addr=0x7fff073b3640)
        src: example_debug_log_feature_test.cpp(1007)[Mon Jul 28 20:45:41 2014]
        func:example_debugLog_featureTest
 [forTARO]"test3"(addr=0x7fff073b3600)
         src: example_debug_log_feature_test.cpp(997)[Mon Jul 28 20:45:41 2014]
         func:example_debugLog_featureTest
  [forTARO]"test2"(addr=0x7fff073b3700)<CRITICAL><Auto-Profiling>
          src: example_debug_log_feature_test.cpp(995)[Mon Jul 28 20:45:41 2014]
          func:example_debugLog_featureTest
   [forTARO]"test"(addr=0x7fff073b3540)<Auto-Profiling>
           src: example_debug_log_feature_test.cpp(989)[Mon Jul 28 20:45:41 2014]
           func:example_debugLog_featureTest
------------------------------------
> recent critical-cp info
  - name = "test3"
  - category = "forTARO"
  - type = "isNormal"
  - autoProfiling = "noProfiling"
  - source file = "example_debug_log_feature_test.cpp(997)[Mon Jul 28 20:45:41 2014]"
  - function = "example_debugLog_featureTest"
  - begin time = 0.019382
> recent critical-cp info
  - name = "test2"
  - category = "forTARO"
  - type = "isCritical"
  - autoProfiling = "useAutoProfiling"
  - source file = "example_debug_log_feature_test.cpp(995)[Mon Jul 28 20:45:41 2014]"
  - function = "example_debugLog_featureTest"
  - begin time = 0.019381
> recent critical-cp info
  - name = "test2"
  - category = "forTARO"
  - type = "isCritical"
  - autoProfiling = "useAutoProfiling"
  - source file = "example_debug_log_feature_test.cpp(995)[Mon Jul 28 20:45:41 2014]"
  - function = "example_debugLog_featureTest"
  - begin time = 0.019381
> recent critical-cp info
  - name = "test2"
  - category = "forTARO"
  - type = "isCritical"
  - autoProfiling = "useAutoProfiling"
  - source file = "example_debug_log_feature_test.cpp(995)[Mon Jul 28 20:45:41 2014]"
  - function = "example_debugLog_featureTest"
  - begin time = 0.019381
> recent critical-cp info
  - name = "test"
  - category = "forTARO"
  - type = "isNormal"
  - autoProfiling = "useAutoProfiling"
  - source file = "example_debug_log_feature_test.cpp(989)[Mon Jul 28 20:45:41 2014]"
  - function = "example_debugLog_featureTest"
  - begin time = 0.019372
> recent critical-cp info
  (nothing)
> recent critical-cp info
  - name = "test"
  - category = "forTARO"
  - type = "isNormal"
  - autoProfiling = "useAutoProfiling"
  - source file = "example_debug_log_feature_test.cpp(989)[Mon Jul 28 20:45:41 2014]"
  - function = "example_debugLog_featureTest"
  - begin time = 0.019372
> recent critical-cp info
  (nothing)
> recent critical-cp info
  (nothing)
> recent critical-cp info
  (nothing)
debugInfo(len=119):
----- callPoint stack info -----
Thread: "MainThread"(ID=a638e65b)
Num of point: 0
------------------------------------

--------------------------------------------------------------------------------
[ Test for assert/break-point/watch-point ]

START: logQueueMonitor thread
END: logQueueMonitor thread

--- Profile ---
----------
thread: "MainThread"
  -----  Process:"test"
    TOTAL: count=4, time=0.007082000, max=0.003002000, min=0.000071000, avg=0.001770500, sum-cnt=2, max-cnt=3, min-cnt=1, avg-cnt=2.00
    PERIOD:count=4, time=0.007082000, max=0.003002000, min=0.000071000, avg=0.001770500, sum-cnt=2, max-cnt=3, min-cnt=1, avg-cnt=2.00
  -----  Process:"test2"
    TOTAL: count=1, time=0.000023000, max=0.000023000, min=0.000000000, avg=0.000023000, sum-cnt=2, max-cnt=1, min-cnt=0, avg-cnt=0.50
    PERIOD:count=1, time=0.000023000, max=0.000023000, min=0.000000000, avg=0.000023000, sum-cnt=2, max-cnt=1, min-cnt=0, avg-cnt=0.50
  -----  Process:"CP level2(with perform)"
    TOTAL: count=1, time=0.000057000, max=0.000057000, min=0.000000000, avg=0.000057000, sum-cnt=3, max-cnt=1, min-cnt=0, avg-cnt=0.33
    PERIOD:count=0, time=0.000000000, max=0.000000000, min=0.000000000, avg=0.000000000, sum-cnt=2, max-cnt=0, min-cnt=0, avg-cnt=0.00
--------------


================================================================================

================================================================================

--------------------------------------------------------------------------------
[ Prformance test for debug-log ]
--------------------------------------------------------------------------------

--------------------------------------------------------------------------------
Many thread printing

START: logQueueMonitor thread
[94;40m[0][0mNormal-message(00) on THREAD[00]
[94;40m[0][0mNormal-message(00) on THREAD[08]
[94;40m[0][0mNormal-message(00) on THREAD[09]
[94;40m[1][0mReserved-message(00) on THREAD[00]
[94;40m[2][0mReserved-message(00) on THREAD[08]
[94;40m[3][0mReserved-message(00) on THREAD[09]
[94;40m[0][0mNormal-message(00) on THREAD[01]
[94;40m[0][0mNormal-message(00) on THREAD[06]
[94;40m[0][0mNormal-message(00) on THREAD[05]
[94;40m[0][0mNormal-message(00) on THREAD[04]
[94;40m[0][0mNormal-message(00) on THREAD[03]
[94;40m[0][0mNormal-message(00) on THREAD[02]
[94;40m[4][0mReserved-message(00) on THREAD[01]
[94;40m[5][0mReserved-message(00) on THREAD[02]
[94;40m[6][0mReserved-message(00) on THREAD[03]
[94;40m[7][0mReserved-message(00) on THREAD[04]
[94;40m[8][0mReserved-message(00) on THREAD[05]
[94;40m[9][0mReserved-message(00) on THREAD[06]
[94;40m[0][0mNormal-message(01) on THREAD[00]
[94;40m[0][0mNormal-message(01) on THREAD[08]
[94;40m[0][0mNormal-message(01) on THREAD[09]
[94;40m[10][0mReserved-message(01) on THREAD[00]
[94;40m[11][0mReserved-message(01) on THREAD[08]
[94;40m[12][0mReserved-message(01) on THREAD[09]
[94;40m[0][0mNormal-message(00) on THREAD[07]
[94;40m[0][0mNormal-message(02) on THREAD[00]
[94;40m[0][0mNormal-message(02) on THREAD[08]
[94;40m[0][0mNormal-message(02) on THREAD[09]
[94;40m[0][0mNormal-message(01) on THREAD[05]
[94;40m[0][0mNormal-message(01) on THREAD[06]
[94;40m[0][0mNormal-message(01) on THREAD[03]
[94;40m[0][0mNormal-message(01) on THREAD[02]
[94;40m[0][0mNormal-message(01) on THREAD[01]
[94;40m[0][0mNormal-message(01) on THREAD[04]
[94;40m[13][0mReserved-message(00) on THREAD[07]
[94;40m[14][0mReserved-message(02) on THREAD[00]
[94;40m[15][0mReserved-message(02) on THREAD[08]
[94;40m[16][0mReserved-message(02) on THREAD[09]
[94;40m[0][0mNormal-message(03) on THREAD[00]
[94;40m[0][0mNormal-message(03) on THREAD[08]
[94;40m[0][0mNormal-message(03) on THREAD[09]
[94;40m[17][0mReserved-message(01) on THREAD[01]
[94;40m[18][0mReserved-message(01) on THREAD[04]
[94;40m[19][0mReserved-message(01) on THREAD[06]
[94;40m[20][0mReserved-message(01) on THREAD[05]
[94;40m[21][0mReserved-message(01) on THREAD[03]
[94;40m[22][0mReserved-message(01) on THREAD[02]
[94;40m[23][0mReserved-message(03) on THREAD[00]
[94;40m[24][0mReserved-message(03) on THREAD[08]
[94;40m[25][0mReserved-message(03) on THREAD[09]
[94;40m[0][0mNormal-message(01) on THREAD[07]
[94;40m[0][0mNormal-message(04) on THREAD[00]
[94;40m[0][0mNormal-message(04) on THREAD[08]
[94;40m[0][0mNormal-message(04) on THREAD[09]
[94;40m[0][0mNormal-message(02) on THREAD[01]
[94;40m[0][0mNormal-message(02) on THREAD[06]
[94;40m[0][0mNormal-message(02) on THREAD[04]
[94;40m[0][0mNormal-message(02) on THREAD[05]
[94;40m[0][0mNormal-message(02) on THREAD[03]
[94;40m[0][0mNormal-message(02) on THREAD[02]
[94;40m[26][0mReserved-message(01) on THREAD[07]
[94;40m[27][0mReserved-message(04) on THREAD[00]
[94;40m[28][0mReserved-message(04) on THREAD[08]
[94;40m[29][0mReserved-message(04) on THREAD[09]
[94;40m[0][0mNormal-message(05) on THREAD[00]
[94;40m[0][0mNormal-message(05) on THREAD[08]
[94;40m[0][0mNormal-message(05) on THREAD[09]
[94;40m[30][0mReserved-message(02) on THREAD[02]
[94;40m[31][0mReserved-message(02) on THREAD[01]
[94;40m[32][0mReserved-message(02) on THREAD[06]
[94;40m[33][0mReserved-message(02) on THREAD[04]
[94;40m[34][0mReserved-message(02) on THREAD[03]
[94;40m[35][0mReserved-message(02) on THREAD[05]
[94;40m[36][0mReserved-message(05) on THREAD[00]
[94;40m[37][0mReserved-message(05) on THREAD[08]
[94;40m[38][0mReserved-message(05) on THREAD[09]
[94;40m[0][0mNormal-message(02) on THREAD[07]
[94;40m[0][0mNormal-message(06) on THREAD[00]
[94;40m[0][0mNormal-message(06) on THREAD[08]
[94;40m[0][0mNormal-message(06) on THREAD[09]
[94;40m[0][0mNormal-message(03) on THREAD[06]
[94;40m[0][0mNormal-message(03) on THREAD[04]
[94;40m[0][0mNormal-message(03) on THREAD[03]
[94;40m[0][0mNormal-message(03) on THREAD[01]
[94;40m[0][0mNormal-message(03) on THREAD[02]
[94;40m[0][0mNormal-message(03) on THREAD[05]
[94;40m[39][0mReserved-message(02) on THREAD[07]
[94;40m[40][0mReserved-message(06) on THREAD[00]
[94;40m[41][0mReserved-message(06) on THREAD[08]
[94;40m[42][0mReserved-message(06) on THREAD[09]
[94;40m[0][0mNormal-message(07) on THREAD[00]
[94;40m[0][0mNormal-message(07) on THREAD[08]
[94;40m[0][0mNormal-message(07) on THREAD[09]
[94;40m[43][0mReserved-message(03) on THREAD[06]
[94;40m[44][0mReserved-message(03) on THREAD[04]
[94;40m[45][0mReserved-message(03) on THREAD[03]
[94;40m[46][0mReserved-message(03) on THREAD[01]
[94;40m[47][0mReserved-message(03) on THREAD[02]
[94;40m[48][0mReserved-message(03) on THREAD[05]
[94;40m[49][0mReserved-message(07) on THREAD[00]
[94;40m[50][0mReserved-message(07) on THREAD[08]
[94;40m[51][0mReserved-message(07) on THREAD[09]
[94;40m[0][0mNormal-message(03) on THREAD[07]
[94;40m[0][0mNormal-message(08) on THREAD[00]
[94;40m[0][0mNormal-message(08) on THREAD[08]
[94;40m[0][0mNormal-message(08) on THREAD[09]
[94;40m[0][0mNormal-message(04) on THREAD[04]
[94;40m[0][0mNormal-message(04) on THREAD[03]
[94;40m[0][0mNormal-message(04) on THREAD[02]
[94;40m[0][0mNormal-message(04) on THREAD[01]
[94;40m[0][0mNormal-message(04) on THREAD[05]
[94;40m[0][0mNormal-message(04) on THREAD[06]
[94;40m[52][0mReserved-message(03) on THREAD[07]
[94;40m[53][0mReserved-message(08) on THREAD[00]
[94;40m[54][0mReserved-message(08) on THREAD[08]
[94;40m[55][0mReserved-message(08) on THREAD[09]
[94;40m[0][0mNormal-message(09) on THREAD[00]
[94;40m[0][0mNormal-message(09) on THREAD[08]
[94;40m[0][0mNormal-message(09) on THREAD[09]
[94;40m[56][0mReserved-message(04) on THREAD[04]
[94;40m[57][0mReserved-message(04) on THREAD[02]
[94;40m[58][0mReserved-message(04) on THREAD[01]
[94;40m[59][0mReserved-message(04) on THREAD[03]
[94;40m[60][0mReserved-message(04) on THREAD[05]
[94;40m[61][0mReserved-message(04) on THREAD[06]
[94;40m[62][0mReserved-message(09) on THREAD[00]
[94;40m[63][0mReserved-message(09) on THREAD[08]
[94;40m[64][0mReserved-message(09) on THREAD[09]
[94;40m[0][0mNormal-message(04) on THREAD[07]
[94;40m[0][0mNormal-message(05) on THREAD[04]
[94;40m[0][0mNormal-message(05) on THREAD[01]
[94;40m[0][0mNormal-message(05) on THREAD[03]
[94;40m[0][0mNormal-message(05) on THREAD[02]
[94;40m[0][0mNormal-message(05) on THREAD[05]
[94;40m[0][0mNormal-message(05) on THREAD[06]
[94;40m[65][0mReserved-message(04) on THREAD[07]
[94;40m[66][0mReserved-message(05) on THREAD[04]
[94;40m[67][0mReserved-message(05) on THREAD[01]
[94;40m[68][0mReserved-message(05) on THREAD[03]
[94;40m[69][0mReserved-message(05) on THREAD[02]
[94;40m[70][0mReserved-message(05) on THREAD[05]
[94;40m[71][0mReserved-message(05) on THREAD[06]
[94;40m[0][0mNormal-message(05) on THREAD[07]
[94;40m[0][0mNormal-message(06) on THREAD[01]
[94;40m[0][0mNormal-message(06) on THREAD[02]
[94;40m[0][0mNormal-message(06) on THREAD[03]
[94;40m[0][0mNormal-message(06) on THREAD[04]
[94;40m[0][0mNormal-message(06) on THREAD[05]
[94;40m[0][0mNormal-message(06) on THREAD[06]
[94;40m[72][0mReserved-message(05) on THREAD[07]
[94;40m[73][0mReserved-message(06) on THREAD[01]
[94;40m[74][0mReserved-message(06) on THREAD[03]
[94;40m[75][0mReserved-message(06) on THREAD[02]
[94;40m[76][0mReserved-message(06) on THREAD[04]
[94;40m[77][0mReserved-message(06) on THREAD[05]
[94;40m[78][0mReserved-message(06) on THREAD[06]
[94;40m[0][0mNormal-message(06) on THREAD[07]
[94;40m[0][0mNormal-message(07) on THREAD[02]
[94;40m[0][0mNormal-message(07) on THREAD[04]
[94;40m[0][0mNormal-message(07) on THREAD[05]
[94;40m[0][0mNormal-message(07) on THREAD[03]
[94;40m[0][0mNormal-message(07) on THREAD[01]
[94;40m[0][0mNormal-message(07) on THREAD[06]
[94;40m[79][0mReserved-message(06) on THREAD[07]
[94;40m[80][0mReserved-message(07) on THREAD[04]
[94;40m[81][0mReserved-message(07) on THREAD[02]
[94;40m[82][0mReserved-message(07) on THREAD[05]
[94;40m[83][0mReserved-message(07) on THREAD[03]
[94;40m[84][0mReserved-message(07) on THREAD[01]
[94;40m[85][0mReserved-message(07) on THREAD[06]
[94;40m[0][0mNormal-message(07) on THREAD[07]
[94;40m[0][0mNormal-message(08) on THREAD[03]
[94;40m[0][0mNormal-message(08) on THREAD[02]
[94;40m[0][0mNormal-message(08) on THREAD[05]
[94;40m[0][0mNormal-message(08) on THREAD[04]
[94;40m[0][0mNormal-message(08) on THREAD[01]
[94;40m[0][0mNormal-message(08) on THREAD[06]
[94;40m[86][0mReserved-message(07) on THREAD[07]
[94;40m[87][0mReserved-message(08) on THREAD[05]
[94;40m[88][0mReserved-message(08) on THREAD[02]
[94;40m[89][0mReserved-message(08) on THREAD[03]
[94;40m[90][0mReserved-message(08) on THREAD[04]
[94;40m[91][0mReserved-message(08) on THREAD[01]
[94;40m[92][0mReserved-message(08) on THREAD[06]
[94;40m[0][0mNormal-message(08) on THREAD[07]
[94;40m[0][0mNormal-message(09) on THREAD[05]
[94;40m[0][0mNormal-message(09) on THREAD[04]
[94;40m[0][0mNormal-message(09) on THREAD[01]
[94;40m[0][0mNormal-message(09) on THREAD[03]
[94;40m[0][0mNormal-message(09) on THREAD[02]
[94;40m[0][0mNormal-message(09) on THREAD[06]
[94;40m[93][0mReserved-message(08) on THREAD[07]
[94;40m[94][0mReserved-message(09) on THREAD[05]
[94;40m[95][0mReserved-message(09) on THREAD[04]
[94;40m[96][0mReserved-message(09) on THREAD[01]
[94;40m[97][0mReserved-message(09) on THREAD[02]
[94;40m[98][0mReserved-message(09) on THREAD[03]
[94;40m[99][0mReserved-message(09) on THREAD[06]
[94;40m[0][0mNormal-message(09) on THREAD[07]
[94;40m[100][0mReserved-message(09) on THREAD[07]
*elapsed time: output=0.071966000 sec, flush=0.071981000 sec
--------------------------------------------------------------------------------

--------------------------------------------------------------------------------
Many thread profiling(1) : 1+4 threads, 120 frames, 2 processes, 2 repeats, sum on 30 frames

*elapsed time: finish=1.492935000 sec
--------------------------------------------------------------------------------
----------------------------------------
THREAD:"MainThread"
  PROFILE:"MAIN-PROC[00]"
    PERIOD:sums=30,count=60(max=2,min=2,avg=2.00),time=0.160085(max=0.004031,min=0.001519,avg=0.002668)
    TOTAL: sums=120,count=240(max=2,min=2,avg=2.00),time=0.660508(max=0.008102,min=0.001519,avg=0.002752)
  PROFILE:"MAIN-PROC[01]"
    PERIOD:sums=30,count=60(max=2,min=2,avg=2.00),time=0.170123(max=0.004012,min=0.001959,avg=0.002835)
    TOTAL: sums=120,count=240(max=2,min=2,avg=2.00),time=0.678593(max=0.005483,min=0.000993,avg=0.002827)
----------------------------------------
THREAD:"THREAD[00]"
  PROFILE:"PROC[01]"
    PERIOD:sums=30,count=60(max=2,min=2,avg=2.00),time=0.158029(max=0.004018,min=0.000996,avg=0.002634)
    TOTAL: sums=120,count=240(max=2,min=2,avg=2.00),time=0.622837(max=0.005053,min=0.000948,avg=0.002595)
  PROFILE:"PROC[00]"
    PERIOD:sums=30,count=60(max=2,min=2,avg=2.00),time=0.160133(max=0.004018,min=0.000993,avg=0.002669)
    TOTAL: sums=120,count=240(max=2,min=2,avg=2.00),time=0.637870(max=0.008030,min=0.000992,avg=0.002658)
----------------------------------------
THREAD:"THREAD[03]"
  PROFILE:"PROC[01]"
    PERIOD:sums=30,count=60(max=2,min=2,avg=2.00),time=0.154916(max=0.004029,min=0.001009,avg=0.002582)
    TOTAL: sums=120,count=240(max=2,min=2,avg=2.00),time=0.630881(max=0.007039,min=0.000989,avg=0.002629)
  PROFILE:"PROC[00]"
    PERIOD:sums=30,count=60(max=2,min=2,avg=2.00),time=0.151226(max=0.004022,min=0.000995,avg=0.002520)
    TOTAL: sums=120,count=240(max=2,min=2,avg=2.00),time=0.613270(max=0.007036,min=0.000970,avg=0.002555)
----------------------------------------
THREAD:"THREAD[02]"
  PROFILE:"PROC[01]"
    PERIOD:sums=30,count=60(max=2,min=2,avg=2.00),time=0.202413(max=0.008254,min=0.001915,avg=0.003374)
    TOTAL: sums=120,count=240(max=2,min=2,avg=2.00),time=0.767353(max=0.008254,min=0.001915,avg=0.003197)
  PROFILE:"PROC[00]"
    PERIOD:sums=30,count=60(max=2,min=2,avg=2.00),time=0.178821(max=0.004008,min=0.001774,avg=0.002980)
    TOTAL: sums=120,count=240(max=2,min=2,avg=2.00),time=0.720485(max=0.007011,min=0.001774,avg=0.003002)
----------------------------------------
THREAD:"THREAD[01]"
  PROFILE:"PROC[01]"
    PERIOD:sums=30,count=60(max=2,min=2,avg=2.00),time=0.171410(max=0.005073,min=0.000994,avg=0.002857)
    TOTAL: sums=120,count=240(max=2,min=2,avg=2.00),time=0.554246(max=0.005073,min=0.000974,avg=0.002309)
  PROFILE:"PROC[00]"
    PERIOD:sums=30,count=60(max=2,min=2,avg=2.00),time=0.152666(max=0.004796,min=0.000932,avg=0.002544)
    TOTAL: sums=120,count=240(max=2,min=2,avg=2.00),time=0.525295(max=0.006514,min=0.000932,avg=0.002189)

--------------------------------------------------------------------------------
Many thread profiling(2) : 1+20 threads, 300 frames, 20 processes, 20 repeats, sum on 30 frames

*elapsed time: finish=1.408965000 sec
--------------------------------------------------------------------------------
thread-infos=20,processe-infos=400,total:(sums=120000,counts=2400000,time=5.317376000),period:(sums=12000,counts=240000,time=0.520223000)
END: logQueueMonitor thread

================================================================================
