----- Basic information -----
alignof(data_t)=4
sizeof(lf_stack_t)=408
alignof(lf_stack_t)=8
sizeof(lf_stack_t::stack_t)=16
alignof(lf_stack_t::stack_t)=8
lf_stack_t::TAGGED_PTR_TAG_BITS=8
lf_stack_t::TAGGED_PTR_TAG_SHIFT=-8
lf_stack_t::stack_ptr_type::TAG_BITS=8
lf_stack_t::stack_ptr_type::TAG_SHIFT=56
sizeof(lf_queue_t)=424
alignof(lf_queue_t)=8
sizeof(lf_queue_t::queue_t)=16
alignof(lf_queue_t::queue_t)=8
lf_queue_t::TAGGED_PTR_TAG_BITS=8
lf_queue_t::TAGGED_PTR_TAG_SHIFT=-8
lf_queue_t::queue_ptr_type::TAG_BITS=8
lf_queue_t::queue_ptr_type::TAG_SHIFT=56
-----------------------------

================================================================================
[Test for taggedPtr]
p=0x0x7fff35d34f4c, tag=65535
taggedPtr<int, 32, 32>: .value()=0x0000ffff35d34f4c, .ptr()=0x0x35d34f4c, .tag()=65535
taggedPtr<int,  2,  0>: .value()=0x00007fff35d34f4f, .ptr()=0x0x7fff35d34f4c, .tag()=3
taggedPtr<int,  8, -8>: .value()=0xff007fff35d34f4c, .ptr()=0x0x7fff35d34f4c, .tag()=255
================================================================================
[Test for Lock-free pool-allocator/sharedStack/sharedQueue]
--------------------------------------------------------------------------------
[Shared Pool-allocator:START]
*Test count                     = 10000
*Allocate and free test threads = 1
*Memory pool size               = 20
[Shared Pool-allocator:END] elapsed_time=0.000819000 sec
--------------------------------------------------------------------------------
----- Debug-info for poolAllocator -----
buff=0x614218, offset=0, maxSize=164, blockSize=8, blockAlign=4, poolSize=20, usingPoolSize=0, poolRemain=20, size=0, remain=164, vacantHead=20
Using:
(num=0)
Recycable pool:
 [0] [1] [2] [3] [4] [5] [6] [7] [8] [9] [10] [11] [12] [13] [14] [15] [16] [17] [18] [19]
(num=20)
----------------------------------------
--------------------------------------------------------------------------------
[Lock-Free Pool-allocator:START]
*Test count                     = 10000
*Allocate and free test threads = 1
*Memory pool size               = 20
[Lock-Free Pool-allocator:END] elapsed_time=0.000848000 sec
--------------------------------------------------------------------------------
----- Debug-info for lfPoolAllocator -----
buff=0x614300, offset=0, maxSize=164, blockSize=8, blockAlign=4, poolSize=20, usingPoolSize=0, poolRemain=20, size=0, remain=164, vacantHead=20
Using:
(num=0)
Recycable pool:
 [0(tag=16)] [1(tag=14)] [2(tag=13)] [3(tag=12)] [4(tag=11)] [5(tag=10)] [6(tag=9)] [7(tag=8)] [8(tag=7)] [9(tag=6)] [10(tag=5)] [11(tag=4)] [12(tag=3)] [13(tag=2)] [14(tag=1)] [15(tag=0)] [16(tag=255)] [17(tag=254)] [18(tag=253)] [19(tag=252)]
(num=20)
------------------------------------------
--------------------------------------------------------------------------------
[Shared Stack:START]
*Test count                = 10000
*Push/Enqueue test threads = 1
*Pop/Dequeue  test threads = 1
*Memory pool size          = 20
[Shared Stack:END] elapsed_time=0.000794000 sec
--------------------------------------------------------------------------------
----- Debug-info for stack -----
Stack:
--------------------------------
----- Debug-info for poolAllocator -----
buff=0x6143f8, offset=0, maxSize=328, blockSize=16, blockAlign=8, poolSize=20, usingPoolSize=0, poolRemain=20, size=0, remain=328, vacantHead=20
Using:
(num=0)
Recycable pool:
 [0] [1] [2] [3] [4] [5] [6] [7] [8] [9] [10] [11] [12] [13] [14] [15] [16] [17] [18] [19]
(num=20)
----------------------------------------
--------------------------------------------------------------------------------
[Lock-Free Stack:START]
*Test count                = 10000
*Push/Enqueue test threads = 1
*Pop/Dequeue  test threads = 1
*Memory pool size          = 20
[Lock-Free Stack:END] elapsed_time=0.001300000 sec
--------------------------------------------------------------------------------
----- Debug-info for lfStack -----
Stack:
----------------------------------
----- Debug-info for lfPoolAllocator -----
buff=0x6145a0, offset=0, maxSize=328, blockSize=16, blockAlign=8, poolSize=20, usingPoolSize=0, poolRemain=20, size=0, remain=328, vacantHead=20
Using:
(num=0)
Recycable pool:
 [0(tag=16)] [1(tag=14)] [2(tag=13)] [3(tag=12)] [4(tag=11)] [5(tag=10)] [6(tag=9)] [7(tag=8)] [8(tag=7)] [9(tag=6)] [10(tag=5)] [11(tag=4)] [12(tag=3)] [13(tag=2)] [14(tag=1)] [15(tag=0)] [16(tag=255)] [17(tag=254)] [18(tag=253)] [19(tag=252)]
(num=20)
------------------------------------------
--------------------------------------------------------------------------------
[Shared Queue:START]
*Test count                = 10000
*Push/Enqueue test threads = 1
*Pop/Dequeue  test threads = 1
*Memory pool size          = 20
[Shared Queue:END] elapsed_time=0.000866000 sec
--------------------------------------------------------------------------------
----- Debug-info for queue -----
Queue:
[0](0x6147a8) temp=10000, value=0
[tail](0x6147a8)temp=10000, value=0
--------------------------------
----- Debug-info for poolAllocator -----
buff=0x614738, offset=0, maxSize=328, blockSize=16, blockAlign=8, poolSize=20, usingPoolSize=1, poolRemain=19, size=16, remain=312, vacantHead=20
Using:
[7] temp=10000, value=0
(num=1)
Recycable pool:
 [6] [5] [4] [3] [2] [1] [0] [8] [9] [10] [11] [12] [13] [14] [15] [16] [17] [18] [19]
(num=19)
----------------------------------------
--------------------------------------------------------------------------------
[Lock-Free Queue:START]
*Test count                = 10000
*Push/Enqueue test threads = 1
*Pop/Dequeue  test threads = 1
*Memory pool size          = 20
[Lock-Free Queue:END] elapsed_time=0.001649000 sec
--------------------------------------------------------------------------------
----- Debug-info for lfQueue -----
Queue:
[0(tag=16)](0x614950) temp=10000, value=0
[tail(tag=16)](0x614950)temp=10000, value=0
----------------------------------
----- Debug-info for lfPoolAllocator -----
buff=0x6148e0, offset=0, maxSize=328, blockSize=16, blockAlign=8, poolSize=20, usingPoolSize=1, poolRemain=19, size=16, remain=312, vacantHead=20
Using:
[7] temp=10000, value=0
(num=1)
Recycable pool:
 [6(tag=16)] [5(tag=15)] [4(tag=14)] [3(tag=13)] [2(tag=12)] [1(tag=11)] [0(tag=10)] [8(tag=2)] [9(tag=1)] [10(tag=0)] [11(tag=255)] [12(tag=254)] [13(tag=253)] [14(tag=252)] [15(tag=251)] [16(tag=250)] [17(tag=249)] [18(tag=248)] [19(tag=247)]
(num=19)
------------------------------------------
================================================================================
[Test for Lock-free pool-allocator/sharedStack/sharedQueue with threads]
--------------------------------------------------------------------------------
[Shared Pool-allocator:START]
*Test count                     = 10000
*Allocate and free test threads = 5
*Memory pool size               = 20
[Alloc: 0]:Waiting...
[Alloc: 1]:Waiting...
[Alloc: 2]:Waiting...
[Alloc: 3]:Waiting...
[Alloc: 4]:Waiting...
[Alloc: 0]:Start
[Alloc: 1]:Start
[Alloc: 2]:Start
[Alloc: 3]:Start
[Alloc: 4]:Start
[Alloc: 0] alloc=0
[Alloc: 0] alloc=2000
[Alloc: 2] alloc=4000
[Alloc: 2] alloc=6000
[Alloc: 0] alloc=8000
[Alloc: 3] alloc=10000
[Alloc: 0]:End
[Alloc: 2]:End
[Alloc: 4]:End
[Alloc: 3]:End
[Alloc: 1]:End
[Shared Pool-allocator:END] elapsed_time=5.869449000 sec
--------------------------------------------------------------------------------
----- Debug-info for poolAllocator -----
buff=0x614218, offset=0, maxSize=164, blockSize=8, blockAlign=4, poolSize=20, usingPoolSize=0, poolRemain=20, size=0, remain=164, vacantHead=20
Using:
(num=0)
Recycable pool:
 [2] [3] [1] [4] [0] [5] [6] [7] [8] [9] [10] [11] [12] [13] [14] [15] [16] [17] [18] [19]
(num=20)
----------------------------------------
--------------------------------------------------------------------------------
[Lock-Free Pool-allocator:START]
*Test count                     = 10000
*Allocate and free test threads = 5
*Memory pool size               = 20
[Alloc: 0]:Waiting...
[Alloc: 1]:Waiting...
[Alloc: 2]:Waiting...
[Alloc: 3]:Waiting...
[Alloc: 4]:Waiting...
[Alloc: 0]:Start
[Alloc: 1]:Start
[Alloc: 2]:Start
[Alloc: 3]:Start
[Alloc: 4]:Start
[Alloc: 0] alloc=0
[Alloc: 4] alloc=2000
[Alloc: 4] alloc=4000
[Alloc: 0] alloc=6000
[Alloc: 0] alloc=8000
[Alloc: 0]:End
[Alloc: 1]:End
[Alloc: 4] alloc=10000
[Alloc: 3]:End
[Alloc: 2]:End
[Alloc: 4]:End
[Lock-Free Pool-allocator:END] elapsed_time=5.134823000 sec
--------------------------------------------------------------------------------
----- Debug-info for lfPoolAllocator -----
buff=0x614300, offset=0, maxSize=164, blockSize=8, blockAlign=4, poolSize=20, usingPoolSize=0, poolRemain=20, size=0, remain=164, vacantHead=20
Using:
(num=0)
Recycable pool:
 [3(tag=33)] [1(tag=32)] [4(tag=31)] [0(tag=26)] [2(tag=233)] [5(tag=10)] [6(tag=9)] [7(tag=8)] [8(tag=7)] [9(tag=6)] [10(tag=5)] [11(tag=4)] [12(tag=3)] [13(tag=2)] [14(tag=1)] [15(tag=0)] [16(tag=255)] [17(tag=254)] [18(tag=253)] [19(tag=252)]
(num=20)
------------------------------------------
--------------------------------------------------------------------------------
[Shared Stack:START]
*Test count                = 10000
*Push/Enqueue test threads = 3
*Pop/Dequeue  test threads = 2
*Memory pool size          = 20
[PUSH: 1]:Waiting...
[POP : 0]:Waiting...
[PUSH: 0]:Waiting...
[PUSH: 2]:Waiting...
[POP : 1]:Waiting...
[PUSH: 1]:Start
[PUSH: 1] count=0
[POP : 0]:Start
[POP : 0] count=0
[PUSH: 0]:Start
[PUSH: 2]:Start
[POP : 1]:Start
[PUSH: 0] count=2000
[POP : 1] count=2000
[PUSH: 2] count=4000
[POP : 1] count=4000
[PUSH: 0] count=6000
[POP : 0] count=6000
[PUSH: 0] count=8000
[POP : 0] count=8000
[PUSH: 1] count=10000
[PUSH: 0]:End
[PUSH: 2]:End
[PUSH: 1]:End
[POP : 0] count=10000
[POP : 0]:End
[POP : 1]:End
[Shared Stack:END] elapsed_time=6.588386000 sec
--------------------------------------------------------------------------------
----- Debug-info for stack -----
Stack:
--------------------------------
----- Debug-info for poolAllocator -----
buff=0x6143f8, offset=0, maxSize=328, blockSize=16, blockAlign=8, poolSize=20, usingPoolSize=0, poolRemain=20, size=0, remain=328, vacantHead=20
Using:
(num=0)
Recycable pool:
 [0] [1] [2] [3] [4] [5] [6] [7] [8] [9] [10] [11] [12] [13] [14] [15] [16] [17] [18] [19]
(num=20)
----------------------------------------
--------------------------------------------------------------------------------
[Lock-Free Stack:START]
*Test count                = 10000
*Push/Enqueue test threads = 3
*Pop/Dequeue  test threads = 2
*Memory pool size          = 20
[PUSH: 0]:Waiting...
[PUSH: 1]:Waiting...
[PUSH: 2]:Waiting...
[POP : 0]:Waiting...
[POP : 1]:Waiting...
[PUSH: 0]:Start
[PUSH: 0] count=0
[PUSH: 1]:Start
[PUSH: 2]:Start
[POP : 0]:Start
[POP : 0] count=0
[POP : 1]:Start
[PUSH: 2] count=2000
[POP : 0] count=2000
[PUSH: 1] count=4000
[POP : 0] count=4000
[PUSH: 2] count=6000
[POP : 1] count=6000
[PUSH: 1] count=8000
[POP : 1] count=8000
[PUSH: 1] count=10000
[PUSH: 2]:End
[PUSH: 0]:End
[PUSH: 1]:End
[POP : 0] count=10000
[POP : 1]:End
[POP : 0]:End
[Lock-Free Stack:END] elapsed_time=7.230211000 sec
--------------------------------------------------------------------------------
----- Debug-info for lfStack -----
Stack:
----------------------------------
----- Debug-info for lfPoolAllocator -----
buff=0x6145a0, offset=0, maxSize=328, blockSize=16, blockAlign=8, poolSize=20, usingPoolSize=0, poolRemain=20, size=0, remain=328, vacantHead=20
Using:
(num=0)
Recycable pool:
 [0(tag=33)] [1(tag=32)] [2(tag=31)] [3(tag=30)] [4(tag=29)] [5(tag=28)] [6(tag=27)] [7(tag=26)] [8(tag=25)] [9(tag=24)] [10(tag=23)] [11(tag=22)] [12(tag=21)] [13(tag=20)] [14(tag=19)] [15(tag=18)] [16(tag=17)] [17(tag=16)] [18(tag=15)] [19(tag=13)]
(num=20)
------------------------------------------
--------------------------------------------------------------------------------
[Shared Queue:START]
*Test count                = 10000
*Push/Enqueue test threads = 3
*Pop/Dequeue  test threads = 2
*Memory pool size          = 20
[ENQUEUE: 0]:Waiting...
[ENQUEUE: 1]:Waiting...
[ENQUEUE: 2]:Waiting...
[DEQUEUE: 0]:Waiting...
[DEQUEUE: 1]:Waiting...
[ENQUEUE: 0]:Start
[ENQUEUE: 0] count=0
[ENQUEUE: 1]:Start
[ENQUEUE: 2]:Start
[DEQUEUE: 0]:Start
[DEQUEUE: 0] count=0
[DEQUEUE: 1]:Start
[ENQUEUE: 0] count=2000
[DEQUEUE: 0] count=2000
[ENQUEUE: 0] count=4000
[DEQUEUE: 0] count=4000
[ENQUEUE: 2] count=6000
[DEQUEUE: 1] count=6000
[ENQUEUE: 2] count=8000
[DEQUEUE: 1] count=8000
[ENQUEUE: 0] count=10000
[ENQUEUE: 1]:End
[ENQUEUE: 2]:End
[ENQUEUE: 0]:End
[DEQUEUE: 1] count=10000
[DEQUEUE: 0]:End
[DEQUEUE: 1]:End
[Shared Queue:END] elapsed_time=6.698797000 sec
--------------------------------------------------------------------------------
----- Debug-info for queue -----
Queue:
[0](0x614768) temp=0, value=10000
[tail](0x614768)temp=0, value=10000
--------------------------------
----- Debug-info for poolAllocator -----
buff=0x614738, offset=0, maxSize=328, blockSize=16, blockAlign=8, poolSize=20, usingPoolSize=1, poolRemain=19, size=16, remain=312, vacantHead=20
Using:
[3] temp=0, value=10000
(num=1)
Recycable pool:
 [8] [5] [18] [12] [19] [4] [13] [2] [15] [11] [14] [1] [9] [16] [6] [0] [7] [10] [17]
(num=19)
----------------------------------------
--------------------------------------------------------------------------------
[Lock-Free Queue:START]
*Test count                = 10000
*Push/Enqueue test threads = 3
*Pop/Dequeue  test threads = 2
*Memory pool size          = 20
[ENQUEUE: 0]:Waiting...
[ENQUEUE: 1]:Waiting...
[DEQUEUE: 0]:Waiting...
[ENQUEUE: 2]:Waiting...
[DEQUEUE: 1]:Waiting...
[ENQUEUE: 0]:Start
[ENQUEUE: 0] count=0
[ENQUEUE: 1]:Start
[DEQUEUE: 0]:Start
[DEQUEUE: 0] count=0
[ENQUEUE: 2]:Start
[DEQUEUE: 1]:Start
[ENQUEUE: 0] count=2000
[DEQUEUE: 1] count=2000
[ENQUEUE: 1] count=4000
[DEQUEUE: 0] count=4000
[ENQUEUE: 0] count=6000
[DEQUEUE: 0] count=6000
[ENQUEUE: 0] count=8000
[DEQUEUE: 1] count=8000
[ENQUEUE: 0] count=10000
[ENQUEUE: 2]:End
[ENQUEUE: 1]:End
[ENQUEUE: 0]:End
[DEQUEUE: 1] count=10000
[DEQUEUE: 0]:End
[DEQUEUE: 1]:End
[Lock-Free Queue:END] elapsed_time=5.659761000 sec
--------------------------------------------------------------------------------
----- Debug-info for lfQueue -----
Queue:
[0(tag=33)](0x614990) temp=0, value=10000
[tail(tag=33)](0x614990)temp=0, value=10000
----------------------------------
----- Debug-info for lfPoolAllocator -----
buff=0x6148e0, offset=0, maxSize=328, blockSize=16, blockAlign=8, poolSize=20, usingPoolSize=1, poolRemain=19, size=16, remain=312, vacantHead=20
Using:
[11] temp=0, value=10000
(num=1)
Recycable pool:
 [19(tag=33)] [7(tag=32)] [18(tag=31)] [3(tag=30)] [10(tag=29)] [9(tag=28)] [14(tag=27)] [15(tag=26)] [6(tag=25)] [16(tag=24)] [8(tag=23)] [0(tag=22)] [4(tag=21)] [2(tag=20)] [1(tag=19)] [12(tag=18)] [17(tag=17)] [13(tag=16)] [5(tag=14)]
(num=19)
------------------------------------------
